2020-03-30T12:44+02:00: Start evaluation
2020-03-30T12:44+02:00: Deploy system with 2 replicas
Deploying Lookup Service 
Starting a Gradle Daemon (subsequent builds will be faster)
> Task :deployEC2Instance
> Task :waitInstanceStatusStable
Access instance with: ssh ubuntu@ec2-100-24-60-95.compute-1.amazonaws.com

> Task :DistributedObject:compileJava NO-SOURCE
> Task :DistributedObject:compileScala UP-TO-DATE
> Task :DistributedObject:processResources NO-SOURCE
> Task :DistributedObject:classes UP-TO-DATE
> Task :DistributedObject:jar UP-TO-DATE
> Task :DistributedObject:startScripts UP-TO-DATE
> Task :DistributedObject:distTar UP-TO-DATE
> Task :DistributedObject:distZip UP-TO-DATE
> Task :DistributedObject:shadowJar UP-TO-DATE
> Task :DistributedObject:startShadowScripts UP-TO-DATE
> Task :DistributedObject:shadowDistTar UP-TO-DATE
> Task :DistributedObject:shadowDistZip UP-TO-DATE
> Task :DistributedObject:assemble UP-TO-DATE
> Task :DistributedObject:compileTestJava NO-SOURCE
> Task :DistributedObject:compileTestScala NO-SOURCE
> Task :DistributedObject:processTestResources NO-SOURCE
> Task :DistributedObject:testClasses UP-TO-DATE
> Task :DistributedObject:test NO-SOURCE
> Task :DistributedObject:check UP-TO-DATE
> Task :DistributedObject:build UP-TO-DATE
> Task :LookupService:compileJava NO-SOURCE
> Task :LookupService:compileScala UP-TO-DATE
> Task :LookupService:processResources NO-SOURCE
> Task :LookupService:classes UP-TO-DATE
> Task :LookupService:jar UP-TO-DATE
> Task :LookupService:startScripts UP-TO-DATE
> Task :LookupService:distTar UP-TO-DATE
> Task :LookupService:distZip UP-TO-DATE
> Task :LookupService:shadowJar UP-TO-DATE
> Task :LookupService:startShadowScripts UP-TO-DATE
> Task :LookupService:shadowDistTar UP-TO-DATE
> Task :LookupService:shadowDistZip UP-TO-DATE
> Task :LookupService:assemble UP-TO-DATE
> Task :LookupService:compileTestJava NO-SOURCE
> Task :LookupService:compileTestScala UP-TO-DATE
> Task :LookupService:processTestResources NO-SOURCE
> Task :LookupService:testClasses UP-TO-DATE
> Task :LookupService:test UP-TO-DATE
> Task :LookupService:check UP-TO-DATE
> Task :LookupService:build UP-TO-DATE
> Task :deployLookupService
Copying LookupService to the EC2 instance
Warning: Permanently added 'ec2-100-24-60-95.compute-1.amazonaws.com,100.24.60.95' (ECDSA) to the list of known hosts.
Starting Lookup Service on the EC2 instance

Deprecated Gradle features were used in this build, making it incompatible with Gradle 7.0.
Use '--warning-mode all' to show the individual deprecation warnings.
See https://docs.gradle.org/6.2.2/userguide/command_line_interface.html#sec:command_line_warnings

BUILD SUCCESSFUL in 1m 57s
23 actionable tasks: 3 executed, 20 up-to-date
Deploying Distributed Object 1
> Task :deployEC2Instance
> Task :waitInstanceStatusStable
Access instance with: ssh ubuntu@ec2-3-90-69-222.compute-1.amazonaws.com

> Task :DistributedObject:compileJava NO-SOURCE
> Task :DistributedObject:compileScala UP-TO-DATE
> Task :DistributedObject:processResources NO-SOURCE
> Task :DistributedObject:classes UP-TO-DATE
> Task :DistributedObject:jar UP-TO-DATE
> Task :DistributedObject:startScripts UP-TO-DATE
> Task :DistributedObject:distTar UP-TO-DATE
> Task :DistributedObject:distZip UP-TO-DATE
> Task :DistributedObject:shadowJar UP-TO-DATE
> Task :DistributedObject:startShadowScripts UP-TO-DATE
> Task :DistributedObject:shadowDistTar UP-TO-DATE
> Task :DistributedObject:shadowDistZip UP-TO-DATE
> Task :DistributedObject:assemble UP-TO-DATE
> Task :DistributedObject:compileTestJava NO-SOURCE
> Task :DistributedObject:compileTestScala NO-SOURCE
> Task :DistributedObject:processTestResources NO-SOURCE
> Task :DistributedObject:testClasses UP-TO-DATE
> Task :DistributedObject:test NO-SOURCE
> Task :DistributedObject:check UP-TO-DATE
> Task :DistributedObject:build UP-TO-DATE
> Task :LookupService:compileJava NO-SOURCE
> Task :LookupService:compileScala UP-TO-DATE
> Task :LookupService:processResources NO-SOURCE
> Task :LookupService:classes UP-TO-DATE
> Task :LookupService:jar UP-TO-DATE
> Task :LookupService:startScripts UP-TO-DATE
> Task :LookupService:distTar UP-TO-DATE
> Task :LookupService:distZip UP-TO-DATE
> Task :LookupService:shadowJar UP-TO-DATE
> Task :LookupService:startShadowScripts UP-TO-DATE
> Task :LookupService:shadowDistTar UP-TO-DATE
> Task :LookupService:shadowDistZip UP-TO-DATE
> Task :LookupService:assemble UP-TO-DATE
> Task :LookupService:compileTestJava NO-SOURCE
> Task :LookupService:compileTestScala UP-TO-DATE
> Task :LookupService:processTestResources NO-SOURCE
> Task :LookupService:testClasses UP-TO-DATE
> Task :LookupService:test UP-TO-DATE
> Task :LookupService:check UP-TO-DATE
> Task :LookupService:build UP-TO-DATE
> Task :deployDistributedObject
Copying Distributed Object to the EC2 instance
Warning: Permanently added 'ec2-3-90-69-222.compute-1.amazonaws.com,3.90.69.222' (ECDSA) to the list of known hosts.
Starting Distributed Object on the EC2 instance

Deprecated Gradle features were used in this build, making it incompatible with Gradle 7.0.
Use '--warning-mode all' to show the individual deprecation warnings.
See https://docs.gradle.org/6.2.2/userguide/command_line_interface.html#sec:command_line_warnings

BUILD SUCCESSFUL in 1m 46s
23 actionable tasks: 3 executed, 20 up-to-date
Deploying Distributed Object 2
> Task :deployEC2Instance
> Task :waitInstanceStatusStable
Access instance with: ssh ubuntu@ec2-3-91-183-169.compute-1.amazonaws.com

> Task :DistributedObject:compileJava NO-SOURCE
> Task :DistributedObject:compileScala UP-TO-DATE
> Task :DistributedObject:processResources NO-SOURCE
> Task :DistributedObject:classes UP-TO-DATE
> Task :DistributedObject:jar UP-TO-DATE
> Task :DistributedObject:startScripts UP-TO-DATE
> Task :DistributedObject:distTar UP-TO-DATE
> Task :DistributedObject:distZip UP-TO-DATE
> Task :DistributedObject:shadowJar UP-TO-DATE
> Task :DistributedObject:startShadowScripts UP-TO-DATE
> Task :DistributedObject:shadowDistTar UP-TO-DATE
> Task :DistributedObject:shadowDistZip UP-TO-DATE
> Task :DistributedObject:assemble UP-TO-DATE
> Task :DistributedObject:compileTestJava NO-SOURCE
> Task :DistributedObject:compileTestScala NO-SOURCE
> Task :DistributedObject:processTestResources NO-SOURCE
> Task :DistributedObject:testClasses UP-TO-DATE
> Task :DistributedObject:test NO-SOURCE
> Task :DistributedObject:check UP-TO-DATE
> Task :DistributedObject:build UP-TO-DATE
> Task :LookupService:compileJava NO-SOURCE
> Task :LookupService:compileScala UP-TO-DATE
> Task :LookupService:processResources NO-SOURCE
> Task :LookupService:classes UP-TO-DATE
> Task :LookupService:jar UP-TO-DATE
> Task :LookupService:startScripts UP-TO-DATE
> Task :LookupService:distTar UP-TO-DATE
> Task :LookupService:distZip UP-TO-DATE
> Task :LookupService:shadowJar UP-TO-DATE
> Task :LookupService:startShadowScripts UP-TO-DATE
> Task :LookupService:shadowDistTar UP-TO-DATE
> Task :LookupService:shadowDistZip UP-TO-DATE
> Task :LookupService:assemble UP-TO-DATE
> Task :LookupService:compileTestJava NO-SOURCE
> Task :LookupService:compileTestScala UP-TO-DATE
> Task :LookupService:processTestResources NO-SOURCE
> Task :LookupService:testClasses UP-TO-DATE
> Task :LookupService:test UP-TO-DATE
> Task :LookupService:check UP-TO-DATE
> Task :LookupService:build UP-TO-DATE
> Task :deployDistributedObject
Copying Distributed Object to the EC2 instance
Warning: Permanently added 'ec2-3-91-183-169.compute-1.amazonaws.com,3.91.183.169' (ECDSA) to the list of known hosts.
Starting Distributed Object on the EC2 instance

Deprecated Gradle features were used in this build, making it incompatible with Gradle 7.0.
Use '--warning-mode all' to show the individual deprecation warnings.
See https://docs.gradle.org/6.2.2/userguide/command_line_interface.html#sec:command_line_warnings

BUILD SUCCESSFUL in 1m 44s
23 actionable tasks: 3 executed, 20 up-to-date
2020-03-30T12:51+02:00: Finished deploying system with 2 replicas
2020-03-30T12:52+02:00: Running test iteration 1 on system with 2 replicas
> Task :DistributedObject:compileJava NO-SOURCE
> Task :DistributedObject:compileScala
> Task :DistributedObject:processResources NO-SOURCE
> Task :DistributedObject:classes
> Task :DistributedObject:compileTestJava NO-SOURCE
> Task :DistributedObject:compileTestScala NO-SOURCE
> Task :DistributedObject:processTestResources NO-SOURCE
> Task :DistributedObject:testClasses UP-TO-DATE
> Task :DistributedObject:compileSystemTestJava NO-SOURCE
> Task :DistributedObject:compileSystemTestScala
> Task :DistributedObject:processSystemTestResources NO-SOURCE
> Task :DistributedObject:systemTestClasses
> Task :DistributedObject:systemTest
> Task :LookupService:compileJava NO-SOURCE
> Task :LookupService:compileScala
> Task :LookupService:processResources NO-SOURCE
> Task :LookupService:classes
> Task :LookupService:compileTestJava NO-SOURCE
> Task :LookupService:compileTestScala
> Task :LookupService:processTestResources NO-SOURCE
> Task :LookupService:testClasses
> Task :LookupService:compileSystemTestJava NO-SOURCE
> Task :LookupService:compileSystemTestScala NO-SOURCE
> Task :LookupService:processSystemTestResources NO-SOURCE
> Task :LookupService:systemTestClasses UP-TO-DATE
> Task :LookupService:systemTest NO-SOURCE

BUILD SUCCESSFUL in 17s
5 actionable tasks: 5 executed
2020-03-30T12:52+02:00: Finished running test iteration 1 on system with 2 replicas
2020-03-30T12:52+02:00: Running test iteration 2 on system with 2 replicas
> Task :DistributedObject:compileJava NO-SOURCE
> Task :DistributedObject:compileScala
> Task :DistributedObject:processResources NO-SOURCE
> Task :DistributedObject:classes
> Task :DistributedObject:compileTestJava NO-SOURCE
> Task :DistributedObject:compileTestScala NO-SOURCE
> Task :DistributedObject:processTestResources NO-SOURCE
> Task :DistributedObject:testClasses UP-TO-DATE
> Task :DistributedObject:compileSystemTestJava NO-SOURCE
> Task :DistributedObject:compileSystemTestScala
> Task :DistributedObject:processSystemTestResources NO-SOURCE
> Task :DistributedObject:systemTestClasses
> Task :DistributedObject:systemTest
> Task :LookupService:compileJava NO-SOURCE
> Task :LookupService:compileScala
> Task :LookupService:processResources NO-SOURCE
> Task :LookupService:classes
> Task :LookupService:compileTestJava NO-SOURCE
> Task :LookupService:compileTestScala
> Task :LookupService:processTestResources NO-SOURCE
> Task :LookupService:testClasses
> Task :LookupService:compileSystemTestJava NO-SOURCE
> Task :LookupService:compileSystemTestScala NO-SOURCE
> Task :LookupService:processSystemTestResources NO-SOURCE
> Task :LookupService:systemTestClasses UP-TO-DATE
> Task :LookupService:systemTest NO-SOURCE

BUILD SUCCESSFUL in 16s
5 actionable tasks: 5 executed
2020-03-30T12:52+02:00: Finished running test iteration 2 on system with 2 replicas
2020-03-30T12:53+02:00: Running test iteration 3 on system with 2 replicas
> Task :DistributedObject:compileJava NO-SOURCE
> Task :DistributedObject:compileScala
> Task :DistributedObject:processResources NO-SOURCE
> Task :DistributedObject:classes
> Task :DistributedObject:compileTestJava NO-SOURCE
> Task :DistributedObject:compileTestScala NO-SOURCE
> Task :DistributedObject:processTestResources NO-SOURCE
> Task :DistributedObject:testClasses UP-TO-DATE
> Task :DistributedObject:compileSystemTestJava NO-SOURCE
> Task :DistributedObject:compileSystemTestScala
> Task :DistributedObject:processSystemTestResources NO-SOURCE
> Task :DistributedObject:systemTestClasses
> Task :DistributedObject:systemTest
> Task :LookupService:compileJava NO-SOURCE
> Task :LookupService:compileScala
> Task :LookupService:processResources NO-SOURCE
> Task :LookupService:classes
> Task :LookupService:compileTestJava NO-SOURCE
> Task :LookupService:compileTestScala
> Task :LookupService:processTestResources NO-SOURCE
> Task :LookupService:testClasses
> Task :LookupService:compileSystemTestJava NO-SOURCE
> Task :LookupService:compileSystemTestScala NO-SOURCE
> Task :LookupService:processSystemTestResources NO-SOURCE
> Task :LookupService:systemTestClasses UP-TO-DATE
> Task :LookupService:systemTest NO-SOURCE

BUILD SUCCESSFUL in 15s
5 actionable tasks: 5 executed
2020-03-30T12:53+02:00: Finished running test iteration 3 on system with 2 replicas
2020-03-30T12:53+02:00: Running test iteration 4 on system with 2 replicas
> Task :DistributedObject:compileJava NO-SOURCE
> Task :DistributedObject:compileScala
> Task :DistributedObject:processResources NO-SOURCE
> Task :DistributedObject:classes
> Task :DistributedObject:compileTestJava NO-SOURCE
> Task :DistributedObject:compileTestScala NO-SOURCE
> Task :DistributedObject:processTestResources NO-SOURCE
> Task :DistributedObject:testClasses UP-TO-DATE
> Task :DistributedObject:compileSystemTestJava NO-SOURCE
> Task :DistributedObject:compileSystemTestScala
> Task :DistributedObject:processSystemTestResources NO-SOURCE
> Task :DistributedObject:systemTestClasses
> Task :DistributedObject:systemTest
> Task :LookupService:compileJava NO-SOURCE
> Task :LookupService:compileScala
> Task :LookupService:processResources NO-SOURCE
> Task :LookupService:classes
> Task :LookupService:compileTestJava NO-SOURCE
> Task :LookupService:compileTestScala
> Task :LookupService:processTestResources NO-SOURCE
> Task :LookupService:testClasses
> Task :LookupService:compileSystemTestJava NO-SOURCE
> Task :LookupService:compileSystemTestScala NO-SOURCE
> Task :LookupService:processSystemTestResources NO-SOURCE
> Task :LookupService:systemTestClasses UP-TO-DATE
> Task :LookupService:systemTest NO-SOURCE

BUILD SUCCESSFUL in 15s
5 actionable tasks: 5 executed
2020-03-30T12:53+02:00: Finished running test iteration 4 on system with 2 replicas
2020-03-30T12:53+02:00: Running test iteration 5 on system with 2 replicas
> Task :DistributedObject:compileJava NO-SOURCE
> Task :DistributedObject:compileScala
> Task :DistributedObject:processResources NO-SOURCE
> Task :DistributedObject:classes
> Task :DistributedObject:compileTestJava NO-SOURCE
> Task :DistributedObject:compileTestScala NO-SOURCE
> Task :DistributedObject:processTestResources NO-SOURCE
> Task :DistributedObject:testClasses UP-TO-DATE
> Task :DistributedObject:compileSystemTestJava NO-SOURCE
> Task :DistributedObject:compileSystemTestScala
> Task :DistributedObject:processSystemTestResources NO-SOURCE
> Task :DistributedObject:systemTestClasses
> Task :DistributedObject:systemTest
> Task :LookupService:compileJava NO-SOURCE
> Task :LookupService:compileScala
> Task :LookupService:processResources NO-SOURCE
> Task :LookupService:classes
> Task :LookupService:compileTestJava NO-SOURCE
> Task :LookupService:compileTestScala
> Task :LookupService:processTestResources NO-SOURCE
> Task :LookupService:testClasses
> Task :LookupService:compileSystemTestJava NO-SOURCE
> Task :LookupService:compileSystemTestScala NO-SOURCE
> Task :LookupService:processSystemTestResources NO-SOURCE
> Task :LookupService:systemTestClasses UP-TO-DATE
> Task :LookupService:systemTest NO-SOURCE

BUILD SUCCESSFUL in 15s
5 actionable tasks: 5 executed
2020-03-30T12:54+02:00: Finished running test iteration 5 on system with 2 replicas
2020-03-30T12:54+02:00: Running test iteration 6 on system with 2 replicas
> Task :DistributedObject:compileJava NO-SOURCE
> Task :DistributedObject:compileScala
> Task :DistributedObject:processResources NO-SOURCE
> Task :DistributedObject:classes
> Task :DistributedObject:compileTestJava NO-SOURCE
> Task :DistributedObject:compileTestScala NO-SOURCE
> Task :DistributedObject:processTestResources NO-SOURCE
> Task :DistributedObject:testClasses UP-TO-DATE
> Task :DistributedObject:compileSystemTestJava NO-SOURCE
> Task :DistributedObject:compileSystemTestScala
> Task :DistributedObject:processSystemTestResources NO-SOURCE
> Task :DistributedObject:systemTestClasses
> Task :DistributedObject:systemTest
> Task :LookupService:compileJava NO-SOURCE
> Task :LookupService:compileScala
> Task :LookupService:processResources NO-SOURCE
> Task :LookupService:classes
> Task :LookupService:compileTestJava NO-SOURCE
> Task :LookupService:compileTestScala
> Task :LookupService:processTestResources NO-SOURCE
> Task :LookupService:testClasses
> Task :LookupService:compileSystemTestJava NO-SOURCE
> Task :LookupService:compileSystemTestScala NO-SOURCE
> Task :LookupService:processSystemTestResources NO-SOURCE
> Task :LookupService:systemTestClasses UP-TO-DATE
> Task :LookupService:systemTest NO-SOURCE

BUILD SUCCESSFUL in 15s
5 actionable tasks: 5 executed
2020-03-30T12:54+02:00: Finished running test iteration 6 on system with 2 replicas
2020-03-30T12:54+02:00: Running test iteration 7 on system with 2 replicas
> Task :DistributedObject:compileJava NO-SOURCE
> Task :DistributedObject:compileScala
> Task :DistributedObject:processResources NO-SOURCE
> Task :DistributedObject:classes
> Task :DistributedObject:compileTestJava NO-SOURCE
> Task :DistributedObject:compileTestScala NO-SOURCE
> Task :DistributedObject:processTestResources NO-SOURCE
> Task :DistributedObject:testClasses UP-TO-DATE
> Task :DistributedObject:compileSystemTestJava NO-SOURCE
> Task :DistributedObject:compileSystemTestScala
> Task :DistributedObject:processSystemTestResources NO-SOURCE
> Task :DistributedObject:systemTestClasses
> Task :DistributedObject:systemTest
> Task :LookupService:compileJava NO-SOURCE
> Task :LookupService:compileScala
> Task :LookupService:processResources NO-SOURCE
> Task :LookupService:classes
> Task :LookupService:compileTestJava NO-SOURCE
> Task :LookupService:compileTestScala
> Task :LookupService:processTestResources NO-SOURCE
> Task :LookupService:testClasses
> Task :LookupService:compileSystemTestJava NO-SOURCE
> Task :LookupService:compileSystemTestScala NO-SOURCE
> Task :LookupService:processSystemTestResources NO-SOURCE
> Task :LookupService:systemTestClasses UP-TO-DATE
> Task :LookupService:systemTest NO-SOURCE

BUILD SUCCESSFUL in 15s
5 actionable tasks: 5 executed
2020-03-30T12:54+02:00: Finished running test iteration 7 on system with 2 replicas
2020-03-30T12:54+02:00: Running test iteration 8 on system with 2 replicas
> Task :DistributedObject:compileJava NO-SOURCE
> Task :DistributedObject:compileScala
> Task :DistributedObject:processResources NO-SOURCE
> Task :DistributedObject:classes
> Task :DistributedObject:compileTestJava NO-SOURCE
> Task :DistributedObject:compileTestScala NO-SOURCE
> Task :DistributedObject:processTestResources NO-SOURCE
> Task :DistributedObject:testClasses UP-TO-DATE
> Task :DistributedObject:compileSystemTestJava NO-SOURCE
> Task :DistributedObject:compileSystemTestScala
> Task :DistributedObject:processSystemTestResources NO-SOURCE
> Task :DistributedObject:systemTestClasses
> Task :DistributedObject:systemTest
> Task :LookupService:compileJava NO-SOURCE
> Task :LookupService:compileScala
> Task :LookupService:processResources NO-SOURCE
> Task :LookupService:classes
> Task :LookupService:compileTestJava NO-SOURCE
> Task :LookupService:compileTestScala
> Task :LookupService:processTestResources NO-SOURCE
> Task :LookupService:testClasses
> Task :LookupService:compileSystemTestJava NO-SOURCE
> Task :LookupService:compileSystemTestScala NO-SOURCE
> Task :LookupService:processSystemTestResources NO-SOURCE
> Task :LookupService:systemTestClasses UP-TO-DATE
> Task :LookupService:systemTest NO-SOURCE

BUILD SUCCESSFUL in 16s
5 actionable tasks: 5 executed
2020-03-30T12:55+02:00: Finished running test iteration 8 on system with 2 replicas
2020-03-30T12:55+02:00: Running test iteration 9 on system with 2 replicas
> Task :DistributedObject:compileJava NO-SOURCE
> Task :DistributedObject:compileScala
> Task :DistributedObject:processResources NO-SOURCE
> Task :DistributedObject:classes
> Task :DistributedObject:compileTestJava NO-SOURCE
> Task :DistributedObject:compileTestScala NO-SOURCE
> Task :DistributedObject:processTestResources NO-SOURCE
> Task :DistributedObject:testClasses UP-TO-DATE
> Task :DistributedObject:compileSystemTestJava NO-SOURCE
> Task :DistributedObject:compileSystemTestScala
> Task :DistributedObject:processSystemTestResources NO-SOURCE
> Task :DistributedObject:systemTestClasses
> Task :DistributedObject:systemTest
> Task :LookupService:compileJava NO-SOURCE
> Task :LookupService:compileScala
> Task :LookupService:processResources NO-SOURCE
> Task :LookupService:classes
> Task :LookupService:compileTestJava NO-SOURCE
> Task :LookupService:compileTestScala
> Task :LookupService:processTestResources NO-SOURCE
> Task :LookupService:testClasses
> Task :LookupService:compileSystemTestJava NO-SOURCE
> Task :LookupService:compileSystemTestScala NO-SOURCE
> Task :LookupService:processSystemTestResources NO-SOURCE
> Task :LookupService:systemTestClasses UP-TO-DATE
> Task :LookupService:systemTest NO-SOURCE

BUILD SUCCESSFUL in 15s
5 actionable tasks: 5 executed
2020-03-30T12:55+02:00: Finished running test iteration 9 on system with 2 replicas
2020-03-30T12:55+02:00: Running test iteration 10 on system with 2 replicas
> Task :DistributedObject:compileJava NO-SOURCE
> Task :DistributedObject:compileScala
> Task :DistributedObject:processResources NO-SOURCE
> Task :DistributedObject:classes
> Task :DistributedObject:compileTestJava NO-SOURCE
> Task :DistributedObject:compileTestScala NO-SOURCE
> Task :DistributedObject:processTestResources NO-SOURCE
> Task :DistributedObject:testClasses UP-TO-DATE
> Task :DistributedObject:compileSystemTestJava NO-SOURCE
> Task :DistributedObject:compileSystemTestScala
> Task :DistributedObject:processSystemTestResources NO-SOURCE
> Task :DistributedObject:systemTestClasses
> Task :DistributedObject:systemTest
> Task :LookupService:compileJava NO-SOURCE
> Task :LookupService:compileScala
> Task :LookupService:processResources NO-SOURCE
> Task :LookupService:classes
> Task :LookupService:compileTestJava NO-SOURCE
> Task :LookupService:compileTestScala
> Task :LookupService:processTestResources NO-SOURCE
> Task :LookupService:testClasses
> Task :LookupService:compileSystemTestJava NO-SOURCE
> Task :LookupService:compileSystemTestScala NO-SOURCE
> Task :LookupService:processSystemTestResources NO-SOURCE
> Task :LookupService:systemTestClasses UP-TO-DATE
> Task :LookupService:systemTest NO-SOURCE

BUILD SUCCESSFUL in 15s
5 actionable tasks: 5 executed
2020-03-30T12:55+02:00: Finished running test iteration 10 on system with 2 replicas
2020-03-30T12:55+02:00: Running test iteration 11 on system with 2 replicas
> Task :DistributedObject:compileJava NO-SOURCE
> Task :DistributedObject:compileScala
> Task :DistributedObject:processResources NO-SOURCE
> Task :DistributedObject:classes
> Task :DistributedObject:compileTestJava NO-SOURCE
> Task :DistributedObject:compileTestScala NO-SOURCE
> Task :DistributedObject:processTestResources NO-SOURCE
> Task :DistributedObject:testClasses UP-TO-DATE
> Task :DistributedObject:compileSystemTestJava NO-SOURCE
> Task :DistributedObject:compileSystemTestScala
> Task :DistributedObject:processSystemTestResources NO-SOURCE
> Task :DistributedObject:systemTestClasses
> Task :DistributedObject:systemTest
> Task :LookupService:compileJava NO-SOURCE
> Task :LookupService:compileScala
> Task :LookupService:processResources NO-SOURCE
> Task :LookupService:classes
> Task :LookupService:compileTestJava NO-SOURCE
> Task :LookupService:compileTestScala
> Task :LookupService:processTestResources NO-SOURCE
> Task :LookupService:testClasses
> Task :LookupService:compileSystemTestJava NO-SOURCE
> Task :LookupService:compileSystemTestScala NO-SOURCE
> Task :LookupService:processSystemTestResources NO-SOURCE
> Task :LookupService:systemTestClasses UP-TO-DATE
> Task :LookupService:systemTest NO-SOURCE

BUILD SUCCESSFUL in 15s
5 actionable tasks: 5 executed
2020-03-30T12:56+02:00: Finished running test iteration 11 on system with 2 replicas
2020-03-30T12:56+02:00: Running test iteration 12 on system with 2 replicas
> Task :DistributedObject:compileJava NO-SOURCE
> Task :DistributedObject:compileScala
> Task :DistributedObject:processResources NO-SOURCE
> Task :DistributedObject:classes
> Task :DistributedObject:compileTestJava NO-SOURCE
> Task :DistributedObject:compileTestScala NO-SOURCE
> Task :DistributedObject:processTestResources NO-SOURCE
> Task :DistributedObject:testClasses UP-TO-DATE
> Task :DistributedObject:compileSystemTestJava NO-SOURCE
> Task :DistributedObject:compileSystemTestScala
> Task :DistributedObject:processSystemTestResources NO-SOURCE
> Task :DistributedObject:systemTestClasses
> Task :DistributedObject:systemTest
> Task :LookupService:compileJava NO-SOURCE
> Task :LookupService:compileScala
> Task :LookupService:processResources NO-SOURCE
> Task :LookupService:classes
> Task :LookupService:compileTestJava NO-SOURCE
> Task :LookupService:compileTestScala
> Task :LookupService:processTestResources NO-SOURCE
> Task :LookupService:testClasses
> Task :LookupService:compileSystemTestJava NO-SOURCE
> Task :LookupService:compileSystemTestScala NO-SOURCE
> Task :LookupService:processSystemTestResources NO-SOURCE
> Task :LookupService:systemTestClasses UP-TO-DATE
> Task :LookupService:systemTest NO-SOURCE

BUILD SUCCESSFUL in 15s
5 actionable tasks: 5 executed
2020-03-30T12:56+02:00: Finished running test iteration 12 on system with 2 replicas
2020-03-30T12:56+02:00: Running test iteration 13 on system with 2 replicas
> Task :DistributedObject:compileJava NO-SOURCE
> Task :DistributedObject:compileScala
> Task :DistributedObject:processResources NO-SOURCE
> Task :DistributedObject:classes
> Task :DistributedObject:compileTestJava NO-SOURCE
> Task :DistributedObject:compileTestScala NO-SOURCE
> Task :DistributedObject:processTestResources NO-SOURCE
> Task :DistributedObject:testClasses UP-TO-DATE
> Task :DistributedObject:compileSystemTestJava NO-SOURCE
> Task :DistributedObject:compileSystemTestScala
> Task :DistributedObject:processSystemTestResources NO-SOURCE
> Task :DistributedObject:systemTestClasses
> Task :DistributedObject:systemTest
> Task :LookupService:compileJava NO-SOURCE
> Task :LookupService:compileScala
> Task :LookupService:processResources NO-SOURCE
> Task :LookupService:classes
> Task :LookupService:compileTestJava NO-SOURCE
> Task :LookupService:compileTestScala
> Task :LookupService:processTestResources NO-SOURCE
> Task :LookupService:testClasses
> Task :LookupService:compileSystemTestJava NO-SOURCE
> Task :LookupService:compileSystemTestScala NO-SOURCE
> Task :LookupService:processSystemTestResources NO-SOURCE
> Task :LookupService:systemTestClasses UP-TO-DATE
> Task :LookupService:systemTest NO-SOURCE

BUILD SUCCESSFUL in 15s
5 actionable tasks: 5 executed
2020-03-30T12:56+02:00: Finished running test iteration 13 on system with 2 replicas
2020-03-30T12:56+02:00: Running test iteration 14 on system with 2 replicas
> Task :DistributedObject:compileJava NO-SOURCE
> Task :DistributedObject:compileScala
> Task :DistributedObject:processResources NO-SOURCE
> Task :DistributedObject:classes
> Task :DistributedObject:compileTestJava NO-SOURCE
> Task :DistributedObject:compileTestScala NO-SOURCE
> Task :DistributedObject:processTestResources NO-SOURCE
> Task :DistributedObject:testClasses UP-TO-DATE
> Task :DistributedObject:compileSystemTestJava NO-SOURCE
> Task :DistributedObject:compileSystemTestScala
> Task :DistributedObject:processSystemTestResources NO-SOURCE
> Task :DistributedObject:systemTestClasses
> Task :DistributedObject:systemTest
> Task :LookupService:compileJava NO-SOURCE
> Task :LookupService:compileScala
> Task :LookupService:processResources NO-SOURCE
> Task :LookupService:classes
> Task :LookupService:compileTestJava NO-SOURCE
> Task :LookupService:compileTestScala
> Task :LookupService:processTestResources NO-SOURCE
> Task :LookupService:testClasses
> Task :LookupService:compileSystemTestJava NO-SOURCE
> Task :LookupService:compileSystemTestScala NO-SOURCE
> Task :LookupService:processSystemTestResources NO-SOURCE
> Task :LookupService:systemTestClasses UP-TO-DATE
> Task :LookupService:systemTest NO-SOURCE

BUILD SUCCESSFUL in 15s
5 actionable tasks: 5 executed
2020-03-30T12:57+02:00: Finished running test iteration 14 on system with 2 replicas
2020-03-30T12:57+02:00: Running test iteration 15 on system with 2 replicas
> Task :DistributedObject:compileJava NO-SOURCE
> Task :DistributedObject:compileScala
> Task :DistributedObject:processResources NO-SOURCE
> Task :DistributedObject:classes
> Task :DistributedObject:compileTestJava NO-SOURCE
> Task :DistributedObject:compileTestScala NO-SOURCE
> Task :DistributedObject:processTestResources NO-SOURCE
> Task :DistributedObject:testClasses UP-TO-DATE
> Task :DistributedObject:compileSystemTestJava NO-SOURCE
> Task :DistributedObject:compileSystemTestScala
> Task :DistributedObject:processSystemTestResources NO-SOURCE
> Task :DistributedObject:systemTestClasses
> Task :DistributedObject:systemTest
> Task :LookupService:compileJava NO-SOURCE
> Task :LookupService:compileScala
> Task :LookupService:processResources NO-SOURCE
> Task :LookupService:classes
> Task :LookupService:compileTestJava NO-SOURCE
> Task :LookupService:compileTestScala
> Task :LookupService:processTestResources NO-SOURCE
> Task :LookupService:testClasses
> Task :LookupService:compileSystemTestJava NO-SOURCE
> Task :LookupService:compileSystemTestScala NO-SOURCE
> Task :LookupService:processSystemTestResources NO-SOURCE
> Task :LookupService:systemTestClasses UP-TO-DATE
> Task :LookupService:systemTest NO-SOURCE

BUILD SUCCESSFUL in 15s
5 actionable tasks: 5 executed
2020-03-30T12:57+02:00: Finished running test iteration 15 on system with 2 replicas
2020-03-30T12:57+02:00: Running test iteration 16 on system with 2 replicas
> Task :DistributedObject:compileJava NO-SOURCE
> Task :DistributedObject:compileScala
> Task :DistributedObject:processResources NO-SOURCE
> Task :DistributedObject:classes
> Task :DistributedObject:compileTestJava NO-SOURCE
> Task :DistributedObject:compileTestScala NO-SOURCE
> Task :DistributedObject:processTestResources NO-SOURCE
> Task :DistributedObject:testClasses UP-TO-DATE
> Task :DistributedObject:compileSystemTestJava NO-SOURCE
> Task :DistributedObject:compileSystemTestScala
> Task :DistributedObject:processSystemTestResources NO-SOURCE
> Task :DistributedObject:systemTestClasses
> Task :DistributedObject:systemTest
> Task :LookupService:compileJava NO-SOURCE
> Task :LookupService:compileScala
> Task :LookupService:processResources NO-SOURCE
> Task :LookupService:classes
> Task :LookupService:compileTestJava NO-SOURCE
> Task :LookupService:compileTestScala
> Task :LookupService:processTestResources NO-SOURCE
> Task :LookupService:testClasses
> Task :LookupService:compileSystemTestJava NO-SOURCE
> Task :LookupService:compileSystemTestScala NO-SOURCE
> Task :LookupService:processSystemTestResources NO-SOURCE
> Task :LookupService:systemTestClasses UP-TO-DATE
> Task :LookupService:systemTest NO-SOURCE

BUILD SUCCESSFUL in 15s
5 actionable tasks: 5 executed
2020-03-30T12:57+02:00: Finished running test iteration 16 on system with 2 replicas
2020-03-30T12:58+02:00: Running test iteration 17 on system with 2 replicas
> Task :DistributedObject:compileJava NO-SOURCE
> Task :DistributedObject:compileScala
> Task :DistributedObject:processResources NO-SOURCE
> Task :DistributedObject:classes
> Task :DistributedObject:compileTestJava NO-SOURCE
> Task :DistributedObject:compileTestScala NO-SOURCE
> Task :DistributedObject:processTestResources NO-SOURCE
> Task :DistributedObject:testClasses UP-TO-DATE
> Task :DistributedObject:compileSystemTestJava NO-SOURCE
> Task :DistributedObject:compileSystemTestScala
> Task :DistributedObject:processSystemTestResources NO-SOURCE
> Task :DistributedObject:systemTestClasses
> Task :DistributedObject:systemTest
> Task :LookupService:compileJava NO-SOURCE
> Task :LookupService:compileScala
> Task :LookupService:processResources NO-SOURCE
> Task :LookupService:classes
> Task :LookupService:compileTestJava NO-SOURCE
> Task :LookupService:compileTestScala
> Task :LookupService:processTestResources NO-SOURCE
> Task :LookupService:testClasses
> Task :LookupService:compileSystemTestJava NO-SOURCE
> Task :LookupService:compileSystemTestScala NO-SOURCE
> Task :LookupService:processSystemTestResources NO-SOURCE
> Task :LookupService:systemTestClasses UP-TO-DATE
> Task :LookupService:systemTest NO-SOURCE

BUILD SUCCESSFUL in 15s
5 actionable tasks: 5 executed
2020-03-30T12:58+02:00: Finished running test iteration 17 on system with 2 replicas
2020-03-30T12:58+02:00: Running test iteration 18 on system with 2 replicas
> Task :DistributedObject:compileJava NO-SOURCE
> Task :DistributedObject:compileScala
> Task :DistributedObject:processResources NO-SOURCE
> Task :DistributedObject:classes
> Task :DistributedObject:compileTestJava NO-SOURCE
> Task :DistributedObject:compileTestScala NO-SOURCE
> Task :DistributedObject:processTestResources NO-SOURCE
> Task :DistributedObject:testClasses UP-TO-DATE
> Task :DistributedObject:compileSystemTestJava NO-SOURCE
> Task :DistributedObject:compileSystemTestScala
> Task :DistributedObject:processSystemTestResources NO-SOURCE
> Task :DistributedObject:systemTestClasses
> Task :DistributedObject:systemTest
> Task :LookupService:compileJava NO-SOURCE
> Task :LookupService:compileScala
> Task :LookupService:processResources NO-SOURCE
> Task :LookupService:classes
> Task :LookupService:compileTestJava NO-SOURCE
> Task :LookupService:compileTestScala
> Task :LookupService:processTestResources NO-SOURCE
> Task :LookupService:testClasses
> Task :LookupService:compileSystemTestJava NO-SOURCE
> Task :LookupService:compileSystemTestScala NO-SOURCE
> Task :LookupService:processSystemTestResources NO-SOURCE
> Task :LookupService:systemTestClasses UP-TO-DATE
> Task :LookupService:systemTest NO-SOURCE

BUILD SUCCESSFUL in 15s
5 actionable tasks: 5 executed
2020-03-30T12:58+02:00: Finished running test iteration 18 on system with 2 replicas
2020-03-30T12:58+02:00: Running test iteration 19 on system with 2 replicas
> Task :DistributedObject:compileJava NO-SOURCE
> Task :DistributedObject:compileScala
> Task :DistributedObject:processResources NO-SOURCE
> Task :DistributedObject:classes
> Task :DistributedObject:compileTestJava NO-SOURCE
> Task :DistributedObject:compileTestScala NO-SOURCE
> Task :DistributedObject:processTestResources NO-SOURCE
> Task :DistributedObject:testClasses UP-TO-DATE
> Task :DistributedObject:compileSystemTestJava NO-SOURCE
> Task :DistributedObject:compileSystemTestScala
> Task :DistributedObject:processSystemTestResources NO-SOURCE
> Task :DistributedObject:systemTestClasses
> Task :DistributedObject:systemTest
> Task :LookupService:compileJava NO-SOURCE
> Task :LookupService:compileScala
> Task :LookupService:processResources NO-SOURCE
> Task :LookupService:classes
> Task :LookupService:compileTestJava NO-SOURCE
> Task :LookupService:compileTestScala
> Task :LookupService:processTestResources NO-SOURCE
> Task :LookupService:testClasses
> Task :LookupService:compileSystemTestJava NO-SOURCE
> Task :LookupService:compileSystemTestScala NO-SOURCE
> Task :LookupService:processSystemTestResources NO-SOURCE
> Task :LookupService:systemTestClasses UP-TO-DATE
> Task :LookupService:systemTest NO-SOURCE

BUILD SUCCESSFUL in 15s
5 actionable tasks: 5 executed
2020-03-30T12:59+02:00: Finished running test iteration 19 on system with 2 replicas
2020-03-30T12:59+02:00: Running test iteration 20 on system with 2 replicas
> Task :DistributedObject:compileJava NO-SOURCE
> Task :DistributedObject:compileScala
> Task :DistributedObject:processResources NO-SOURCE
> Task :DistributedObject:classes
> Task :DistributedObject:compileTestJava NO-SOURCE
> Task :DistributedObject:compileTestScala NO-SOURCE
> Task :DistributedObject:processTestResources NO-SOURCE
> Task :DistributedObject:testClasses UP-TO-DATE
> Task :DistributedObject:compileSystemTestJava NO-SOURCE
> Task :DistributedObject:compileSystemTestScala
> Task :DistributedObject:processSystemTestResources NO-SOURCE
> Task :DistributedObject:systemTestClasses
> Task :DistributedObject:systemTest
> Task :LookupService:compileJava NO-SOURCE
> Task :LookupService:compileScala
> Task :LookupService:processResources NO-SOURCE
> Task :LookupService:classes
> Task :LookupService:compileTestJava NO-SOURCE
> Task :LookupService:compileTestScala
> Task :LookupService:processTestResources NO-SOURCE
> Task :LookupService:testClasses
> Task :LookupService:compileSystemTestJava NO-SOURCE
> Task :LookupService:compileSystemTestScala NO-SOURCE
> Task :LookupService:processSystemTestResources NO-SOURCE
> Task :LookupService:systemTestClasses UP-TO-DATE
> Task :LookupService:systemTest NO-SOURCE

BUILD SUCCESSFUL in 15s
5 actionable tasks: 5 executed
2020-03-30T12:59+02:00: Finished running test iteration 20 on system with 2 replicas
2020-03-30T12:59+02:00: Terminating EC2 instances
> Task :terminateEC2Instances

Deprecated Gradle features were used in this build, making it incompatible with Gradle 7.0.
Use '--warning-mode all' to show the individual deprecation warnings.
See https://docs.gradle.org/6.2.2/userguide/command_line_interface.html#sec:command_line_warnings

BUILD SUCCESSFUL in 1s
1 actionable task: 1 executed
2020-03-30T12:59+02:00: Deploy system with 3 replicas
Deploying Lookup Service 
> Task :deployEC2Instance
> Task :waitInstanceStatusStable
Access instance with: ssh ubuntu@ec2-52-87-190-218.compute-1.amazonaws.com

> Task :DistributedObject:compileJava NO-SOURCE
> Task :DistributedObject:compileScala UP-TO-DATE
> Task :DistributedObject:processResources NO-SOURCE
> Task :DistributedObject:classes UP-TO-DATE
> Task :DistributedObject:jar UP-TO-DATE
> Task :DistributedObject:startScripts UP-TO-DATE
> Task :DistributedObject:distTar UP-TO-DATE
> Task :DistributedObject:distZip UP-TO-DATE
> Task :DistributedObject:shadowJar UP-TO-DATE
> Task :DistributedObject:startShadowScripts UP-TO-DATE
> Task :DistributedObject:shadowDistTar UP-TO-DATE
> Task :DistributedObject:shadowDistZip UP-TO-DATE
> Task :DistributedObject:assemble UP-TO-DATE
> Task :DistributedObject:compileTestJava NO-SOURCE
> Task :DistributedObject:compileTestScala NO-SOURCE
> Task :DistributedObject:processTestResources NO-SOURCE
> Task :DistributedObject:testClasses UP-TO-DATE
> Task :DistributedObject:test NO-SOURCE
> Task :DistributedObject:check UP-TO-DATE
> Task :DistributedObject:build UP-TO-DATE
> Task :LookupService:compileJava NO-SOURCE
> Task :LookupService:compileScala UP-TO-DATE
> Task :LookupService:processResources NO-SOURCE
> Task :LookupService:classes UP-TO-DATE
> Task :LookupService:jar UP-TO-DATE
> Task :LookupService:startScripts UP-TO-DATE
> Task :LookupService:distTar UP-TO-DATE
> Task :LookupService:distZip UP-TO-DATE
> Task :LookupService:shadowJar UP-TO-DATE
> Task :LookupService:startShadowScripts UP-TO-DATE
> Task :LookupService:shadowDistTar UP-TO-DATE
> Task :LookupService:shadowDistZip UP-TO-DATE
> Task :LookupService:assemble UP-TO-DATE
> Task :LookupService:compileTestJava NO-SOURCE
> Task :LookupService:compileTestScala UP-TO-DATE
> Task :LookupService:processTestResources NO-SOURCE
> Task :LookupService:testClasses UP-TO-DATE
> Task :LookupService:test UP-TO-DATE
> Task :LookupService:check UP-TO-DATE
> Task :LookupService:build UP-TO-DATE
> Task :deployLookupService
Copying LookupService to the EC2 instance
Warning: Permanently added 'ec2-52-87-190-218.compute-1.amazonaws.com,52.87.190.218' (ECDSA) to the list of known hosts.
Starting Lookup Service on the EC2 instance

Deprecated Gradle features were used in this build, making it incompatible with Gradle 7.0.
Use '--warning-mode all' to show the individual deprecation warnings.
See https://docs.gradle.org/6.2.2/userguide/command_line_interface.html#sec:command_line_warnings

BUILD SUCCESSFUL in 1m 41s
23 actionable tasks: 3 executed, 20 up-to-date
Deploying Distributed Object 1
> Task :deployEC2Instance
> Task :waitInstanceStatusStable
Access instance with: ssh ubuntu@ec2-3-84-45-4.compute-1.amazonaws.com

> Task :DistributedObject:compileJava NO-SOURCE
> Task :DistributedObject:compileScala UP-TO-DATE
> Task :DistributedObject:processResources NO-SOURCE
> Task :DistributedObject:classes UP-TO-DATE
> Task :DistributedObject:jar UP-TO-DATE
> Task :DistributedObject:startScripts UP-TO-DATE
> Task :DistributedObject:distTar UP-TO-DATE
> Task :DistributedObject:distZip UP-TO-DATE
> Task :DistributedObject:shadowJar UP-TO-DATE
> Task :DistributedObject:startShadowScripts UP-TO-DATE
> Task :DistributedObject:shadowDistTar UP-TO-DATE
> Task :DistributedObject:shadowDistZip UP-TO-DATE
> Task :DistributedObject:assemble UP-TO-DATE
> Task :DistributedObject:compileTestJava NO-SOURCE
> Task :DistributedObject:compileTestScala NO-SOURCE
> Task :DistributedObject:processTestResources NO-SOURCE
> Task :DistributedObject:testClasses UP-TO-DATE
> Task :DistributedObject:test NO-SOURCE
> Task :DistributedObject:check UP-TO-DATE
> Task :DistributedObject:build UP-TO-DATE
> Task :LookupService:compileJava NO-SOURCE
> Task :LookupService:compileScala UP-TO-DATE
> Task :LookupService:processResources NO-SOURCE
> Task :LookupService:classes UP-TO-DATE
> Task :LookupService:jar UP-TO-DATE
> Task :LookupService:startScripts UP-TO-DATE
> Task :LookupService:distTar UP-TO-DATE
> Task :LookupService:distZip UP-TO-DATE
> Task :LookupService:shadowJar UP-TO-DATE
> Task :LookupService:startShadowScripts UP-TO-DATE
> Task :LookupService:shadowDistTar UP-TO-DATE
> Task :LookupService:shadowDistZip UP-TO-DATE
> Task :LookupService:assemble UP-TO-DATE
> Task :LookupService:compileTestJava NO-SOURCE
> Task :LookupService:compileTestScala UP-TO-DATE
> Task :LookupService:processTestResources NO-SOURCE
> Task :LookupService:testClasses UP-TO-DATE
> Task :LookupService:test UP-TO-DATE
> Task :LookupService:check UP-TO-DATE
> Task :LookupService:build UP-TO-DATE
> Task :deployDistributedObject
Copying Distributed Object to the EC2 instance
Warning: Permanently added 'ec2-3-84-45-4.compute-1.amazonaws.com,3.84.45.4' (ECDSA) to the list of known hosts.
Starting Distributed Object on the EC2 instance

Deprecated Gradle features were used in this build, making it incompatible with Gradle 7.0.
Use '--warning-mode all' to show the individual deprecation warnings.
See https://docs.gradle.org/6.2.2/userguide/command_line_interface.html#sec:command_line_warnings

BUILD SUCCESSFUL in 1m 43s
23 actionable tasks: 3 executed, 20 up-to-date
Deploying Distributed Object 2
> Task :deployEC2Instance
> Task :waitInstanceStatusStable
Access instance with: ssh ubuntu@ec2-3-86-213-192.compute-1.amazonaws.com

> Task :DistributedObject:compileJava NO-SOURCE
> Task :DistributedObject:compileScala UP-TO-DATE
> Task :DistributedObject:processResources NO-SOURCE
> Task :DistributedObject:classes UP-TO-DATE
> Task :DistributedObject:jar UP-TO-DATE
> Task :DistributedObject:startScripts UP-TO-DATE
> Task :DistributedObject:distTar UP-TO-DATE
> Task :DistributedObject:distZip UP-TO-DATE
> Task :DistributedObject:shadowJar UP-TO-DATE
> Task :DistributedObject:startShadowScripts UP-TO-DATE
> Task :DistributedObject:shadowDistTar UP-TO-DATE
> Task :DistributedObject:shadowDistZip UP-TO-DATE
> Task :DistributedObject:assemble UP-TO-DATE
> Task :DistributedObject:compileTestJava NO-SOURCE
> Task :DistributedObject:compileTestScala NO-SOURCE
> Task :DistributedObject:processTestResources NO-SOURCE
> Task :DistributedObject:testClasses UP-TO-DATE
> Task :DistributedObject:test NO-SOURCE
> Task :DistributedObject:check UP-TO-DATE
> Task :DistributedObject:build UP-TO-DATE
> Task :LookupService:compileJava NO-SOURCE
> Task :LookupService:compileScala UP-TO-DATE
> Task :LookupService:processResources NO-SOURCE
> Task :LookupService:classes UP-TO-DATE
> Task :LookupService:jar UP-TO-DATE
> Task :LookupService:startScripts UP-TO-DATE
> Task :LookupService:distTar UP-TO-DATE
> Task :LookupService:distZip UP-TO-DATE
> Task :LookupService:shadowJar UP-TO-DATE
> Task :LookupService:startShadowScripts UP-TO-DATE
> Task :LookupService:shadowDistTar UP-TO-DATE
> Task :LookupService:shadowDistZip UP-TO-DATE
> Task :LookupService:assemble UP-TO-DATE
> Task :LookupService:compileTestJava NO-SOURCE
> Task :LookupService:compileTestScala UP-TO-DATE
> Task :LookupService:processTestResources NO-SOURCE
> Task :LookupService:testClasses UP-TO-DATE
> Task :LookupService:test UP-TO-DATE
> Task :LookupService:check UP-TO-DATE
> Task :LookupService:build UP-TO-DATE
> Task :deployDistributedObject
Copying Distributed Object to the EC2 instance
Warning: Permanently added 'ec2-3-86-213-192.compute-1.amazonaws.com,3.86.213.192' (ECDSA) to the list of known hosts.
Starting Distributed Object on the EC2 instance

Deprecated Gradle features were used in this build, making it incompatible with Gradle 7.0.
Use '--warning-mode all' to show the individual deprecation warnings.
See https://docs.gradle.org/6.2.2/userguide/command_line_interface.html#sec:command_line_warnings

BUILD SUCCESSFUL in 1m 42s
23 actionable tasks: 3 executed, 20 up-to-date
Deploying Distributed Object 3
> Task :deployEC2Instance
> Task :waitInstanceStatusStable
Access instance with: ssh ubuntu@ec2-54-159-175-11.compute-1.amazonaws.com

> Task :DistributedObject:compileJava NO-SOURCE
> Task :DistributedObject:compileScala UP-TO-DATE
> Task :DistributedObject:processResources NO-SOURCE
> Task :DistributedObject:classes UP-TO-DATE
> Task :DistributedObject:jar UP-TO-DATE
> Task :DistributedObject:startScripts UP-TO-DATE
> Task :DistributedObject:distTar UP-TO-DATE
> Task :DistributedObject:distZip UP-TO-DATE
> Task :DistributedObject:shadowJar UP-TO-DATE
> Task :DistributedObject:startShadowScripts UP-TO-DATE
> Task :DistributedObject:shadowDistTar UP-TO-DATE
> Task :DistributedObject:shadowDistZip UP-TO-DATE
> Task :DistributedObject:assemble UP-TO-DATE
> Task :DistributedObject:compileTestJava NO-SOURCE
> Task :DistributedObject:compileTestScala NO-SOURCE
> Task :DistributedObject:processTestResources NO-SOURCE
> Task :DistributedObject:testClasses UP-TO-DATE
> Task :DistributedObject:test NO-SOURCE
> Task :DistributedObject:check UP-TO-DATE
> Task :DistributedObject:build UP-TO-DATE
> Task :LookupService:compileJava NO-SOURCE
> Task :LookupService:compileScala UP-TO-DATE
> Task :LookupService:processResources NO-SOURCE
> Task :LookupService:classes UP-TO-DATE
> Task :LookupService:jar UP-TO-DATE
> Task :LookupService:startScripts UP-TO-DATE
> Task :LookupService:distTar UP-TO-DATE
> Task :LookupService:distZip UP-TO-DATE
> Task :LookupService:shadowJar UP-TO-DATE
> Task :LookupService:startShadowScripts UP-TO-DATE
> Task :LookupService:shadowDistTar UP-TO-DATE
> Task :LookupService:shadowDistZip UP-TO-DATE
> Task :LookupService:assemble UP-TO-DATE
> Task :LookupService:compileTestJava NO-SOURCE
> Task :LookupService:compileTestScala UP-TO-DATE
> Task :LookupService:processTestResources NO-SOURCE
> Task :LookupService:testClasses UP-TO-DATE
> Task :LookupService:test UP-TO-DATE
> Task :LookupService:check UP-TO-DATE
> Task :LookupService:build UP-TO-DATE
> Task :deployDistributedObject
Copying Distributed Object to the EC2 instance
Warning: Permanently added 'ec2-54-159-175-11.compute-1.amazonaws.com,54.159.175.11' (ECDSA) to the list of known hosts.
Starting Distributed Object on the EC2 instance

Deprecated Gradle features were used in this build, making it incompatible with Gradle 7.0.
Use '--warning-mode all' to show the individual deprecation warnings.
See https://docs.gradle.org/6.2.2/userguide/command_line_interface.html#sec:command_line_warnings

BUILD SUCCESSFUL in 1m 43s
23 actionable tasks: 3 executed, 20 up-to-date
2020-03-30T13:07+02:00: Finished deploying system with 3 replicas
2020-03-30T13:08+02:00: Running test iteration 1 on system with 3 replicas
> Task :DistributedObject:compileJava NO-SOURCE
> Task :DistributedObject:compileScala
> Task :DistributedObject:processResources NO-SOURCE
> Task :DistributedObject:classes
> Task :DistributedObject:compileTestJava NO-SOURCE
> Task :DistributedObject:compileTestScala NO-SOURCE
> Task :DistributedObject:processTestResources NO-SOURCE
> Task :DistributedObject:testClasses UP-TO-DATE
> Task :DistributedObject:compileSystemTestJava NO-SOURCE
> Task :DistributedObject:compileSystemTestScala
> Task :DistributedObject:processSystemTestResources NO-SOURCE
> Task :DistributedObject:systemTestClasses
> Task :DistributedObject:systemTest
> Task :LookupService:compileJava NO-SOURCE
> Task :LookupService:compileScala
> Task :LookupService:processResources NO-SOURCE
> Task :LookupService:classes
> Task :LookupService:compileTestJava NO-SOURCE
> Task :LookupService:compileTestScala
> Task :LookupService:processTestResources NO-SOURCE
> Task :LookupService:testClasses
> Task :LookupService:compileSystemTestJava NO-SOURCE
> Task :LookupService:compileSystemTestScala NO-SOURCE
> Task :LookupService:processSystemTestResources NO-SOURCE
> Task :LookupService:systemTestClasses UP-TO-DATE
> Task :LookupService:systemTest NO-SOURCE

BUILD SUCCESSFUL in 17s
5 actionable tasks: 5 executed
2020-03-30T13:08+02:00: Finished running test iteration 1 on system with 3 replicas
2020-03-30T13:08+02:00: Running test iteration 2 on system with 3 replicas
> Task :DistributedObject:compileJava NO-SOURCE
> Task :DistributedObject:compileScala
> Task :DistributedObject:processResources NO-SOURCE
> Task :DistributedObject:classes
> Task :DistributedObject:compileTestJava NO-SOURCE
> Task :DistributedObject:compileTestScala NO-SOURCE
> Task :DistributedObject:processTestResources NO-SOURCE
> Task :DistributedObject:testClasses UP-TO-DATE
> Task :DistributedObject:compileSystemTestJava NO-SOURCE
> Task :DistributedObject:compileSystemTestScala
> Task :DistributedObject:processSystemTestResources NO-SOURCE
> Task :DistributedObject:systemTestClasses
> Task :DistributedObject:systemTest
> Task :LookupService:compileJava NO-SOURCE
> Task :LookupService:compileScala
> Task :LookupService:processResources NO-SOURCE
> Task :LookupService:classes
> Task :LookupService:compileTestJava NO-SOURCE
> Task :LookupService:compileTestScala
> Task :LookupService:processTestResources NO-SOURCE
> Task :LookupService:testClasses
> Task :LookupService:compileSystemTestJava NO-SOURCE
> Task :LookupService:compileSystemTestScala NO-SOURCE
> Task :LookupService:processSystemTestResources NO-SOURCE
> Task :LookupService:systemTestClasses UP-TO-DATE
> Task :LookupService:systemTest NO-SOURCE

BUILD SUCCESSFUL in 16s
5 actionable tasks: 5 executed
2020-03-30T13:09+02:00: Finished running test iteration 2 on system with 3 replicas
2020-03-30T13:09+02:00: Running test iteration 3 on system with 3 replicas
> Task :DistributedObject:compileJava NO-SOURCE
> Task :DistributedObject:compileScala
> Task :DistributedObject:processResources NO-SOURCE
> Task :DistributedObject:classes
> Task :DistributedObject:compileTestJava NO-SOURCE
> Task :DistributedObject:compileTestScala NO-SOURCE
> Task :DistributedObject:processTestResources NO-SOURCE
> Task :DistributedObject:testClasses UP-TO-DATE
> Task :DistributedObject:compileSystemTestJava NO-SOURCE
> Task :DistributedObject:compileSystemTestScala
> Task :DistributedObject:processSystemTestResources NO-SOURCE
> Task :DistributedObject:systemTestClasses
> Task :DistributedObject:systemTest
> Task :LookupService:compileJava NO-SOURCE
> Task :LookupService:compileScala
> Task :LookupService:processResources NO-SOURCE
> Task :LookupService:classes
> Task :LookupService:compileTestJava NO-SOURCE
> Task :LookupService:compileTestScala
> Task :LookupService:processTestResources NO-SOURCE
> Task :LookupService:testClasses
> Task :LookupService:compileSystemTestJava NO-SOURCE
> Task :LookupService:compileSystemTestScala NO-SOURCE
> Task :LookupService:processSystemTestResources NO-SOURCE
> Task :LookupService:systemTestClasses UP-TO-DATE
> Task :LookupService:systemTest NO-SOURCE

BUILD SUCCESSFUL in 16s
5 actionable tasks: 5 executed
2020-03-30T13:09+02:00: Finished running test iteration 3 on system with 3 replicas
2020-03-30T13:09+02:00: Running test iteration 4 on system with 3 replicas
> Task :DistributedObject:compileJava NO-SOURCE
> Task :DistributedObject:compileScala
> Task :DistributedObject:processResources NO-SOURCE
> Task :DistributedObject:classes
> Task :DistributedObject:compileTestJava NO-SOURCE
> Task :DistributedObject:compileTestScala NO-SOURCE
> Task :DistributedObject:processTestResources NO-SOURCE
> Task :DistributedObject:testClasses UP-TO-DATE
> Task :DistributedObject:compileSystemTestJava NO-SOURCE
> Task :DistributedObject:compileSystemTestScala
> Task :DistributedObject:processSystemTestResources NO-SOURCE
> Task :DistributedObject:systemTestClasses
> Task :DistributedObject:systemTest
> Task :LookupService:compileJava NO-SOURCE
> Task :LookupService:compileScala
> Task :LookupService:processResources NO-SOURCE
> Task :LookupService:classes
> Task :LookupService:compileTestJava NO-SOURCE
> Task :LookupService:compileTestScala
> Task :LookupService:processTestResources NO-SOURCE
> Task :LookupService:testClasses
> Task :LookupService:compileSystemTestJava NO-SOURCE
> Task :LookupService:compileSystemTestScala NO-SOURCE
> Task :LookupService:processSystemTestResources NO-SOURCE
> Task :LookupService:systemTestClasses UP-TO-DATE
> Task :LookupService:systemTest NO-SOURCE

BUILD SUCCESSFUL in 16s
5 actionable tasks: 5 executed
2020-03-30T13:09+02:00: Finished running test iteration 4 on system with 3 replicas
2020-03-30T13:09+02:00: Running test iteration 5 on system with 3 replicas
> Task :DistributedObject:compileJava NO-SOURCE
> Task :DistributedObject:compileScala
> Task :DistributedObject:processResources NO-SOURCE
> Task :DistributedObject:classes
> Task :DistributedObject:compileTestJava NO-SOURCE
> Task :DistributedObject:compileTestScala NO-SOURCE
> Task :DistributedObject:processTestResources NO-SOURCE
> Task :DistributedObject:testClasses UP-TO-DATE
> Task :DistributedObject:compileSystemTestJava NO-SOURCE
> Task :DistributedObject:compileSystemTestScala
> Task :DistributedObject:processSystemTestResources NO-SOURCE
> Task :DistributedObject:systemTestClasses
> Task :DistributedObject:systemTest
> Task :LookupService:compileJava NO-SOURCE
> Task :LookupService:compileScala
> Task :LookupService:processResources NO-SOURCE
> Task :LookupService:classes
> Task :LookupService:compileTestJava NO-SOURCE
> Task :LookupService:compileTestScala
> Task :LookupService:processTestResources NO-SOURCE
> Task :LookupService:testClasses
> Task :LookupService:compileSystemTestJava NO-SOURCE
> Task :LookupService:compileSystemTestScala NO-SOURCE
> Task :LookupService:processSystemTestResources NO-SOURCE
> Task :LookupService:systemTestClasses UP-TO-DATE
> Task :LookupService:systemTest NO-SOURCE

BUILD SUCCESSFUL in 16s
5 actionable tasks: 5 executed
2020-03-30T13:10+02:00: Finished running test iteration 5 on system with 3 replicas
2020-03-30T13:10+02:00: Running test iteration 6 on system with 3 replicas
> Task :DistributedObject:compileJava NO-SOURCE
> Task :DistributedObject:compileScala
> Task :DistributedObject:processResources NO-SOURCE
> Task :DistributedObject:classes
> Task :DistributedObject:compileTestJava NO-SOURCE
> Task :DistributedObject:compileTestScala NO-SOURCE
> Task :DistributedObject:processTestResources NO-SOURCE
> Task :DistributedObject:testClasses UP-TO-DATE
> Task :DistributedObject:compileSystemTestJava NO-SOURCE
> Task :DistributedObject:compileSystemTestScala
> Task :DistributedObject:processSystemTestResources NO-SOURCE
> Task :DistributedObject:systemTestClasses
> Task :DistributedObject:systemTest
> Task :LookupService:compileJava NO-SOURCE
> Task :LookupService:compileScala
> Task :LookupService:processResources NO-SOURCE
> Task :LookupService:classes
> Task :LookupService:compileTestJava NO-SOURCE
> Task :LookupService:compileTestScala
> Task :LookupService:processTestResources NO-SOURCE
> Task :LookupService:testClasses
> Task :LookupService:compileSystemTestJava NO-SOURCE
> Task :LookupService:compileSystemTestScala NO-SOURCE
> Task :LookupService:processSystemTestResources NO-SOURCE
> Task :LookupService:systemTestClasses UP-TO-DATE
> Task :LookupService:systemTest NO-SOURCE

BUILD SUCCESSFUL in 16s
5 actionable tasks: 5 executed
2020-03-30T13:10+02:00: Finished running test iteration 6 on system with 3 replicas
2020-03-30T13:10+02:00: Running test iteration 7 on system with 3 replicas
> Task :DistributedObject:compileJava NO-SOURCE
> Task :DistributedObject:compileScala
> Task :DistributedObject:processResources NO-SOURCE
> Task :DistributedObject:classes
> Task :DistributedObject:compileTestJava NO-SOURCE
> Task :DistributedObject:compileTestScala NO-SOURCE
> Task :DistributedObject:processTestResources NO-SOURCE
> Task :DistributedObject:testClasses UP-TO-DATE
> Task :DistributedObject:compileSystemTestJava NO-SOURCE
> Task :DistributedObject:compileSystemTestScala
> Task :DistributedObject:processSystemTestResources NO-SOURCE
> Task :DistributedObject:systemTestClasses
> Task :DistributedObject:systemTest
> Task :LookupService:compileJava NO-SOURCE
> Task :LookupService:compileScala
> Task :LookupService:processResources NO-SOURCE
> Task :LookupService:classes
> Task :LookupService:compileTestJava NO-SOURCE
> Task :LookupService:compileTestScala
> Task :LookupService:processTestResources NO-SOURCE
> Task :LookupService:testClasses
> Task :LookupService:compileSystemTestJava NO-SOURCE
> Task :LookupService:compileSystemTestScala NO-SOURCE
> Task :LookupService:processSystemTestResources NO-SOURCE
> Task :LookupService:systemTestClasses UP-TO-DATE
> Task :LookupService:systemTest NO-SOURCE

BUILD SUCCESSFUL in 16s
5 actionable tasks: 5 executed
2020-03-30T13:10+02:00: Finished running test iteration 7 on system with 3 replicas
2020-03-30T13:11+02:00: Running test iteration 8 on system with 3 replicas
> Task :DistributedObject:compileJava NO-SOURCE
> Task :DistributedObject:compileScala
> Task :DistributedObject:processResources NO-SOURCE
> Task :DistributedObject:classes
> Task :DistributedObject:compileTestJava NO-SOURCE
> Task :DistributedObject:compileTestScala NO-SOURCE
> Task :DistributedObject:processTestResources NO-SOURCE
> Task :DistributedObject:testClasses UP-TO-DATE
> Task :DistributedObject:compileSystemTestJava NO-SOURCE
> Task :DistributedObject:compileSystemTestScala
> Task :DistributedObject:processSystemTestResources NO-SOURCE
> Task :DistributedObject:systemTestClasses
> Task :DistributedObject:systemTest
> Task :LookupService:compileJava NO-SOURCE
> Task :LookupService:compileScala
> Task :LookupService:processResources NO-SOURCE
> Task :LookupService:classes
> Task :LookupService:compileTestJava NO-SOURCE
> Task :LookupService:compileTestScala
> Task :LookupService:processTestResources NO-SOURCE
> Task :LookupService:testClasses
> Task :LookupService:compileSystemTestJava NO-SOURCE
> Task :LookupService:compileSystemTestScala NO-SOURCE
> Task :LookupService:processSystemTestResources NO-SOURCE
> Task :LookupService:systemTestClasses UP-TO-DATE
> Task :LookupService:systemTest NO-SOURCE

BUILD SUCCESSFUL in 16s
5 actionable tasks: 5 executed
2020-03-30T13:11+02:00: Finished running test iteration 8 on system with 3 replicas
2020-03-30T13:11+02:00: Running test iteration 9 on system with 3 replicas
> Task :DistributedObject:compileJava NO-SOURCE
> Task :DistributedObject:compileScala
> Task :DistributedObject:processResources NO-SOURCE
> Task :DistributedObject:classes
> Task :DistributedObject:compileTestJava NO-SOURCE
> Task :DistributedObject:compileTestScala NO-SOURCE
> Task :DistributedObject:processTestResources NO-SOURCE
> Task :DistributedObject:testClasses UP-TO-DATE
> Task :DistributedObject:compileSystemTestJava NO-SOURCE
> Task :DistributedObject:compileSystemTestScala
> Task :DistributedObject:processSystemTestResources NO-SOURCE
> Task :DistributedObject:systemTestClasses
> Task :DistributedObject:systemTest
> Task :LookupService:compileJava NO-SOURCE
> Task :LookupService:compileScala
> Task :LookupService:processResources NO-SOURCE
> Task :LookupService:classes
> Task :LookupService:compileTestJava NO-SOURCE
> Task :LookupService:compileTestScala
> Task :LookupService:processTestResources NO-SOURCE
> Task :LookupService:testClasses
> Task :LookupService:compileSystemTestJava NO-SOURCE
> Task :LookupService:compileSystemTestScala NO-SOURCE
> Task :LookupService:processSystemTestResources NO-SOURCE
> Task :LookupService:systemTestClasses UP-TO-DATE
> Task :LookupService:systemTest NO-SOURCE

BUILD SUCCESSFUL in 16s
5 actionable tasks: 5 executed
2020-03-30T13:11+02:00: Finished running test iteration 9 on system with 3 replicas
2020-03-30T13:11+02:00: Running test iteration 10 on system with 3 replicas
> Task :DistributedObject:compileJava NO-SOURCE
> Task :DistributedObject:compileScala
> Task :DistributedObject:processResources NO-SOURCE
> Task :DistributedObject:classes
> Task :DistributedObject:compileTestJava NO-SOURCE
> Task :DistributedObject:compileTestScala NO-SOURCE
> Task :DistributedObject:processTestResources NO-SOURCE
> Task :DistributedObject:testClasses UP-TO-DATE
> Task :DistributedObject:compileSystemTestJava NO-SOURCE
> Task :DistributedObject:compileSystemTestScala
> Task :DistributedObject:processSystemTestResources NO-SOURCE
> Task :DistributedObject:systemTestClasses
> Task :DistributedObject:systemTest
> Task :LookupService:compileJava NO-SOURCE
> Task :LookupService:compileScala
> Task :LookupService:processResources NO-SOURCE
> Task :LookupService:classes
> Task :LookupService:compileTestJava NO-SOURCE
> Task :LookupService:compileTestScala
> Task :LookupService:processTestResources NO-SOURCE
> Task :LookupService:testClasses
> Task :LookupService:compileSystemTestJava NO-SOURCE
> Task :LookupService:compileSystemTestScala NO-SOURCE
> Task :LookupService:processSystemTestResources NO-SOURCE
> Task :LookupService:systemTestClasses UP-TO-DATE
> Task :LookupService:systemTest NO-SOURCE

BUILD SUCCESSFUL in 16s
5 actionable tasks: 5 executed
2020-03-30T13:12+02:00: Finished running test iteration 10 on system with 3 replicas
2020-03-30T13:12+02:00: Running test iteration 11 on system with 3 replicas
> Task :DistributedObject:compileJava NO-SOURCE
> Task :DistributedObject:compileScala
> Task :DistributedObject:processResources NO-SOURCE
> Task :DistributedObject:classes
> Task :DistributedObject:compileTestJava NO-SOURCE
> Task :DistributedObject:compileTestScala NO-SOURCE
> Task :DistributedObject:processTestResources NO-SOURCE
> Task :DistributedObject:testClasses UP-TO-DATE
> Task :DistributedObject:compileSystemTestJava NO-SOURCE
> Task :DistributedObject:compileSystemTestScala
> Task :DistributedObject:processSystemTestResources NO-SOURCE
> Task :DistributedObject:systemTestClasses
> Task :DistributedObject:systemTest
> Task :LookupService:compileJava NO-SOURCE
> Task :LookupService:compileScala
> Task :LookupService:processResources NO-SOURCE
> Task :LookupService:classes
> Task :LookupService:compileTestJava NO-SOURCE
> Task :LookupService:compileTestScala
> Task :LookupService:processTestResources NO-SOURCE
> Task :LookupService:testClasses
> Task :LookupService:compileSystemTestJava NO-SOURCE
> Task :LookupService:compileSystemTestScala NO-SOURCE
> Task :LookupService:processSystemTestResources NO-SOURCE
> Task :LookupService:systemTestClasses UP-TO-DATE
> Task :LookupService:systemTest NO-SOURCE

BUILD SUCCESSFUL in 16s
5 actionable tasks: 5 executed
2020-03-30T13:12+02:00: Finished running test iteration 11 on system with 3 replicas
2020-03-30T13:12+02:00: Running test iteration 12 on system with 3 replicas
> Task :DistributedObject:compileJava NO-SOURCE
> Task :DistributedObject:compileScala
> Task :DistributedObject:processResources NO-SOURCE
> Task :DistributedObject:classes
> Task :DistributedObject:compileTestJava NO-SOURCE
> Task :DistributedObject:compileTestScala NO-SOURCE
> Task :DistributedObject:processTestResources NO-SOURCE
> Task :DistributedObject:testClasses UP-TO-DATE
> Task :DistributedObject:compileSystemTestJava NO-SOURCE
> Task :DistributedObject:compileSystemTestScala
> Task :DistributedObject:processSystemTestResources NO-SOURCE
> Task :DistributedObject:systemTestClasses
> Task :DistributedObject:systemTest
> Task :LookupService:compileJava NO-SOURCE
> Task :LookupService:compileScala
> Task :LookupService:processResources NO-SOURCE
> Task :LookupService:classes
> Task :LookupService:compileTestJava NO-SOURCE
> Task :LookupService:compileTestScala
> Task :LookupService:processTestResources NO-SOURCE
> Task :LookupService:testClasses
> Task :LookupService:compileSystemTestJava NO-SOURCE
> Task :LookupService:compileSystemTestScala NO-SOURCE
> Task :LookupService:processSystemTestResources NO-SOURCE
> Task :LookupService:systemTestClasses UP-TO-DATE
> Task :LookupService:systemTest NO-SOURCE

BUILD SUCCESSFUL in 16s
5 actionable tasks: 5 executed
2020-03-30T13:12+02:00: Finished running test iteration 12 on system with 3 replicas
2020-03-30T13:12+02:00: Running test iteration 13 on system with 3 replicas
> Task :DistributedObject:compileJava NO-SOURCE
> Task :DistributedObject:compileScala
> Task :DistributedObject:processResources NO-SOURCE
> Task :DistributedObject:classes
> Task :DistributedObject:compileTestJava NO-SOURCE
> Task :DistributedObject:compileTestScala NO-SOURCE
> Task :DistributedObject:processTestResources NO-SOURCE
> Task :DistributedObject:testClasses UP-TO-DATE
> Task :DistributedObject:compileSystemTestJava NO-SOURCE
> Task :DistributedObject:compileSystemTestScala
> Task :DistributedObject:processSystemTestResources NO-SOURCE
> Task :DistributedObject:systemTestClasses
> Task :DistributedObject:systemTest
> Task :LookupService:compileJava NO-SOURCE
> Task :LookupService:compileScala
> Task :LookupService:processResources NO-SOURCE
> Task :LookupService:classes
> Task :LookupService:compileTestJava NO-SOURCE
> Task :LookupService:compileTestScala
> Task :LookupService:processTestResources NO-SOURCE
> Task :LookupService:testClasses
> Task :LookupService:compileSystemTestJava NO-SOURCE
> Task :LookupService:compileSystemTestScala NO-SOURCE
> Task :LookupService:processSystemTestResources NO-SOURCE
> Task :LookupService:systemTestClasses UP-TO-DATE
> Task :LookupService:systemTest NO-SOURCE

BUILD SUCCESSFUL in 16s
5 actionable tasks: 5 executed
2020-03-30T13:13+02:00: Finished running test iteration 13 on system with 3 replicas
2020-03-30T13:13+02:00: Running test iteration 14 on system with 3 replicas
> Task :DistributedObject:compileJava NO-SOURCE
> Task :DistributedObject:compileScala
> Task :DistributedObject:processResources NO-SOURCE
> Task :DistributedObject:classes
> Task :DistributedObject:compileTestJava NO-SOURCE
> Task :DistributedObject:compileTestScala NO-SOURCE
> Task :DistributedObject:processTestResources NO-SOURCE
> Task :DistributedObject:testClasses UP-TO-DATE
> Task :DistributedObject:compileSystemTestJava NO-SOURCE
> Task :DistributedObject:compileSystemTestScala
> Task :DistributedObject:processSystemTestResources NO-SOURCE
> Task :DistributedObject:systemTestClasses
> Task :DistributedObject:systemTest
> Task :LookupService:compileJava NO-SOURCE
> Task :LookupService:compileScala
> Task :LookupService:processResources NO-SOURCE
> Task :LookupService:classes
> Task :LookupService:compileTestJava NO-SOURCE
> Task :LookupService:compileTestScala
> Task :LookupService:processTestResources NO-SOURCE
> Task :LookupService:testClasses
> Task :LookupService:compileSystemTestJava NO-SOURCE
> Task :LookupService:compileSystemTestScala NO-SOURCE
> Task :LookupService:processSystemTestResources NO-SOURCE
> Task :LookupService:systemTestClasses UP-TO-DATE
> Task :LookupService:systemTest NO-SOURCE

BUILD SUCCESSFUL in 16s
5 actionable tasks: 5 executed
2020-03-30T13:13+02:00: Finished running test iteration 14 on system with 3 replicas
2020-03-30T13:13+02:00: Running test iteration 15 on system with 3 replicas
> Task :DistributedObject:compileJava NO-SOURCE
> Task :DistributedObject:compileScala
> Task :DistributedObject:processResources NO-SOURCE
> Task :DistributedObject:classes
> Task :DistributedObject:compileTestJava NO-SOURCE
> Task :DistributedObject:compileTestScala NO-SOURCE
> Task :DistributedObject:processTestResources NO-SOURCE
> Task :DistributedObject:testClasses UP-TO-DATE
> Task :DistributedObject:compileSystemTestJava NO-SOURCE
> Task :DistributedObject:compileSystemTestScala
> Task :DistributedObject:processSystemTestResources NO-SOURCE
> Task :DistributedObject:systemTestClasses
> Task :DistributedObject:systemTest
> Task :LookupService:compileJava NO-SOURCE
> Task :LookupService:compileScala
> Task :LookupService:processResources NO-SOURCE
> Task :LookupService:classes
> Task :LookupService:compileTestJava NO-SOURCE
> Task :LookupService:compileTestScala
> Task :LookupService:processTestResources NO-SOURCE
> Task :LookupService:testClasses
> Task :LookupService:compileSystemTestJava NO-SOURCE
> Task :LookupService:compileSystemTestScala NO-SOURCE
> Task :LookupService:processSystemTestResources NO-SOURCE
> Task :LookupService:systemTestClasses UP-TO-DATE
> Task :LookupService:systemTest NO-SOURCE

BUILD SUCCESSFUL in 16s
5 actionable tasks: 5 executed
2020-03-30T13:13+02:00: Finished running test iteration 15 on system with 3 replicas
2020-03-30T13:13+02:00: Running test iteration 16 on system with 3 replicas
> Task :DistributedObject:compileJava NO-SOURCE
> Task :DistributedObject:compileScala
> Task :DistributedObject:processResources NO-SOURCE
> Task :DistributedObject:classes
> Task :DistributedObject:compileTestJava NO-SOURCE
> Task :DistributedObject:compileTestScala NO-SOURCE
> Task :DistributedObject:processTestResources NO-SOURCE
> Task :DistributedObject:testClasses UP-TO-DATE
> Task :DistributedObject:compileSystemTestJava NO-SOURCE
> Task :DistributedObject:compileSystemTestScala
> Task :DistributedObject:processSystemTestResources NO-SOURCE
> Task :DistributedObject:systemTestClasses
> Task :DistributedObject:systemTest
> Task :LookupService:compileJava NO-SOURCE
> Task :LookupService:compileScala
> Task :LookupService:processResources NO-SOURCE
> Task :LookupService:classes
> Task :LookupService:compileTestJava NO-SOURCE
> Task :LookupService:compileTestScala
> Task :LookupService:processTestResources NO-SOURCE
> Task :LookupService:testClasses
> Task :LookupService:compileSystemTestJava NO-SOURCE
> Task :LookupService:compileSystemTestScala NO-SOURCE
> Task :LookupService:processSystemTestResources NO-SOURCE
> Task :LookupService:systemTestClasses UP-TO-DATE
> Task :LookupService:systemTest NO-SOURCE

BUILD SUCCESSFUL in 16s
5 actionable tasks: 5 executed
2020-03-30T13:14+02:00: Finished running test iteration 16 on system with 3 replicas
2020-03-30T13:14+02:00: Running test iteration 17 on system with 3 replicas
> Task :DistributedObject:compileJava NO-SOURCE
> Task :DistributedObject:compileScala
> Task :DistributedObject:processResources NO-SOURCE
> Task :DistributedObject:classes
> Task :DistributedObject:compileTestJava NO-SOURCE
> Task :DistributedObject:compileTestScala NO-SOURCE
> Task :DistributedObject:processTestResources NO-SOURCE
> Task :DistributedObject:testClasses UP-TO-DATE
> Task :DistributedObject:compileSystemTestJava NO-SOURCE
> Task :DistributedObject:compileSystemTestScala
> Task :DistributedObject:processSystemTestResources NO-SOURCE
> Task :DistributedObject:systemTestClasses
> Task :DistributedObject:systemTest
> Task :LookupService:compileJava NO-SOURCE
> Task :LookupService:compileScala
> Task :LookupService:processResources NO-SOURCE
> Task :LookupService:classes
> Task :LookupService:compileTestJava NO-SOURCE
> Task :LookupService:compileTestScala
> Task :LookupService:processTestResources NO-SOURCE
> Task :LookupService:testClasses
> Task :LookupService:compileSystemTestJava NO-SOURCE
> Task :LookupService:compileSystemTestScala NO-SOURCE
> Task :LookupService:processSystemTestResources NO-SOURCE
> Task :LookupService:systemTestClasses UP-TO-DATE
> Task :LookupService:systemTest NO-SOURCE

BUILD SUCCESSFUL in 16s
5 actionable tasks: 5 executed
2020-03-30T13:14+02:00: Finished running test iteration 17 on system with 3 replicas
2020-03-30T13:14+02:00: Running test iteration 18 on system with 3 replicas
> Task :DistributedObject:compileJava NO-SOURCE
> Task :DistributedObject:compileScala
> Task :DistributedObject:processResources NO-SOURCE
> Task :DistributedObject:classes
> Task :DistributedObject:compileTestJava NO-SOURCE
> Task :DistributedObject:compileTestScala NO-SOURCE
> Task :DistributedObject:processTestResources NO-SOURCE
> Task :DistributedObject:testClasses UP-TO-DATE
> Task :DistributedObject:compileSystemTestJava NO-SOURCE
> Task :DistributedObject:compileSystemTestScala
> Task :DistributedObject:processSystemTestResources NO-SOURCE
> Task :DistributedObject:systemTestClasses
> Task :DistributedObject:systemTest
> Task :LookupService:compileJava NO-SOURCE
> Task :LookupService:compileScala
> Task :LookupService:processResources NO-SOURCE
> Task :LookupService:classes
> Task :LookupService:compileTestJava NO-SOURCE
> Task :LookupService:compileTestScala
> Task :LookupService:processTestResources NO-SOURCE
> Task :LookupService:testClasses
> Task :LookupService:compileSystemTestJava NO-SOURCE
> Task :LookupService:compileSystemTestScala NO-SOURCE
> Task :LookupService:processSystemTestResources NO-SOURCE
> Task :LookupService:systemTestClasses UP-TO-DATE
> Task :LookupService:systemTest NO-SOURCE

BUILD SUCCESSFUL in 16s
5 actionable tasks: 5 executed
2020-03-30T13:14+02:00: Finished running test iteration 18 on system with 3 replicas
2020-03-30T13:15+02:00: Running test iteration 19 on system with 3 replicas
> Task :DistributedObject:compileJava NO-SOURCE
> Task :DistributedObject:compileScala
> Task :DistributedObject:processResources NO-SOURCE
> Task :DistributedObject:classes
> Task :DistributedObject:compileTestJava NO-SOURCE
> Task :DistributedObject:compileTestScala NO-SOURCE
> Task :DistributedObject:processTestResources NO-SOURCE
> Task :DistributedObject:testClasses UP-TO-DATE
> Task :DistributedObject:compileSystemTestJava NO-SOURCE
> Task :DistributedObject:compileSystemTestScala
> Task :DistributedObject:processSystemTestResources NO-SOURCE
> Task :DistributedObject:systemTestClasses
> Task :DistributedObject:systemTest
> Task :LookupService:compileJava NO-SOURCE
> Task :LookupService:compileScala
> Task :LookupService:processResources NO-SOURCE
> Task :LookupService:classes
> Task :LookupService:compileTestJava NO-SOURCE
> Task :LookupService:compileTestScala
> Task :LookupService:processTestResources NO-SOURCE
> Task :LookupService:testClasses
> Task :LookupService:compileSystemTestJava NO-SOURCE
> Task :LookupService:compileSystemTestScala NO-SOURCE
> Task :LookupService:processSystemTestResources NO-SOURCE
> Task :LookupService:systemTestClasses UP-TO-DATE
> Task :LookupService:systemTest NO-SOURCE

BUILD SUCCESSFUL in 16s
5 actionable tasks: 5 executed
2020-03-30T13:15+02:00: Finished running test iteration 19 on system with 3 replicas
2020-03-30T13:15+02:00: Running test iteration 20 on system with 3 replicas
> Task :DistributedObject:compileJava NO-SOURCE
> Task :DistributedObject:compileScala
> Task :DistributedObject:processResources NO-SOURCE
> Task :DistributedObject:classes
> Task :DistributedObject:compileTestJava NO-SOURCE
> Task :DistributedObject:compileTestScala NO-SOURCE
> Task :DistributedObject:processTestResources NO-SOURCE
> Task :DistributedObject:testClasses UP-TO-DATE
> Task :DistributedObject:compileSystemTestJava NO-SOURCE
> Task :DistributedObject:compileSystemTestScala
> Task :DistributedObject:processSystemTestResources NO-SOURCE
> Task :DistributedObject:systemTestClasses
> Task :DistributedObject:systemTest
> Task :LookupService:compileJava NO-SOURCE
> Task :LookupService:compileScala
> Task :LookupService:processResources NO-SOURCE
> Task :LookupService:classes
> Task :LookupService:compileTestJava NO-SOURCE
> Task :LookupService:compileTestScala
> Task :LookupService:processTestResources NO-SOURCE
> Task :LookupService:testClasses
> Task :LookupService:compileSystemTestJava NO-SOURCE
> Task :LookupService:compileSystemTestScala NO-SOURCE
> Task :LookupService:processSystemTestResources NO-SOURCE
> Task :LookupService:systemTestClasses UP-TO-DATE
> Task :LookupService:systemTest NO-SOURCE

BUILD SUCCESSFUL in 16s
5 actionable tasks: 5 executed
2020-03-30T13:15+02:00: Finished running test iteration 20 on system with 3 replicas
2020-03-30T13:15+02:00: Terminating EC2 instances
> Task :terminateEC2Instances

Deprecated Gradle features were used in this build, making it incompatible with Gradle 7.0.
Use '--warning-mode all' to show the individual deprecation warnings.
See https://docs.gradle.org/6.2.2/userguide/command_line_interface.html#sec:command_line_warnings

BUILD SUCCESSFUL in 1s
1 actionable task: 1 executed
2020-03-30T13:15+02:00: Deploy system with 5 replicas
Deploying Lookup Service 
> Task :deployEC2Instance
> Task :waitInstanceStatusStable
Access instance with: ssh ubuntu@ec2-18-208-110-250.compute-1.amazonaws.com

> Task :DistributedObject:compileJava NO-SOURCE
> Task :DistributedObject:compileScala UP-TO-DATE
> Task :DistributedObject:processResources NO-SOURCE
> Task :DistributedObject:classes UP-TO-DATE
> Task :DistributedObject:jar UP-TO-DATE
> Task :DistributedObject:startScripts UP-TO-DATE
> Task :DistributedObject:distTar UP-TO-DATE
> Task :DistributedObject:distZip UP-TO-DATE
> Task :DistributedObject:shadowJar UP-TO-DATE
> Task :DistributedObject:startShadowScripts UP-TO-DATE
> Task :DistributedObject:shadowDistTar UP-TO-DATE
> Task :DistributedObject:shadowDistZip UP-TO-DATE
> Task :DistributedObject:assemble UP-TO-DATE
> Task :DistributedObject:compileTestJava NO-SOURCE
> Task :DistributedObject:compileTestScala NO-SOURCE
> Task :DistributedObject:processTestResources NO-SOURCE
> Task :DistributedObject:testClasses UP-TO-DATE
> Task :DistributedObject:test NO-SOURCE
> Task :DistributedObject:check UP-TO-DATE
> Task :DistributedObject:build UP-TO-DATE
> Task :LookupService:compileJava NO-SOURCE
> Task :LookupService:compileScala UP-TO-DATE
> Task :LookupService:processResources NO-SOURCE
> Task :LookupService:classes UP-TO-DATE
> Task :LookupService:jar UP-TO-DATE
> Task :LookupService:startScripts UP-TO-DATE
> Task :LookupService:distTar UP-TO-DATE
> Task :LookupService:distZip UP-TO-DATE
> Task :LookupService:shadowJar UP-TO-DATE
> Task :LookupService:startShadowScripts UP-TO-DATE
> Task :LookupService:shadowDistTar UP-TO-DATE
> Task :LookupService:shadowDistZip UP-TO-DATE
> Task :LookupService:assemble UP-TO-DATE
> Task :LookupService:compileTestJava NO-SOURCE
> Task :LookupService:compileTestScala UP-TO-DATE
> Task :LookupService:processTestResources NO-SOURCE
> Task :LookupService:testClasses UP-TO-DATE
> Task :LookupService:test UP-TO-DATE
> Task :LookupService:check UP-TO-DATE
> Task :LookupService:build UP-TO-DATE
> Task :deployLookupService
Copying LookupService to the EC2 instance
Warning: Permanently added 'ec2-18-208-110-250.compute-1.amazonaws.com,18.208.110.250' (ECDSA) to the list of known hosts.
Starting Lookup Service on the EC2 instance

Deprecated Gradle features were used in this build, making it incompatible with Gradle 7.0.
Use '--warning-mode all' to show the individual deprecation warnings.
See https://docs.gradle.org/6.2.2/userguide/command_line_interface.html#sec:command_line_warnings

BUILD SUCCESSFUL in 1m 42s
23 actionable tasks: 3 executed, 20 up-to-date
Deploying Distributed Object 1
> Task :deployEC2Instance
> Task :waitInstanceStatusStable
Access instance with: ssh ubuntu@ec2-3-90-69-54.compute-1.amazonaws.com

> Task :DistributedObject:compileJava NO-SOURCE
> Task :DistributedObject:compileScala UP-TO-DATE
> Task :DistributedObject:processResources NO-SOURCE
> Task :DistributedObject:classes UP-TO-DATE
> Task :DistributedObject:jar UP-TO-DATE
> Task :DistributedObject:startScripts UP-TO-DATE
> Task :DistributedObject:distTar UP-TO-DATE
> Task :DistributedObject:distZip UP-TO-DATE
> Task :DistributedObject:shadowJar UP-TO-DATE
> Task :DistributedObject:startShadowScripts UP-TO-DATE
> Task :DistributedObject:shadowDistTar UP-TO-DATE
> Task :DistributedObject:shadowDistZip UP-TO-DATE
> Task :DistributedObject:assemble UP-TO-DATE
> Task :DistributedObject:compileTestJava NO-SOURCE
> Task :DistributedObject:compileTestScala NO-SOURCE
> Task :DistributedObject:processTestResources NO-SOURCE
> Task :DistributedObject:testClasses UP-TO-DATE
> Task :DistributedObject:test NO-SOURCE
> Task :DistributedObject:check UP-TO-DATE
> Task :DistributedObject:build UP-TO-DATE
> Task :LookupService:compileJava NO-SOURCE
> Task :LookupService:compileScala UP-TO-DATE
> Task :LookupService:processResources NO-SOURCE
> Task :LookupService:classes UP-TO-DATE
> Task :LookupService:jar UP-TO-DATE
> Task :LookupService:startScripts UP-TO-DATE
> Task :LookupService:distTar UP-TO-DATE
> Task :LookupService:distZip UP-TO-DATE
> Task :LookupService:shadowJar UP-TO-DATE
> Task :LookupService:startShadowScripts UP-TO-DATE
> Task :LookupService:shadowDistTar UP-TO-DATE
> Task :LookupService:shadowDistZip UP-TO-DATE
> Task :LookupService:assemble UP-TO-DATE
> Task :LookupService:compileTestJava NO-SOURCE
> Task :LookupService:compileTestScala UP-TO-DATE
> Task :LookupService:processTestResources NO-SOURCE
> Task :LookupService:testClasses UP-TO-DATE
> Task :LookupService:test UP-TO-DATE
> Task :LookupService:check UP-TO-DATE
> Task :LookupService:build UP-TO-DATE
> Task :deployDistributedObject
Copying Distributed Object to the EC2 instance
Warning: Permanently added 'ec2-3-90-69-54.compute-1.amazonaws.com,3.90.69.54' (ECDSA) to the list of known hosts.
Starting Distributed Object on the EC2 instance

Deprecated Gradle features were used in this build, making it incompatible with Gradle 7.0.
Use '--warning-mode all' to show the individual deprecation warnings.
See https://docs.gradle.org/6.2.2/userguide/command_line_interface.html#sec:command_line_warnings

BUILD SUCCESSFUL in 1m 47s
23 actionable tasks: 3 executed, 20 up-to-date
Deploying Distributed Object 2
> Task :deployEC2Instance
> Task :waitInstanceStatusStable
Access instance with: ssh ubuntu@ec2-18-208-147-167.compute-1.amazonaws.com

> Task :DistributedObject:compileJava NO-SOURCE
> Task :DistributedObject:compileScala UP-TO-DATE
> Task :DistributedObject:processResources NO-SOURCE
> Task :DistributedObject:classes UP-TO-DATE
> Task :DistributedObject:jar UP-TO-DATE
> Task :DistributedObject:startScripts UP-TO-DATE
> Task :DistributedObject:distTar UP-TO-DATE
> Task :DistributedObject:distZip UP-TO-DATE
> Task :DistributedObject:shadowJar UP-TO-DATE
> Task :DistributedObject:startShadowScripts UP-TO-DATE
> Task :DistributedObject:shadowDistTar UP-TO-DATE
> Task :DistributedObject:shadowDistZip UP-TO-DATE
> Task :DistributedObject:assemble UP-TO-DATE
> Task :DistributedObject:compileTestJava NO-SOURCE
> Task :DistributedObject:compileTestScala NO-SOURCE
> Task :DistributedObject:processTestResources NO-SOURCE
> Task :DistributedObject:testClasses UP-TO-DATE
> Task :DistributedObject:test NO-SOURCE
> Task :DistributedObject:check UP-TO-DATE
> Task :DistributedObject:build UP-TO-DATE
> Task :LookupService:compileJava NO-SOURCE
> Task :LookupService:compileScala UP-TO-DATE
> Task :LookupService:processResources NO-SOURCE
> Task :LookupService:classes UP-TO-DATE
> Task :LookupService:jar UP-TO-DATE
> Task :LookupService:startScripts UP-TO-DATE
> Task :LookupService:distTar UP-TO-DATE
> Task :LookupService:distZip UP-TO-DATE
> Task :LookupService:shadowJar UP-TO-DATE
> Task :LookupService:startShadowScripts UP-TO-DATE
> Task :LookupService:shadowDistTar UP-TO-DATE
> Task :LookupService:shadowDistZip UP-TO-DATE
> Task :LookupService:assemble UP-TO-DATE
> Task :LookupService:compileTestJava NO-SOURCE
> Task :LookupService:compileTestScala UP-TO-DATE
> Task :LookupService:processTestResources NO-SOURCE
> Task :LookupService:testClasses UP-TO-DATE
> Task :LookupService:test UP-TO-DATE
> Task :LookupService:check UP-TO-DATE
> Task :LookupService:build UP-TO-DATE
> Task :deployDistributedObject
Copying Distributed Object to the EC2 instance
Warning: Permanently added 'ec2-18-208-147-167.compute-1.amazonaws.com,18.208.147.167' (ECDSA) to the list of known hosts.
Starting Distributed Object on the EC2 instance

Deprecated Gradle features were used in this build, making it incompatible with Gradle 7.0.
Use '--warning-mode all' to show the individual deprecation warnings.
See https://docs.gradle.org/6.2.2/userguide/command_line_interface.html#sec:command_line_warnings

BUILD SUCCESSFUL in 1m 43s
23 actionable tasks: 3 executed, 20 up-to-date
Deploying Distributed Object 3
> Task :deployEC2Instance
> Task :waitInstanceStatusStable
Access instance with: ssh ubuntu@ec2-18-209-29-159.compute-1.amazonaws.com

> Task :DistributedObject:compileJava NO-SOURCE
> Task :DistributedObject:compileScala UP-TO-DATE
> Task :DistributedObject:processResources NO-SOURCE
> Task :DistributedObject:classes UP-TO-DATE
> Task :DistributedObject:jar UP-TO-DATE
> Task :DistributedObject:startScripts UP-TO-DATE
> Task :DistributedObject:distTar UP-TO-DATE
> Task :DistributedObject:distZip UP-TO-DATE
> Task :DistributedObject:shadowJar UP-TO-DATE
> Task :DistributedObject:startShadowScripts UP-TO-DATE
> Task :DistributedObject:shadowDistTar UP-TO-DATE
> Task :DistributedObject:shadowDistZip UP-TO-DATE
> Task :DistributedObject:assemble UP-TO-DATE
> Task :DistributedObject:compileTestJava NO-SOURCE
> Task :DistributedObject:compileTestScala NO-SOURCE
> Task :DistributedObject:processTestResources NO-SOURCE
> Task :DistributedObject:testClasses UP-TO-DATE
> Task :DistributedObject:test NO-SOURCE
> Task :DistributedObject:check UP-TO-DATE
> Task :DistributedObject:build UP-TO-DATE
> Task :LookupService:compileJava NO-SOURCE
> Task :LookupService:compileScala UP-TO-DATE
> Task :LookupService:processResources NO-SOURCE
> Task :LookupService:classes UP-TO-DATE
> Task :LookupService:jar UP-TO-DATE
> Task :LookupService:startScripts UP-TO-DATE
> Task :LookupService:distTar UP-TO-DATE
> Task :LookupService:distZip UP-TO-DATE
> Task :LookupService:shadowJar UP-TO-DATE
> Task :LookupService:startShadowScripts UP-TO-DATE
> Task :LookupService:shadowDistTar UP-TO-DATE
> Task :LookupService:shadowDistZip UP-TO-DATE
> Task :LookupService:assemble UP-TO-DATE
> Task :LookupService:compileTestJava NO-SOURCE
> Task :LookupService:compileTestScala UP-TO-DATE
> Task :LookupService:processTestResources NO-SOURCE
> Task :LookupService:testClasses UP-TO-DATE
> Task :LookupService:test UP-TO-DATE
> Task :LookupService:check UP-TO-DATE
> Task :LookupService:build UP-TO-DATE
> Task :deployDistributedObject
Copying Distributed Object to the EC2 instance
Warning: Permanently added 'ec2-18-209-29-159.compute-1.amazonaws.com,18.209.29.159' (ECDSA) to the list of known hosts.
Starting Distributed Object on the EC2 instance

Deprecated Gradle features were used in this build, making it incompatible with Gradle 7.0.
Use '--warning-mode all' to show the individual deprecation warnings.
See https://docs.gradle.org/6.2.2/userguide/command_line_interface.html#sec:command_line_warnings

BUILD SUCCESSFUL in 1m 44s
23 actionable tasks: 3 executed, 20 up-to-date
Deploying Distributed Object 4
> Task :deployEC2Instance
> Task :waitInstanceStatusStable
Access instance with: ssh ubuntu@ec2-34-207-93-82.compute-1.amazonaws.com

> Task :DistributedObject:compileJava NO-SOURCE
> Task :DistributedObject:compileScala UP-TO-DATE
> Task :DistributedObject:processResources NO-SOURCE
> Task :DistributedObject:classes UP-TO-DATE
> Task :DistributedObject:jar UP-TO-DATE
> Task :DistributedObject:startScripts UP-TO-DATE
> Task :DistributedObject:distTar UP-TO-DATE
> Task :DistributedObject:distZip UP-TO-DATE
> Task :DistributedObject:shadowJar UP-TO-DATE
> Task :DistributedObject:startShadowScripts UP-TO-DATE
> Task :DistributedObject:shadowDistTar UP-TO-DATE
> Task :DistributedObject:shadowDistZip UP-TO-DATE
> Task :DistributedObject:assemble UP-TO-DATE
> Task :DistributedObject:compileTestJava NO-SOURCE
> Task :DistributedObject:compileTestScala NO-SOURCE
> Task :DistributedObject:processTestResources NO-SOURCE
> Task :DistributedObject:testClasses UP-TO-DATE
> Task :DistributedObject:test NO-SOURCE
> Task :DistributedObject:check UP-TO-DATE
> Task :DistributedObject:build UP-TO-DATE
> Task :LookupService:compileJava NO-SOURCE
> Task :LookupService:compileScala UP-TO-DATE
> Task :LookupService:processResources NO-SOURCE
> Task :LookupService:classes UP-TO-DATE
> Task :LookupService:jar UP-TO-DATE
> Task :LookupService:startScripts UP-TO-DATE
> Task :LookupService:distTar UP-TO-DATE
> Task :LookupService:distZip UP-TO-DATE
> Task :LookupService:shadowJar UP-TO-DATE
> Task :LookupService:startShadowScripts UP-TO-DATE
> Task :LookupService:shadowDistTar UP-TO-DATE
> Task :LookupService:shadowDistZip UP-TO-DATE
> Task :LookupService:assemble UP-TO-DATE
> Task :LookupService:compileTestJava NO-SOURCE
> Task :LookupService:compileTestScala UP-TO-DATE
> Task :LookupService:processTestResources NO-SOURCE
> Task :LookupService:testClasses UP-TO-DATE
> Task :LookupService:test UP-TO-DATE
> Task :LookupService:check UP-TO-DATE
> Task :LookupService:build UP-TO-DATE
> Task :deployDistributedObject
Copying Distributed Object to the EC2 instance
Warning: Permanently added 'ec2-34-207-93-82.compute-1.amazonaws.com,34.207.93.82' (ECDSA) to the list of known hosts.
Starting Distributed Object on the EC2 instance

Deprecated Gradle features were used in this build, making it incompatible with Gradle 7.0.
Use '--warning-mode all' to show the individual deprecation warnings.
See https://docs.gradle.org/6.2.2/userguide/command_line_interface.html#sec:command_line_warnings

BUILD SUCCESSFUL in 1m 43s
23 actionable tasks: 3 executed, 20 up-to-date
Deploying Distributed Object 5
> Task :deployEC2Instance
> Task :waitInstanceStatusStable
Access instance with: ssh ubuntu@ec2-54-210-231-115.compute-1.amazonaws.com

> Task :DistributedObject:compileJava NO-SOURCE
> Task :DistributedObject:compileScala UP-TO-DATE
> Task :DistributedObject:processResources NO-SOURCE
> Task :DistributedObject:classes UP-TO-DATE
> Task :DistributedObject:jar UP-TO-DATE
> Task :DistributedObject:startScripts UP-TO-DATE
> Task :DistributedObject:distTar UP-TO-DATE
> Task :DistributedObject:distZip UP-TO-DATE
> Task :DistributedObject:shadowJar UP-TO-DATE
> Task :DistributedObject:startShadowScripts UP-TO-DATE
> Task :DistributedObject:shadowDistTar UP-TO-DATE
> Task :DistributedObject:shadowDistZip UP-TO-DATE
> Task :DistributedObject:assemble UP-TO-DATE
> Task :DistributedObject:compileTestJava NO-SOURCE
> Task :DistributedObject:compileTestScala NO-SOURCE
> Task :DistributedObject:processTestResources NO-SOURCE
> Task :DistributedObject:testClasses UP-TO-DATE
> Task :DistributedObject:test NO-SOURCE
> Task :DistributedObject:check UP-TO-DATE
> Task :DistributedObject:build UP-TO-DATE
> Task :LookupService:compileJava NO-SOURCE
> Task :LookupService:compileScala UP-TO-DATE
> Task :LookupService:processResources NO-SOURCE
> Task :LookupService:classes UP-TO-DATE
> Task :LookupService:jar UP-TO-DATE
> Task :LookupService:startScripts UP-TO-DATE
> Task :LookupService:distTar UP-TO-DATE
> Task :LookupService:distZip UP-TO-DATE
> Task :LookupService:shadowJar UP-TO-DATE
> Task :LookupService:startShadowScripts UP-TO-DATE
> Task :LookupService:shadowDistTar UP-TO-DATE
> Task :LookupService:shadowDistZip UP-TO-DATE
> Task :LookupService:assemble UP-TO-DATE
> Task :LookupService:compileTestJava NO-SOURCE
> Task :LookupService:compileTestScala UP-TO-DATE
> Task :LookupService:processTestResources NO-SOURCE
> Task :LookupService:testClasses UP-TO-DATE
> Task :LookupService:test UP-TO-DATE
> Task :LookupService:check UP-TO-DATE
> Task :LookupService:build UP-TO-DATE
> Task :deployDistributedObject
Copying Distributed Object to the EC2 instance
Warning: Permanently added 'ec2-54-210-231-115.compute-1.amazonaws.com,54.210.231.115' (ECDSA) to the list of known hosts.
Starting Distributed Object on the EC2 instance

Deprecated Gradle features were used in this build, making it incompatible with Gradle 7.0.
Use '--warning-mode all' to show the individual deprecation warnings.
See https://docs.gradle.org/6.2.2/userguide/command_line_interface.html#sec:command_line_warnings

BUILD SUCCESSFUL in 1m 50s
23 actionable tasks: 3 executed, 20 up-to-date
2020-03-30T13:27+02:00: Finished deploying system with 5 replicas
2020-03-30T13:28+02:00: Running test iteration 1 on system with 5 replicas
> Task :DistributedObject:compileJava NO-SOURCE
> Task :DistributedObject:compileScala
> Task :DistributedObject:processResources NO-SOURCE
> Task :DistributedObject:classes
> Task :DistributedObject:compileTestJava NO-SOURCE
> Task :DistributedObject:compileTestScala NO-SOURCE
> Task :DistributedObject:processTestResources NO-SOURCE
> Task :DistributedObject:testClasses UP-TO-DATE
> Task :DistributedObject:compileSystemTestJava NO-SOURCE
> Task :DistributedObject:compileSystemTestScala
> Task :DistributedObject:processSystemTestResources NO-SOURCE
> Task :DistributedObject:systemTestClasses
> Task :DistributedObject:systemTest
> Task :LookupService:compileJava NO-SOURCE
> Task :LookupService:compileScala
> Task :LookupService:processResources NO-SOURCE
> Task :LookupService:classes
> Task :LookupService:compileTestJava NO-SOURCE
> Task :LookupService:compileTestScala
> Task :LookupService:processTestResources NO-SOURCE
> Task :LookupService:testClasses
> Task :LookupService:compileSystemTestJava NO-SOURCE
> Task :LookupService:compileSystemTestScala NO-SOURCE
> Task :LookupService:processSystemTestResources NO-SOURCE
> Task :LookupService:systemTestClasses UP-TO-DATE
> Task :LookupService:systemTest NO-SOURCE

BUILD SUCCESSFUL in 19s
5 actionable tasks: 5 executed
2020-03-30T13:28+02:00: Finished running test iteration 1 on system with 5 replicas
2020-03-30T13:28+02:00: Running test iteration 2 on system with 5 replicas
> Task :DistributedObject:compileJava NO-SOURCE
> Task :DistributedObject:compileScala
> Task :DistributedObject:processResources NO-SOURCE
> Task :DistributedObject:classes
> Task :DistributedObject:compileTestJava NO-SOURCE
> Task :DistributedObject:compileTestScala NO-SOURCE
> Task :DistributedObject:processTestResources NO-SOURCE
> Task :DistributedObject:testClasses UP-TO-DATE
> Task :DistributedObject:compileSystemTestJava NO-SOURCE
> Task :DistributedObject:compileSystemTestScala
> Task :DistributedObject:processSystemTestResources NO-SOURCE
> Task :DistributedObject:systemTestClasses
> Task :DistributedObject:systemTest
> Task :LookupService:compileJava NO-SOURCE
> Task :LookupService:compileScala
> Task :LookupService:processResources NO-SOURCE
> Task :LookupService:classes
> Task :LookupService:compileTestJava NO-SOURCE
> Task :LookupService:compileTestScala
> Task :LookupService:processTestResources NO-SOURCE
> Task :LookupService:testClasses
> Task :LookupService:compileSystemTestJava NO-SOURCE
> Task :LookupService:compileSystemTestScala NO-SOURCE
> Task :LookupService:processSystemTestResources NO-SOURCE
> Task :LookupService:systemTestClasses UP-TO-DATE
> Task :LookupService:systemTest NO-SOURCE

BUILD SUCCESSFUL in 17s
5 actionable tasks: 5 executed
2020-03-30T13:29+02:00: Finished running test iteration 2 on system with 5 replicas
2020-03-30T13:29+02:00: Running test iteration 3 on system with 5 replicas
> Task :DistributedObject:compileJava NO-SOURCE
> Task :DistributedObject:compileScala
> Task :DistributedObject:processResources NO-SOURCE
> Task :DistributedObject:classes
> Task :DistributedObject:compileTestJava NO-SOURCE
> Task :DistributedObject:compileTestScala NO-SOURCE
> Task :DistributedObject:processTestResources NO-SOURCE
> Task :DistributedObject:testClasses UP-TO-DATE
> Task :DistributedObject:compileSystemTestJava NO-SOURCE
> Task :DistributedObject:compileSystemTestScala
> Task :DistributedObject:processSystemTestResources NO-SOURCE
> Task :DistributedObject:systemTestClasses
> Task :DistributedObject:systemTest
> Task :LookupService:compileJava NO-SOURCE
> Task :LookupService:compileScala
> Task :LookupService:processResources NO-SOURCE
> Task :LookupService:classes
> Task :LookupService:compileTestJava NO-SOURCE
> Task :LookupService:compileTestScala
> Task :LookupService:processTestResources NO-SOURCE
> Task :LookupService:testClasses
> Task :LookupService:compileSystemTestJava NO-SOURCE
> Task :LookupService:compileSystemTestScala NO-SOURCE
> Task :LookupService:processSystemTestResources NO-SOURCE
> Task :LookupService:systemTestClasses UP-TO-DATE
> Task :LookupService:systemTest NO-SOURCE

BUILD SUCCESSFUL in 17s
5 actionable tasks: 5 executed
2020-03-30T13:29+02:00: Finished running test iteration 3 on system with 5 replicas
2020-03-30T13:29+02:00: Running test iteration 4 on system with 5 replicas
> Task :DistributedObject:compileJava NO-SOURCE
> Task :DistributedObject:compileScala
> Task :DistributedObject:processResources NO-SOURCE
> Task :DistributedObject:classes
> Task :DistributedObject:compileTestJava NO-SOURCE
> Task :DistributedObject:compileTestScala NO-SOURCE
> Task :DistributedObject:processTestResources NO-SOURCE
> Task :DistributedObject:testClasses UP-TO-DATE
> Task :DistributedObject:compileSystemTestJava NO-SOURCE
> Task :DistributedObject:compileSystemTestScala
> Task :DistributedObject:processSystemTestResources NO-SOURCE
> Task :DistributedObject:systemTestClasses
> Task :DistributedObject:systemTest
> Task :LookupService:compileJava NO-SOURCE
> Task :LookupService:compileScala
> Task :LookupService:processResources NO-SOURCE
> Task :LookupService:classes
> Task :LookupService:compileTestJava NO-SOURCE
> Task :LookupService:compileTestScala
> Task :LookupService:processTestResources NO-SOURCE
> Task :LookupService:testClasses
> Task :LookupService:compileSystemTestJava NO-SOURCE
> Task :LookupService:compileSystemTestScala NO-SOURCE
> Task :LookupService:processSystemTestResources NO-SOURCE
> Task :LookupService:systemTestClasses UP-TO-DATE
> Task :LookupService:systemTest NO-SOURCE

BUILD SUCCESSFUL in 17s
5 actionable tasks: 5 executed
2020-03-30T13:29+02:00: Finished running test iteration 4 on system with 5 replicas
2020-03-30T13:29+02:00: Running test iteration 5 on system with 5 replicas
> Task :DistributedObject:compileJava NO-SOURCE
> Task :DistributedObject:compileScala
> Task :DistributedObject:processResources NO-SOURCE
> Task :DistributedObject:classes
> Task :DistributedObject:compileTestJava NO-SOURCE
> Task :DistributedObject:compileTestScala NO-SOURCE
> Task :DistributedObject:processTestResources NO-SOURCE
> Task :DistributedObject:testClasses UP-TO-DATE
> Task :DistributedObject:compileSystemTestJava NO-SOURCE
> Task :DistributedObject:compileSystemTestScala
> Task :DistributedObject:processSystemTestResources NO-SOURCE
> Task :DistributedObject:systemTestClasses
> Task :DistributedObject:systemTest
> Task :LookupService:compileJava NO-SOURCE
> Task :LookupService:compileScala
> Task :LookupService:processResources NO-SOURCE
> Task :LookupService:classes
> Task :LookupService:compileTestJava NO-SOURCE
> Task :LookupService:compileTestScala
> Task :LookupService:processTestResources NO-SOURCE
> Task :LookupService:testClasses
> Task :LookupService:compileSystemTestJava NO-SOURCE
> Task :LookupService:compileSystemTestScala NO-SOURCE
> Task :LookupService:processSystemTestResources NO-SOURCE
> Task :LookupService:systemTestClasses UP-TO-DATE
> Task :LookupService:systemTest NO-SOURCE

BUILD SUCCESSFUL in 17s
5 actionable tasks: 5 executed
2020-03-30T13:30+02:00: Finished running test iteration 5 on system with 5 replicas
2020-03-30T13:30+02:00: Running test iteration 6 on system with 5 replicas
> Task :DistributedObject:compileJava NO-SOURCE
> Task :DistributedObject:compileScala
> Task :DistributedObject:processResources NO-SOURCE
> Task :DistributedObject:classes
> Task :DistributedObject:compileTestJava NO-SOURCE
> Task :DistributedObject:compileTestScala NO-SOURCE
> Task :DistributedObject:processTestResources NO-SOURCE
> Task :DistributedObject:testClasses UP-TO-DATE
> Task :DistributedObject:compileSystemTestJava NO-SOURCE
> Task :DistributedObject:compileSystemTestScala
> Task :DistributedObject:processSystemTestResources NO-SOURCE
> Task :DistributedObject:systemTestClasses
> Task :DistributedObject:systemTest
> Task :LookupService:compileJava NO-SOURCE
> Task :LookupService:compileScala
> Task :LookupService:processResources NO-SOURCE
> Task :LookupService:classes
> Task :LookupService:compileTestJava NO-SOURCE
> Task :LookupService:compileTestScala
> Task :LookupService:processTestResources NO-SOURCE
> Task :LookupService:testClasses
> Task :LookupService:compileSystemTestJava NO-SOURCE
> Task :LookupService:compileSystemTestScala NO-SOURCE
> Task :LookupService:processSystemTestResources NO-SOURCE
> Task :LookupService:systemTestClasses UP-TO-DATE
> Task :LookupService:systemTest NO-SOURCE

BUILD SUCCESSFUL in 17s
5 actionable tasks: 5 executed
2020-03-30T13:30+02:00: Finished running test iteration 6 on system with 5 replicas
2020-03-30T13:30+02:00: Running test iteration 7 on system with 5 replicas
> Task :DistributedObject:compileJava NO-SOURCE
> Task :DistributedObject:compileScala
> Task :DistributedObject:processResources NO-SOURCE
> Task :DistributedObject:classes
> Task :DistributedObject:compileTestJava NO-SOURCE
> Task :DistributedObject:compileTestScala NO-SOURCE
> Task :DistributedObject:processTestResources NO-SOURCE
> Task :DistributedObject:testClasses UP-TO-DATE
> Task :DistributedObject:compileSystemTestJava NO-SOURCE
> Task :DistributedObject:compileSystemTestScala
> Task :DistributedObject:processSystemTestResources NO-SOURCE
> Task :DistributedObject:systemTestClasses
> Task :DistributedObject:systemTest
> Task :LookupService:compileJava NO-SOURCE
> Task :LookupService:compileScala
> Task :LookupService:processResources NO-SOURCE
> Task :LookupService:classes
> Task :LookupService:compileTestJava NO-SOURCE
> Task :LookupService:compileTestScala
> Task :LookupService:processTestResources NO-SOURCE
> Task :LookupService:testClasses
> Task :LookupService:compileSystemTestJava NO-SOURCE
> Task :LookupService:compileSystemTestScala NO-SOURCE
> Task :LookupService:processSystemTestResources NO-SOURCE
> Task :LookupService:systemTestClasses UP-TO-DATE
> Task :LookupService:systemTest NO-SOURCE

BUILD SUCCESSFUL in 17s
5 actionable tasks: 5 executed
2020-03-30T13:31+02:00: Finished running test iteration 7 on system with 5 replicas
2020-03-30T13:31+02:00: Running test iteration 8 on system with 5 replicas
> Task :DistributedObject:compileJava NO-SOURCE
> Task :DistributedObject:compileScala
> Task :DistributedObject:processResources NO-SOURCE
> Task :DistributedObject:classes
> Task :DistributedObject:compileTestJava NO-SOURCE
> Task :DistributedObject:compileTestScala NO-SOURCE
> Task :DistributedObject:processTestResources NO-SOURCE
> Task :DistributedObject:testClasses UP-TO-DATE
> Task :DistributedObject:compileSystemTestJava NO-SOURCE
> Task :DistributedObject:compileSystemTestScala
> Task :DistributedObject:processSystemTestResources NO-SOURCE
> Task :DistributedObject:systemTestClasses
> Task :DistributedObject:systemTest
> Task :LookupService:compileJava NO-SOURCE
> Task :LookupService:compileScala
> Task :LookupService:processResources NO-SOURCE
> Task :LookupService:classes
> Task :LookupService:compileTestJava NO-SOURCE
> Task :LookupService:compileTestScala
> Task :LookupService:processTestResources NO-SOURCE
> Task :LookupService:testClasses
> Task :LookupService:compileSystemTestJava NO-SOURCE
> Task :LookupService:compileSystemTestScala NO-SOURCE
> Task :LookupService:processSystemTestResources NO-SOURCE
> Task :LookupService:systemTestClasses UP-TO-DATE
> Task :LookupService:systemTest NO-SOURCE

BUILD SUCCESSFUL in 17s
5 actionable tasks: 5 executed
2020-03-30T13:31+02:00: Finished running test iteration 8 on system with 5 replicas
2020-03-30T13:31+02:00: Running test iteration 9 on system with 5 replicas
> Task :DistributedObject:compileJava NO-SOURCE
> Task :DistributedObject:compileScala
> Task :DistributedObject:processResources NO-SOURCE
> Task :DistributedObject:classes
> Task :DistributedObject:compileTestJava NO-SOURCE
> Task :DistributedObject:compileTestScala NO-SOURCE
> Task :DistributedObject:processTestResources NO-SOURCE
> Task :DistributedObject:testClasses UP-TO-DATE
> Task :DistributedObject:compileSystemTestJava NO-SOURCE
> Task :DistributedObject:compileSystemTestScala
> Task :DistributedObject:processSystemTestResources NO-SOURCE
> Task :DistributedObject:systemTestClasses
> Task :DistributedObject:systemTest
> Task :LookupService:compileJava NO-SOURCE
> Task :LookupService:compileScala
> Task :LookupService:processResources NO-SOURCE
> Task :LookupService:classes
> Task :LookupService:compileTestJava NO-SOURCE
> Task :LookupService:compileTestScala
> Task :LookupService:processTestResources NO-SOURCE
> Task :LookupService:testClasses
> Task :LookupService:compileSystemTestJava NO-SOURCE
> Task :LookupService:compileSystemTestScala NO-SOURCE
> Task :LookupService:processSystemTestResources NO-SOURCE
> Task :LookupService:systemTestClasses UP-TO-DATE
> Task :LookupService:systemTest NO-SOURCE

BUILD SUCCESSFUL in 17s
5 actionable tasks: 5 executed
2020-03-30T13:31+02:00: Finished running test iteration 9 on system with 5 replicas
2020-03-30T13:31+02:00: Running test iteration 10 on system with 5 replicas
> Task :DistributedObject:compileJava NO-SOURCE
> Task :DistributedObject:compileScala
> Task :DistributedObject:processResources NO-SOURCE
> Task :DistributedObject:classes
> Task :DistributedObject:compileTestJava NO-SOURCE
> Task :DistributedObject:compileTestScala NO-SOURCE
> Task :DistributedObject:processTestResources NO-SOURCE
> Task :DistributedObject:testClasses UP-TO-DATE
> Task :DistributedObject:compileSystemTestJava NO-SOURCE
> Task :DistributedObject:compileSystemTestScala
> Task :DistributedObject:processSystemTestResources NO-SOURCE
> Task :DistributedObject:systemTestClasses
> Task :DistributedObject:systemTest
> Task :LookupService:compileJava NO-SOURCE
> Task :LookupService:compileScala
> Task :LookupService:processResources NO-SOURCE
> Task :LookupService:classes
> Task :LookupService:compileTestJava NO-SOURCE
> Task :LookupService:compileTestScala
> Task :LookupService:processTestResources NO-SOURCE
> Task :LookupService:testClasses
> Task :LookupService:compileSystemTestJava NO-SOURCE
> Task :LookupService:compileSystemTestScala NO-SOURCE
> Task :LookupService:processSystemTestResources NO-SOURCE
> Task :LookupService:systemTestClasses UP-TO-DATE
> Task :LookupService:systemTest NO-SOURCE

BUILD SUCCESSFUL in 17s
5 actionable tasks: 5 executed
2020-03-30T13:32+02:00: Finished running test iteration 10 on system with 5 replicas
2020-03-30T13:32+02:00: Running test iteration 11 on system with 5 replicas
> Task :DistributedObject:compileJava NO-SOURCE
> Task :DistributedObject:compileScala
> Task :DistributedObject:processResources NO-SOURCE
> Task :DistributedObject:classes
> Task :DistributedObject:compileTestJava NO-SOURCE
> Task :DistributedObject:compileTestScala NO-SOURCE
> Task :DistributedObject:processTestResources NO-SOURCE
> Task :DistributedObject:testClasses UP-TO-DATE
> Task :DistributedObject:compileSystemTestJava NO-SOURCE
> Task :DistributedObject:compileSystemTestScala
> Task :DistributedObject:processSystemTestResources NO-SOURCE
> Task :DistributedObject:systemTestClasses
> Task :DistributedObject:systemTest
> Task :LookupService:compileJava NO-SOURCE
> Task :LookupService:compileScala
> Task :LookupService:processResources NO-SOURCE
> Task :LookupService:classes
> Task :LookupService:compileTestJava NO-SOURCE
> Task :LookupService:compileTestScala
> Task :LookupService:processTestResources NO-SOURCE
> Task :LookupService:testClasses
> Task :LookupService:compileSystemTestJava NO-SOURCE
> Task :LookupService:compileSystemTestScala NO-SOURCE
> Task :LookupService:processSystemTestResources NO-SOURCE
> Task :LookupService:systemTestClasses UP-TO-DATE
> Task :LookupService:systemTest NO-SOURCE

BUILD SUCCESSFUL in 17s
5 actionable tasks: 5 executed
2020-03-30T13:32+02:00: Finished running test iteration 11 on system with 5 replicas
2020-03-30T13:32+02:00: Running test iteration 12 on system with 5 replicas
> Task :DistributedObject:compileJava NO-SOURCE
> Task :DistributedObject:compileScala
> Task :DistributedObject:processResources NO-SOURCE
> Task :DistributedObject:classes
> Task :DistributedObject:compileTestJava NO-SOURCE
> Task :DistributedObject:compileTestScala NO-SOURCE
> Task :DistributedObject:processTestResources NO-SOURCE
> Task :DistributedObject:testClasses UP-TO-DATE
> Task :DistributedObject:compileSystemTestJava NO-SOURCE
> Task :DistributedObject:compileSystemTestScala
> Task :DistributedObject:processSystemTestResources NO-SOURCE
> Task :DistributedObject:systemTestClasses
> Task :DistributedObject:systemTest
> Task :LookupService:compileJava NO-SOURCE
> Task :LookupService:compileScala
> Task :LookupService:processResources NO-SOURCE
> Task :LookupService:classes
> Task :LookupService:compileTestJava NO-SOURCE
> Task :LookupService:compileTestScala
> Task :LookupService:processTestResources NO-SOURCE
> Task :LookupService:testClasses
> Task :LookupService:compileSystemTestJava NO-SOURCE
> Task :LookupService:compileSystemTestScala NO-SOURCE
> Task :LookupService:processSystemTestResources NO-SOURCE
> Task :LookupService:systemTestClasses UP-TO-DATE
> Task :LookupService:systemTest NO-SOURCE

BUILD SUCCESSFUL in 17s
5 actionable tasks: 5 executed
2020-03-30T13:33+02:00: Finished running test iteration 12 on system with 5 replicas
2020-03-30T13:33+02:00: Running test iteration 13 on system with 5 replicas
> Task :DistributedObject:compileJava NO-SOURCE
> Task :DistributedObject:compileScala
> Task :DistributedObject:processResources NO-SOURCE
> Task :DistributedObject:classes
> Task :DistributedObject:compileTestJava NO-SOURCE
> Task :DistributedObject:compileTestScala NO-SOURCE
> Task :DistributedObject:processTestResources NO-SOURCE
> Task :DistributedObject:testClasses UP-TO-DATE
> Task :DistributedObject:compileSystemTestJava NO-SOURCE
> Task :DistributedObject:compileSystemTestScala
> Task :DistributedObject:processSystemTestResources NO-SOURCE
> Task :DistributedObject:systemTestClasses
> Task :DistributedObject:systemTest
> Task :LookupService:compileJava NO-SOURCE
> Task :LookupService:compileScala
> Task :LookupService:processResources NO-SOURCE
> Task :LookupService:classes
> Task :LookupService:compileTestJava NO-SOURCE
> Task :LookupService:compileTestScala
> Task :LookupService:processTestResources NO-SOURCE
> Task :LookupService:testClasses
> Task :LookupService:compileSystemTestJava NO-SOURCE
> Task :LookupService:compileSystemTestScala NO-SOURCE
> Task :LookupService:processSystemTestResources NO-SOURCE
> Task :LookupService:systemTestClasses UP-TO-DATE
> Task :LookupService:systemTest NO-SOURCE

BUILD SUCCESSFUL in 17s
5 actionable tasks: 5 executed
2020-03-30T13:33+02:00: Finished running test iteration 13 on system with 5 replicas
2020-03-30T13:33+02:00: Running test iteration 14 on system with 5 replicas
> Task :DistributedObject:compileJava NO-SOURCE
> Task :DistributedObject:compileScala
> Task :DistributedObject:processResources NO-SOURCE
> Task :DistributedObject:classes
> Task :DistributedObject:compileTestJava NO-SOURCE
> Task :DistributedObject:compileTestScala NO-SOURCE
> Task :DistributedObject:processTestResources NO-SOURCE
> Task :DistributedObject:testClasses UP-TO-DATE
> Task :DistributedObject:compileSystemTestJava NO-SOURCE
> Task :DistributedObject:compileSystemTestScala
> Task :DistributedObject:processSystemTestResources NO-SOURCE
> Task :DistributedObject:systemTestClasses
> Task :DistributedObject:systemTest
> Task :LookupService:compileJava NO-SOURCE
> Task :LookupService:compileScala
> Task :LookupService:processResources NO-SOURCE
> Task :LookupService:classes
> Task :LookupService:compileTestJava NO-SOURCE
> Task :LookupService:compileTestScala
> Task :LookupService:processTestResources NO-SOURCE
> Task :LookupService:testClasses
> Task :LookupService:compileSystemTestJava NO-SOURCE
> Task :LookupService:compileSystemTestScala NO-SOURCE
> Task :LookupService:processSystemTestResources NO-SOURCE
> Task :LookupService:systemTestClasses UP-TO-DATE
> Task :LookupService:systemTest NO-SOURCE

BUILD SUCCESSFUL in 17s
5 actionable tasks: 5 executed
2020-03-30T13:33+02:00: Finished running test iteration 14 on system with 5 replicas
2020-03-30T13:33+02:00: Running test iteration 15 on system with 5 replicas
> Task :DistributedObject:compileJava NO-SOURCE
> Task :DistributedObject:compileScala
> Task :DistributedObject:processResources NO-SOURCE
> Task :DistributedObject:classes
> Task :DistributedObject:compileTestJava NO-SOURCE
> Task :DistributedObject:compileTestScala NO-SOURCE
> Task :DistributedObject:processTestResources NO-SOURCE
> Task :DistributedObject:testClasses UP-TO-DATE
> Task :DistributedObject:compileSystemTestJava NO-SOURCE
> Task :DistributedObject:compileSystemTestScala
> Task :DistributedObject:processSystemTestResources NO-SOURCE
> Task :DistributedObject:systemTestClasses
> Task :DistributedObject:systemTest
> Task :LookupService:compileJava NO-SOURCE
> Task :LookupService:compileScala
> Task :LookupService:processResources NO-SOURCE
> Task :LookupService:classes
> Task :LookupService:compileTestJava NO-SOURCE
> Task :LookupService:compileTestScala
> Task :LookupService:processTestResources NO-SOURCE
> Task :LookupService:testClasses
> Task :LookupService:compileSystemTestJava NO-SOURCE
> Task :LookupService:compileSystemTestScala NO-SOURCE
> Task :LookupService:processSystemTestResources NO-SOURCE
> Task :LookupService:systemTestClasses UP-TO-DATE
> Task :LookupService:systemTest NO-SOURCE

BUILD SUCCESSFUL in 17s
5 actionable tasks: 5 executed
2020-03-30T13:34+02:00: Finished running test iteration 15 on system with 5 replicas
2020-03-30T13:34+02:00: Running test iteration 16 on system with 5 replicas
> Task :DistributedObject:compileJava NO-SOURCE
> Task :DistributedObject:compileScala
> Task :DistributedObject:processResources NO-SOURCE
> Task :DistributedObject:classes
> Task :DistributedObject:compileTestJava NO-SOURCE
> Task :DistributedObject:compileTestScala NO-SOURCE
> Task :DistributedObject:processTestResources NO-SOURCE
> Task :DistributedObject:testClasses UP-TO-DATE
> Task :DistributedObject:compileSystemTestJava NO-SOURCE
> Task :DistributedObject:compileSystemTestScala
> Task :DistributedObject:processSystemTestResources NO-SOURCE
> Task :DistributedObject:systemTestClasses
> Task :DistributedObject:systemTest
> Task :LookupService:compileJava NO-SOURCE
> Task :LookupService:compileScala
> Task :LookupService:processResources NO-SOURCE
> Task :LookupService:classes
> Task :LookupService:compileTestJava NO-SOURCE
> Task :LookupService:compileTestScala
> Task :LookupService:processTestResources NO-SOURCE
> Task :LookupService:testClasses
> Task :LookupService:compileSystemTestJava NO-SOURCE
> Task :LookupService:compileSystemTestScala NO-SOURCE
> Task :LookupService:processSystemTestResources NO-SOURCE
> Task :LookupService:systemTestClasses UP-TO-DATE
> Task :LookupService:systemTest NO-SOURCE

BUILD SUCCESSFUL in 17s
5 actionable tasks: 5 executed
2020-03-30T13:34+02:00: Finished running test iteration 16 on system with 5 replicas
2020-03-30T13:34+02:00: Running test iteration 17 on system with 5 replicas
> Task :DistributedObject:compileJava NO-SOURCE
> Task :DistributedObject:compileScala
> Task :DistributedObject:processResources NO-SOURCE
> Task :DistributedObject:classes
> Task :DistributedObject:compileTestJava NO-SOURCE
> Task :DistributedObject:compileTestScala NO-SOURCE
> Task :DistributedObject:processTestResources NO-SOURCE
> Task :DistributedObject:testClasses UP-TO-DATE
> Task :DistributedObject:compileSystemTestJava NO-SOURCE
> Task :DistributedObject:compileSystemTestScala
> Task :DistributedObject:processSystemTestResources NO-SOURCE
> Task :DistributedObject:systemTestClasses
> Task :DistributedObject:systemTest
> Task :LookupService:compileJava NO-SOURCE
> Task :LookupService:compileScala
> Task :LookupService:processResources NO-SOURCE
> Task :LookupService:classes
> Task :LookupService:compileTestJava NO-SOURCE
> Task :LookupService:compileTestScala
> Task :LookupService:processTestResources NO-SOURCE
> Task :LookupService:testClasses
> Task :LookupService:compileSystemTestJava NO-SOURCE
> Task :LookupService:compileSystemTestScala NO-SOURCE
> Task :LookupService:processSystemTestResources NO-SOURCE
> Task :LookupService:systemTestClasses UP-TO-DATE
> Task :LookupService:systemTest NO-SOURCE

BUILD SUCCESSFUL in 17s
5 actionable tasks: 5 executed
2020-03-30T13:34+02:00: Finished running test iteration 17 on system with 5 replicas
2020-03-30T13:35+02:00: Running test iteration 18 on system with 5 replicas
> Task :DistributedObject:compileJava NO-SOURCE
> Task :DistributedObject:compileScala
> Task :DistributedObject:processResources NO-SOURCE
> Task :DistributedObject:classes
> Task :DistributedObject:compileTestJava NO-SOURCE
> Task :DistributedObject:compileTestScala NO-SOURCE
> Task :DistributedObject:processTestResources NO-SOURCE
> Task :DistributedObject:testClasses UP-TO-DATE
> Task :DistributedObject:compileSystemTestJava NO-SOURCE
> Task :DistributedObject:compileSystemTestScala
> Task :DistributedObject:processSystemTestResources NO-SOURCE
> Task :DistributedObject:systemTestClasses
> Task :DistributedObject:systemTest
> Task :LookupService:compileJava NO-SOURCE
> Task :LookupService:compileScala
> Task :LookupService:processResources NO-SOURCE
> Task :LookupService:classes
> Task :LookupService:compileTestJava NO-SOURCE
> Task :LookupService:compileTestScala
> Task :LookupService:processTestResources NO-SOURCE
> Task :LookupService:testClasses
> Task :LookupService:compileSystemTestJava NO-SOURCE
> Task :LookupService:compileSystemTestScala NO-SOURCE
> Task :LookupService:processSystemTestResources NO-SOURCE
> Task :LookupService:systemTestClasses UP-TO-DATE
> Task :LookupService:systemTest NO-SOURCE

BUILD SUCCESSFUL in 17s
5 actionable tasks: 5 executed
2020-03-30T13:35+02:00: Finished running test iteration 18 on system with 5 replicas
2020-03-30T13:35+02:00: Running test iteration 19 on system with 5 replicas
> Task :DistributedObject:compileJava NO-SOURCE
> Task :DistributedObject:compileScala
> Task :DistributedObject:processResources NO-SOURCE
> Task :DistributedObject:classes
> Task :DistributedObject:compileTestJava NO-SOURCE
> Task :DistributedObject:compileTestScala NO-SOURCE
> Task :DistributedObject:processTestResources NO-SOURCE
> Task :DistributedObject:testClasses UP-TO-DATE
> Task :DistributedObject:compileSystemTestJava NO-SOURCE
> Task :DistributedObject:compileSystemTestScala
> Task :DistributedObject:processSystemTestResources NO-SOURCE
> Task :DistributedObject:systemTestClasses
> Task :DistributedObject:systemTest
> Task :LookupService:compileJava NO-SOURCE
> Task :LookupService:compileScala
> Task :LookupService:processResources NO-SOURCE
> Task :LookupService:classes
> Task :LookupService:compileTestJava NO-SOURCE
> Task :LookupService:compileTestScala
> Task :LookupService:processTestResources NO-SOURCE
> Task :LookupService:testClasses
> Task :LookupService:compileSystemTestJava NO-SOURCE
> Task :LookupService:compileSystemTestScala NO-SOURCE
> Task :LookupService:processSystemTestResources NO-SOURCE
> Task :LookupService:systemTestClasses UP-TO-DATE
> Task :LookupService:systemTest NO-SOURCE

BUILD SUCCESSFUL in 17s
5 actionable tasks: 5 executed
2020-03-30T13:35+02:00: Finished running test iteration 19 on system with 5 replicas
2020-03-30T13:35+02:00: Running test iteration 20 on system with 5 replicas
> Task :DistributedObject:compileJava NO-SOURCE
> Task :DistributedObject:compileScala
> Task :DistributedObject:processResources NO-SOURCE
> Task :DistributedObject:classes
> Task :DistributedObject:compileTestJava NO-SOURCE
> Task :DistributedObject:compileTestScala NO-SOURCE
> Task :DistributedObject:processTestResources NO-SOURCE
> Task :DistributedObject:testClasses UP-TO-DATE
> Task :DistributedObject:compileSystemTestJava NO-SOURCE
> Task :DistributedObject:compileSystemTestScala
> Task :DistributedObject:processSystemTestResources NO-SOURCE
> Task :DistributedObject:systemTestClasses
> Task :DistributedObject:systemTest
> Task :LookupService:compileJava NO-SOURCE
> Task :LookupService:compileScala
> Task :LookupService:processResources NO-SOURCE
> Task :LookupService:classes
> Task :LookupService:compileTestJava NO-SOURCE
> Task :LookupService:compileTestScala
> Task :LookupService:processTestResources NO-SOURCE
> Task :LookupService:testClasses
> Task :LookupService:compileSystemTestJava NO-SOURCE
> Task :LookupService:compileSystemTestScala NO-SOURCE
> Task :LookupService:processSystemTestResources NO-SOURCE
> Task :LookupService:systemTestClasses UP-TO-DATE
> Task :LookupService:systemTest NO-SOURCE

BUILD SUCCESSFUL in 17s
5 actionable tasks: 5 executed
2020-03-30T13:36+02:00: Finished running test iteration 20 on system with 5 replicas
2020-03-30T13:36+02:00: Terminating EC2 instances
> Task :terminateEC2Instances

Deprecated Gradle features were used in this build, making it incompatible with Gradle 7.0.
Use '--warning-mode all' to show the individual deprecation warnings.
See https://docs.gradle.org/6.2.2/userguide/command_line_interface.html#sec:command_line_warnings

BUILD SUCCESSFUL in 1s
1 actionable task: 1 executed
2020-03-30T13:36+02:00: Deploy system with 10 replicas
Deploying Lookup Service 
> Task :deployEC2Instance
> Task :waitInstanceStatusStable
Access instance with: ssh ubuntu@ec2-34-205-157-107.compute-1.amazonaws.com

> Task :DistributedObject:compileJava NO-SOURCE
> Task :DistributedObject:compileScala UP-TO-DATE
> Task :DistributedObject:processResources NO-SOURCE
> Task :DistributedObject:classes UP-TO-DATE
> Task :DistributedObject:jar UP-TO-DATE
> Task :DistributedObject:startScripts UP-TO-DATE
> Task :DistributedObject:distTar UP-TO-DATE
> Task :DistributedObject:distZip UP-TO-DATE
> Task :DistributedObject:shadowJar UP-TO-DATE
> Task :DistributedObject:startShadowScripts UP-TO-DATE
> Task :DistributedObject:shadowDistTar UP-TO-DATE
> Task :DistributedObject:shadowDistZip UP-TO-DATE
> Task :DistributedObject:assemble UP-TO-DATE
> Task :DistributedObject:compileTestJava NO-SOURCE
> Task :DistributedObject:compileTestScala NO-SOURCE
> Task :DistributedObject:processTestResources NO-SOURCE
> Task :DistributedObject:testClasses UP-TO-DATE
> Task :DistributedObject:test NO-SOURCE
> Task :DistributedObject:check UP-TO-DATE
> Task :DistributedObject:build UP-TO-DATE
> Task :LookupService:compileJava NO-SOURCE
> Task :LookupService:compileScala UP-TO-DATE
> Task :LookupService:processResources NO-SOURCE
> Task :LookupService:classes UP-TO-DATE
> Task :LookupService:jar UP-TO-DATE
> Task :LookupService:startScripts UP-TO-DATE
> Task :LookupService:distTar UP-TO-DATE
> Task :LookupService:distZip UP-TO-DATE
> Task :LookupService:shadowJar UP-TO-DATE
> Task :LookupService:startShadowScripts UP-TO-DATE
> Task :LookupService:shadowDistTar UP-TO-DATE
> Task :LookupService:shadowDistZip UP-TO-DATE
> Task :LookupService:assemble UP-TO-DATE
> Task :LookupService:compileTestJava NO-SOURCE
> Task :LookupService:compileTestScala UP-TO-DATE
> Task :LookupService:processTestResources NO-SOURCE
> Task :LookupService:testClasses UP-TO-DATE
> Task :LookupService:test UP-TO-DATE
> Task :LookupService:check UP-TO-DATE
> Task :LookupService:build UP-TO-DATE
> Task :deployLookupService
Copying LookupService to the EC2 instance
Warning: Permanently added 'ec2-34-205-157-107.compute-1.amazonaws.com,34.205.157.107' (ECDSA) to the list of known hosts.
Starting Lookup Service on the EC2 instance

Deprecated Gradle features were used in this build, making it incompatible with Gradle 7.0.
Use '--warning-mode all' to show the individual deprecation warnings.
See https://docs.gradle.org/6.2.2/userguide/command_line_interface.html#sec:command_line_warnings

BUILD SUCCESSFUL in 1m 42s
23 actionable tasks: 3 executed, 20 up-to-date
Deploying Distributed Object 1
> Task :deployEC2Instance
> Task :waitInstanceStatusStable
Access instance with: ssh ubuntu@ec2-3-81-70-213.compute-1.amazonaws.com

> Task :DistributedObject:compileJava NO-SOURCE
> Task :DistributedObject:compileScala UP-TO-DATE
> Task :DistributedObject:processResources NO-SOURCE
> Task :DistributedObject:classes UP-TO-DATE
> Task :DistributedObject:jar UP-TO-DATE
> Task :DistributedObject:startScripts UP-TO-DATE
> Task :DistributedObject:distTar UP-TO-DATE
> Task :DistributedObject:distZip UP-TO-DATE
> Task :DistributedObject:shadowJar UP-TO-DATE
> Task :DistributedObject:startShadowScripts UP-TO-DATE
> Task :DistributedObject:shadowDistTar UP-TO-DATE
> Task :DistributedObject:shadowDistZip UP-TO-DATE
> Task :DistributedObject:assemble UP-TO-DATE
> Task :DistributedObject:compileTestJava NO-SOURCE
> Task :DistributedObject:compileTestScala NO-SOURCE
> Task :DistributedObject:processTestResources NO-SOURCE
> Task :DistributedObject:testClasses UP-TO-DATE
> Task :DistributedObject:test NO-SOURCE
> Task :DistributedObject:check UP-TO-DATE
> Task :DistributedObject:build UP-TO-DATE
> Task :LookupService:compileJava NO-SOURCE
> Task :LookupService:compileScala UP-TO-DATE
> Task :LookupService:processResources NO-SOURCE
> Task :LookupService:classes UP-TO-DATE
> Task :LookupService:jar UP-TO-DATE
> Task :LookupService:startScripts UP-TO-DATE
> Task :LookupService:distTar UP-TO-DATE
> Task :LookupService:distZip UP-TO-DATE
> Task :LookupService:shadowJar UP-TO-DATE
> Task :LookupService:startShadowScripts UP-TO-DATE
> Task :LookupService:shadowDistTar UP-TO-DATE
> Task :LookupService:shadowDistZip UP-TO-DATE
> Task :LookupService:assemble UP-TO-DATE
> Task :LookupService:compileTestJava NO-SOURCE
> Task :LookupService:compileTestScala UP-TO-DATE
> Task :LookupService:processTestResources NO-SOURCE
> Task :LookupService:testClasses UP-TO-DATE
> Task :LookupService:test UP-TO-DATE
> Task :LookupService:check UP-TO-DATE
> Task :LookupService:build UP-TO-DATE
> Task :deployDistributedObject
Copying Distributed Object to the EC2 instance
Warning: Permanently added 'ec2-3-81-70-213.compute-1.amazonaws.com,3.81.70.213' (ECDSA) to the list of known hosts.
Starting Distributed Object on the EC2 instance

Deprecated Gradle features were used in this build, making it incompatible with Gradle 7.0.
Use '--warning-mode all' to show the individual deprecation warnings.
See https://docs.gradle.org/6.2.2/userguide/command_line_interface.html#sec:command_line_warnings

BUILD SUCCESSFUL in 1m 41s
23 actionable tasks: 3 executed, 20 up-to-date
Deploying Distributed Object 2
> Task :deployEC2Instance
> Task :waitInstanceStatusStable
Access instance with: ssh ubuntu@ec2-54-88-121-22.compute-1.amazonaws.com

> Task :DistributedObject:compileJava NO-SOURCE
> Task :DistributedObject:compileScala UP-TO-DATE
> Task :DistributedObject:processResources NO-SOURCE
> Task :DistributedObject:classes UP-TO-DATE
> Task :DistributedObject:jar UP-TO-DATE
> Task :DistributedObject:startScripts UP-TO-DATE
> Task :DistributedObject:distTar UP-TO-DATE
> Task :DistributedObject:distZip UP-TO-DATE
> Task :DistributedObject:shadowJar UP-TO-DATE
> Task :DistributedObject:startShadowScripts UP-TO-DATE
> Task :DistributedObject:shadowDistTar UP-TO-DATE
> Task :DistributedObject:shadowDistZip UP-TO-DATE
> Task :DistributedObject:assemble UP-TO-DATE
> Task :DistributedObject:compileTestJava NO-SOURCE
> Task :DistributedObject:compileTestScala NO-SOURCE
> Task :DistributedObject:processTestResources NO-SOURCE
> Task :DistributedObject:testClasses UP-TO-DATE
> Task :DistributedObject:test NO-SOURCE
> Task :DistributedObject:check UP-TO-DATE
> Task :DistributedObject:build UP-TO-DATE
> Task :LookupService:compileJava NO-SOURCE
> Task :LookupService:compileScala UP-TO-DATE
> Task :LookupService:processResources NO-SOURCE
> Task :LookupService:classes UP-TO-DATE
> Task :LookupService:jar UP-TO-DATE
> Task :LookupService:startScripts UP-TO-DATE
> Task :LookupService:distTar UP-TO-DATE
> Task :LookupService:distZip UP-TO-DATE
> Task :LookupService:shadowJar UP-TO-DATE
> Task :LookupService:startShadowScripts UP-TO-DATE
> Task :LookupService:shadowDistTar UP-TO-DATE
> Task :LookupService:shadowDistZip UP-TO-DATE
> Task :LookupService:assemble UP-TO-DATE
> Task :LookupService:compileTestJava NO-SOURCE
> Task :LookupService:compileTestScala UP-TO-DATE
> Task :LookupService:processTestResources NO-SOURCE
> Task :LookupService:testClasses UP-TO-DATE
> Task :LookupService:test UP-TO-DATE
> Task :LookupService:check UP-TO-DATE
> Task :LookupService:build UP-TO-DATE
> Task :deployDistributedObject
Copying Distributed Object to the EC2 instance
Warning: Permanently added 'ec2-54-88-121-22.compute-1.amazonaws.com,54.88.121.22' (ECDSA) to the list of known hosts.
Starting Distributed Object on the EC2 instance

Deprecated Gradle features were used in this build, making it incompatible with Gradle 7.0.
Use '--warning-mode all' to show the individual deprecation warnings.
See https://docs.gradle.org/6.2.2/userguide/command_line_interface.html#sec:command_line_warnings

BUILD SUCCESSFUL in 1m 41s
23 actionable tasks: 3 executed, 20 up-to-date
Deploying Distributed Object 3
> Task :deployEC2Instance
> Task :waitInstanceStatusStable
Access instance with: ssh ubuntu@ec2-54-234-27-137.compute-1.amazonaws.com

> Task :DistributedObject:compileJava NO-SOURCE
> Task :DistributedObject:compileScala UP-TO-DATE
> Task :DistributedObject:processResources NO-SOURCE
> Task :DistributedObject:classes UP-TO-DATE
> Task :DistributedObject:jar UP-TO-DATE
> Task :DistributedObject:startScripts UP-TO-DATE
> Task :DistributedObject:distTar UP-TO-DATE
> Task :DistributedObject:distZip UP-TO-DATE
> Task :DistributedObject:shadowJar UP-TO-DATE
> Task :DistributedObject:startShadowScripts UP-TO-DATE
> Task :DistributedObject:shadowDistTar UP-TO-DATE
> Task :DistributedObject:shadowDistZip UP-TO-DATE
> Task :DistributedObject:assemble UP-TO-DATE
> Task :DistributedObject:compileTestJava NO-SOURCE
> Task :DistributedObject:compileTestScala NO-SOURCE
> Task :DistributedObject:processTestResources NO-SOURCE
> Task :DistributedObject:testClasses UP-TO-DATE
> Task :DistributedObject:test NO-SOURCE
> Task :DistributedObject:check UP-TO-DATE
> Task :DistributedObject:build UP-TO-DATE
> Task :LookupService:compileJava NO-SOURCE
> Task :LookupService:compileScala UP-TO-DATE
> Task :LookupService:processResources NO-SOURCE
> Task :LookupService:classes UP-TO-DATE
> Task :LookupService:jar UP-TO-DATE
> Task :LookupService:startScripts UP-TO-DATE
> Task :LookupService:distTar UP-TO-DATE
> Task :LookupService:distZip UP-TO-DATE
> Task :LookupService:shadowJar UP-TO-DATE
> Task :LookupService:startShadowScripts UP-TO-DATE
> Task :LookupService:shadowDistTar UP-TO-DATE
> Task :LookupService:shadowDistZip UP-TO-DATE
> Task :LookupService:assemble UP-TO-DATE
> Task :LookupService:compileTestJava NO-SOURCE
> Task :LookupService:compileTestScala UP-TO-DATE
> Task :LookupService:processTestResources NO-SOURCE
> Task :LookupService:testClasses UP-TO-DATE
> Task :LookupService:test UP-TO-DATE
> Task :LookupService:check UP-TO-DATE
> Task :LookupService:build UP-TO-DATE
> Task :deployDistributedObject
Copying Distributed Object to the EC2 instance
Warning: Permanently added 'ec2-54-234-27-137.compute-1.amazonaws.com,54.234.27.137' (ECDSA) to the list of known hosts.
Starting Distributed Object on the EC2 instance

Deprecated Gradle features were used in this build, making it incompatible with Gradle 7.0.
Use '--warning-mode all' to show the individual deprecation warnings.
See https://docs.gradle.org/6.2.2/userguide/command_line_interface.html#sec:command_line_warnings

BUILD SUCCESSFUL in 1m 44s
23 actionable tasks: 3 executed, 20 up-to-date
Deploying Distributed Object 4
> Task :deployEC2Instance
> Task :waitInstanceStatusStable
Access instance with: ssh ubuntu@ec2-3-83-88-236.compute-1.amazonaws.com

> Task :DistributedObject:compileJava NO-SOURCE
> Task :DistributedObject:compileScala UP-TO-DATE
> Task :DistributedObject:processResources NO-SOURCE
> Task :DistributedObject:classes UP-TO-DATE
> Task :DistributedObject:jar UP-TO-DATE
> Task :DistributedObject:startScripts UP-TO-DATE
> Task :DistributedObject:distTar UP-TO-DATE
> Task :DistributedObject:distZip UP-TO-DATE
> Task :DistributedObject:shadowJar UP-TO-DATE
> Task :DistributedObject:startShadowScripts UP-TO-DATE
> Task :DistributedObject:shadowDistTar UP-TO-DATE
> Task :DistributedObject:shadowDistZip UP-TO-DATE
> Task :DistributedObject:assemble UP-TO-DATE
> Task :DistributedObject:compileTestJava NO-SOURCE
> Task :DistributedObject:compileTestScala NO-SOURCE
> Task :DistributedObject:processTestResources NO-SOURCE
> Task :DistributedObject:testClasses UP-TO-DATE
> Task :DistributedObject:test NO-SOURCE
> Task :DistributedObject:check UP-TO-DATE
> Task :DistributedObject:build UP-TO-DATE
> Task :LookupService:compileJava NO-SOURCE
> Task :LookupService:compileScala UP-TO-DATE
> Task :LookupService:processResources NO-SOURCE
> Task :LookupService:classes UP-TO-DATE
> Task :LookupService:jar UP-TO-DATE
> Task :LookupService:startScripts UP-TO-DATE
> Task :LookupService:distTar UP-TO-DATE
> Task :LookupService:distZip UP-TO-DATE
> Task :LookupService:shadowJar UP-TO-DATE
> Task :LookupService:startShadowScripts UP-TO-DATE
> Task :LookupService:shadowDistTar UP-TO-DATE
> Task :LookupService:shadowDistZip UP-TO-DATE
> Task :LookupService:assemble UP-TO-DATE
> Task :LookupService:compileTestJava NO-SOURCE
> Task :LookupService:compileTestScala UP-TO-DATE
> Task :LookupService:processTestResources NO-SOURCE
> Task :LookupService:testClasses UP-TO-DATE
> Task :LookupService:test UP-TO-DATE
> Task :LookupService:check UP-TO-DATE
> Task :LookupService:build UP-TO-DATE
> Task :deployDistributedObject
Copying Distributed Object to the EC2 instance
Warning: Permanently added 'ec2-3-83-88-236.compute-1.amazonaws.com,3.83.88.236' (ECDSA) to the list of known hosts.
Starting Distributed Object on the EC2 instance

Deprecated Gradle features were used in this build, making it incompatible with Gradle 7.0.
Use '--warning-mode all' to show the individual deprecation warnings.
See https://docs.gradle.org/6.2.2/userguide/command_line_interface.html#sec:command_line_warnings

BUILD SUCCESSFUL in 1m 45s
23 actionable tasks: 3 executed, 20 up-to-date
Deploying Distributed Object 5
> Task :deployEC2Instance
> Task :waitInstanceStatusStable
Access instance with: ssh ubuntu@ec2-3-90-64-5.compute-1.amazonaws.com

> Task :DistributedObject:compileJava NO-SOURCE
> Task :DistributedObject:compileScala UP-TO-DATE
> Task :DistributedObject:processResources NO-SOURCE
> Task :DistributedObject:classes UP-TO-DATE
> Task :DistributedObject:jar UP-TO-DATE
> Task :DistributedObject:startScripts UP-TO-DATE
> Task :DistributedObject:distTar UP-TO-DATE
> Task :DistributedObject:distZip UP-TO-DATE
> Task :DistributedObject:shadowJar UP-TO-DATE
> Task :DistributedObject:startShadowScripts UP-TO-DATE
> Task :DistributedObject:shadowDistTar UP-TO-DATE
> Task :DistributedObject:shadowDistZip UP-TO-DATE
> Task :DistributedObject:assemble UP-TO-DATE
> Task :DistributedObject:compileTestJava NO-SOURCE
> Task :DistributedObject:compileTestScala NO-SOURCE
> Task :DistributedObject:processTestResources NO-SOURCE
> Task :DistributedObject:testClasses UP-TO-DATE
> Task :DistributedObject:test NO-SOURCE
> Task :DistributedObject:check UP-TO-DATE
> Task :DistributedObject:build UP-TO-DATE
> Task :LookupService:compileJava NO-SOURCE
> Task :LookupService:compileScala UP-TO-DATE
> Task :LookupService:processResources NO-SOURCE
> Task :LookupService:classes UP-TO-DATE
> Task :LookupService:jar UP-TO-DATE
> Task :LookupService:startScripts UP-TO-DATE
> Task :LookupService:distTar UP-TO-DATE
> Task :LookupService:distZip UP-TO-DATE
> Task :LookupService:shadowJar UP-TO-DATE
> Task :LookupService:startShadowScripts UP-TO-DATE
> Task :LookupService:shadowDistTar UP-TO-DATE
> Task :LookupService:shadowDistZip UP-TO-DATE
> Task :LookupService:assemble UP-TO-DATE
> Task :LookupService:compileTestJava NO-SOURCE
> Task :LookupService:compileTestScala UP-TO-DATE
> Task :LookupService:processTestResources NO-SOURCE
> Task :LookupService:testClasses UP-TO-DATE
> Task :LookupService:test UP-TO-DATE
> Task :LookupService:check UP-TO-DATE
> Task :LookupService:build UP-TO-DATE
> Task :deployDistributedObject
Copying Distributed Object to the EC2 instance
Warning: Permanently added 'ec2-3-90-64-5.compute-1.amazonaws.com,3.90.64.5' (ECDSA) to the list of known hosts.
Starting Distributed Object on the EC2 instance

Deprecated Gradle features were used in this build, making it incompatible with Gradle 7.0.
Use '--warning-mode all' to show the individual deprecation warnings.
See https://docs.gradle.org/6.2.2/userguide/command_line_interface.html#sec:command_line_warnings

BUILD SUCCESSFUL in 1m 43s
23 actionable tasks: 3 executed, 20 up-to-date
Deploying Distributed Object 6
> Task :deployEC2Instance
> Task :waitInstanceStatusStable
Access instance with: ssh ubuntu@ec2-54-224-246-117.compute-1.amazonaws.com

> Task :DistributedObject:compileJava NO-SOURCE
> Task :DistributedObject:compileScala UP-TO-DATE
> Task :DistributedObject:processResources NO-SOURCE
> Task :DistributedObject:classes UP-TO-DATE
> Task :DistributedObject:jar UP-TO-DATE
> Task :DistributedObject:startScripts UP-TO-DATE
> Task :DistributedObject:distTar UP-TO-DATE
> Task :DistributedObject:distZip UP-TO-DATE
> Task :DistributedObject:shadowJar UP-TO-DATE
> Task :DistributedObject:startShadowScripts UP-TO-DATE
> Task :DistributedObject:shadowDistTar UP-TO-DATE
> Task :DistributedObject:shadowDistZip UP-TO-DATE
> Task :DistributedObject:assemble UP-TO-DATE
> Task :DistributedObject:compileTestJava NO-SOURCE
> Task :DistributedObject:compileTestScala NO-SOURCE
> Task :DistributedObject:processTestResources NO-SOURCE
> Task :DistributedObject:testClasses UP-TO-DATE
> Task :DistributedObject:test NO-SOURCE
> Task :DistributedObject:check UP-TO-DATE
> Task :DistributedObject:build UP-TO-DATE
> Task :LookupService:compileJava NO-SOURCE
> Task :LookupService:compileScala UP-TO-DATE
> Task :LookupService:processResources NO-SOURCE
> Task :LookupService:classes UP-TO-DATE
> Task :LookupService:jar UP-TO-DATE
> Task :LookupService:startScripts UP-TO-DATE
> Task :LookupService:distTar UP-TO-DATE
> Task :LookupService:distZip UP-TO-DATE
> Task :LookupService:shadowJar UP-TO-DATE
> Task :LookupService:startShadowScripts UP-TO-DATE
> Task :LookupService:shadowDistTar UP-TO-DATE
> Task :LookupService:shadowDistZip UP-TO-DATE
> Task :LookupService:assemble UP-TO-DATE
> Task :LookupService:compileTestJava NO-SOURCE
> Task :LookupService:compileTestScala UP-TO-DATE
> Task :LookupService:processTestResources NO-SOURCE
> Task :LookupService:testClasses UP-TO-DATE
> Task :LookupService:test UP-TO-DATE
> Task :LookupService:check UP-TO-DATE
> Task :LookupService:build UP-TO-DATE
> Task :deployDistributedObject
Copying Distributed Object to the EC2 instance
Warning: Permanently added 'ec2-54-224-246-117.compute-1.amazonaws.com,54.224.246.117' (ECDSA) to the list of known hosts.
Starting Distributed Object on the EC2 instance

Deprecated Gradle features were used in this build, making it incompatible with Gradle 7.0.
Use '--warning-mode all' to show the individual deprecation warnings.
See https://docs.gradle.org/6.2.2/userguide/command_line_interface.html#sec:command_line_warnings

BUILD SUCCESSFUL in 1m 43s
23 actionable tasks: 3 executed, 20 up-to-date
Deploying Distributed Object 7
> Task :deployEC2Instance
> Task :waitInstanceStatusStable
Access instance with: ssh ubuntu@ec2-54-166-65-49.compute-1.amazonaws.com

> Task :DistributedObject:compileJava NO-SOURCE
> Task :DistributedObject:compileScala UP-TO-DATE
> Task :DistributedObject:processResources NO-SOURCE
> Task :DistributedObject:classes UP-TO-DATE
> Task :DistributedObject:jar UP-TO-DATE
> Task :DistributedObject:startScripts UP-TO-DATE
> Task :DistributedObject:distTar UP-TO-DATE
> Task :DistributedObject:distZip UP-TO-DATE
> Task :DistributedObject:shadowJar UP-TO-DATE
> Task :DistributedObject:startShadowScripts UP-TO-DATE
> Task :DistributedObject:shadowDistTar UP-TO-DATE
> Task :DistributedObject:shadowDistZip UP-TO-DATE
> Task :DistributedObject:assemble UP-TO-DATE
> Task :DistributedObject:compileTestJava NO-SOURCE
> Task :DistributedObject:compileTestScala NO-SOURCE
> Task :DistributedObject:processTestResources NO-SOURCE
> Task :DistributedObject:testClasses UP-TO-DATE
> Task :DistributedObject:test NO-SOURCE
> Task :DistributedObject:check UP-TO-DATE
> Task :DistributedObject:build UP-TO-DATE
> Task :LookupService:compileJava NO-SOURCE
> Task :LookupService:compileScala UP-TO-DATE
> Task :LookupService:processResources NO-SOURCE
> Task :LookupService:classes UP-TO-DATE
> Task :LookupService:jar UP-TO-DATE
> Task :LookupService:startScripts UP-TO-DATE
> Task :LookupService:distTar UP-TO-DATE
> Task :LookupService:distZip UP-TO-DATE
> Task :LookupService:shadowJar UP-TO-DATE
> Task :LookupService:startShadowScripts UP-TO-DATE
> Task :LookupService:shadowDistTar UP-TO-DATE
> Task :LookupService:shadowDistZip UP-TO-DATE
> Task :LookupService:assemble UP-TO-DATE
> Task :LookupService:compileTestJava NO-SOURCE
> Task :LookupService:compileTestScala UP-TO-DATE
> Task :LookupService:processTestResources NO-SOURCE
> Task :LookupService:testClasses UP-TO-DATE
> Task :LookupService:test UP-TO-DATE
> Task :LookupService:check UP-TO-DATE
> Task :LookupService:build UP-TO-DATE
> Task :deployDistributedObject
Copying Distributed Object to the EC2 instance
Warning: Permanently added 'ec2-54-166-65-49.compute-1.amazonaws.com,54.166.65.49' (ECDSA) to the list of known hosts.
Starting Distributed Object on the EC2 instance

Deprecated Gradle features were used in this build, making it incompatible with Gradle 7.0.
Use '--warning-mode all' to show the individual deprecation warnings.
See https://docs.gradle.org/6.2.2/userguide/command_line_interface.html#sec:command_line_warnings

BUILD SUCCESSFUL in 1m 42s
23 actionable tasks: 3 executed, 20 up-to-date
Deploying Distributed Object 8
> Task :deployEC2Instance
> Task :waitInstanceStatusStable
Access instance with: ssh ubuntu@ec2-34-235-159-82.compute-1.amazonaws.com

> Task :DistributedObject:compileJava NO-SOURCE
> Task :DistributedObject:compileScala UP-TO-DATE
> Task :DistributedObject:processResources NO-SOURCE
> Task :DistributedObject:classes UP-TO-DATE
> Task :DistributedObject:jar UP-TO-DATE
> Task :DistributedObject:startScripts UP-TO-DATE
> Task :DistributedObject:distTar UP-TO-DATE
> Task :DistributedObject:distZip UP-TO-DATE
> Task :DistributedObject:shadowJar UP-TO-DATE
> Task :DistributedObject:startShadowScripts UP-TO-DATE
> Task :DistributedObject:shadowDistTar UP-TO-DATE
> Task :DistributedObject:shadowDistZip UP-TO-DATE
> Task :DistributedObject:assemble UP-TO-DATE
> Task :DistributedObject:compileTestJava NO-SOURCE
> Task :DistributedObject:compileTestScala NO-SOURCE
> Task :DistributedObject:processTestResources NO-SOURCE
> Task :DistributedObject:testClasses UP-TO-DATE
> Task :DistributedObject:test NO-SOURCE
> Task :DistributedObject:check UP-TO-DATE
> Task :DistributedObject:build UP-TO-DATE
> Task :LookupService:compileJava NO-SOURCE
> Task :LookupService:compileScala UP-TO-DATE
> Task :LookupService:processResources NO-SOURCE
> Task :LookupService:classes UP-TO-DATE
> Task :LookupService:jar UP-TO-DATE
> Task :LookupService:startScripts UP-TO-DATE
> Task :LookupService:distTar UP-TO-DATE
> Task :LookupService:distZip UP-TO-DATE
> Task :LookupService:shadowJar UP-TO-DATE
> Task :LookupService:startShadowScripts UP-TO-DATE
> Task :LookupService:shadowDistTar UP-TO-DATE
> Task :LookupService:shadowDistZip UP-TO-DATE
> Task :LookupService:assemble UP-TO-DATE
> Task :LookupService:compileTestJava NO-SOURCE
> Task :LookupService:compileTestScala UP-TO-DATE
> Task :LookupService:processTestResources NO-SOURCE
> Task :LookupService:testClasses UP-TO-DATE
> Task :LookupService:test UP-TO-DATE
> Task :LookupService:check UP-TO-DATE
> Task :LookupService:build UP-TO-DATE
> Task :deployDistributedObject
Copying Distributed Object to the EC2 instance
Warning: Permanently added 'ec2-34-235-159-82.compute-1.amazonaws.com,34.235.159.82' (ECDSA) to the list of known hosts.
Starting Distributed Object on the EC2 instance

Deprecated Gradle features were used in this build, making it incompatible with Gradle 7.0.
Use '--warning-mode all' to show the individual deprecation warnings.
See https://docs.gradle.org/6.2.2/userguide/command_line_interface.html#sec:command_line_warnings

BUILD SUCCESSFUL in 1m 42s
23 actionable tasks: 3 executed, 20 up-to-date
Deploying Distributed Object 9
> Task :deployEC2Instance
> Task :waitInstanceStatusStable
Access instance with: ssh ubuntu@ec2-3-89-4-233.compute-1.amazonaws.com

> Task :DistributedObject:compileJava NO-SOURCE
> Task :DistributedObject:compileScala UP-TO-DATE
> Task :DistributedObject:processResources NO-SOURCE
> Task :DistributedObject:classes UP-TO-DATE
> Task :DistributedObject:jar UP-TO-DATE
> Task :DistributedObject:startScripts UP-TO-DATE
> Task :DistributedObject:distTar UP-TO-DATE
> Task :DistributedObject:distZip UP-TO-DATE
> Task :DistributedObject:shadowJar UP-TO-DATE
> Task :DistributedObject:startShadowScripts UP-TO-DATE
> Task :DistributedObject:shadowDistTar UP-TO-DATE
> Task :DistributedObject:shadowDistZip UP-TO-DATE
> Task :DistributedObject:assemble UP-TO-DATE
> Task :DistributedObject:compileTestJava NO-SOURCE
> Task :DistributedObject:compileTestScala NO-SOURCE
> Task :DistributedObject:processTestResources NO-SOURCE
> Task :DistributedObject:testClasses UP-TO-DATE
> Task :DistributedObject:test NO-SOURCE
> Task :DistributedObject:check UP-TO-DATE
> Task :DistributedObject:build UP-TO-DATE
> Task :LookupService:compileJava NO-SOURCE
> Task :LookupService:compileScala UP-TO-DATE
> Task :LookupService:processResources NO-SOURCE
> Task :LookupService:classes UP-TO-DATE
> Task :LookupService:jar UP-TO-DATE
> Task :LookupService:startScripts UP-TO-DATE
> Task :LookupService:distTar UP-TO-DATE
> Task :LookupService:distZip UP-TO-DATE
> Task :LookupService:shadowJar UP-TO-DATE
> Task :LookupService:startShadowScripts UP-TO-DATE
> Task :LookupService:shadowDistTar UP-TO-DATE
> Task :LookupService:shadowDistZip UP-TO-DATE
> Task :LookupService:assemble UP-TO-DATE
> Task :LookupService:compileTestJava NO-SOURCE
> Task :LookupService:compileTestScala UP-TO-DATE
> Task :LookupService:processTestResources NO-SOURCE
> Task :LookupService:testClasses UP-TO-DATE
> Task :LookupService:test UP-TO-DATE
> Task :LookupService:check UP-TO-DATE
> Task :LookupService:build UP-TO-DATE
> Task :deployDistributedObject
Copying Distributed Object to the EC2 instance
ssh: connect to host ec2-3-89-4-233.compute-1.amazonaws.com port 22: Connection timed out
lost connection

> Task :deployDistributedObject FAILED

FAILURE: Build failed with an exception.

* Where:
Build file '/home/riaas/.Projects/TU Delft/GlobeReplicator/build.gradle' line: 173

* What went wrong:
Execution failed for task ':deployDistributedObject'.
> Process 'command 'scp'' finished with non-zero exit value 1

* Try:
Run with --stacktrace option to get the stack trace. Run with --info or --debug option to get more log output. Run with --scan to get full insights.

* Get more help at https://help.gradle.org

Deprecated Gradle features were used in this build, making it incompatible with Gradle 7.0.
Use '--warning-mode all' to show the individual deprecation warnings.
See https://docs.gradle.org/6.2.2/userguide/command_line_interface.html#sec:command_line_warnings

BUILD FAILED in 3m 42s
23 actionable tasks: 3 executed, 20 up-to-date
Deploying Distributed Object 10
> Task :deployEC2Instance
> Task :waitInstanceStatusStable
Access instance with: ssh ubuntu@

> Task :DistributedObject:compileJava NO-SOURCE
> Task :DistributedObject:compileScala UP-TO-DATE
> Task :DistributedObject:processResources NO-SOURCE
> Task :DistributedObject:classes UP-TO-DATE
> Task :DistributedObject:jar UP-TO-DATE
> Task :DistributedObject:startScripts UP-TO-DATE
> Task :DistributedObject:distTar UP-TO-DATE
> Task :DistributedObject:distZip UP-TO-DATE
> Task :DistributedObject:shadowJar UP-TO-DATE
> Task :DistributedObject:startShadowScripts UP-TO-DATE
> Task :DistributedObject:shadowDistTar UP-TO-DATE
> Task :DistributedObject:shadowDistZip UP-TO-DATE
> Task :DistributedObject:assemble UP-TO-DATE
> Task :DistributedObject:compileTestJava NO-SOURCE
> Task :DistributedObject:compileTestScala NO-SOURCE
> Task :DistributedObject:processTestResources NO-SOURCE
> Task :DistributedObject:testClasses UP-TO-DATE
> Task :DistributedObject:test NO-SOURCE
> Task :DistributedObject:check UP-TO-DATE
> Task :DistributedObject:build UP-TO-DATE
> Task :LookupService:compileJava NO-SOURCE
> Task :LookupService:compileScala UP-TO-DATE
> Task :LookupService:processResources NO-SOURCE
> Task :LookupService:classes UP-TO-DATE
> Task :LookupService:jar UP-TO-DATE
> Task :LookupService:startScripts UP-TO-DATE
> Task :LookupService:distTar UP-TO-DATE
> Task :LookupService:distZip UP-TO-DATE
> Task :LookupService:shadowJar UP-TO-DATE
> Task :LookupService:startShadowScripts UP-TO-DATE
> Task :LookupService:shadowDistTar UP-TO-DATE
> Task :LookupService:shadowDistZip UP-TO-DATE
> Task :LookupService:assemble UP-TO-DATE
> Task :LookupService:compileTestJava NO-SOURCE
> Task :LookupService:compileTestScala UP-TO-DATE
> Task :LookupService:processTestResources NO-SOURCE
> Task :LookupService:testClasses UP-TO-DATE
> Task :LookupService:test UP-TO-DATE
> Task :LookupService:check UP-TO-DATE
> Task :LookupService:build UP-TO-DATE
> Task :deployDistributedObject
Copying Distributed Object to the EC2 instance
ssh: Could not resolve hostname : Name or service not known
lost connection

> Task :deployDistributedObject FAILED

FAILURE: Build failed with an exception.

* Where:
Build file '/home/riaas/.Projects/TU Delft/GlobeReplicator/build.gradle' line: 173

* What went wrong:
Execution failed for task ':deployDistributedObject'.
> Process 'command 'scp'' finished with non-zero exit value 1

* Try:
Run with --stacktrace option to get the stack trace. Run with --info or --debug option to get more log output. Run with --scan to get full insights.

* Get more help at https://help.gradle.org

Deprecated Gradle features were used in this build, making it incompatible with Gradle 7.0.
Use '--warning-mode all' to show the individual deprecation warnings.
See https://docs.gradle.org/6.2.2/userguide/command_line_interface.html#sec:command_line_warnings

BUILD FAILED in 2m 3s
23 actionable tasks: 3 executed, 20 up-to-date
2020-03-30T13:58+02:00: Finished deploying system with 10 replicas
2020-03-30T13:59+02:00: Running test iteration 1 on system with 10 replicas
> Task :DistributedObject:compileJava NO-SOURCE
> Task :DistributedObject:compileScala
> Task :DistributedObject:processResources NO-SOURCE
> Task :DistributedObject:classes
> Task :DistributedObject:compileTestJava NO-SOURCE
> Task :DistributedObject:compileTestScala NO-SOURCE
> Task :DistributedObject:processTestResources NO-SOURCE
> Task :DistributedObject:testClasses UP-TO-DATE
> Task :DistributedObject:compileSystemTestJava NO-SOURCE
> Task :DistributedObject:compileSystemTestScala
> Task :DistributedObject:processSystemTestResources NO-SOURCE
> Task :DistributedObject:systemTestClasses
> Task :DistributedObject:systemTest
> Task :LookupService:compileJava NO-SOURCE
> Task :LookupService:compileScala
> Task :LookupService:processResources NO-SOURCE
> Task :LookupService:classes
> Task :LookupService:compileTestJava NO-SOURCE
> Task :LookupService:compileTestScala
> Task :LookupService:processTestResources NO-SOURCE
> Task :LookupService:testClasses
> Task :LookupService:compileSystemTestJava NO-SOURCE
> Task :LookupService:compileSystemTestScala NO-SOURCE
> Task :LookupService:processSystemTestResources NO-SOURCE
> Task :LookupService:systemTestClasses UP-TO-DATE
> Task :LookupService:systemTest NO-SOURCE

BUILD SUCCESSFUL in 23s
5 actionable tasks: 5 executed
2020-03-30T13:59+02:00: Finished running test iteration 1 on system with 10 replicas
2020-03-30T14:00+02:00: Running test iteration 2 on system with 10 replicas
> Task :DistributedObject:compileJava NO-SOURCE
> Task :DistributedObject:compileScala
> Task :DistributedObject:processResources NO-SOURCE
> Task :DistributedObject:classes
> Task :DistributedObject:compileTestJava NO-SOURCE
> Task :DistributedObject:compileTestScala NO-SOURCE
> Task :DistributedObject:processTestResources NO-SOURCE
> Task :DistributedObject:testClasses UP-TO-DATE
> Task :DistributedObject:compileSystemTestJava NO-SOURCE
> Task :DistributedObject:compileSystemTestScala
> Task :DistributedObject:processSystemTestResources NO-SOURCE
> Task :DistributedObject:systemTestClasses
> Task :DistributedObject:systemTest
> Task :LookupService:compileJava NO-SOURCE
> Task :LookupService:compileScala
> Task :LookupService:processResources NO-SOURCE
> Task :LookupService:classes
> Task :LookupService:compileTestJava NO-SOURCE
> Task :LookupService:compileTestScala
> Task :LookupService:processTestResources NO-SOURCE
> Task :LookupService:testClasses
> Task :LookupService:compileSystemTestJava NO-SOURCE
> Task :LookupService:compileSystemTestScala NO-SOURCE
> Task :LookupService:processSystemTestResources NO-SOURCE
> Task :LookupService:systemTestClasses UP-TO-DATE
> Task :LookupService:systemTest NO-SOURCE

BUILD SUCCESSFUL in 20s
5 actionable tasks: 5 executed
2020-03-30T14:00+02:00: Finished running test iteration 2 on system with 10 replicas
2020-03-30T14:00+02:00: Running test iteration 3 on system with 10 replicas
> Task :DistributedObject:compileJava NO-SOURCE
> Task :DistributedObject:compileScala
> Task :DistributedObject:processResources NO-SOURCE
> Task :DistributedObject:classes
> Task :DistributedObject:compileTestJava NO-SOURCE
> Task :DistributedObject:compileTestScala NO-SOURCE
> Task :DistributedObject:processTestResources NO-SOURCE
> Task :DistributedObject:testClasses UP-TO-DATE
> Task :DistributedObject:compileSystemTestJava NO-SOURCE
> Task :DistributedObject:compileSystemTestScala
> Task :DistributedObject:processSystemTestResources NO-SOURCE
> Task :DistributedObject:systemTestClasses
> Task :DistributedObject:systemTest
> Task :LookupService:compileJava NO-SOURCE
> Task :LookupService:compileScala
> Task :LookupService:processResources NO-SOURCE
> Task :LookupService:classes
> Task :LookupService:compileTestJava NO-SOURCE
> Task :LookupService:compileTestScala
> Task :LookupService:processTestResources NO-SOURCE
> Task :LookupService:testClasses
> Task :LookupService:compileSystemTestJava NO-SOURCE
> Task :LookupService:compileSystemTestScala NO-SOURCE
> Task :LookupService:processSystemTestResources NO-SOURCE
> Task :LookupService:systemTestClasses UP-TO-DATE
> Task :LookupService:systemTest NO-SOURCE

BUILD SUCCESSFUL in 19s
5 actionable tasks: 5 executed
2020-03-30T14:00+02:00: Finished running test iteration 3 on system with 10 replicas
2020-03-30T14:00+02:00: Running test iteration 4 on system with 10 replicas
> Task :DistributedObject:compileJava NO-SOURCE
> Task :DistributedObject:compileScala
> Task :DistributedObject:processResources NO-SOURCE
> Task :DistributedObject:classes
> Task :DistributedObject:compileTestJava NO-SOURCE
> Task :DistributedObject:compileTestScala NO-SOURCE
> Task :DistributedObject:processTestResources NO-SOURCE
> Task :DistributedObject:testClasses UP-TO-DATE
> Task :DistributedObject:compileSystemTestJava NO-SOURCE
> Task :DistributedObject:compileSystemTestScala
> Task :DistributedObject:processSystemTestResources NO-SOURCE
> Task :DistributedObject:systemTestClasses
> Task :DistributedObject:systemTest
> Task :LookupService:compileJava NO-SOURCE
> Task :LookupService:compileScala
> Task :LookupService:processResources NO-SOURCE
> Task :LookupService:classes
> Task :LookupService:compileTestJava NO-SOURCE
> Task :LookupService:compileTestScala
> Task :LookupService:processTestResources NO-SOURCE
> Task :LookupService:testClasses
> Task :LookupService:compileSystemTestJava NO-SOURCE
> Task :LookupService:compileSystemTestScala NO-SOURCE
> Task :LookupService:processSystemTestResources NO-SOURCE
> Task :LookupService:systemTestClasses UP-TO-DATE
> Task :LookupService:systemTest NO-SOURCE

BUILD SUCCESSFUL in 19s
5 actionable tasks: 5 executed
2020-03-30T14:01+02:00: Finished running test iteration 4 on system with 10 replicas
2020-03-30T14:01+02:00: Running test iteration 5 on system with 10 replicas
> Task :DistributedObject:compileJava NO-SOURCE
> Task :DistributedObject:compileScala
> Task :DistributedObject:processResources NO-SOURCE
> Task :DistributedObject:classes
> Task :DistributedObject:compileTestJava NO-SOURCE
> Task :DistributedObject:compileTestScala NO-SOURCE
> Task :DistributedObject:processTestResources NO-SOURCE
> Task :DistributedObject:testClasses UP-TO-DATE
> Task :DistributedObject:compileSystemTestJava NO-SOURCE
> Task :DistributedObject:compileSystemTestScala
> Task :DistributedObject:processSystemTestResources NO-SOURCE
> Task :DistributedObject:systemTestClasses
> Task :DistributedObject:systemTest
> Task :LookupService:compileJava NO-SOURCE
> Task :LookupService:compileScala
> Task :LookupService:processResources NO-SOURCE
> Task :LookupService:classes
> Task :LookupService:compileTestJava NO-SOURCE
> Task :LookupService:compileTestScala
> Task :LookupService:processTestResources NO-SOURCE
> Task :LookupService:testClasses
> Task :LookupService:compileSystemTestJava NO-SOURCE
> Task :LookupService:compileSystemTestScala NO-SOURCE
> Task :LookupService:processSystemTestResources NO-SOURCE
> Task :LookupService:systemTestClasses UP-TO-DATE
> Task :LookupService:systemTest NO-SOURCE

BUILD SUCCESSFUL in 19s
5 actionable tasks: 5 executed
2020-03-30T14:01+02:00: Finished running test iteration 5 on system with 10 replicas
2020-03-30T14:01+02:00: Running test iteration 6 on system with 10 replicas
> Task :DistributedObject:compileJava NO-SOURCE
> Task :DistributedObject:compileScala
> Task :DistributedObject:processResources NO-SOURCE
> Task :DistributedObject:classes
> Task :DistributedObject:compileTestJava NO-SOURCE
> Task :DistributedObject:compileTestScala NO-SOURCE
> Task :DistributedObject:processTestResources NO-SOURCE
> Task :DistributedObject:testClasses UP-TO-DATE
> Task :DistributedObject:compileSystemTestJava NO-SOURCE
> Task :DistributedObject:compileSystemTestScala
> Task :DistributedObject:processSystemTestResources NO-SOURCE
> Task :DistributedObject:systemTestClasses
> Task :DistributedObject:systemTest
> Task :LookupService:compileJava NO-SOURCE
> Task :LookupService:compileScala
> Task :LookupService:processResources NO-SOURCE
> Task :LookupService:classes
> Task :LookupService:compileTestJava NO-SOURCE
> Task :LookupService:compileTestScala
> Task :LookupService:processTestResources NO-SOURCE
> Task :LookupService:testClasses
> Task :LookupService:compileSystemTestJava NO-SOURCE
> Task :LookupService:compileSystemTestScala NO-SOURCE
> Task :LookupService:processSystemTestResources NO-SOURCE
> Task :LookupService:systemTestClasses UP-TO-DATE
> Task :LookupService:systemTest NO-SOURCE

BUILD SUCCESSFUL in 19s
5 actionable tasks: 5 executed
2020-03-30T14:02+02:00: Finished running test iteration 6 on system with 10 replicas
2020-03-30T14:02+02:00: Running test iteration 7 on system with 10 replicas
> Task :DistributedObject:compileJava NO-SOURCE
> Task :DistributedObject:compileScala
> Task :DistributedObject:processResources NO-SOURCE
> Task :DistributedObject:classes
> Task :DistributedObject:compileTestJava NO-SOURCE
> Task :DistributedObject:compileTestScala NO-SOURCE
> Task :DistributedObject:processTestResources NO-SOURCE
> Task :DistributedObject:testClasses UP-TO-DATE
> Task :DistributedObject:compileSystemTestJava NO-SOURCE
> Task :DistributedObject:compileSystemTestScala
> Task :DistributedObject:processSystemTestResources NO-SOURCE
> Task :DistributedObject:systemTestClasses
> Task :DistributedObject:systemTest
> Task :LookupService:compileJava NO-SOURCE
> Task :LookupService:compileScala
> Task :LookupService:processResources NO-SOURCE
> Task :LookupService:classes
> Task :LookupService:compileTestJava NO-SOURCE
> Task :LookupService:compileTestScala
> Task :LookupService:processTestResources NO-SOURCE
> Task :LookupService:testClasses
> Task :LookupService:compileSystemTestJava NO-SOURCE
> Task :LookupService:compileSystemTestScala NO-SOURCE
> Task :LookupService:processSystemTestResources NO-SOURCE
> Task :LookupService:systemTestClasses UP-TO-DATE
> Task :LookupService:systemTest NO-SOURCE

BUILD SUCCESSFUL in 19s
5 actionable tasks: 5 executed
2020-03-30T14:02+02:00: Finished running test iteration 7 on system with 10 replicas
2020-03-30T14:02+02:00: Running test iteration 8 on system with 10 replicas
> Task :DistributedObject:compileJava NO-SOURCE
> Task :DistributedObject:compileScala
> Task :DistributedObject:processResources NO-SOURCE
> Task :DistributedObject:classes
> Task :DistributedObject:compileTestJava NO-SOURCE
> Task :DistributedObject:compileTestScala NO-SOURCE
> Task :DistributedObject:processTestResources NO-SOURCE
> Task :DistributedObject:testClasses UP-TO-DATE
> Task :DistributedObject:compileSystemTestJava NO-SOURCE
> Task :DistributedObject:compileSystemTestScala
> Task :DistributedObject:processSystemTestResources NO-SOURCE
> Task :DistributedObject:systemTestClasses
> Task :DistributedObject:systemTest
> Task :LookupService:compileJava NO-SOURCE
> Task :LookupService:compileScala
> Task :LookupService:processResources NO-SOURCE
> Task :LookupService:classes
> Task :LookupService:compileTestJava NO-SOURCE
> Task :LookupService:compileTestScala
> Task :LookupService:processTestResources NO-SOURCE
> Task :LookupService:testClasses
> Task :LookupService:compileSystemTestJava NO-SOURCE
> Task :LookupService:compileSystemTestScala NO-SOURCE
> Task :LookupService:processSystemTestResources NO-SOURCE
> Task :LookupService:systemTestClasses UP-TO-DATE
> Task :LookupService:systemTest NO-SOURCE

BUILD SUCCESSFUL in 19s
5 actionable tasks: 5 executed
2020-03-30T14:02+02:00: Finished running test iteration 8 on system with 10 replicas
2020-03-30T14:03+02:00: Running test iteration 9 on system with 10 replicas
> Task :DistributedObject:compileJava NO-SOURCE
> Task :DistributedObject:compileScala
> Task :DistributedObject:processResources NO-SOURCE
> Task :DistributedObject:classes
> Task :DistributedObject:compileTestJava NO-SOURCE
> Task :DistributedObject:compileTestScala NO-SOURCE
> Task :DistributedObject:processTestResources NO-SOURCE
> Task :DistributedObject:testClasses UP-TO-DATE
> Task :DistributedObject:compileSystemTestJava NO-SOURCE
> Task :DistributedObject:compileSystemTestScala
> Task :DistributedObject:processSystemTestResources NO-SOURCE
> Task :DistributedObject:systemTestClasses
> Task :DistributedObject:systemTest
> Task :LookupService:compileJava NO-SOURCE
> Task :LookupService:compileScala
> Task :LookupService:processResources NO-SOURCE
> Task :LookupService:classes
> Task :LookupService:compileTestJava NO-SOURCE
> Task :LookupService:compileTestScala
> Task :LookupService:processTestResources NO-SOURCE
> Task :LookupService:testClasses
> Task :LookupService:compileSystemTestJava NO-SOURCE
> Task :LookupService:compileSystemTestScala NO-SOURCE
> Task :LookupService:processSystemTestResources NO-SOURCE
> Task :LookupService:systemTestClasses UP-TO-DATE
> Task :LookupService:systemTest NO-SOURCE

BUILD SUCCESSFUL in 19s
5 actionable tasks: 5 executed
2020-03-30T14:03+02:00: Finished running test iteration 9 on system with 10 replicas
2020-03-30T14:03+02:00: Running test iteration 10 on system with 10 replicas
> Task :DistributedObject:compileJava NO-SOURCE
> Task :DistributedObject:compileScala
> Task :DistributedObject:processResources NO-SOURCE
> Task :DistributedObject:classes
> Task :DistributedObject:compileTestJava NO-SOURCE
> Task :DistributedObject:compileTestScala NO-SOURCE
> Task :DistributedObject:processTestResources NO-SOURCE
> Task :DistributedObject:testClasses UP-TO-DATE
> Task :DistributedObject:compileSystemTestJava NO-SOURCE
> Task :DistributedObject:compileSystemTestScala
> Task :DistributedObject:processSystemTestResources NO-SOURCE
> Task :DistributedObject:systemTestClasses
> Task :DistributedObject:systemTest
> Task :LookupService:compileJava NO-SOURCE
> Task :LookupService:compileScala
> Task :LookupService:processResources NO-SOURCE
> Task :LookupService:classes
> Task :LookupService:compileTestJava NO-SOURCE
> Task :LookupService:compileTestScala
> Task :LookupService:processTestResources NO-SOURCE
> Task :LookupService:testClasses
> Task :LookupService:compileSystemTestJava NO-SOURCE
> Task :LookupService:compileSystemTestScala NO-SOURCE
> Task :LookupService:processSystemTestResources NO-SOURCE
> Task :LookupService:systemTestClasses UP-TO-DATE
> Task :LookupService:systemTest NO-SOURCE

BUILD SUCCESSFUL in 19s
5 actionable tasks: 5 executed
2020-03-30T14:03+02:00: Finished running test iteration 10 on system with 10 replicas
2020-03-30T14:03+02:00: Running test iteration 11 on system with 10 replicas
> Task :DistributedObject:compileJava NO-SOURCE
> Task :DistributedObject:compileScala
> Task :DistributedObject:processResources NO-SOURCE
> Task :DistributedObject:classes
> Task :DistributedObject:compileTestJava NO-SOURCE
> Task :DistributedObject:compileTestScala NO-SOURCE
> Task :DistributedObject:processTestResources NO-SOURCE
> Task :DistributedObject:testClasses UP-TO-DATE
> Task :DistributedObject:compileSystemTestJava NO-SOURCE
> Task :DistributedObject:compileSystemTestScala
> Task :DistributedObject:processSystemTestResources NO-SOURCE
> Task :DistributedObject:systemTestClasses
> Task :DistributedObject:systemTest
> Task :LookupService:compileJava NO-SOURCE
> Task :LookupService:compileScala
> Task :LookupService:processResources NO-SOURCE
> Task :LookupService:classes
> Task :LookupService:compileTestJava NO-SOURCE
> Task :LookupService:compileTestScala
> Task :LookupService:processTestResources NO-SOURCE
> Task :LookupService:testClasses
> Task :LookupService:compileSystemTestJava NO-SOURCE
> Task :LookupService:compileSystemTestScala NO-SOURCE
> Task :LookupService:processSystemTestResources NO-SOURCE
> Task :LookupService:systemTestClasses UP-TO-DATE
> Task :LookupService:systemTest NO-SOURCE

BUILD SUCCESSFUL in 19s
5 actionable tasks: 5 executed
2020-03-30T14:04+02:00: Finished running test iteration 11 on system with 10 replicas
2020-03-30T14:04+02:00: Running test iteration 12 on system with 10 replicas
> Task :DistributedObject:compileJava NO-SOURCE
> Task :DistributedObject:compileScala
> Task :DistributedObject:processResources NO-SOURCE
> Task :DistributedObject:classes
> Task :DistributedObject:compileTestJava NO-SOURCE
> Task :DistributedObject:compileTestScala NO-SOURCE
> Task :DistributedObject:processTestResources NO-SOURCE
> Task :DistributedObject:testClasses UP-TO-DATE
> Task :DistributedObject:compileSystemTestJava NO-SOURCE
> Task :DistributedObject:compileSystemTestScala
> Task :DistributedObject:processSystemTestResources NO-SOURCE
> Task :DistributedObject:systemTestClasses
> Task :DistributedObject:systemTest
> Task :LookupService:compileJava NO-SOURCE
> Task :LookupService:compileScala
> Task :LookupService:processResources NO-SOURCE
> Task :LookupService:classes
> Task :LookupService:compileTestJava NO-SOURCE
> Task :LookupService:compileTestScala
> Task :LookupService:processTestResources NO-SOURCE
> Task :LookupService:testClasses
> Task :LookupService:compileSystemTestJava NO-SOURCE
> Task :LookupService:compileSystemTestScala NO-SOURCE
> Task :LookupService:processSystemTestResources NO-SOURCE
> Task :LookupService:systemTestClasses UP-TO-DATE
> Task :LookupService:systemTest NO-SOURCE

BUILD SUCCESSFUL in 19s
5 actionable tasks: 5 executed
2020-03-30T14:04+02:00: Finished running test iteration 12 on system with 10 replicas
2020-03-30T14:04+02:00: Running test iteration 13 on system with 10 replicas
> Task :DistributedObject:compileJava NO-SOURCE
> Task :DistributedObject:compileScala
> Task :DistributedObject:processResources NO-SOURCE
> Task :DistributedObject:classes
> Task :DistributedObject:compileTestJava NO-SOURCE
> Task :DistributedObject:compileTestScala NO-SOURCE
> Task :DistributedObject:processTestResources NO-SOURCE
> Task :DistributedObject:testClasses UP-TO-DATE
> Task :DistributedObject:compileSystemTestJava NO-SOURCE
> Task :DistributedObject:compileSystemTestScala
> Task :DistributedObject:processSystemTestResources NO-SOURCE
> Task :DistributedObject:systemTestClasses
> Task :DistributedObject:systemTest
> Task :LookupService:compileJava NO-SOURCE
> Task :LookupService:compileScala
> Task :LookupService:processResources NO-SOURCE
> Task :LookupService:classes
> Task :LookupService:compileTestJava NO-SOURCE
> Task :LookupService:compileTestScala
> Task :LookupService:processTestResources NO-SOURCE
> Task :LookupService:testClasses
> Task :LookupService:compileSystemTestJava NO-SOURCE
> Task :LookupService:compileSystemTestScala NO-SOURCE
> Task :LookupService:processSystemTestResources NO-SOURCE
> Task :LookupService:systemTestClasses UP-TO-DATE
> Task :LookupService:systemTest NO-SOURCE

BUILD SUCCESSFUL in 19s
5 actionable tasks: 5 executed
2020-03-30T14:05+02:00: Finished running test iteration 13 on system with 10 replicas
2020-03-30T14:05+02:00: Running test iteration 14 on system with 10 replicas
> Task :DistributedObject:compileJava NO-SOURCE
> Task :DistributedObject:compileScala
> Task :DistributedObject:processResources NO-SOURCE
> Task :DistributedObject:classes
> Task :DistributedObject:compileTestJava NO-SOURCE
> Task :DistributedObject:compileTestScala NO-SOURCE
> Task :DistributedObject:processTestResources NO-SOURCE
> Task :DistributedObject:testClasses UP-TO-DATE
> Task :DistributedObject:compileSystemTestJava NO-SOURCE
> Task :DistributedObject:compileSystemTestScala
> Task :DistributedObject:processSystemTestResources NO-SOURCE
> Task :DistributedObject:systemTestClasses
> Task :DistributedObject:systemTest
> Task :LookupService:compileJava NO-SOURCE
> Task :LookupService:compileScala
> Task :LookupService:processResources NO-SOURCE
> Task :LookupService:classes
> Task :LookupService:compileTestJava NO-SOURCE
> Task :LookupService:compileTestScala
> Task :LookupService:processTestResources NO-SOURCE
> Task :LookupService:testClasses
> Task :LookupService:compileSystemTestJava NO-SOURCE
> Task :LookupService:compileSystemTestScala NO-SOURCE
> Task :LookupService:processSystemTestResources NO-SOURCE
> Task :LookupService:systemTestClasses UP-TO-DATE
> Task :LookupService:systemTest NO-SOURCE

BUILD SUCCESSFUL in 19s
5 actionable tasks: 5 executed
2020-03-30T14:05+02:00: Finished running test iteration 14 on system with 10 replicas
2020-03-30T14:05+02:00: Running test iteration 15 on system with 10 replicas
> Task :DistributedObject:compileJava NO-SOURCE
> Task :DistributedObject:compileScala
> Task :DistributedObject:processResources NO-SOURCE
> Task :DistributedObject:classes
> Task :DistributedObject:compileTestJava NO-SOURCE
> Task :DistributedObject:compileTestScala NO-SOURCE
> Task :DistributedObject:processTestResources NO-SOURCE
> Task :DistributedObject:testClasses UP-TO-DATE
> Task :DistributedObject:compileSystemTestJava NO-SOURCE
> Task :DistributedObject:compileSystemTestScala
> Task :DistributedObject:processSystemTestResources NO-SOURCE
> Task :DistributedObject:systemTestClasses
> Task :DistributedObject:systemTest
> Task :LookupService:compileJava NO-SOURCE
> Task :LookupService:compileScala
> Task :LookupService:processResources NO-SOURCE
> Task :LookupService:classes
> Task :LookupService:compileTestJava NO-SOURCE
> Task :LookupService:compileTestScala
> Task :LookupService:processTestResources NO-SOURCE
> Task :LookupService:testClasses
> Task :LookupService:compileSystemTestJava NO-SOURCE
> Task :LookupService:compileSystemTestScala NO-SOURCE
> Task :LookupService:processSystemTestResources NO-SOURCE
> Task :LookupService:systemTestClasses UP-TO-DATE
> Task :LookupService:systemTest NO-SOURCE

BUILD SUCCESSFUL in 19s
5 actionable tasks: 5 executed
2020-03-30T14:05+02:00: Finished running test iteration 15 on system with 10 replicas
2020-03-30T14:05+02:00: Running test iteration 16 on system with 10 replicas
> Task :DistributedObject:compileJava NO-SOURCE
> Task :DistributedObject:compileScala
> Task :DistributedObject:processResources NO-SOURCE
> Task :DistributedObject:classes
> Task :DistributedObject:compileTestJava NO-SOURCE
> Task :DistributedObject:compileTestScala NO-SOURCE
> Task :DistributedObject:processTestResources NO-SOURCE
> Task :DistributedObject:testClasses UP-TO-DATE
> Task :DistributedObject:compileSystemTestJava NO-SOURCE
> Task :DistributedObject:compileSystemTestScala
> Task :DistributedObject:processSystemTestResources NO-SOURCE
> Task :DistributedObject:systemTestClasses
> Task :DistributedObject:systemTest
> Task :LookupService:compileJava NO-SOURCE
> Task :LookupService:compileScala
> Task :LookupService:processResources NO-SOURCE
> Task :LookupService:classes
> Task :LookupService:compileTestJava NO-SOURCE
> Task :LookupService:compileTestScala
> Task :LookupService:processTestResources NO-SOURCE
> Task :LookupService:testClasses
> Task :LookupService:compileSystemTestJava NO-SOURCE
> Task :LookupService:compileSystemTestScala NO-SOURCE
> Task :LookupService:processSystemTestResources NO-SOURCE
> Task :LookupService:systemTestClasses UP-TO-DATE
> Task :LookupService:systemTest NO-SOURCE

BUILD SUCCESSFUL in 19s
5 actionable tasks: 5 executed
2020-03-30T14:06+02:00: Finished running test iteration 16 on system with 10 replicas
2020-03-30T14:06+02:00: Running test iteration 17 on system with 10 replicas
> Task :DistributedObject:compileJava NO-SOURCE
> Task :DistributedObject:compileScala
> Task :DistributedObject:processResources NO-SOURCE
> Task :DistributedObject:classes
> Task :DistributedObject:compileTestJava NO-SOURCE
> Task :DistributedObject:compileTestScala NO-SOURCE
> Task :DistributedObject:processTestResources NO-SOURCE
> Task :DistributedObject:testClasses UP-TO-DATE
> Task :DistributedObject:compileSystemTestJava NO-SOURCE
> Task :DistributedObject:compileSystemTestScala
> Task :DistributedObject:processSystemTestResources NO-SOURCE
> Task :DistributedObject:systemTestClasses
> Task :DistributedObject:systemTest
> Task :LookupService:compileJava NO-SOURCE
> Task :LookupService:compileScala
> Task :LookupService:processResources NO-SOURCE
> Task :LookupService:classes
> Task :LookupService:compileTestJava NO-SOURCE
> Task :LookupService:compileTestScala
> Task :LookupService:processTestResources NO-SOURCE
> Task :LookupService:testClasses
> Task :LookupService:compileSystemTestJava NO-SOURCE
> Task :LookupService:compileSystemTestScala NO-SOURCE
> Task :LookupService:processSystemTestResources NO-SOURCE
> Task :LookupService:systemTestClasses UP-TO-DATE
> Task :LookupService:systemTest NO-SOURCE

BUILD SUCCESSFUL in 19s
5 actionable tasks: 5 executed
2020-03-30T14:06+02:00: Finished running test iteration 17 on system with 10 replicas
2020-03-30T14:06+02:00: Running test iteration 18 on system with 10 replicas
> Task :DistributedObject:compileJava NO-SOURCE
> Task :DistributedObject:compileScala
> Task :DistributedObject:processResources NO-SOURCE
> Task :DistributedObject:classes
> Task :DistributedObject:compileTestJava NO-SOURCE
> Task :DistributedObject:compileTestScala NO-SOURCE
> Task :DistributedObject:processTestResources NO-SOURCE
> Task :DistributedObject:testClasses UP-TO-DATE
> Task :DistributedObject:compileSystemTestJava NO-SOURCE
> Task :DistributedObject:compileSystemTestScala
> Task :DistributedObject:processSystemTestResources NO-SOURCE
> Task :DistributedObject:systemTestClasses
> Task :DistributedObject:systemTest
> Task :LookupService:compileJava NO-SOURCE
> Task :LookupService:compileScala
> Task :LookupService:processResources NO-SOURCE
> Task :LookupService:classes
> Task :LookupService:compileTestJava NO-SOURCE
> Task :LookupService:compileTestScala
> Task :LookupService:processTestResources NO-SOURCE
> Task :LookupService:testClasses
> Task :LookupService:compileSystemTestJava NO-SOURCE
> Task :LookupService:compileSystemTestScala NO-SOURCE
> Task :LookupService:processSystemTestResources NO-SOURCE
> Task :LookupService:systemTestClasses UP-TO-DATE
> Task :LookupService:systemTest NO-SOURCE

BUILD SUCCESSFUL in 19s
5 actionable tasks: 5 executed
2020-03-30T14:07+02:00: Finished running test iteration 18 on system with 10 replicas
2020-03-30T14:07+02:00: Running test iteration 19 on system with 10 replicas
> Task :DistributedObject:compileJava NO-SOURCE
> Task :DistributedObject:compileScala
> Task :DistributedObject:processResources NO-SOURCE
> Task :DistributedObject:classes
> Task :DistributedObject:compileTestJava NO-SOURCE
> Task :DistributedObject:compileTestScala NO-SOURCE
> Task :DistributedObject:processTestResources NO-SOURCE
> Task :DistributedObject:testClasses UP-TO-DATE
> Task :DistributedObject:compileSystemTestJava NO-SOURCE
> Task :DistributedObject:compileSystemTestScala
> Task :DistributedObject:processSystemTestResources NO-SOURCE
> Task :DistributedObject:systemTestClasses
> Task :DistributedObject:systemTest
> Task :LookupService:compileJava NO-SOURCE
> Task :LookupService:compileScala
> Task :LookupService:processResources NO-SOURCE
> Task :LookupService:classes
> Task :LookupService:compileTestJava NO-SOURCE
> Task :LookupService:compileTestScala
> Task :LookupService:processTestResources NO-SOURCE
> Task :LookupService:testClasses
> Task :LookupService:compileSystemTestJava NO-SOURCE
> Task :LookupService:compileSystemTestScala NO-SOURCE
> Task :LookupService:processSystemTestResources NO-SOURCE
> Task :LookupService:systemTestClasses UP-TO-DATE
> Task :LookupService:systemTest NO-SOURCE

BUILD SUCCESSFUL in 19s
5 actionable tasks: 5 executed
2020-03-30T14:07+02:00: Finished running test iteration 19 on system with 10 replicas
2020-03-30T14:07+02:00: Running test iteration 20 on system with 10 replicas
> Task :DistributedObject:compileJava NO-SOURCE
> Task :DistributedObject:compileScala
> Task :DistributedObject:processResources NO-SOURCE
> Task :DistributedObject:classes
> Task :DistributedObject:compileTestJava NO-SOURCE
> Task :DistributedObject:compileTestScala NO-SOURCE
> Task :DistributedObject:processTestResources NO-SOURCE
> Task :DistributedObject:testClasses UP-TO-DATE
> Task :DistributedObject:compileSystemTestJava NO-SOURCE
> Task :DistributedObject:compileSystemTestScala
> Task :DistributedObject:processSystemTestResources NO-SOURCE
> Task :DistributedObject:systemTestClasses
> Task :DistributedObject:systemTest
> Task :LookupService:compileJava NO-SOURCE
> Task :LookupService:compileScala
> Task :LookupService:processResources NO-SOURCE
> Task :LookupService:classes
> Task :LookupService:compileTestJava NO-SOURCE
> Task :LookupService:compileTestScala
> Task :LookupService:processTestResources NO-SOURCE
> Task :LookupService:testClasses
> Task :LookupService:compileSystemTestJava NO-SOURCE
> Task :LookupService:compileSystemTestScala NO-SOURCE
> Task :LookupService:processSystemTestResources NO-SOURCE
> Task :LookupService:systemTestClasses UP-TO-DATE
> Task :LookupService:systemTest NO-SOURCE

BUILD SUCCESSFUL in 19s
5 actionable tasks: 5 executed
2020-03-30T14:08+02:00: Finished running test iteration 20 on system with 10 replicas
2020-03-30T14:08+02:00: Terminating EC2 instances
> Task :terminateEC2Instances

Deprecated Gradle features were used in this build, making it incompatible with Gradle 7.0.
Use '--warning-mode all' to show the individual deprecation warnings.
See https://docs.gradle.org/6.2.2/userguide/command_line_interface.html#sec:command_line_warnings

BUILD SUCCESSFUL in 1s
1 actionable task: 1 executed
2020-03-30T14:08+02:00: Finished evaluation
