2020-03-30T18:07+02:00: Start evaluation
2020-03-30T18:07+02:00: Deploy system with 2 replicas
2020-03-30T18:07+02:00: Deploying Lookup Service 
> Task :deployEC2Instance
> Task :waitInstanceStatusStable
Access instance with: ssh ubuntu@ec2-18-207-189-173.compute-1.amazonaws.com

> Task :DistributedObject:compileJava NO-SOURCE
> Task :DistributedObject:compileScala UP-TO-DATE
> Task :DistributedObject:processResources NO-SOURCE
> Task :DistributedObject:classes UP-TO-DATE
> Task :DistributedObject:jar UP-TO-DATE
> Task :DistributedObject:startScripts UP-TO-DATE
> Task :DistributedObject:distTar UP-TO-DATE
> Task :DistributedObject:distZip UP-TO-DATE
> Task :DistributedObject:shadowJar UP-TO-DATE
> Task :DistributedObject:startShadowScripts UP-TO-DATE
> Task :DistributedObject:shadowDistTar UP-TO-DATE
> Task :DistributedObject:shadowDistZip UP-TO-DATE
> Task :DistributedObject:assemble UP-TO-DATE
> Task :DistributedObject:compileTestJava NO-SOURCE
> Task :DistributedObject:compileTestScala NO-SOURCE
> Task :DistributedObject:processTestResources NO-SOURCE
> Task :DistributedObject:testClasses UP-TO-DATE
> Task :DistributedObject:test NO-SOURCE
> Task :DistributedObject:check UP-TO-DATE
> Task :DistributedObject:build UP-TO-DATE
> Task :LookupService:compileJava NO-SOURCE
> Task :LookupService:compileScala UP-TO-DATE
> Task :LookupService:processResources NO-SOURCE
> Task :LookupService:classes UP-TO-DATE
> Task :LookupService:jar UP-TO-DATE
> Task :LookupService:startScripts UP-TO-DATE
> Task :LookupService:distTar UP-TO-DATE
> Task :LookupService:distZip UP-TO-DATE
> Task :LookupService:shadowJar UP-TO-DATE
> Task :LookupService:startShadowScripts UP-TO-DATE
> Task :LookupService:shadowDistTar UP-TO-DATE
> Task :LookupService:shadowDistZip UP-TO-DATE
> Task :LookupService:assemble UP-TO-DATE
> Task :LookupService:compileTestJava NO-SOURCE
> Task :LookupService:compileTestScala UP-TO-DATE
> Task :LookupService:processTestResources NO-SOURCE
> Task :LookupService:testClasses UP-TO-DATE
> Task :LookupService:test UP-TO-DATE
> Task :LookupService:check UP-TO-DATE
> Task :LookupService:build UP-TO-DATE
> Task :deployLookupService
Copying LookupService to the EC2 instance
Warning: Permanently added 'ec2-18-207-189-173.compute-1.amazonaws.com,18.207.189.173' (ECDSA) to the list of known hosts.
Starting Lookup Service on the EC2 instance

Deprecated Gradle features were used in this build, making it incompatible with Gradle 7.0.
Use '--warning-mode all' to show the individual deprecation warnings.
See https://docs.gradle.org/6.2.2/userguide/command_line_interface.html#sec:command_line_warnings

BUILD SUCCESSFUL in 1m 53s
23 actionable tasks: 3 executed, 20 up-to-date
2020-03-30T18:10+02:00: Deploying Distributed Object 1
> Task :deployEC2Instance
> Task :waitInstanceStatusStable
Access instance with: ssh ubuntu@ec2-3-83-160-68.compute-1.amazonaws.com

> Task :DistributedObject:compileJava NO-SOURCE
> Task :DistributedObject:compileScala UP-TO-DATE
> Task :DistributedObject:processResources NO-SOURCE
> Task :DistributedObject:classes UP-TO-DATE
> Task :DistributedObject:jar UP-TO-DATE
> Task :DistributedObject:startScripts UP-TO-DATE
> Task :DistributedObject:distTar UP-TO-DATE
> Task :DistributedObject:distZip UP-TO-DATE
> Task :DistributedObject:shadowJar UP-TO-DATE
> Task :DistributedObject:startShadowScripts UP-TO-DATE
> Task :DistributedObject:shadowDistTar UP-TO-DATE
> Task :DistributedObject:shadowDistZip UP-TO-DATE
> Task :DistributedObject:assemble UP-TO-DATE
> Task :DistributedObject:compileTestJava NO-SOURCE
> Task :DistributedObject:compileTestScala NO-SOURCE
> Task :DistributedObject:processTestResources NO-SOURCE
> Task :DistributedObject:testClasses UP-TO-DATE
> Task :DistributedObject:test NO-SOURCE
> Task :DistributedObject:check UP-TO-DATE
> Task :DistributedObject:build UP-TO-DATE
> Task :LookupService:compileJava NO-SOURCE
> Task :LookupService:compileScala UP-TO-DATE
> Task :LookupService:processResources NO-SOURCE
> Task :LookupService:classes UP-TO-DATE
> Task :LookupService:jar UP-TO-DATE
> Task :LookupService:startScripts UP-TO-DATE
> Task :LookupService:distTar UP-TO-DATE
> Task :LookupService:distZip UP-TO-DATE
> Task :LookupService:shadowJar UP-TO-DATE
> Task :LookupService:startShadowScripts UP-TO-DATE
> Task :LookupService:shadowDistTar UP-TO-DATE
> Task :LookupService:shadowDistZip UP-TO-DATE
> Task :LookupService:assemble UP-TO-DATE
> Task :LookupService:compileTestJava NO-SOURCE
> Task :LookupService:compileTestScala UP-TO-DATE
> Task :LookupService:processTestResources NO-SOURCE
> Task :LookupService:testClasses UP-TO-DATE
> Task :LookupService:test UP-TO-DATE
> Task :LookupService:check UP-TO-DATE
> Task :LookupService:build UP-TO-DATE
> Task :deployDistributedObject
Copying Distributed Object to the EC2 instance
Warning: Permanently added 'ec2-3-83-160-68.compute-1.amazonaws.com,3.83.160.68' (ECDSA) to the list of known hosts.
Starting Distributed Object on the EC2 instance

Deprecated Gradle features were used in this build, making it incompatible with Gradle 7.0.
Use '--warning-mode all' to show the individual deprecation warnings.
See https://docs.gradle.org/6.2.2/userguide/command_line_interface.html#sec:command_line_warnings

BUILD SUCCESSFUL in 1m 45s
23 actionable tasks: 3 executed, 20 up-to-date
2020-03-30T18:11+02:00: Deploying Distributed Object 2
> Task :deployEC2Instance
> Task :waitInstanceStatusStable
Access instance with: ssh ubuntu@ec2-34-239-103-198.compute-1.amazonaws.com

> Task :DistributedObject:compileJava NO-SOURCE
> Task :DistributedObject:compileScala UP-TO-DATE
> Task :DistributedObject:processResources NO-SOURCE
> Task :DistributedObject:classes UP-TO-DATE
> Task :DistributedObject:jar UP-TO-DATE
> Task :DistributedObject:startScripts UP-TO-DATE
> Task :DistributedObject:distTar UP-TO-DATE
> Task :DistributedObject:distZip UP-TO-DATE
> Task :DistributedObject:shadowJar UP-TO-DATE
> Task :DistributedObject:startShadowScripts UP-TO-DATE
> Task :DistributedObject:shadowDistTar UP-TO-DATE
> Task :DistributedObject:shadowDistZip UP-TO-DATE
> Task :DistributedObject:assemble UP-TO-DATE
> Task :DistributedObject:compileTestJava NO-SOURCE
> Task :DistributedObject:compileTestScala NO-SOURCE
> Task :DistributedObject:processTestResources NO-SOURCE
> Task :DistributedObject:testClasses UP-TO-DATE
> Task :DistributedObject:test NO-SOURCE
> Task :DistributedObject:check UP-TO-DATE
> Task :DistributedObject:build UP-TO-DATE
> Task :LookupService:compileJava NO-SOURCE
> Task :LookupService:compileScala UP-TO-DATE
> Task :LookupService:processResources NO-SOURCE
> Task :LookupService:classes UP-TO-DATE
> Task :LookupService:jar UP-TO-DATE
> Task :LookupService:startScripts UP-TO-DATE
> Task :LookupService:distTar UP-TO-DATE
> Task :LookupService:distZip UP-TO-DATE
> Task :LookupService:shadowJar UP-TO-DATE
> Task :LookupService:startShadowScripts UP-TO-DATE
> Task :LookupService:shadowDistTar UP-TO-DATE
> Task :LookupService:shadowDistZip UP-TO-DATE
> Task :LookupService:assemble UP-TO-DATE
> Task :LookupService:compileTestJava NO-SOURCE
> Task :LookupService:compileTestScala UP-TO-DATE
> Task :LookupService:processTestResources NO-SOURCE
> Task :LookupService:testClasses UP-TO-DATE
> Task :LookupService:test UP-TO-DATE
> Task :LookupService:check UP-TO-DATE
> Task :LookupService:build UP-TO-DATE
> Task :deployDistributedObject
Copying Distributed Object to the EC2 instance
Warning: Permanently added 'ec2-34-239-103-198.compute-1.amazonaws.com,34.239.103.198' (ECDSA) to the list of known hosts.
Starting Distributed Object on the EC2 instance

Deprecated Gradle features were used in this build, making it incompatible with Gradle 7.0.
Use '--warning-mode all' to show the individual deprecation warnings.
See https://docs.gradle.org/6.2.2/userguide/command_line_interface.html#sec:command_line_warnings

BUILD SUCCESSFUL in 1m 45s
23 actionable tasks: 3 executed, 20 up-to-date
2020-03-30T18:13+02:00: Finished deploying system with 2 replicas
2020-03-30T18:14+02:00: Running test iteration 1 on system with 2 replicas
> Task :DistributedObject:compileJava NO-SOURCE
> Task :DistributedObject:compileScala
> Task :DistributedObject:processResources NO-SOURCE
> Task :DistributedObject:classes
> Task :DistributedObject:compileTestJava NO-SOURCE
> Task :DistributedObject:compileTestScala NO-SOURCE
> Task :DistributedObject:processTestResources NO-SOURCE
> Task :DistributedObject:testClasses UP-TO-DATE
> Task :DistributedObject:compileSystemTestJava NO-SOURCE
> Task :DistributedObject:compileSystemTestScala
> Task :DistributedObject:processSystemTestResources NO-SOURCE
> Task :DistributedObject:systemTestClasses
> Task :DistributedObject:systemTest
> Task :LookupService:compileJava NO-SOURCE
> Task :LookupService:compileScala
> Task :LookupService:processResources NO-SOURCE
> Task :LookupService:classes
> Task :LookupService:compileTestJava NO-SOURCE
> Task :LookupService:compileTestScala
> Task :LookupService:processTestResources NO-SOURCE
> Task :LookupService:testClasses
> Task :LookupService:compileSystemTestJava NO-SOURCE
> Task :LookupService:compileSystemTestScala NO-SOURCE
> Task :LookupService:processSystemTestResources NO-SOURCE
> Task :LookupService:systemTestClasses UP-TO-DATE
> Task :LookupService:systemTest NO-SOURCE

BUILD SUCCESSFUL in 17s
5 actionable tasks: 5 executed
2020-03-30T18:15+02:00: Finished running test iteration 1 on system with 2 replicas
2020-03-30T18:15+02:00: Running test iteration 2 on system with 2 replicas
> Task :DistributedObject:compileJava NO-SOURCE
> Task :DistributedObject:compileScala
> Task :DistributedObject:processResources NO-SOURCE
> Task :DistributedObject:classes
> Task :DistributedObject:compileTestJava NO-SOURCE
> Task :DistributedObject:compileTestScala NO-SOURCE
> Task :DistributedObject:processTestResources NO-SOURCE
> Task :DistributedObject:testClasses UP-TO-DATE
> Task :DistributedObject:compileSystemTestJava NO-SOURCE
> Task :DistributedObject:compileSystemTestScala
> Task :DistributedObject:processSystemTestResources NO-SOURCE
> Task :DistributedObject:systemTestClasses
> Task :DistributedObject:systemTest
> Task :LookupService:compileJava NO-SOURCE
> Task :LookupService:compileScala
> Task :LookupService:processResources NO-SOURCE
> Task :LookupService:classes
> Task :LookupService:compileTestJava NO-SOURCE
> Task :LookupService:compileTestScala
> Task :LookupService:processTestResources NO-SOURCE
> Task :LookupService:testClasses
> Task :LookupService:compileSystemTestJava NO-SOURCE
> Task :LookupService:compileSystemTestScala NO-SOURCE
> Task :LookupService:processSystemTestResources NO-SOURCE
> Task :LookupService:systemTestClasses UP-TO-DATE
> Task :LookupService:systemTest NO-SOURCE

BUILD SUCCESSFUL in 16s
5 actionable tasks: 5 executed
2020-03-30T18:15+02:00: Finished running test iteration 2 on system with 2 replicas
2020-03-30T18:15+02:00: Running test iteration 3 on system with 2 replicas
> Task :DistributedObject:compileJava NO-SOURCE
> Task :DistributedObject:compileScala
> Task :DistributedObject:processResources NO-SOURCE
> Task :DistributedObject:classes
> Task :DistributedObject:compileTestJava NO-SOURCE
> Task :DistributedObject:compileTestScala NO-SOURCE
> Task :DistributedObject:processTestResources NO-SOURCE
> Task :DistributedObject:testClasses UP-TO-DATE
> Task :DistributedObject:compileSystemTestJava NO-SOURCE
> Task :DistributedObject:compileSystemTestScala
> Task :DistributedObject:processSystemTestResources NO-SOURCE
> Task :DistributedObject:systemTestClasses
> Task :DistributedObject:systemTest
> Task :LookupService:compileJava NO-SOURCE
> Task :LookupService:compileScala
> Task :LookupService:processResources NO-SOURCE
> Task :LookupService:classes
> Task :LookupService:compileTestJava NO-SOURCE
> Task :LookupService:compileTestScala
> Task :LookupService:processTestResources NO-SOURCE
> Task :LookupService:testClasses
> Task :LookupService:compileSystemTestJava NO-SOURCE
> Task :LookupService:compileSystemTestScala NO-SOURCE
> Task :LookupService:processSystemTestResources NO-SOURCE
> Task :LookupService:systemTestClasses UP-TO-DATE
> Task :LookupService:systemTest NO-SOURCE

BUILD SUCCESSFUL in 15s
5 actionable tasks: 5 executed
2020-03-30T18:15+02:00: Finished running test iteration 3 on system with 2 replicas
2020-03-30T18:15+02:00: Running test iteration 4 on system with 2 replicas
> Task :DistributedObject:compileJava NO-SOURCE
> Task :DistributedObject:compileScala
> Task :DistributedObject:processResources NO-SOURCE
> Task :DistributedObject:classes
> Task :DistributedObject:compileTestJava NO-SOURCE
> Task :DistributedObject:compileTestScala NO-SOURCE
> Task :DistributedObject:processTestResources NO-SOURCE
> Task :DistributedObject:testClasses UP-TO-DATE
> Task :DistributedObject:compileSystemTestJava NO-SOURCE
> Task :DistributedObject:compileSystemTestScala
> Task :DistributedObject:processSystemTestResources NO-SOURCE
> Task :DistributedObject:systemTestClasses
> Task :DistributedObject:systemTest
> Task :LookupService:compileJava NO-SOURCE
> Task :LookupService:compileScala
> Task :LookupService:processResources NO-SOURCE
> Task :LookupService:classes
> Task :LookupService:compileTestJava NO-SOURCE
> Task :LookupService:compileTestScala
> Task :LookupService:processTestResources NO-SOURCE
> Task :LookupService:testClasses
> Task :LookupService:compileSystemTestJava NO-SOURCE
> Task :LookupService:compileSystemTestScala NO-SOURCE
> Task :LookupService:processSystemTestResources NO-SOURCE
> Task :LookupService:systemTestClasses UP-TO-DATE
> Task :LookupService:systemTest NO-SOURCE

BUILD SUCCESSFUL in 16s
5 actionable tasks: 5 executed
2020-03-30T18:16+02:00: Finished running test iteration 4 on system with 2 replicas
2020-03-30T18:16+02:00: Running test iteration 5 on system with 2 replicas
> Task :DistributedObject:compileJava NO-SOURCE
> Task :DistributedObject:compileScala
> Task :DistributedObject:processResources NO-SOURCE
> Task :DistributedObject:classes
> Task :DistributedObject:compileTestJava NO-SOURCE
> Task :DistributedObject:compileTestScala NO-SOURCE
> Task :DistributedObject:processTestResources NO-SOURCE
> Task :DistributedObject:testClasses UP-TO-DATE
> Task :DistributedObject:compileSystemTestJava NO-SOURCE
> Task :DistributedObject:compileSystemTestScala
> Task :DistributedObject:processSystemTestResources NO-SOURCE
> Task :DistributedObject:systemTestClasses
> Task :DistributedObject:systemTest
> Task :LookupService:compileJava NO-SOURCE
> Task :LookupService:compileScala
> Task :LookupService:processResources NO-SOURCE
> Task :LookupService:classes
> Task :LookupService:compileTestJava NO-SOURCE
> Task :LookupService:compileTestScala
> Task :LookupService:processTestResources NO-SOURCE
> Task :LookupService:testClasses
> Task :LookupService:compileSystemTestJava NO-SOURCE
> Task :LookupService:compileSystemTestScala NO-SOURCE
> Task :LookupService:processSystemTestResources NO-SOURCE
> Task :LookupService:systemTestClasses UP-TO-DATE
> Task :LookupService:systemTest NO-SOURCE

BUILD SUCCESSFUL in 15s
5 actionable tasks: 5 executed
2020-03-30T18:16+02:00: Finished running test iteration 5 on system with 2 replicas
2020-03-30T18:16+02:00: Running test iteration 6 on system with 2 replicas
> Task :DistributedObject:compileJava NO-SOURCE
> Task :DistributedObject:compileScala
> Task :DistributedObject:processResources NO-SOURCE
> Task :DistributedObject:classes
> Task :DistributedObject:compileTestJava NO-SOURCE
> Task :DistributedObject:compileTestScala NO-SOURCE
> Task :DistributedObject:processTestResources NO-SOURCE
> Task :DistributedObject:testClasses UP-TO-DATE
> Task :DistributedObject:compileSystemTestJava NO-SOURCE
> Task :DistributedObject:compileSystemTestScala
> Task :DistributedObject:processSystemTestResources NO-SOURCE
> Task :DistributedObject:systemTestClasses
> Task :DistributedObject:systemTest
> Task :LookupService:compileJava NO-SOURCE
> Task :LookupService:compileScala
> Task :LookupService:processResources NO-SOURCE
> Task :LookupService:classes
> Task :LookupService:compileTestJava NO-SOURCE
> Task :LookupService:compileTestScala
> Task :LookupService:processTestResources NO-SOURCE
> Task :LookupService:testClasses
> Task :LookupService:compileSystemTestJava NO-SOURCE
> Task :LookupService:compileSystemTestScala NO-SOURCE
> Task :LookupService:processSystemTestResources NO-SOURCE
> Task :LookupService:systemTestClasses UP-TO-DATE
> Task :LookupService:systemTest NO-SOURCE

BUILD SUCCESSFUL in 15s
5 actionable tasks: 5 executed
2020-03-30T18:16+02:00: Finished running test iteration 6 on system with 2 replicas
2020-03-30T18:16+02:00: Running test iteration 7 on system with 2 replicas
> Task :DistributedObject:compileJava NO-SOURCE
> Task :DistributedObject:compileScala
> Task :DistributedObject:processResources NO-SOURCE
> Task :DistributedObject:classes
> Task :DistributedObject:compileTestJava NO-SOURCE
> Task :DistributedObject:compileTestScala NO-SOURCE
> Task :DistributedObject:processTestResources NO-SOURCE
> Task :DistributedObject:testClasses UP-TO-DATE
> Task :DistributedObject:compileSystemTestJava NO-SOURCE
> Task :DistributedObject:compileSystemTestScala
> Task :DistributedObject:processSystemTestResources NO-SOURCE
> Task :DistributedObject:systemTestClasses
> Task :DistributedObject:systemTest
> Task :LookupService:compileJava NO-SOURCE
> Task :LookupService:compileScala
> Task :LookupService:processResources NO-SOURCE
> Task :LookupService:classes
> Task :LookupService:compileTestJava NO-SOURCE
> Task :LookupService:compileTestScala
> Task :LookupService:processTestResources NO-SOURCE
> Task :LookupService:testClasses
> Task :LookupService:compileSystemTestJava NO-SOURCE
> Task :LookupService:compileSystemTestScala NO-SOURCE
> Task :LookupService:processSystemTestResources NO-SOURCE
> Task :LookupService:systemTestClasses UP-TO-DATE
> Task :LookupService:systemTest NO-SOURCE

BUILD SUCCESSFUL in 15s
5 actionable tasks: 5 executed
2020-03-30T18:17+02:00: Finished running test iteration 7 on system with 2 replicas
2020-03-30T18:17+02:00: Running test iteration 8 on system with 2 replicas
> Task :DistributedObject:compileJava NO-SOURCE
> Task :DistributedObject:compileScala
> Task :DistributedObject:processResources NO-SOURCE
> Task :DistributedObject:classes
> Task :DistributedObject:compileTestJava NO-SOURCE
> Task :DistributedObject:compileTestScala NO-SOURCE
> Task :DistributedObject:processTestResources NO-SOURCE
> Task :DistributedObject:testClasses UP-TO-DATE
> Task :DistributedObject:compileSystemTestJava NO-SOURCE
> Task :DistributedObject:compileSystemTestScala
> Task :DistributedObject:processSystemTestResources NO-SOURCE
> Task :DistributedObject:systemTestClasses
> Task :DistributedObject:systemTest
> Task :LookupService:compileJava NO-SOURCE
> Task :LookupService:compileScala
> Task :LookupService:processResources NO-SOURCE
> Task :LookupService:classes
> Task :LookupService:compileTestJava NO-SOURCE
> Task :LookupService:compileTestScala
> Task :LookupService:processTestResources NO-SOURCE
> Task :LookupService:testClasses
> Task :LookupService:compileSystemTestJava NO-SOURCE
> Task :LookupService:compileSystemTestScala NO-SOURCE
> Task :LookupService:processSystemTestResources NO-SOURCE
> Task :LookupService:systemTestClasses UP-TO-DATE
> Task :LookupService:systemTest NO-SOURCE

BUILD SUCCESSFUL in 15s
5 actionable tasks: 5 executed
2020-03-30T18:17+02:00: Finished running test iteration 8 on system with 2 replicas
2020-03-30T18:17+02:00: Running test iteration 9 on system with 2 replicas
> Task :DistributedObject:compileJava NO-SOURCE
> Task :DistributedObject:compileScala
> Task :DistributedObject:processResources NO-SOURCE
> Task :DistributedObject:classes
> Task :DistributedObject:compileTestJava NO-SOURCE
> Task :DistributedObject:compileTestScala NO-SOURCE
> Task :DistributedObject:processTestResources NO-SOURCE
> Task :DistributedObject:testClasses UP-TO-DATE
> Task :DistributedObject:compileSystemTestJava NO-SOURCE
> Task :DistributedObject:compileSystemTestScala
> Task :DistributedObject:processSystemTestResources NO-SOURCE
> Task :DistributedObject:systemTestClasses
> Task :DistributedObject:systemTest
> Task :LookupService:compileJava NO-SOURCE
> Task :LookupService:compileScala
> Task :LookupService:processResources NO-SOURCE
> Task :LookupService:classes
> Task :LookupService:compileTestJava NO-SOURCE
> Task :LookupService:compileTestScala
> Task :LookupService:processTestResources NO-SOURCE
> Task :LookupService:testClasses
> Task :LookupService:compileSystemTestJava NO-SOURCE
> Task :LookupService:compileSystemTestScala NO-SOURCE
> Task :LookupService:processSystemTestResources NO-SOURCE
> Task :LookupService:systemTestClasses UP-TO-DATE
> Task :LookupService:systemTest NO-SOURCE

BUILD SUCCESSFUL in 15s
5 actionable tasks: 5 executed
2020-03-30T18:17+02:00: Finished running test iteration 9 on system with 2 replicas
2020-03-30T18:18+02:00: Running test iteration 10 on system with 2 replicas
> Task :DistributedObject:compileJava NO-SOURCE
> Task :DistributedObject:compileScala
> Task :DistributedObject:processResources NO-SOURCE
> Task :DistributedObject:classes
> Task :DistributedObject:compileTestJava NO-SOURCE
> Task :DistributedObject:compileTestScala NO-SOURCE
> Task :DistributedObject:processTestResources NO-SOURCE
> Task :DistributedObject:testClasses UP-TO-DATE
> Task :DistributedObject:compileSystemTestJava NO-SOURCE
> Task :DistributedObject:compileSystemTestScala
> Task :DistributedObject:processSystemTestResources NO-SOURCE
> Task :DistributedObject:systemTestClasses
> Task :DistributedObject:systemTest
> Task :LookupService:compileJava NO-SOURCE
> Task :LookupService:compileScala
> Task :LookupService:processResources NO-SOURCE
> Task :LookupService:classes
> Task :LookupService:compileTestJava NO-SOURCE
> Task :LookupService:compileTestScala
> Task :LookupService:processTestResources NO-SOURCE
> Task :LookupService:testClasses
> Task :LookupService:compileSystemTestJava NO-SOURCE
> Task :LookupService:compileSystemTestScala NO-SOURCE
> Task :LookupService:processSystemTestResources NO-SOURCE
> Task :LookupService:systemTestClasses UP-TO-DATE
> Task :LookupService:systemTest NO-SOURCE

BUILD SUCCESSFUL in 15s
5 actionable tasks: 5 executed
2020-03-30T18:18+02:00: Finished running test iteration 10 on system with 2 replicas
2020-03-30T18:18+02:00: Running test iteration 11 on system with 2 replicas
> Task :DistributedObject:compileJava NO-SOURCE
> Task :DistributedObject:compileScala
> Task :DistributedObject:processResources NO-SOURCE
> Task :DistributedObject:classes
> Task :DistributedObject:compileTestJava NO-SOURCE
> Task :DistributedObject:compileTestScala NO-SOURCE
> Task :DistributedObject:processTestResources NO-SOURCE
> Task :DistributedObject:testClasses UP-TO-DATE
> Task :DistributedObject:compileSystemTestJava NO-SOURCE
> Task :DistributedObject:compileSystemTestScala
> Task :DistributedObject:processSystemTestResources NO-SOURCE
> Task :DistributedObject:systemTestClasses
> Task :DistributedObject:systemTest
> Task :LookupService:compileJava NO-SOURCE
> Task :LookupService:compileScala
> Task :LookupService:processResources NO-SOURCE
> Task :LookupService:classes
> Task :LookupService:compileTestJava NO-SOURCE
> Task :LookupService:compileTestScala
> Task :LookupService:processTestResources NO-SOURCE
> Task :LookupService:testClasses
> Task :LookupService:compileSystemTestJava NO-SOURCE
> Task :LookupService:compileSystemTestScala NO-SOURCE
> Task :LookupService:processSystemTestResources NO-SOURCE
> Task :LookupService:systemTestClasses UP-TO-DATE
> Task :LookupService:systemTest NO-SOURCE

BUILD SUCCESSFUL in 15s
5 actionable tasks: 5 executed
2020-03-30T18:18+02:00: Finished running test iteration 11 on system with 2 replicas
2020-03-30T18:18+02:00: Running test iteration 12 on system with 2 replicas
> Task :DistributedObject:compileJava NO-SOURCE
> Task :DistributedObject:compileScala
> Task :DistributedObject:processResources NO-SOURCE
> Task :DistributedObject:classes
> Task :DistributedObject:compileTestJava NO-SOURCE
> Task :DistributedObject:compileTestScala NO-SOURCE
> Task :DistributedObject:processTestResources NO-SOURCE
> Task :DistributedObject:testClasses UP-TO-DATE
> Task :DistributedObject:compileSystemTestJava NO-SOURCE
> Task :DistributedObject:compileSystemTestScala
> Task :DistributedObject:processSystemTestResources NO-SOURCE
> Task :DistributedObject:systemTestClasses
> Task :DistributedObject:systemTest
> Task :LookupService:compileJava NO-SOURCE
> Task :LookupService:compileScala
> Task :LookupService:processResources NO-SOURCE
> Task :LookupService:classes
> Task :LookupService:compileTestJava NO-SOURCE
> Task :LookupService:compileTestScala
> Task :LookupService:processTestResources NO-SOURCE
> Task :LookupService:testClasses
> Task :LookupService:compileSystemTestJava NO-SOURCE
> Task :LookupService:compileSystemTestScala NO-SOURCE
> Task :LookupService:processSystemTestResources NO-SOURCE
> Task :LookupService:systemTestClasses UP-TO-DATE
> Task :LookupService:systemTest NO-SOURCE

BUILD SUCCESSFUL in 15s
5 actionable tasks: 5 executed
2020-03-30T18:19+02:00: Finished running test iteration 12 on system with 2 replicas
2020-03-30T18:19+02:00: Running test iteration 13 on system with 2 replicas
> Task :DistributedObject:compileJava NO-SOURCE
> Task :DistributedObject:compileScala
> Task :DistributedObject:processResources NO-SOURCE
> Task :DistributedObject:classes
> Task :DistributedObject:compileTestJava NO-SOURCE
> Task :DistributedObject:compileTestScala NO-SOURCE
> Task :DistributedObject:processTestResources NO-SOURCE
> Task :DistributedObject:testClasses UP-TO-DATE
> Task :DistributedObject:compileSystemTestJava NO-SOURCE
> Task :DistributedObject:compileSystemTestScala
> Task :DistributedObject:processSystemTestResources NO-SOURCE
> Task :DistributedObject:systemTestClasses
> Task :DistributedObject:systemTest
> Task :LookupService:compileJava NO-SOURCE
> Task :LookupService:compileScala
> Task :LookupService:processResources NO-SOURCE
> Task :LookupService:classes
> Task :LookupService:compileTestJava NO-SOURCE
> Task :LookupService:compileTestScala
> Task :LookupService:processTestResources NO-SOURCE
> Task :LookupService:testClasses
> Task :LookupService:compileSystemTestJava NO-SOURCE
> Task :LookupService:compileSystemTestScala NO-SOURCE
> Task :LookupService:processSystemTestResources NO-SOURCE
> Task :LookupService:systemTestClasses UP-TO-DATE
> Task :LookupService:systemTest NO-SOURCE

BUILD SUCCESSFUL in 15s
5 actionable tasks: 5 executed
2020-03-30T18:19+02:00: Finished running test iteration 13 on system with 2 replicas
2020-03-30T18:19+02:00: Running test iteration 14 on system with 2 replicas
> Task :DistributedObject:compileJava NO-SOURCE
> Task :DistributedObject:compileScala
> Task :DistributedObject:processResources NO-SOURCE
> Task :DistributedObject:classes
> Task :DistributedObject:compileTestJava NO-SOURCE
> Task :DistributedObject:compileTestScala NO-SOURCE
> Task :DistributedObject:processTestResources NO-SOURCE
> Task :DistributedObject:testClasses UP-TO-DATE
> Task :DistributedObject:compileSystemTestJava NO-SOURCE
> Task :DistributedObject:compileSystemTestScala
> Task :DistributedObject:processSystemTestResources NO-SOURCE
> Task :DistributedObject:systemTestClasses
> Task :DistributedObject:systemTest
> Task :LookupService:compileJava NO-SOURCE
> Task :LookupService:compileScala
> Task :LookupService:processResources NO-SOURCE
> Task :LookupService:classes
> Task :LookupService:compileTestJava NO-SOURCE
> Task :LookupService:compileTestScala
> Task :LookupService:processTestResources NO-SOURCE
> Task :LookupService:testClasses
> Task :LookupService:compileSystemTestJava NO-SOURCE
> Task :LookupService:compileSystemTestScala NO-SOURCE
> Task :LookupService:processSystemTestResources NO-SOURCE
> Task :LookupService:systemTestClasses UP-TO-DATE
> Task :LookupService:systemTest NO-SOURCE

BUILD SUCCESSFUL in 15s
5 actionable tasks: 5 executed
2020-03-30T18:19+02:00: Finished running test iteration 14 on system with 2 replicas
2020-03-30T18:19+02:00: Running test iteration 15 on system with 2 replicas
> Task :DistributedObject:compileJava NO-SOURCE
> Task :DistributedObject:compileScala
> Task :DistributedObject:processResources NO-SOURCE
> Task :DistributedObject:classes
> Task :DistributedObject:compileTestJava NO-SOURCE
> Task :DistributedObject:compileTestScala NO-SOURCE
> Task :DistributedObject:processTestResources NO-SOURCE
> Task :DistributedObject:testClasses UP-TO-DATE
> Task :DistributedObject:compileSystemTestJava NO-SOURCE
> Task :DistributedObject:compileSystemTestScala
> Task :DistributedObject:processSystemTestResources NO-SOURCE
> Task :DistributedObject:systemTestClasses
> Task :DistributedObject:systemTest
> Task :LookupService:compileJava NO-SOURCE
> Task :LookupService:compileScala
> Task :LookupService:processResources NO-SOURCE
> Task :LookupService:classes
> Task :LookupService:compileTestJava NO-SOURCE
> Task :LookupService:compileTestScala
> Task :LookupService:processTestResources NO-SOURCE
> Task :LookupService:testClasses
> Task :LookupService:compileSystemTestJava NO-SOURCE
> Task :LookupService:compileSystemTestScala NO-SOURCE
> Task :LookupService:processSystemTestResources NO-SOURCE
> Task :LookupService:systemTestClasses UP-TO-DATE
> Task :LookupService:systemTest NO-SOURCE

BUILD SUCCESSFUL in 15s
5 actionable tasks: 5 executed
2020-03-30T18:20+02:00: Finished running test iteration 15 on system with 2 replicas
2020-03-30T18:20+02:00: Running test iteration 16 on system with 2 replicas
> Task :DistributedObject:compileJava NO-SOURCE
> Task :DistributedObject:compileScala
> Task :DistributedObject:processResources NO-SOURCE
> Task :DistributedObject:classes
> Task :DistributedObject:compileTestJava NO-SOURCE
> Task :DistributedObject:compileTestScala NO-SOURCE
> Task :DistributedObject:processTestResources NO-SOURCE
> Task :DistributedObject:testClasses UP-TO-DATE
> Task :DistributedObject:compileSystemTestJava NO-SOURCE
> Task :DistributedObject:compileSystemTestScala
> Task :DistributedObject:processSystemTestResources NO-SOURCE
> Task :DistributedObject:systemTestClasses
> Task :DistributedObject:systemTest
> Task :LookupService:compileJava NO-SOURCE
> Task :LookupService:compileScala
> Task :LookupService:processResources NO-SOURCE
> Task :LookupService:classes
> Task :LookupService:compileTestJava NO-SOURCE
> Task :LookupService:compileTestScala
> Task :LookupService:processTestResources NO-SOURCE
> Task :LookupService:testClasses
> Task :LookupService:compileSystemTestJava NO-SOURCE
> Task :LookupService:compileSystemTestScala NO-SOURCE
> Task :LookupService:processSystemTestResources NO-SOURCE
> Task :LookupService:systemTestClasses UP-TO-DATE
> Task :LookupService:systemTest NO-SOURCE

BUILD SUCCESSFUL in 15s
5 actionable tasks: 5 executed
2020-03-30T18:20+02:00: Finished running test iteration 16 on system with 2 replicas
2020-03-30T18:20+02:00: Running test iteration 17 on system with 2 replicas
> Task :DistributedObject:compileJava NO-SOURCE
> Task :DistributedObject:compileScala
> Task :DistributedObject:processResources NO-SOURCE
> Task :DistributedObject:classes
> Task :DistributedObject:compileTestJava NO-SOURCE
> Task :DistributedObject:compileTestScala NO-SOURCE
> Task :DistributedObject:processTestResources NO-SOURCE
> Task :DistributedObject:testClasses UP-TO-DATE
> Task :DistributedObject:compileSystemTestJava NO-SOURCE
> Task :DistributedObject:compileSystemTestScala
> Task :DistributedObject:processSystemTestResources NO-SOURCE
> Task :DistributedObject:systemTestClasses
> Task :DistributedObject:systemTest
> Task :LookupService:compileJava NO-SOURCE
> Task :LookupService:compileScala
> Task :LookupService:processResources NO-SOURCE
> Task :LookupService:classes
> Task :LookupService:compileTestJava NO-SOURCE
> Task :LookupService:compileTestScala
> Task :LookupService:processTestResources NO-SOURCE
> Task :LookupService:testClasses
> Task :LookupService:compileSystemTestJava NO-SOURCE
> Task :LookupService:compileSystemTestScala NO-SOURCE
> Task :LookupService:processSystemTestResources NO-SOURCE
> Task :LookupService:systemTestClasses UP-TO-DATE
> Task :LookupService:systemTest NO-SOURCE

BUILD SUCCESSFUL in 15s
5 actionable tasks: 5 executed
2020-03-30T18:20+02:00: Finished running test iteration 17 on system with 2 replicas
2020-03-30T18:20+02:00: Running test iteration 18 on system with 2 replicas
> Task :DistributedObject:compileJava NO-SOURCE
> Task :DistributedObject:compileScala
> Task :DistributedObject:processResources NO-SOURCE
> Task :DistributedObject:classes
> Task :DistributedObject:compileTestJava NO-SOURCE
> Task :DistributedObject:compileTestScala NO-SOURCE
> Task :DistributedObject:processTestResources NO-SOURCE
> Task :DistributedObject:testClasses UP-TO-DATE
> Task :DistributedObject:compileSystemTestJava NO-SOURCE
> Task :DistributedObject:compileSystemTestScala
> Task :DistributedObject:processSystemTestResources NO-SOURCE
> Task :DistributedObject:systemTestClasses
> Task :DistributedObject:systemTest
> Task :LookupService:compileJava NO-SOURCE
> Task :LookupService:compileScala
> Task :LookupService:processResources NO-SOURCE
> Task :LookupService:classes
> Task :LookupService:compileTestJava NO-SOURCE
> Task :LookupService:compileTestScala
> Task :LookupService:processTestResources NO-SOURCE
> Task :LookupService:testClasses
> Task :LookupService:compileSystemTestJava NO-SOURCE
> Task :LookupService:compileSystemTestScala NO-SOURCE
> Task :LookupService:processSystemTestResources NO-SOURCE
> Task :LookupService:systemTestClasses UP-TO-DATE
> Task :LookupService:systemTest NO-SOURCE

BUILD SUCCESSFUL in 15s
5 actionable tasks: 5 executed
2020-03-30T18:21+02:00: Finished running test iteration 18 on system with 2 replicas
2020-03-30T18:21+02:00: Running test iteration 19 on system with 2 replicas
> Task :DistributedObject:compileJava NO-SOURCE
> Task :DistributedObject:compileScala
> Task :DistributedObject:processResources NO-SOURCE
> Task :DistributedObject:classes
> Task :DistributedObject:compileTestJava NO-SOURCE
> Task :DistributedObject:compileTestScala NO-SOURCE
> Task :DistributedObject:processTestResources NO-SOURCE
> Task :DistributedObject:testClasses UP-TO-DATE
> Task :DistributedObject:compileSystemTestJava NO-SOURCE
> Task :DistributedObject:compileSystemTestScala
> Task :DistributedObject:processSystemTestResources NO-SOURCE
> Task :DistributedObject:systemTestClasses
> Task :DistributedObject:systemTest
> Task :LookupService:compileJava NO-SOURCE
> Task :LookupService:compileScala
> Task :LookupService:processResources NO-SOURCE
> Task :LookupService:classes
> Task :LookupService:compileTestJava NO-SOURCE
> Task :LookupService:compileTestScala
> Task :LookupService:processTestResources NO-SOURCE
> Task :LookupService:testClasses
> Task :LookupService:compileSystemTestJava NO-SOURCE
> Task :LookupService:compileSystemTestScala NO-SOURCE
> Task :LookupService:processSystemTestResources NO-SOURCE
> Task :LookupService:systemTestClasses UP-TO-DATE
> Task :LookupService:systemTest NO-SOURCE

BUILD SUCCESSFUL in 15s
5 actionable tasks: 5 executed
2020-03-30T18:21+02:00: Finished running test iteration 19 on system with 2 replicas
2020-03-30T18:21+02:00: Running test iteration 20 on system with 2 replicas
> Task :DistributedObject:compileJava NO-SOURCE
> Task :DistributedObject:compileScala
> Task :DistributedObject:processResources NO-SOURCE
> Task :DistributedObject:classes
> Task :DistributedObject:compileTestJava NO-SOURCE
> Task :DistributedObject:compileTestScala NO-SOURCE
> Task :DistributedObject:processTestResources NO-SOURCE
> Task :DistributedObject:testClasses UP-TO-DATE
> Task :DistributedObject:compileSystemTestJava NO-SOURCE
> Task :DistributedObject:compileSystemTestScala
> Task :DistributedObject:processSystemTestResources NO-SOURCE
> Task :DistributedObject:systemTestClasses
> Task :DistributedObject:systemTest
> Task :LookupService:compileJava NO-SOURCE
> Task :LookupService:compileScala
> Task :LookupService:processResources NO-SOURCE
> Task :LookupService:classes
> Task :LookupService:compileTestJava NO-SOURCE
> Task :LookupService:compileTestScala
> Task :LookupService:processTestResources NO-SOURCE
> Task :LookupService:testClasses
> Task :LookupService:compileSystemTestJava NO-SOURCE
> Task :LookupService:compileSystemTestScala NO-SOURCE
> Task :LookupService:processSystemTestResources NO-SOURCE
> Task :LookupService:systemTestClasses UP-TO-DATE
> Task :LookupService:systemTest NO-SOURCE

BUILD SUCCESSFUL in 15s
5 actionable tasks: 5 executed
2020-03-30T18:21+02:00: Finished running test iteration 20 on system with 2 replicas
2020-03-30T18:21+02:00: Terminating EC2 instances
> Task :terminateEC2Instances

Deprecated Gradle features were used in this build, making it incompatible with Gradle 7.0.
Use '--warning-mode all' to show the individual deprecation warnings.
See https://docs.gradle.org/6.2.2/userguide/command_line_interface.html#sec:command_line_warnings

BUILD SUCCESSFUL in 1s
1 actionable task: 1 executed
2020-03-30T18:21+02:00: Deploy system with 3 replicas
2020-03-30T18:21+02:00: Deploying Lookup Service 
> Task :deployEC2Instance
> Task :waitInstanceStatusStable
Access instance with: ssh ubuntu@ec2-54-147-150-180.compute-1.amazonaws.com

> Task :DistributedObject:compileJava NO-SOURCE
> Task :DistributedObject:compileScala UP-TO-DATE
> Task :DistributedObject:processResources NO-SOURCE
> Task :DistributedObject:classes UP-TO-DATE
> Task :DistributedObject:jar UP-TO-DATE
> Task :DistributedObject:startScripts UP-TO-DATE
> Task :DistributedObject:distTar UP-TO-DATE
> Task :DistributedObject:distZip UP-TO-DATE
> Task :DistributedObject:shadowJar UP-TO-DATE
> Task :DistributedObject:startShadowScripts UP-TO-DATE
> Task :DistributedObject:shadowDistTar UP-TO-DATE
> Task :DistributedObject:shadowDistZip UP-TO-DATE
> Task :DistributedObject:assemble UP-TO-DATE
> Task :DistributedObject:compileTestJava NO-SOURCE
> Task :DistributedObject:compileTestScala NO-SOURCE
> Task :DistributedObject:processTestResources NO-SOURCE
> Task :DistributedObject:testClasses UP-TO-DATE
> Task :DistributedObject:test NO-SOURCE
> Task :DistributedObject:check UP-TO-DATE
> Task :DistributedObject:build UP-TO-DATE
> Task :LookupService:compileJava NO-SOURCE
> Task :LookupService:compileScala UP-TO-DATE
> Task :LookupService:processResources NO-SOURCE
> Task :LookupService:classes UP-TO-DATE
> Task :LookupService:jar UP-TO-DATE
> Task :LookupService:startScripts UP-TO-DATE
> Task :LookupService:distTar UP-TO-DATE
> Task :LookupService:distZip UP-TO-DATE
> Task :LookupService:shadowJar UP-TO-DATE
> Task :LookupService:startShadowScripts UP-TO-DATE
> Task :LookupService:shadowDistTar UP-TO-DATE
> Task :LookupService:shadowDistZip UP-TO-DATE
> Task :LookupService:assemble UP-TO-DATE
> Task :LookupService:compileTestJava NO-SOURCE
> Task :LookupService:compileTestScala UP-TO-DATE
> Task :LookupService:processTestResources NO-SOURCE
> Task :LookupService:testClasses UP-TO-DATE
> Task :LookupService:test UP-TO-DATE
> Task :LookupService:check UP-TO-DATE
> Task :LookupService:build UP-TO-DATE
> Task :deployLookupService
Copying LookupService to the EC2 instance
Warning: Permanently added 'ec2-54-147-150-180.compute-1.amazonaws.com,54.147.150.180' (ECDSA) to the list of known hosts.
Starting Lookup Service on the EC2 instance

Deprecated Gradle features were used in this build, making it incompatible with Gradle 7.0.
Use '--warning-mode all' to show the individual deprecation warnings.
See https://docs.gradle.org/6.2.2/userguide/command_line_interface.html#sec:command_line_warnings

BUILD SUCCESSFUL in 1m 42s
23 actionable tasks: 3 executed, 20 up-to-date
2020-03-30T18:24+02:00: Deploying Distributed Object 1
> Task :deployEC2Instance
> Task :waitInstanceStatusStable
Access instance with: ssh ubuntu@ec2-3-82-154-241.compute-1.amazonaws.com

> Task :DistributedObject:compileJava NO-SOURCE
> Task :DistributedObject:compileScala UP-TO-DATE
> Task :DistributedObject:processResources NO-SOURCE
> Task :DistributedObject:classes UP-TO-DATE
> Task :DistributedObject:jar UP-TO-DATE
> Task :DistributedObject:startScripts UP-TO-DATE
> Task :DistributedObject:distTar UP-TO-DATE
> Task :DistributedObject:distZip UP-TO-DATE
> Task :DistributedObject:shadowJar UP-TO-DATE
> Task :DistributedObject:startShadowScripts UP-TO-DATE
> Task :DistributedObject:shadowDistTar UP-TO-DATE
> Task :DistributedObject:shadowDistZip UP-TO-DATE
> Task :DistributedObject:assemble UP-TO-DATE
> Task :DistributedObject:compileTestJava NO-SOURCE
> Task :DistributedObject:compileTestScala NO-SOURCE
> Task :DistributedObject:processTestResources NO-SOURCE
> Task :DistributedObject:testClasses UP-TO-DATE
> Task :DistributedObject:test NO-SOURCE
> Task :DistributedObject:check UP-TO-DATE
> Task :DistributedObject:build UP-TO-DATE
> Task :LookupService:compileJava NO-SOURCE
> Task :LookupService:compileScala UP-TO-DATE
> Task :LookupService:processResources NO-SOURCE
> Task :LookupService:classes UP-TO-DATE
> Task :LookupService:jar UP-TO-DATE
> Task :LookupService:startScripts UP-TO-DATE
> Task :LookupService:distTar UP-TO-DATE
> Task :LookupService:distZip UP-TO-DATE
> Task :LookupService:shadowJar UP-TO-DATE
> Task :LookupService:startShadowScripts UP-TO-DATE
> Task :LookupService:shadowDistTar UP-TO-DATE
> Task :LookupService:shadowDistZip UP-TO-DATE
> Task :LookupService:assemble UP-TO-DATE
> Task :LookupService:compileTestJava NO-SOURCE
> Task :LookupService:compileTestScala UP-TO-DATE
> Task :LookupService:processTestResources NO-SOURCE
> Task :LookupService:testClasses UP-TO-DATE
> Task :LookupService:test UP-TO-DATE
> Task :LookupService:check UP-TO-DATE
> Task :LookupService:build UP-TO-DATE
> Task :deployDistributedObject
Copying Distributed Object to the EC2 instance
Warning: Permanently added 'ec2-3-82-154-241.compute-1.amazonaws.com,3.82.154.241' (ECDSA) to the list of known hosts.
Starting Distributed Object on the EC2 instance

Deprecated Gradle features were used in this build, making it incompatible with Gradle 7.0.
Use '--warning-mode all' to show the individual deprecation warnings.
See https://docs.gradle.org/6.2.2/userguide/command_line_interface.html#sec:command_line_warnings

BUILD SUCCESSFUL in 2m 2s
23 actionable tasks: 3 executed, 20 up-to-date
2020-03-30T18:26+02:00: Deploying Distributed Object 2
> Task :deployEC2Instance
> Task :waitInstanceStatusStable
Access instance with: ssh ubuntu@ec2-3-86-8-50.compute-1.amazonaws.com

> Task :DistributedObject:compileJava NO-SOURCE
> Task :DistributedObject:compileScala UP-TO-DATE
> Task :DistributedObject:processResources NO-SOURCE
> Task :DistributedObject:classes UP-TO-DATE
> Task :DistributedObject:jar UP-TO-DATE
> Task :DistributedObject:startScripts UP-TO-DATE
> Task :DistributedObject:distTar UP-TO-DATE
> Task :DistributedObject:distZip UP-TO-DATE
> Task :DistributedObject:shadowJar UP-TO-DATE
> Task :DistributedObject:startShadowScripts UP-TO-DATE
> Task :DistributedObject:shadowDistTar UP-TO-DATE
> Task :DistributedObject:shadowDistZip UP-TO-DATE
> Task :DistributedObject:assemble UP-TO-DATE
> Task :DistributedObject:compileTestJava NO-SOURCE
> Task :DistributedObject:compileTestScala NO-SOURCE
> Task :DistributedObject:processTestResources NO-SOURCE
> Task :DistributedObject:testClasses UP-TO-DATE
> Task :DistributedObject:test NO-SOURCE
> Task :DistributedObject:check UP-TO-DATE
> Task :DistributedObject:build UP-TO-DATE
> Task :LookupService:compileJava NO-SOURCE
> Task :LookupService:compileScala UP-TO-DATE
> Task :LookupService:processResources NO-SOURCE
> Task :LookupService:classes UP-TO-DATE
> Task :LookupService:jar UP-TO-DATE
> Task :LookupService:startScripts UP-TO-DATE
> Task :LookupService:distTar UP-TO-DATE
> Task :LookupService:distZip UP-TO-DATE
> Task :LookupService:shadowJar UP-TO-DATE
> Task :LookupService:startShadowScripts UP-TO-DATE
> Task :LookupService:shadowDistTar UP-TO-DATE
> Task :LookupService:shadowDistZip UP-TO-DATE
> Task :LookupService:assemble UP-TO-DATE
> Task :LookupService:compileTestJava NO-SOURCE
> Task :LookupService:compileTestScala UP-TO-DATE
> Task :LookupService:processTestResources NO-SOURCE
> Task :LookupService:testClasses UP-TO-DATE
> Task :LookupService:test UP-TO-DATE
> Task :LookupService:check UP-TO-DATE
> Task :LookupService:build UP-TO-DATE
> Task :deployDistributedObject
Copying Distributed Object to the EC2 instance
Warning: Permanently added 'ec2-3-86-8-50.compute-1.amazonaws.com,3.86.8.50' (ECDSA) to the list of known hosts.
Starting Distributed Object on the EC2 instance

Deprecated Gradle features were used in this build, making it incompatible with Gradle 7.0.
Use '--warning-mode all' to show the individual deprecation warnings.
See https://docs.gradle.org/6.2.2/userguide/command_line_interface.html#sec:command_line_warnings

BUILD SUCCESSFUL in 1m 43s
23 actionable tasks: 3 executed, 20 up-to-date
2020-03-30T18:28+02:00: Deploying Distributed Object 3
> Task :deployEC2Instance
> Task :waitInstanceStatusStable
Access instance with: ssh ubuntu@ec2-3-87-73-222.compute-1.amazonaws.com

> Task :DistributedObject:compileJava NO-SOURCE
> Task :DistributedObject:compileScala UP-TO-DATE
> Task :DistributedObject:processResources NO-SOURCE
> Task :DistributedObject:classes UP-TO-DATE
> Task :DistributedObject:jar UP-TO-DATE
> Task :DistributedObject:startScripts UP-TO-DATE
> Task :DistributedObject:distTar UP-TO-DATE
> Task :DistributedObject:distZip UP-TO-DATE
> Task :DistributedObject:shadowJar UP-TO-DATE
> Task :DistributedObject:startShadowScripts UP-TO-DATE
> Task :DistributedObject:shadowDistTar UP-TO-DATE
> Task :DistributedObject:shadowDistZip UP-TO-DATE
> Task :DistributedObject:assemble UP-TO-DATE
> Task :DistributedObject:compileTestJava NO-SOURCE
> Task :DistributedObject:compileTestScala NO-SOURCE
> Task :DistributedObject:processTestResources NO-SOURCE
> Task :DistributedObject:testClasses UP-TO-DATE
> Task :DistributedObject:test NO-SOURCE
> Task :DistributedObject:check UP-TO-DATE
> Task :DistributedObject:build UP-TO-DATE
> Task :LookupService:compileJava NO-SOURCE
> Task :LookupService:compileScala UP-TO-DATE
> Task :LookupService:processResources NO-SOURCE
> Task :LookupService:classes UP-TO-DATE
> Task :LookupService:jar UP-TO-DATE
> Task :LookupService:startScripts UP-TO-DATE
> Task :LookupService:distTar UP-TO-DATE
> Task :LookupService:distZip UP-TO-DATE
> Task :LookupService:shadowJar UP-TO-DATE
> Task :LookupService:startShadowScripts UP-TO-DATE
> Task :LookupService:shadowDistTar UP-TO-DATE
> Task :LookupService:shadowDistZip UP-TO-DATE
> Task :LookupService:assemble UP-TO-DATE
> Task :LookupService:compileTestJava NO-SOURCE
> Task :LookupService:compileTestScala UP-TO-DATE
> Task :LookupService:processTestResources NO-SOURCE
> Task :LookupService:testClasses UP-TO-DATE
> Task :LookupService:test UP-TO-DATE
> Task :LookupService:check UP-TO-DATE
> Task :LookupService:build UP-TO-DATE
> Task :deployDistributedObject
Copying Distributed Object to the EC2 instance
Warning: Permanently added 'ec2-3-87-73-222.compute-1.amazonaws.com,3.87.73.222' (ECDSA) to the list of known hosts.
Starting Distributed Object on the EC2 instance

Deprecated Gradle features were used in this build, making it incompatible with Gradle 7.0.
Use '--warning-mode all' to show the individual deprecation warnings.
See https://docs.gradle.org/6.2.2/userguide/command_line_interface.html#sec:command_line_warnings

BUILD SUCCESSFUL in 1m 45s
23 actionable tasks: 3 executed, 20 up-to-date
2020-03-30T18:30+02:00: Finished deploying system with 3 replicas
2020-03-30T18:31+02:00: Running test iteration 1 on system with 3 replicas
> Task :DistributedObject:compileJava NO-SOURCE
> Task :DistributedObject:compileScala
> Task :DistributedObject:processResources NO-SOURCE
> Task :DistributedObject:classes
> Task :DistributedObject:compileTestJava NO-SOURCE
> Task :DistributedObject:compileTestScala NO-SOURCE
> Task :DistributedObject:processTestResources NO-SOURCE
> Task :DistributedObject:testClasses UP-TO-DATE
> Task :DistributedObject:compileSystemTestJava NO-SOURCE
> Task :DistributedObject:compileSystemTestScala
> Task :DistributedObject:processSystemTestResources NO-SOURCE
> Task :DistributedObject:systemTestClasses
> Task :DistributedObject:systemTest
> Task :LookupService:compileJava NO-SOURCE
> Task :LookupService:compileScala
> Task :LookupService:processResources NO-SOURCE
> Task :LookupService:classes
> Task :LookupService:compileTestJava NO-SOURCE
> Task :LookupService:compileTestScala
> Task :LookupService:processTestResources NO-SOURCE
> Task :LookupService:testClasses
> Task :LookupService:compileSystemTestJava NO-SOURCE
> Task :LookupService:compileSystemTestScala NO-SOURCE
> Task :LookupService:processSystemTestResources NO-SOURCE
> Task :LookupService:systemTestClasses UP-TO-DATE
> Task :LookupService:systemTest NO-SOURCE

BUILD SUCCESSFUL in 17s
5 actionable tasks: 5 executed
2020-03-30T18:31+02:00: Finished running test iteration 1 on system with 3 replicas
2020-03-30T18:31+02:00: Running test iteration 2 on system with 3 replicas
> Task :DistributedObject:compileJava NO-SOURCE
> Task :DistributedObject:compileScala
> Task :DistributedObject:processResources NO-SOURCE
> Task :DistributedObject:classes
> Task :DistributedObject:compileTestJava NO-SOURCE
> Task :DistributedObject:compileTestScala NO-SOURCE
> Task :DistributedObject:processTestResources NO-SOURCE
> Task :DistributedObject:testClasses UP-TO-DATE
> Task :DistributedObject:compileSystemTestJava NO-SOURCE
> Task :DistributedObject:compileSystemTestScala
> Task :DistributedObject:processSystemTestResources NO-SOURCE
> Task :DistributedObject:systemTestClasses
> Task :DistributedObject:systemTest
> Task :LookupService:compileJava NO-SOURCE
> Task :LookupService:compileScala
> Task :LookupService:processResources NO-SOURCE
> Task :LookupService:classes
> Task :LookupService:compileTestJava NO-SOURCE
> Task :LookupService:compileTestScala
> Task :LookupService:processTestResources NO-SOURCE
> Task :LookupService:testClasses
> Task :LookupService:compileSystemTestJava NO-SOURCE
> Task :LookupService:compileSystemTestScala NO-SOURCE
> Task :LookupService:processSystemTestResources NO-SOURCE
> Task :LookupService:systemTestClasses UP-TO-DATE
> Task :LookupService:systemTest NO-SOURCE

BUILD SUCCESSFUL in 16s
5 actionable tasks: 5 executed
2020-03-30T18:31+02:00: Finished running test iteration 2 on system with 3 replicas
2020-03-30T18:31+02:00: Running test iteration 3 on system with 3 replicas
> Task :DistributedObject:compileJava NO-SOURCE
> Task :DistributedObject:compileScala
> Task :DistributedObject:processResources NO-SOURCE
> Task :DistributedObject:classes
> Task :DistributedObject:compileTestJava NO-SOURCE
> Task :DistributedObject:compileTestScala NO-SOURCE
> Task :DistributedObject:processTestResources NO-SOURCE
> Task :DistributedObject:testClasses UP-TO-DATE
> Task :DistributedObject:compileSystemTestJava NO-SOURCE
> Task :DistributedObject:compileSystemTestScala
> Task :DistributedObject:processSystemTestResources NO-SOURCE
> Task :DistributedObject:systemTestClasses
> Task :DistributedObject:systemTest
> Task :LookupService:compileJava NO-SOURCE
> Task :LookupService:compileScala
> Task :LookupService:processResources NO-SOURCE
> Task :LookupService:classes
> Task :LookupService:compileTestJava NO-SOURCE
> Task :LookupService:compileTestScala
> Task :LookupService:processTestResources NO-SOURCE
> Task :LookupService:testClasses
> Task :LookupService:compileSystemTestJava NO-SOURCE
> Task :LookupService:compileSystemTestScala NO-SOURCE
> Task :LookupService:processSystemTestResources NO-SOURCE
> Task :LookupService:systemTestClasses UP-TO-DATE
> Task :LookupService:systemTest NO-SOURCE

BUILD SUCCESSFUL in 16s
5 actionable tasks: 5 executed
2020-03-30T18:32+02:00: Finished running test iteration 3 on system with 3 replicas
2020-03-30T18:32+02:00: Running test iteration 4 on system with 3 replicas
> Task :DistributedObject:compileJava NO-SOURCE
> Task :DistributedObject:compileScala
> Task :DistributedObject:processResources NO-SOURCE
> Task :DistributedObject:classes
> Task :DistributedObject:compileTestJava NO-SOURCE
> Task :DistributedObject:compileTestScala NO-SOURCE
> Task :DistributedObject:processTestResources NO-SOURCE
> Task :DistributedObject:testClasses UP-TO-DATE
> Task :DistributedObject:compileSystemTestJava NO-SOURCE
> Task :DistributedObject:compileSystemTestScala
> Task :DistributedObject:processSystemTestResources NO-SOURCE
> Task :DistributedObject:systemTestClasses
> Task :DistributedObject:systemTest
> Task :LookupService:compileJava NO-SOURCE
> Task :LookupService:compileScala
> Task :LookupService:processResources NO-SOURCE
> Task :LookupService:classes
> Task :LookupService:compileTestJava NO-SOURCE
> Task :LookupService:compileTestScala
> Task :LookupService:processTestResources NO-SOURCE
> Task :LookupService:testClasses
> Task :LookupService:compileSystemTestJava NO-SOURCE
> Task :LookupService:compileSystemTestScala NO-SOURCE
> Task :LookupService:processSystemTestResources NO-SOURCE
> Task :LookupService:systemTestClasses UP-TO-DATE
> Task :LookupService:systemTest NO-SOURCE

BUILD SUCCESSFUL in 16s
5 actionable tasks: 5 executed
2020-03-30T18:32+02:00: Finished running test iteration 4 on system with 3 replicas
2020-03-30T18:32+02:00: Running test iteration 5 on system with 3 replicas
> Task :DistributedObject:compileJava NO-SOURCE
> Task :DistributedObject:compileScala
> Task :DistributedObject:processResources NO-SOURCE
> Task :DistributedObject:classes
> Task :DistributedObject:compileTestJava NO-SOURCE
> Task :DistributedObject:compileTestScala NO-SOURCE
> Task :DistributedObject:processTestResources NO-SOURCE
> Task :DistributedObject:testClasses UP-TO-DATE
> Task :DistributedObject:compileSystemTestJava NO-SOURCE
> Task :DistributedObject:compileSystemTestScala
> Task :DistributedObject:processSystemTestResources NO-SOURCE
> Task :DistributedObject:systemTestClasses
> Task :DistributedObject:systemTest
> Task :LookupService:compileJava NO-SOURCE
> Task :LookupService:compileScala
> Task :LookupService:processResources NO-SOURCE
> Task :LookupService:classes
> Task :LookupService:compileTestJava NO-SOURCE
> Task :LookupService:compileTestScala
> Task :LookupService:processTestResources NO-SOURCE
> Task :LookupService:testClasses
> Task :LookupService:compileSystemTestJava NO-SOURCE
> Task :LookupService:compileSystemTestScala NO-SOURCE
> Task :LookupService:processSystemTestResources NO-SOURCE
> Task :LookupService:systemTestClasses UP-TO-DATE
> Task :LookupService:systemTest NO-SOURCE

BUILD SUCCESSFUL in 16s
5 actionable tasks: 5 executed
2020-03-30T18:33+02:00: Finished running test iteration 5 on system with 3 replicas
2020-03-30T18:33+02:00: Running test iteration 6 on system with 3 replicas
> Task :DistributedObject:compileJava NO-SOURCE
> Task :DistributedObject:compileScala
> Task :DistributedObject:processResources NO-SOURCE
> Task :DistributedObject:classes
> Task :DistributedObject:compileTestJava NO-SOURCE
> Task :DistributedObject:compileTestScala NO-SOURCE
> Task :DistributedObject:processTestResources NO-SOURCE
> Task :DistributedObject:testClasses UP-TO-DATE
> Task :DistributedObject:compileSystemTestJava NO-SOURCE
> Task :DistributedObject:compileSystemTestScala
> Task :DistributedObject:processSystemTestResources NO-SOURCE
> Task :DistributedObject:systemTestClasses
> Task :DistributedObject:systemTest
> Task :LookupService:compileJava NO-SOURCE
> Task :LookupService:compileScala
> Task :LookupService:processResources NO-SOURCE
> Task :LookupService:classes
> Task :LookupService:compileTestJava NO-SOURCE
> Task :LookupService:compileTestScala
> Task :LookupService:processTestResources NO-SOURCE
> Task :LookupService:testClasses
> Task :LookupService:compileSystemTestJava NO-SOURCE
> Task :LookupService:compileSystemTestScala NO-SOURCE
> Task :LookupService:processSystemTestResources NO-SOURCE
> Task :LookupService:systemTestClasses UP-TO-DATE
> Task :LookupService:systemTest NO-SOURCE

BUILD SUCCESSFUL in 16s
5 actionable tasks: 5 executed
2020-03-30T18:33+02:00: Finished running test iteration 6 on system with 3 replicas
2020-03-30T18:33+02:00: Running test iteration 7 on system with 3 replicas
> Task :DistributedObject:compileJava NO-SOURCE
> Task :DistributedObject:compileScala
> Task :DistributedObject:processResources NO-SOURCE
> Task :DistributedObject:classes
> Task :DistributedObject:compileTestJava NO-SOURCE
> Task :DistributedObject:compileTestScala NO-SOURCE
> Task :DistributedObject:processTestResources NO-SOURCE
> Task :DistributedObject:testClasses UP-TO-DATE
> Task :DistributedObject:compileSystemTestJava NO-SOURCE
> Task :DistributedObject:compileSystemTestScala
> Task :DistributedObject:processSystemTestResources NO-SOURCE
> Task :DistributedObject:systemTestClasses
> Task :DistributedObject:systemTest
> Task :LookupService:compileJava NO-SOURCE
> Task :LookupService:compileScala
> Task :LookupService:processResources NO-SOURCE
> Task :LookupService:classes
> Task :LookupService:compileTestJava NO-SOURCE
> Task :LookupService:compileTestScala
> Task :LookupService:processTestResources NO-SOURCE
> Task :LookupService:testClasses
> Task :LookupService:compileSystemTestJava NO-SOURCE
> Task :LookupService:compileSystemTestScala NO-SOURCE
> Task :LookupService:processSystemTestResources NO-SOURCE
> Task :LookupService:systemTestClasses UP-TO-DATE
> Task :LookupService:systemTest NO-SOURCE

BUILD SUCCESSFUL in 16s
5 actionable tasks: 5 executed
2020-03-30T18:33+02:00: Finished running test iteration 7 on system with 3 replicas
2020-03-30T18:33+02:00: Running test iteration 8 on system with 3 replicas
> Task :DistributedObject:compileJava NO-SOURCE
> Task :DistributedObject:compileScala
> Task :DistributedObject:processResources NO-SOURCE
> Task :DistributedObject:classes
> Task :DistributedObject:compileTestJava NO-SOURCE
> Task :DistributedObject:compileTestScala NO-SOURCE
> Task :DistributedObject:processTestResources NO-SOURCE
> Task :DistributedObject:testClasses UP-TO-DATE
> Task :DistributedObject:compileSystemTestJava NO-SOURCE
> Task :DistributedObject:compileSystemTestScala
> Task :DistributedObject:processSystemTestResources NO-SOURCE
> Task :DistributedObject:systemTestClasses
> Task :DistributedObject:systemTest
> Task :LookupService:compileJava NO-SOURCE
> Task :LookupService:compileScala
> Task :LookupService:processResources NO-SOURCE
> Task :LookupService:classes
> Task :LookupService:compileTestJava NO-SOURCE
> Task :LookupService:compileTestScala
> Task :LookupService:processTestResources NO-SOURCE
> Task :LookupService:testClasses
> Task :LookupService:compileSystemTestJava NO-SOURCE
> Task :LookupService:compileSystemTestScala NO-SOURCE
> Task :LookupService:processSystemTestResources NO-SOURCE
> Task :LookupService:systemTestClasses UP-TO-DATE
> Task :LookupService:systemTest NO-SOURCE

BUILD SUCCESSFUL in 16s
5 actionable tasks: 5 executed
2020-03-30T18:34+02:00: Finished running test iteration 8 on system with 3 replicas
2020-03-30T18:34+02:00: Running test iteration 9 on system with 3 replicas
> Task :DistributedObject:compileJava NO-SOURCE
> Task :DistributedObject:compileScala
> Task :DistributedObject:processResources NO-SOURCE
> Task :DistributedObject:classes
> Task :DistributedObject:compileTestJava NO-SOURCE
> Task :DistributedObject:compileTestScala NO-SOURCE
> Task :DistributedObject:processTestResources NO-SOURCE
> Task :DistributedObject:testClasses UP-TO-DATE
> Task :DistributedObject:compileSystemTestJava NO-SOURCE
> Task :DistributedObject:compileSystemTestScala
> Task :DistributedObject:processSystemTestResources NO-SOURCE
> Task :DistributedObject:systemTestClasses
> Task :DistributedObject:systemTest
> Task :LookupService:compileJava NO-SOURCE
> Task :LookupService:compileScala
> Task :LookupService:processResources NO-SOURCE
> Task :LookupService:classes
> Task :LookupService:compileTestJava NO-SOURCE
> Task :LookupService:compileTestScala
> Task :LookupService:processTestResources NO-SOURCE
> Task :LookupService:testClasses
> Task :LookupService:compileSystemTestJava NO-SOURCE
> Task :LookupService:compileSystemTestScala NO-SOURCE
> Task :LookupService:processSystemTestResources NO-SOURCE
> Task :LookupService:systemTestClasses UP-TO-DATE
> Task :LookupService:systemTest NO-SOURCE

BUILD SUCCESSFUL in 16s
5 actionable tasks: 5 executed
2020-03-30T18:34+02:00: Finished running test iteration 9 on system with 3 replicas
2020-03-30T18:34+02:00: Running test iteration 10 on system with 3 replicas
> Task :DistributedObject:compileJava NO-SOURCE
> Task :DistributedObject:compileScala
> Task :DistributedObject:processResources NO-SOURCE
> Task :DistributedObject:classes
> Task :DistributedObject:compileTestJava NO-SOURCE
> Task :DistributedObject:compileTestScala NO-SOURCE
> Task :DistributedObject:processTestResources NO-SOURCE
> Task :DistributedObject:testClasses UP-TO-DATE
> Task :DistributedObject:compileSystemTestJava NO-SOURCE
> Task :DistributedObject:compileSystemTestScala
> Task :DistributedObject:processSystemTestResources NO-SOURCE
> Task :DistributedObject:systemTestClasses
> Task :DistributedObject:systemTest
> Task :LookupService:compileJava NO-SOURCE
> Task :LookupService:compileScala
> Task :LookupService:processResources NO-SOURCE
> Task :LookupService:classes
> Task :LookupService:compileTestJava NO-SOURCE
> Task :LookupService:compileTestScala
> Task :LookupService:processTestResources NO-SOURCE
> Task :LookupService:testClasses
> Task :LookupService:compileSystemTestJava NO-SOURCE
> Task :LookupService:compileSystemTestScala NO-SOURCE
> Task :LookupService:processSystemTestResources NO-SOURCE
> Task :LookupService:systemTestClasses UP-TO-DATE
> Task :LookupService:systemTest NO-SOURCE

BUILD SUCCESSFUL in 16s
5 actionable tasks: 5 executed
2020-03-30T18:34+02:00: Finished running test iteration 10 on system with 3 replicas
2020-03-30T18:34+02:00: Running test iteration 11 on system with 3 replicas
> Task :DistributedObject:compileJava NO-SOURCE
> Task :DistributedObject:compileScala
> Task :DistributedObject:processResources NO-SOURCE
> Task :DistributedObject:classes
> Task :DistributedObject:compileTestJava NO-SOURCE
> Task :DistributedObject:compileTestScala NO-SOURCE
> Task :DistributedObject:processTestResources NO-SOURCE
> Task :DistributedObject:testClasses UP-TO-DATE
> Task :DistributedObject:compileSystemTestJava NO-SOURCE
> Task :DistributedObject:compileSystemTestScala
> Task :DistributedObject:processSystemTestResources NO-SOURCE
> Task :DistributedObject:systemTestClasses
> Task :DistributedObject:systemTest
> Task :LookupService:compileJava NO-SOURCE
> Task :LookupService:compileScala
> Task :LookupService:processResources NO-SOURCE
> Task :LookupService:classes
> Task :LookupService:compileTestJava NO-SOURCE
> Task :LookupService:compileTestScala
> Task :LookupService:processTestResources NO-SOURCE
> Task :LookupService:testClasses
> Task :LookupService:compileSystemTestJava NO-SOURCE
> Task :LookupService:compileSystemTestScala NO-SOURCE
> Task :LookupService:processSystemTestResources NO-SOURCE
> Task :LookupService:systemTestClasses UP-TO-DATE
> Task :LookupService:systemTest NO-SOURCE

BUILD SUCCESSFUL in 16s
5 actionable tasks: 5 executed
2020-03-30T18:35+02:00: Finished running test iteration 11 on system with 3 replicas
2020-03-30T18:35+02:00: Running test iteration 12 on system with 3 replicas
> Task :DistributedObject:compileJava NO-SOURCE
> Task :DistributedObject:compileScala
> Task :DistributedObject:processResources NO-SOURCE
> Task :DistributedObject:classes
> Task :DistributedObject:compileTestJava NO-SOURCE
> Task :DistributedObject:compileTestScala NO-SOURCE
> Task :DistributedObject:processTestResources NO-SOURCE
> Task :DistributedObject:testClasses UP-TO-DATE
> Task :DistributedObject:compileSystemTestJava NO-SOURCE
> Task :DistributedObject:compileSystemTestScala
> Task :DistributedObject:processSystemTestResources NO-SOURCE
> Task :DistributedObject:systemTestClasses
> Task :DistributedObject:systemTest
> Task :LookupService:compileJava NO-SOURCE
> Task :LookupService:compileScala
> Task :LookupService:processResources NO-SOURCE
> Task :LookupService:classes
> Task :LookupService:compileTestJava NO-SOURCE
> Task :LookupService:compileTestScala
> Task :LookupService:processTestResources NO-SOURCE
> Task :LookupService:testClasses
> Task :LookupService:compileSystemTestJava NO-SOURCE
> Task :LookupService:compileSystemTestScala NO-SOURCE
> Task :LookupService:processSystemTestResources NO-SOURCE
> Task :LookupService:systemTestClasses UP-TO-DATE
> Task :LookupService:systemTest NO-SOURCE

BUILD SUCCESSFUL in 16s
5 actionable tasks: 5 executed
2020-03-30T18:35+02:00: Finished running test iteration 12 on system with 3 replicas
2020-03-30T18:35+02:00: Running test iteration 13 on system with 3 replicas
> Task :DistributedObject:compileJava NO-SOURCE
> Task :DistributedObject:compileScala
> Task :DistributedObject:processResources NO-SOURCE
> Task :DistributedObject:classes
> Task :DistributedObject:compileTestJava NO-SOURCE
> Task :DistributedObject:compileTestScala NO-SOURCE
> Task :DistributedObject:processTestResources NO-SOURCE
> Task :DistributedObject:testClasses UP-TO-DATE
> Task :DistributedObject:compileSystemTestJava NO-SOURCE
> Task :DistributedObject:compileSystemTestScala
> Task :DistributedObject:processSystemTestResources NO-SOURCE
> Task :DistributedObject:systemTestClasses
> Task :DistributedObject:systemTest
> Task :LookupService:compileJava NO-SOURCE
> Task :LookupService:compileScala
> Task :LookupService:processResources NO-SOURCE
> Task :LookupService:classes
> Task :LookupService:compileTestJava NO-SOURCE
> Task :LookupService:compileTestScala
> Task :LookupService:processTestResources NO-SOURCE
> Task :LookupService:testClasses
> Task :LookupService:compileSystemTestJava NO-SOURCE
> Task :LookupService:compileSystemTestScala NO-SOURCE
> Task :LookupService:processSystemTestResources NO-SOURCE
> Task :LookupService:systemTestClasses UP-TO-DATE
> Task :LookupService:systemTest NO-SOURCE

BUILD SUCCESSFUL in 16s
5 actionable tasks: 5 executed
2020-03-30T18:35+02:00: Finished running test iteration 13 on system with 3 replicas
2020-03-30T18:36+02:00: Running test iteration 14 on system with 3 replicas
> Task :DistributedObject:compileJava NO-SOURCE
> Task :DistributedObject:compileScala
> Task :DistributedObject:processResources NO-SOURCE
> Task :DistributedObject:classes
> Task :DistributedObject:compileTestJava NO-SOURCE
> Task :DistributedObject:compileTestScala NO-SOURCE
> Task :DistributedObject:processTestResources NO-SOURCE
> Task :DistributedObject:testClasses UP-TO-DATE
> Task :DistributedObject:compileSystemTestJava NO-SOURCE
> Task :DistributedObject:compileSystemTestScala
> Task :DistributedObject:processSystemTestResources NO-SOURCE
> Task :DistributedObject:systemTestClasses
> Task :DistributedObject:systemTest
> Task :LookupService:compileJava NO-SOURCE
> Task :LookupService:compileScala
> Task :LookupService:processResources NO-SOURCE
> Task :LookupService:classes
> Task :LookupService:compileTestJava NO-SOURCE
> Task :LookupService:compileTestScala
> Task :LookupService:processTestResources NO-SOURCE
> Task :LookupService:testClasses
> Task :LookupService:compileSystemTestJava NO-SOURCE
> Task :LookupService:compileSystemTestScala NO-SOURCE
> Task :LookupService:processSystemTestResources NO-SOURCE
> Task :LookupService:systemTestClasses UP-TO-DATE
> Task :LookupService:systemTest NO-SOURCE

BUILD SUCCESSFUL in 16s
5 actionable tasks: 5 executed
2020-03-30T18:36+02:00: Finished running test iteration 14 on system with 3 replicas
2020-03-30T18:36+02:00: Running test iteration 15 on system with 3 replicas
> Task :DistributedObject:compileJava NO-SOURCE
> Task :DistributedObject:compileScala
> Task :DistributedObject:processResources NO-SOURCE
> Task :DistributedObject:classes
> Task :DistributedObject:compileTestJava NO-SOURCE
> Task :DistributedObject:compileTestScala NO-SOURCE
> Task :DistributedObject:processTestResources NO-SOURCE
> Task :DistributedObject:testClasses UP-TO-DATE
> Task :DistributedObject:compileSystemTestJava NO-SOURCE
> Task :DistributedObject:compileSystemTestScala
> Task :DistributedObject:processSystemTestResources NO-SOURCE
> Task :DistributedObject:systemTestClasses
> Task :DistributedObject:systemTest
> Task :LookupService:compileJava NO-SOURCE
> Task :LookupService:compileScala
> Task :LookupService:processResources NO-SOURCE
> Task :LookupService:classes
> Task :LookupService:compileTestJava NO-SOURCE
> Task :LookupService:compileTestScala
> Task :LookupService:processTestResources NO-SOURCE
> Task :LookupService:testClasses
> Task :LookupService:compileSystemTestJava NO-SOURCE
> Task :LookupService:compileSystemTestScala NO-SOURCE
> Task :LookupService:processSystemTestResources NO-SOURCE
> Task :LookupService:systemTestClasses UP-TO-DATE
> Task :LookupService:systemTest NO-SOURCE

BUILD SUCCESSFUL in 16s
5 actionable tasks: 5 executed
2020-03-30T18:36+02:00: Finished running test iteration 15 on system with 3 replicas
2020-03-30T18:36+02:00: Running test iteration 16 on system with 3 replicas
> Task :DistributedObject:compileJava NO-SOURCE
> Task :DistributedObject:compileScala
> Task :DistributedObject:processResources NO-SOURCE
> Task :DistributedObject:classes
> Task :DistributedObject:compileTestJava NO-SOURCE
> Task :DistributedObject:compileTestScala NO-SOURCE
> Task :DistributedObject:processTestResources NO-SOURCE
> Task :DistributedObject:testClasses UP-TO-DATE
> Task :DistributedObject:compileSystemTestJava NO-SOURCE
> Task :DistributedObject:compileSystemTestScala
> Task :DistributedObject:processSystemTestResources NO-SOURCE
> Task :DistributedObject:systemTestClasses
> Task :DistributedObject:systemTest
> Task :LookupService:compileJava NO-SOURCE
> Task :LookupService:compileScala
> Task :LookupService:processResources NO-SOURCE
> Task :LookupService:classes
> Task :LookupService:compileTestJava NO-SOURCE
> Task :LookupService:compileTestScala
> Task :LookupService:processTestResources NO-SOURCE
> Task :LookupService:testClasses
> Task :LookupService:compileSystemTestJava NO-SOURCE
> Task :LookupService:compileSystemTestScala NO-SOURCE
> Task :LookupService:processSystemTestResources NO-SOURCE
> Task :LookupService:systemTestClasses UP-TO-DATE
> Task :LookupService:systemTest NO-SOURCE

BUILD SUCCESSFUL in 16s
5 actionable tasks: 5 executed
2020-03-30T18:37+02:00: Finished running test iteration 16 on system with 3 replicas
2020-03-30T18:37+02:00: Running test iteration 17 on system with 3 replicas
> Task :DistributedObject:compileJava NO-SOURCE
> Task :DistributedObject:compileScala
> Task :DistributedObject:processResources NO-SOURCE
> Task :DistributedObject:classes
> Task :DistributedObject:compileTestJava NO-SOURCE
> Task :DistributedObject:compileTestScala NO-SOURCE
> Task :DistributedObject:processTestResources NO-SOURCE
> Task :DistributedObject:testClasses UP-TO-DATE
> Task :DistributedObject:compileSystemTestJava NO-SOURCE
> Task :DistributedObject:compileSystemTestScala
> Task :DistributedObject:processSystemTestResources NO-SOURCE
> Task :DistributedObject:systemTestClasses
> Task :DistributedObject:systemTest
> Task :LookupService:compileJava NO-SOURCE
> Task :LookupService:compileScala
> Task :LookupService:processResources NO-SOURCE
> Task :LookupService:classes
> Task :LookupService:compileTestJava NO-SOURCE
> Task :LookupService:compileTestScala
> Task :LookupService:processTestResources NO-SOURCE
> Task :LookupService:testClasses
> Task :LookupService:compileSystemTestJava NO-SOURCE
> Task :LookupService:compileSystemTestScala NO-SOURCE
> Task :LookupService:processSystemTestResources NO-SOURCE
> Task :LookupService:systemTestClasses UP-TO-DATE
> Task :LookupService:systemTest NO-SOURCE

BUILD SUCCESSFUL in 16s
5 actionable tasks: 5 executed
2020-03-30T18:37+02:00: Finished running test iteration 17 on system with 3 replicas
2020-03-30T18:37+02:00: Running test iteration 18 on system with 3 replicas
> Task :DistributedObject:compileJava NO-SOURCE
> Task :DistributedObject:compileScala
> Task :DistributedObject:processResources NO-SOURCE
> Task :DistributedObject:classes
> Task :DistributedObject:compileTestJava NO-SOURCE
> Task :DistributedObject:compileTestScala NO-SOURCE
> Task :DistributedObject:processTestResources NO-SOURCE
> Task :DistributedObject:testClasses UP-TO-DATE
> Task :DistributedObject:compileSystemTestJava NO-SOURCE
> Task :DistributedObject:compileSystemTestScala
> Task :DistributedObject:processSystemTestResources NO-SOURCE
> Task :DistributedObject:systemTestClasses
> Task :DistributedObject:systemTest
> Task :LookupService:compileJava NO-SOURCE
> Task :LookupService:compileScala
> Task :LookupService:processResources NO-SOURCE
> Task :LookupService:classes
> Task :LookupService:compileTestJava NO-SOURCE
> Task :LookupService:compileTestScala
> Task :LookupService:processTestResources NO-SOURCE
> Task :LookupService:testClasses
> Task :LookupService:compileSystemTestJava NO-SOURCE
> Task :LookupService:compileSystemTestScala NO-SOURCE
> Task :LookupService:processSystemTestResources NO-SOURCE
> Task :LookupService:systemTestClasses UP-TO-DATE
> Task :LookupService:systemTest NO-SOURCE

BUILD SUCCESSFUL in 16s
5 actionable tasks: 5 executed
2020-03-30T18:37+02:00: Finished running test iteration 18 on system with 3 replicas
2020-03-30T18:37+02:00: Running test iteration 19 on system with 3 replicas
> Task :DistributedObject:compileJava NO-SOURCE
> Task :DistributedObject:compileScala
> Task :DistributedObject:processResources NO-SOURCE
> Task :DistributedObject:classes
> Task :DistributedObject:compileTestJava NO-SOURCE
> Task :DistributedObject:compileTestScala NO-SOURCE
> Task :DistributedObject:processTestResources NO-SOURCE
> Task :DistributedObject:testClasses UP-TO-DATE
> Task :DistributedObject:compileSystemTestJava NO-SOURCE
> Task :DistributedObject:compileSystemTestScala
> Task :DistributedObject:processSystemTestResources NO-SOURCE
> Task :DistributedObject:systemTestClasses
> Task :DistributedObject:systemTest
> Task :LookupService:compileJava NO-SOURCE
> Task :LookupService:compileScala
> Task :LookupService:processResources NO-SOURCE
> Task :LookupService:classes
> Task :LookupService:compileTestJava NO-SOURCE
> Task :LookupService:compileTestScala
> Task :LookupService:processTestResources NO-SOURCE
> Task :LookupService:testClasses
> Task :LookupService:compileSystemTestJava NO-SOURCE
> Task :LookupService:compileSystemTestScala NO-SOURCE
> Task :LookupService:processSystemTestResources NO-SOURCE
> Task :LookupService:systemTestClasses UP-TO-DATE
> Task :LookupService:systemTest NO-SOURCE

BUILD SUCCESSFUL in 16s
5 actionable tasks: 5 executed
2020-03-30T18:38+02:00: Finished running test iteration 19 on system with 3 replicas
2020-03-30T18:38+02:00: Running test iteration 20 on system with 3 replicas
> Task :DistributedObject:compileJava NO-SOURCE
> Task :DistributedObject:compileScala
> Task :DistributedObject:processResources NO-SOURCE
> Task :DistributedObject:classes
> Task :DistributedObject:compileTestJava NO-SOURCE
> Task :DistributedObject:compileTestScala NO-SOURCE
> Task :DistributedObject:processTestResources NO-SOURCE
> Task :DistributedObject:testClasses UP-TO-DATE
> Task :DistributedObject:compileSystemTestJava NO-SOURCE
> Task :DistributedObject:compileSystemTestScala
> Task :DistributedObject:processSystemTestResources NO-SOURCE
> Task :DistributedObject:systemTestClasses
> Task :DistributedObject:systemTest
> Task :LookupService:compileJava NO-SOURCE
> Task :LookupService:compileScala
> Task :LookupService:processResources NO-SOURCE
> Task :LookupService:classes
> Task :LookupService:compileTestJava NO-SOURCE
> Task :LookupService:compileTestScala
> Task :LookupService:processTestResources NO-SOURCE
> Task :LookupService:testClasses
> Task :LookupService:compileSystemTestJava NO-SOURCE
> Task :LookupService:compileSystemTestScala NO-SOURCE
> Task :LookupService:processSystemTestResources NO-SOURCE
> Task :LookupService:systemTestClasses UP-TO-DATE
> Task :LookupService:systemTest NO-SOURCE

BUILD SUCCESSFUL in 16s
5 actionable tasks: 5 executed
2020-03-30T18:38+02:00: Finished running test iteration 20 on system with 3 replicas
2020-03-30T18:38+02:00: Terminating EC2 instances
> Task :terminateEC2Instances

Deprecated Gradle features were used in this build, making it incompatible with Gradle 7.0.
Use '--warning-mode all' to show the individual deprecation warnings.
See https://docs.gradle.org/6.2.2/userguide/command_line_interface.html#sec:command_line_warnings

BUILD SUCCESSFUL in 1s
1 actionable task: 1 executed
2020-03-30T18:38+02:00: Deploy system with 5 replicas
2020-03-30T18:38+02:00: Deploying Lookup Service 
> Task :deployEC2Instance
> Task :waitInstanceStatusStable
Access instance with: ssh ubuntu@ec2-52-204-67-187.compute-1.amazonaws.com

> Task :DistributedObject:compileJava NO-SOURCE
> Task :DistributedObject:compileScala UP-TO-DATE
> Task :DistributedObject:processResources NO-SOURCE
> Task :DistributedObject:classes UP-TO-DATE
> Task :DistributedObject:jar UP-TO-DATE
> Task :DistributedObject:startScripts UP-TO-DATE
> Task :DistributedObject:distTar UP-TO-DATE
> Task :DistributedObject:distZip UP-TO-DATE
> Task :DistributedObject:shadowJar UP-TO-DATE
> Task :DistributedObject:startShadowScripts UP-TO-DATE
> Task :DistributedObject:shadowDistTar UP-TO-DATE
> Task :DistributedObject:shadowDistZip UP-TO-DATE
> Task :DistributedObject:assemble UP-TO-DATE
> Task :DistributedObject:compileTestJava NO-SOURCE
> Task :DistributedObject:compileTestScala NO-SOURCE
> Task :DistributedObject:processTestResources NO-SOURCE
> Task :DistributedObject:testClasses UP-TO-DATE
> Task :DistributedObject:test NO-SOURCE
> Task :DistributedObject:check UP-TO-DATE
> Task :DistributedObject:build UP-TO-DATE
> Task :LookupService:compileJava NO-SOURCE
> Task :LookupService:compileScala UP-TO-DATE
> Task :LookupService:processResources NO-SOURCE
> Task :LookupService:classes UP-TO-DATE
> Task :LookupService:jar UP-TO-DATE
> Task :LookupService:startScripts UP-TO-DATE
> Task :LookupService:distTar UP-TO-DATE
> Task :LookupService:distZip UP-TO-DATE
> Task :LookupService:shadowJar UP-TO-DATE
> Task :LookupService:startShadowScripts UP-TO-DATE
> Task :LookupService:shadowDistTar UP-TO-DATE
> Task :LookupService:shadowDistZip UP-TO-DATE
> Task :LookupService:assemble UP-TO-DATE
> Task :LookupService:compileTestJava NO-SOURCE
> Task :LookupService:compileTestScala UP-TO-DATE
> Task :LookupService:processTestResources NO-SOURCE
> Task :LookupService:testClasses UP-TO-DATE
> Task :LookupService:test UP-TO-DATE
> Task :LookupService:check UP-TO-DATE
> Task :LookupService:build UP-TO-DATE
> Task :deployLookupService
Copying LookupService to the EC2 instance
Warning: Permanently added 'ec2-52-204-67-187.compute-1.amazonaws.com,52.204.67.187' (ECDSA) to the list of known hosts.
Starting Lookup Service on the EC2 instance

Deprecated Gradle features were used in this build, making it incompatible with Gradle 7.0.
Use '--warning-mode all' to show the individual deprecation warnings.
See https://docs.gradle.org/6.2.2/userguide/command_line_interface.html#sec:command_line_warnings

BUILD SUCCESSFUL in 1m 55s
23 actionable tasks: 3 executed, 20 up-to-date
2020-03-30T18:41+02:00: Deploying Distributed Object 1
> Task :deployEC2Instance
> Task :waitInstanceStatusStable
Access instance with: ssh ubuntu@ec2-54-198-8-28.compute-1.amazonaws.com

> Task :DistributedObject:compileJava NO-SOURCE
> Task :DistributedObject:compileScala UP-TO-DATE
> Task :DistributedObject:processResources NO-SOURCE
> Task :DistributedObject:classes UP-TO-DATE
> Task :DistributedObject:jar UP-TO-DATE
> Task :DistributedObject:startScripts UP-TO-DATE
> Task :DistributedObject:distTar UP-TO-DATE
> Task :DistributedObject:distZip UP-TO-DATE
> Task :DistributedObject:shadowJar UP-TO-DATE
> Task :DistributedObject:startShadowScripts UP-TO-DATE
> Task :DistributedObject:shadowDistTar UP-TO-DATE
> Task :DistributedObject:shadowDistZip UP-TO-DATE
> Task :DistributedObject:assemble UP-TO-DATE
> Task :DistributedObject:compileTestJava NO-SOURCE
> Task :DistributedObject:compileTestScala NO-SOURCE
> Task :DistributedObject:processTestResources NO-SOURCE
> Task :DistributedObject:testClasses UP-TO-DATE
> Task :DistributedObject:test NO-SOURCE
> Task :DistributedObject:check UP-TO-DATE
> Task :DistributedObject:build UP-TO-DATE
> Task :LookupService:compileJava NO-SOURCE
> Task :LookupService:compileScala UP-TO-DATE
> Task :LookupService:processResources NO-SOURCE
> Task :LookupService:classes UP-TO-DATE
> Task :LookupService:jar UP-TO-DATE
> Task :LookupService:startScripts UP-TO-DATE
> Task :LookupService:distTar UP-TO-DATE
> Task :LookupService:distZip UP-TO-DATE
> Task :LookupService:shadowJar UP-TO-DATE
> Task :LookupService:startShadowScripts UP-TO-DATE
> Task :LookupService:shadowDistTar UP-TO-DATE
> Task :LookupService:shadowDistZip UP-TO-DATE
> Task :LookupService:assemble UP-TO-DATE
> Task :LookupService:compileTestJava NO-SOURCE
> Task :LookupService:compileTestScala UP-TO-DATE
> Task :LookupService:processTestResources NO-SOURCE
> Task :LookupService:testClasses UP-TO-DATE
> Task :LookupService:test UP-TO-DATE
> Task :LookupService:check UP-TO-DATE
> Task :LookupService:build UP-TO-DATE
> Task :deployDistributedObject
Copying Distributed Object to the EC2 instance
Warning: Permanently added 'ec2-54-198-8-28.compute-1.amazonaws.com,54.198.8.28' (ECDSA) to the list of known hosts.
Starting Distributed Object on the EC2 instance

Deprecated Gradle features were used in this build, making it incompatible with Gradle 7.0.
Use '--warning-mode all' to show the individual deprecation warnings.
See https://docs.gradle.org/6.2.2/userguide/command_line_interface.html#sec:command_line_warnings

BUILD SUCCESSFUL in 1m 43s
23 actionable tasks: 3 executed, 20 up-to-date
2020-03-30T18:43+02:00: Deploying Distributed Object 2
> Task :deployEC2Instance

> Task :waitInstanceStatusStable
Access instance with: ssh ubuntu@ec2-54-89-224-0.compute-1.amazonaws.com

> Task :DistributedObject:compileJava NO-SOURCE
> Task :DistributedObject:compileScala UP-TO-DATE
> Task :DistributedObject:processResources NO-SOURCE
> Task :DistributedObject:classes UP-TO-DATE
> Task :DistributedObject:jar UP-TO-DATE
> Task :DistributedObject:startScripts UP-TO-DATE
> Task :DistributedObject:distTar UP-TO-DATE
> Task :DistributedObject:distZip UP-TO-DATE
> Task :DistributedObject:shadowJar UP-TO-DATE
> Task :DistributedObject:startShadowScripts UP-TO-DATE
> Task :DistributedObject:shadowDistTar UP-TO-DATE
> Task :DistributedObject:shadowDistZip UP-TO-DATE
> Task :DistributedObject:assemble UP-TO-DATE
> Task :DistributedObject:compileTestJava NO-SOURCE
> Task :DistributedObject:compileTestScala NO-SOURCE
> Task :DistributedObject:processTestResources NO-SOURCE
> Task :DistributedObject:testClasses UP-TO-DATE
> Task :DistributedObject:test NO-SOURCE
> Task :DistributedObject:check UP-TO-DATE
> Task :DistributedObject:build UP-TO-DATE
> Task :LookupService:compileJava NO-SOURCE
> Task :LookupService:compileScala UP-TO-DATE
> Task :LookupService:processResources NO-SOURCE
> Task :LookupService:classes UP-TO-DATE
> Task :LookupService:jar UP-TO-DATE
> Task :LookupService:startScripts UP-TO-DATE
> Task :LookupService:distTar UP-TO-DATE
> Task :LookupService:distZip UP-TO-DATE
> Task :LookupService:shadowJar UP-TO-DATE
> Task :LookupService:startShadowScripts UP-TO-DATE
> Task :LookupService:shadowDistTar UP-TO-DATE
> Task :LookupService:shadowDistZip UP-TO-DATE
> Task :LookupService:assemble UP-TO-DATE
> Task :LookupService:compileTestJava NO-SOURCE
> Task :LookupService:compileTestScala UP-TO-DATE
> Task :LookupService:processTestResources NO-SOURCE
> Task :LookupService:testClasses UP-TO-DATE
> Task :LookupService:test UP-TO-DATE
> Task :LookupService:check UP-TO-DATE
> Task :LookupService:build UP-TO-DATE
> Task :deployDistributedObject
Copying Distributed Object to the EC2 instance
Warning: Permanently added 'ec2-54-89-224-0.compute-1.amazonaws.com,54.89.224.0' (ECDSA) to the list of known hosts.
Starting Distributed Object on the EC2 instance

Deprecated Gradle features were used in this build, making it incompatible with Gradle 7.0.
Use '--warning-mode all' to show the individual deprecation warnings.
See https://docs.gradle.org/6.2.2/userguide/command_line_interface.html#sec:command_line_warnings

BUILD SUCCESSFUL in 1m 32s
23 actionable tasks: 3 executed, 20 up-to-date
2020-03-30T18:44+02:00: Deploying Distributed Object 3
> Task :deployEC2Instance
> Task :waitInstanceStatusStable
Access instance with: ssh ubuntu@ec2-3-84-9-49.compute-1.amazonaws.com

> Task :DistributedObject:compileJava NO-SOURCE
> Task :DistributedObject:compileScala UP-TO-DATE
> Task :DistributedObject:processResources NO-SOURCE
> Task :DistributedObject:classes UP-TO-DATE
> Task :DistributedObject:jar UP-TO-DATE
> Task :DistributedObject:startScripts UP-TO-DATE
> Task :DistributedObject:distTar UP-TO-DATE
> Task :DistributedObject:distZip UP-TO-DATE
> Task :DistributedObject:shadowJar UP-TO-DATE
> Task :DistributedObject:startShadowScripts UP-TO-DATE
> Task :DistributedObject:shadowDistTar UP-TO-DATE
> Task :DistributedObject:shadowDistZip UP-TO-DATE
> Task :DistributedObject:assemble UP-TO-DATE
> Task :DistributedObject:compileTestJava NO-SOURCE
> Task :DistributedObject:compileTestScala NO-SOURCE
> Task :DistributedObject:processTestResources NO-SOURCE
> Task :DistributedObject:testClasses UP-TO-DATE
> Task :DistributedObject:test NO-SOURCE
> Task :DistributedObject:check UP-TO-DATE
> Task :DistributedObject:build UP-TO-DATE
> Task :LookupService:compileJava NO-SOURCE
> Task :LookupService:compileScala UP-TO-DATE
> Task :LookupService:processResources NO-SOURCE
> Task :LookupService:classes UP-TO-DATE
> Task :LookupService:jar UP-TO-DATE
> Task :LookupService:startScripts UP-TO-DATE
> Task :LookupService:distTar UP-TO-DATE
> Task :LookupService:distZip UP-TO-DATE
> Task :LookupService:shadowJar UP-TO-DATE
> Task :LookupService:startShadowScripts UP-TO-DATE
> Task :LookupService:shadowDistTar UP-TO-DATE
> Task :LookupService:shadowDistZip UP-TO-DATE
> Task :LookupService:assemble UP-TO-DATE
> Task :LookupService:compileTestJava NO-SOURCE
> Task :LookupService:compileTestScala UP-TO-DATE
> Task :LookupService:processTestResources NO-SOURCE
> Task :LookupService:testClasses UP-TO-DATE
> Task :LookupService:test UP-TO-DATE
> Task :LookupService:check UP-TO-DATE
> Task :LookupService:build UP-TO-DATE
> Task :deployDistributedObject
Copying Distributed Object to the EC2 instance
Warning: Permanently added 'ec2-3-84-9-49.compute-1.amazonaws.com,3.84.9.49' (ECDSA) to the list of known hosts.
Starting Distributed Object on the EC2 instance

Deprecated Gradle features were used in this build, making it incompatible with Gradle 7.0.
Use '--warning-mode all' to show the individual deprecation warnings.
See https://docs.gradle.org/6.2.2/userguide/command_line_interface.html#sec:command_line_warnings

BUILD SUCCESSFUL in 1m 42s
23 actionable tasks: 3 executed, 20 up-to-date
2020-03-30T18:46+02:00: Deploying Distributed Object 4
> Task :deployEC2Instance
> Task :waitInstanceStatusStable
Access instance with: ssh ubuntu@ec2-3-87-21-52.compute-1.amazonaws.com

> Task :DistributedObject:compileJava NO-SOURCE
> Task :DistributedObject:compileScala UP-TO-DATE
> Task :DistributedObject:processResources NO-SOURCE
> Task :DistributedObject:classes UP-TO-DATE
> Task :DistributedObject:jar UP-TO-DATE
> Task :DistributedObject:startScripts UP-TO-DATE
> Task :DistributedObject:distTar UP-TO-DATE
> Task :DistributedObject:distZip UP-TO-DATE
> Task :DistributedObject:shadowJar UP-TO-DATE
> Task :DistributedObject:startShadowScripts UP-TO-DATE
> Task :DistributedObject:shadowDistTar UP-TO-DATE
> Task :DistributedObject:shadowDistZip UP-TO-DATE
> Task :DistributedObject:assemble UP-TO-DATE
> Task :DistributedObject:compileTestJava NO-SOURCE
> Task :DistributedObject:compileTestScala NO-SOURCE
> Task :DistributedObject:processTestResources NO-SOURCE
> Task :DistributedObject:testClasses UP-TO-DATE
> Task :DistributedObject:test NO-SOURCE
> Task :DistributedObject:check UP-TO-DATE
> Task :DistributedObject:build UP-TO-DATE
> Task :LookupService:compileJava NO-SOURCE
> Task :LookupService:compileScala UP-TO-DATE
> Task :LookupService:processResources NO-SOURCE
> Task :LookupService:classes UP-TO-DATE
> Task :LookupService:jar UP-TO-DATE
> Task :LookupService:startScripts UP-TO-DATE
> Task :LookupService:distTar UP-TO-DATE
> Task :LookupService:distZip UP-TO-DATE
> Task :LookupService:shadowJar UP-TO-DATE
> Task :LookupService:startShadowScripts UP-TO-DATE
> Task :LookupService:shadowDistTar UP-TO-DATE
> Task :LookupService:shadowDistZip UP-TO-DATE
> Task :LookupService:assemble UP-TO-DATE
> Task :LookupService:compileTestJava NO-SOURCE
> Task :LookupService:compileTestScala UP-TO-DATE
> Task :LookupService:processTestResources NO-SOURCE
> Task :LookupService:testClasses UP-TO-DATE
> Task :LookupService:test UP-TO-DATE
> Task :LookupService:check UP-TO-DATE
> Task :LookupService:build UP-TO-DATE
> Task :deployDistributedObject
Copying Distributed Object to the EC2 instance
Warning: Permanently added 'ec2-3-87-21-52.compute-1.amazonaws.com,3.87.21.52' (ECDSA) to the list of known hosts.
Starting Distributed Object on the EC2 instance

Deprecated Gradle features were used in this build, making it incompatible with Gradle 7.0.
Use '--warning-mode all' to show the individual deprecation warnings.
See https://docs.gradle.org/6.2.2/userguide/command_line_interface.html#sec:command_line_warnings

BUILD SUCCESSFUL in 1m 42s
23 actionable tasks: 3 executed, 20 up-to-date
2020-03-30T18:48+02:00: Deploying Distributed Object 5
> Task :deployEC2Instance
> Task :waitInstanceStatusStable
Access instance with: ssh ubuntu@ec2-3-87-31-44.compute-1.amazonaws.com

> Task :DistributedObject:compileJava NO-SOURCE
> Task :DistributedObject:compileScala UP-TO-DATE
> Task :DistributedObject:processResources NO-SOURCE
> Task :DistributedObject:classes UP-TO-DATE
> Task :DistributedObject:jar UP-TO-DATE
> Task :DistributedObject:startScripts UP-TO-DATE
> Task :DistributedObject:distTar UP-TO-DATE
> Task :DistributedObject:distZip UP-TO-DATE
> Task :DistributedObject:shadowJar UP-TO-DATE
> Task :DistributedObject:startShadowScripts UP-TO-DATE
> Task :DistributedObject:shadowDistTar UP-TO-DATE
> Task :DistributedObject:shadowDistZip UP-TO-DATE
> Task :DistributedObject:assemble UP-TO-DATE
> Task :DistributedObject:compileTestJava NO-SOURCE
> Task :DistributedObject:compileTestScala NO-SOURCE
> Task :DistributedObject:processTestResources NO-SOURCE
> Task :DistributedObject:testClasses UP-TO-DATE
> Task :DistributedObject:test NO-SOURCE
> Task :DistributedObject:check UP-TO-DATE
> Task :DistributedObject:build UP-TO-DATE
> Task :LookupService:compileJava NO-SOURCE
> Task :LookupService:compileScala UP-TO-DATE
> Task :LookupService:processResources NO-SOURCE
> Task :LookupService:classes UP-TO-DATE
> Task :LookupService:jar UP-TO-DATE
> Task :LookupService:startScripts UP-TO-DATE
> Task :LookupService:distTar UP-TO-DATE
> Task :LookupService:distZip UP-TO-DATE
> Task :LookupService:shadowJar UP-TO-DATE
> Task :LookupService:startShadowScripts UP-TO-DATE
> Task :LookupService:shadowDistTar UP-TO-DATE
> Task :LookupService:shadowDistZip UP-TO-DATE
> Task :LookupService:assemble UP-TO-DATE
> Task :LookupService:compileTestJava NO-SOURCE
> Task :LookupService:compileTestScala UP-TO-DATE
> Task :LookupService:processTestResources NO-SOURCE
> Task :LookupService:testClasses UP-TO-DATE
> Task :LookupService:test UP-TO-DATE
> Task :LookupService:check UP-TO-DATE
> Task :LookupService:build UP-TO-DATE
> Task :deployDistributedObject
Copying Distributed Object to the EC2 instance
Warning: Permanently added 'ec2-3-87-31-44.compute-1.amazonaws.com,3.87.31.44' (ECDSA) to the list of known hosts.
Starting Distributed Object on the EC2 instance

Deprecated Gradle features were used in this build, making it incompatible with Gradle 7.0.
Use '--warning-mode all' to show the individual deprecation warnings.
See https://docs.gradle.org/6.2.2/userguide/command_line_interface.html#sec:command_line_warnings

BUILD SUCCESSFUL in 1m 43s
23 actionable tasks: 3 executed, 20 up-to-date
2020-03-30T18:49+02:00: Finished deploying system with 5 replicas
2020-03-30T18:50+02:00: Running test iteration 1 on system with 5 replicas
> Task :DistributedObject:compileJava NO-SOURCE
> Task :DistributedObject:compileScala
> Task :DistributedObject:processResources NO-SOURCE
> Task :DistributedObject:classes
> Task :DistributedObject:compileTestJava NO-SOURCE
> Task :DistributedObject:compileTestScala NO-SOURCE
> Task :DistributedObject:processTestResources NO-SOURCE
> Task :DistributedObject:testClasses UP-TO-DATE
> Task :DistributedObject:compileSystemTestJava NO-SOURCE
> Task :DistributedObject:compileSystemTestScala
> Task :DistributedObject:processSystemTestResources NO-SOURCE
> Task :DistributedObject:systemTestClasses
> Task :DistributedObject:systemTest
> Task :LookupService:compileJava NO-SOURCE
> Task :LookupService:compileScala
> Task :LookupService:processResources NO-SOURCE
> Task :LookupService:classes
> Task :LookupService:compileTestJava NO-SOURCE
> Task :LookupService:compileTestScala
> Task :LookupService:processTestResources NO-SOURCE
> Task :LookupService:testClasses
> Task :LookupService:compileSystemTestJava NO-SOURCE
> Task :LookupService:compileSystemTestScala NO-SOURCE
> Task :LookupService:processSystemTestResources NO-SOURCE
> Task :LookupService:systemTestClasses UP-TO-DATE
> Task :LookupService:systemTest NO-SOURCE

BUILD SUCCESSFUL in 20s
5 actionable tasks: 5 executed
2020-03-30T18:51+02:00: Finished running test iteration 1 on system with 5 replicas
2020-03-30T18:51+02:00: Running test iteration 2 on system with 5 replicas
> Task :DistributedObject:compileJava NO-SOURCE
> Task :DistributedObject:compileScala
> Task :DistributedObject:processResources NO-SOURCE
> Task :DistributedObject:classes
> Task :DistributedObject:compileTestJava NO-SOURCE
> Task :DistributedObject:compileTestScala NO-SOURCE
> Task :DistributedObject:processTestResources NO-SOURCE
> Task :DistributedObject:testClasses UP-TO-DATE
> Task :DistributedObject:compileSystemTestJava NO-SOURCE
> Task :DistributedObject:compileSystemTestScala
> Task :DistributedObject:processSystemTestResources NO-SOURCE
> Task :DistributedObject:systemTestClasses
> Task :DistributedObject:systemTest
> Task :LookupService:compileJava NO-SOURCE
> Task :LookupService:compileScala
> Task :LookupService:processResources NO-SOURCE
> Task :LookupService:classes
> Task :LookupService:compileTestJava NO-SOURCE
> Task :LookupService:compileTestScala
> Task :LookupService:processTestResources NO-SOURCE
> Task :LookupService:testClasses
> Task :LookupService:compileSystemTestJava NO-SOURCE
> Task :LookupService:compileSystemTestScala NO-SOURCE
> Task :LookupService:processSystemTestResources NO-SOURCE
> Task :LookupService:systemTestClasses UP-TO-DATE
> Task :LookupService:systemTest NO-SOURCE

BUILD SUCCESSFUL in 17s
5 actionable tasks: 5 executed
2020-03-30T18:51+02:00: Finished running test iteration 2 on system with 5 replicas
2020-03-30T18:51+02:00: Running test iteration 3 on system with 5 replicas
> Task :DistributedObject:compileJava NO-SOURCE
> Task :DistributedObject:compileScala
> Task :DistributedObject:processResources NO-SOURCE
> Task :DistributedObject:classes
> Task :DistributedObject:compileTestJava NO-SOURCE
> Task :DistributedObject:compileTestScala NO-SOURCE
> Task :DistributedObject:processTestResources NO-SOURCE
> Task :DistributedObject:testClasses UP-TO-DATE
> Task :DistributedObject:compileSystemTestJava NO-SOURCE
> Task :DistributedObject:compileSystemTestScala
> Task :DistributedObject:processSystemTestResources NO-SOURCE
> Task :DistributedObject:systemTestClasses
> Task :DistributedObject:systemTest
> Task :LookupService:compileJava NO-SOURCE
> Task :LookupService:compileScala
> Task :LookupService:processResources NO-SOURCE
> Task :LookupService:classes
> Task :LookupService:compileTestJava NO-SOURCE
> Task :LookupService:compileTestScala
> Task :LookupService:processTestResources NO-SOURCE
> Task :LookupService:testClasses
> Task :LookupService:compileSystemTestJava NO-SOURCE
> Task :LookupService:compileSystemTestScala NO-SOURCE
> Task :LookupService:processSystemTestResources NO-SOURCE
> Task :LookupService:systemTestClasses UP-TO-DATE
> Task :LookupService:systemTest NO-SOURCE

BUILD SUCCESSFUL in 17s
5 actionable tasks: 5 executed
2020-03-30T18:52+02:00: Finished running test iteration 3 on system with 5 replicas
2020-03-30T18:52+02:00: Running test iteration 4 on system with 5 replicas
> Task :DistributedObject:compileJava NO-SOURCE
> Task :DistributedObject:compileScala
> Task :DistributedObject:processResources NO-SOURCE
> Task :DistributedObject:classes
> Task :DistributedObject:compileTestJava NO-SOURCE
> Task :DistributedObject:compileTestScala NO-SOURCE
> Task :DistributedObject:processTestResources NO-SOURCE
> Task :DistributedObject:testClasses UP-TO-DATE
> Task :DistributedObject:compileSystemTestJava NO-SOURCE
> Task :DistributedObject:compileSystemTestScala
> Task :DistributedObject:processSystemTestResources NO-SOURCE
> Task :DistributedObject:systemTestClasses
> Task :DistributedObject:systemTest
> Task :LookupService:compileJava NO-SOURCE
> Task :LookupService:compileScala
> Task :LookupService:processResources NO-SOURCE
> Task :LookupService:classes
> Task :LookupService:compileTestJava NO-SOURCE
> Task :LookupService:compileTestScala
> Task :LookupService:processTestResources NO-SOURCE
> Task :LookupService:testClasses
> Task :LookupService:compileSystemTestJava NO-SOURCE
> Task :LookupService:compileSystemTestScala NO-SOURCE
> Task :LookupService:processSystemTestResources NO-SOURCE
> Task :LookupService:systemTestClasses UP-TO-DATE
> Task :LookupService:systemTest NO-SOURCE

BUILD SUCCESSFUL in 17s
5 actionable tasks: 5 executed
2020-03-30T18:52+02:00: Finished running test iteration 4 on system with 5 replicas
2020-03-30T18:52+02:00: Running test iteration 5 on system with 5 replicas
> Task :DistributedObject:compileJava NO-SOURCE
> Task :DistributedObject:compileScala
> Task :DistributedObject:processResources NO-SOURCE
> Task :DistributedObject:classes
> Task :DistributedObject:compileTestJava NO-SOURCE
> Task :DistributedObject:compileTestScala NO-SOURCE
> Task :DistributedObject:processTestResources NO-SOURCE
> Task :DistributedObject:testClasses UP-TO-DATE
> Task :DistributedObject:compileSystemTestJava NO-SOURCE
> Task :DistributedObject:compileSystemTestScala
> Task :DistributedObject:processSystemTestResources NO-SOURCE
> Task :DistributedObject:systemTestClasses
> Task :DistributedObject:systemTest
> Task :LookupService:compileJava NO-SOURCE
> Task :LookupService:compileScala
> Task :LookupService:processResources NO-SOURCE
> Task :LookupService:classes
> Task :LookupService:compileTestJava NO-SOURCE
> Task :LookupService:compileTestScala
> Task :LookupService:processTestResources NO-SOURCE
> Task :LookupService:testClasses
> Task :LookupService:compileSystemTestJava NO-SOURCE
> Task :LookupService:compileSystemTestScala NO-SOURCE
> Task :LookupService:processSystemTestResources NO-SOURCE
> Task :LookupService:systemTestClasses UP-TO-DATE
> Task :LookupService:systemTest NO-SOURCE

BUILD SUCCESSFUL in 17s
5 actionable tasks: 5 executed
2020-03-30T18:52+02:00: Finished running test iteration 5 on system with 5 replicas
2020-03-30T18:52+02:00: Running test iteration 6 on system with 5 replicas
> Task :DistributedObject:compileJava NO-SOURCE
> Task :DistributedObject:compileScala
> Task :DistributedObject:processResources NO-SOURCE
> Task :DistributedObject:classes
> Task :DistributedObject:compileTestJava NO-SOURCE
> Task :DistributedObject:compileTestScala NO-SOURCE
> Task :DistributedObject:processTestResources NO-SOURCE
> Task :DistributedObject:testClasses UP-TO-DATE
> Task :DistributedObject:compileSystemTestJava NO-SOURCE
> Task :DistributedObject:compileSystemTestScala
> Task :DistributedObject:processSystemTestResources NO-SOURCE
> Task :DistributedObject:systemTestClasses
> Task :DistributedObject:systemTest
> Task :LookupService:compileJava NO-SOURCE
> Task :LookupService:compileScala
> Task :LookupService:processResources NO-SOURCE
> Task :LookupService:classes
> Task :LookupService:compileTestJava NO-SOURCE
> Task :LookupService:compileTestScala
> Task :LookupService:processTestResources NO-SOURCE
> Task :LookupService:testClasses
> Task :LookupService:compileSystemTestJava NO-SOURCE
> Task :LookupService:compileSystemTestScala NO-SOURCE
> Task :LookupService:processSystemTestResources NO-SOURCE
> Task :LookupService:systemTestClasses UP-TO-DATE
> Task :LookupService:systemTest NO-SOURCE

BUILD SUCCESSFUL in 17s
5 actionable tasks: 5 executed
2020-03-30T18:53+02:00: Finished running test iteration 6 on system with 5 replicas
2020-03-30T18:53+02:00: Running test iteration 7 on system with 5 replicas
> Task :DistributedObject:compileJava NO-SOURCE
> Task :DistributedObject:compileScala
> Task :DistributedObject:processResources NO-SOURCE
> Task :DistributedObject:classes
> Task :DistributedObject:compileTestJava NO-SOURCE
> Task :DistributedObject:compileTestScala NO-SOURCE
> Task :DistributedObject:processTestResources NO-SOURCE
> Task :DistributedObject:testClasses UP-TO-DATE
> Task :DistributedObject:compileSystemTestJava NO-SOURCE
> Task :DistributedObject:compileSystemTestScala
> Task :DistributedObject:processSystemTestResources NO-SOURCE
> Task :DistributedObject:systemTestClasses
> Task :DistributedObject:systemTest
> Task :LookupService:compileJava NO-SOURCE
> Task :LookupService:compileScala
> Task :LookupService:processResources NO-SOURCE
> Task :LookupService:classes
> Task :LookupService:compileTestJava NO-SOURCE
> Task :LookupService:compileTestScala
> Task :LookupService:processTestResources NO-SOURCE
> Task :LookupService:testClasses
> Task :LookupService:compileSystemTestJava NO-SOURCE
> Task :LookupService:compileSystemTestScala NO-SOURCE
> Task :LookupService:processSystemTestResources NO-SOURCE
> Task :LookupService:systemTestClasses UP-TO-DATE
> Task :LookupService:systemTest NO-SOURCE

BUILD SUCCESSFUL in 17s
5 actionable tasks: 5 executed
2020-03-30T18:53+02:00: Finished running test iteration 7 on system with 5 replicas
2020-03-30T18:53+02:00: Running test iteration 8 on system with 5 replicas
> Task :DistributedObject:compileJava NO-SOURCE
> Task :DistributedObject:compileScala
> Task :DistributedObject:processResources NO-SOURCE
> Task :DistributedObject:classes
> Task :DistributedObject:compileTestJava NO-SOURCE
> Task :DistributedObject:compileTestScala NO-SOURCE
> Task :DistributedObject:processTestResources NO-SOURCE
> Task :DistributedObject:testClasses UP-TO-DATE
> Task :DistributedObject:compileSystemTestJava NO-SOURCE
> Task :DistributedObject:compileSystemTestScala
> Task :DistributedObject:processSystemTestResources NO-SOURCE
> Task :DistributedObject:systemTestClasses
> Task :DistributedObject:systemTest
> Task :LookupService:compileJava NO-SOURCE
> Task :LookupService:compileScala
> Task :LookupService:processResources NO-SOURCE
> Task :LookupService:classes
> Task :LookupService:compileTestJava NO-SOURCE
> Task :LookupService:compileTestScala
> Task :LookupService:processTestResources NO-SOURCE
> Task :LookupService:testClasses
> Task :LookupService:compileSystemTestJava NO-SOURCE
> Task :LookupService:compileSystemTestScala NO-SOURCE
> Task :LookupService:processSystemTestResources NO-SOURCE
> Task :LookupService:systemTestClasses UP-TO-DATE
> Task :LookupService:systemTest NO-SOURCE

BUILD SUCCESSFUL in 17s
5 actionable tasks: 5 executed
2020-03-30T18:54+02:00: Finished running test iteration 8 on system with 5 replicas
2020-03-30T18:54+02:00: Running test iteration 9 on system with 5 replicas
> Task :DistributedObject:compileJava NO-SOURCE
> Task :DistributedObject:compileScala
> Task :DistributedObject:processResources NO-SOURCE
> Task :DistributedObject:classes
> Task :DistributedObject:compileTestJava NO-SOURCE
> Task :DistributedObject:compileTestScala NO-SOURCE
> Task :DistributedObject:processTestResources NO-SOURCE
> Task :DistributedObject:testClasses UP-TO-DATE
> Task :DistributedObject:compileSystemTestJava NO-SOURCE
> Task :DistributedObject:compileSystemTestScala
> Task :DistributedObject:processSystemTestResources NO-SOURCE
> Task :DistributedObject:systemTestClasses
> Task :DistributedObject:systemTest
> Task :LookupService:compileJava NO-SOURCE
> Task :LookupService:compileScala
> Task :LookupService:processResources NO-SOURCE
> Task :LookupService:classes
> Task :LookupService:compileTestJava NO-SOURCE
> Task :LookupService:compileTestScala
> Task :LookupService:processTestResources NO-SOURCE
> Task :LookupService:testClasses
> Task :LookupService:compileSystemTestJava NO-SOURCE
> Task :LookupService:compileSystemTestScala NO-SOURCE
> Task :LookupService:processSystemTestResources NO-SOURCE
> Task :LookupService:systemTestClasses UP-TO-DATE
> Task :LookupService:systemTest NO-SOURCE

BUILD SUCCESSFUL in 17s
5 actionable tasks: 5 executed
2020-03-30T18:54+02:00: Finished running test iteration 9 on system with 5 replicas
2020-03-30T18:54+02:00: Running test iteration 10 on system with 5 replicas
> Task :DistributedObject:compileJava NO-SOURCE
> Task :DistributedObject:compileScala
> Task :DistributedObject:processResources NO-SOURCE
> Task :DistributedObject:classes
> Task :DistributedObject:compileTestJava NO-SOURCE
> Task :DistributedObject:compileTestScala NO-SOURCE
> Task :DistributedObject:processTestResources NO-SOURCE
> Task :DistributedObject:testClasses UP-TO-DATE
> Task :DistributedObject:compileSystemTestJava NO-SOURCE
> Task :DistributedObject:compileSystemTestScala
> Task :DistributedObject:processSystemTestResources NO-SOURCE
> Task :DistributedObject:systemTestClasses
> Task :DistributedObject:systemTest
> Task :LookupService:compileJava NO-SOURCE
> Task :LookupService:compileScala
> Task :LookupService:processResources NO-SOURCE
> Task :LookupService:classes
> Task :LookupService:compileTestJava NO-SOURCE
> Task :LookupService:compileTestScala
> Task :LookupService:processTestResources NO-SOURCE
> Task :LookupService:testClasses
> Task :LookupService:compileSystemTestJava NO-SOURCE
> Task :LookupService:compileSystemTestScala NO-SOURCE
> Task :LookupService:processSystemTestResources NO-SOURCE
> Task :LookupService:systemTestClasses UP-TO-DATE
> Task :LookupService:systemTest NO-SOURCE

BUILD SUCCESSFUL in 17s
5 actionable tasks: 5 executed
2020-03-30T18:54+02:00: Finished running test iteration 10 on system with 5 replicas
2020-03-30T18:54+02:00: Running test iteration 11 on system with 5 replicas
> Task :DistributedObject:compileJava NO-SOURCE
> Task :DistributedObject:compileScala
> Task :DistributedObject:processResources NO-SOURCE
> Task :DistributedObject:classes
> Task :DistributedObject:compileTestJava NO-SOURCE
> Task :DistributedObject:compileTestScala NO-SOURCE
> Task :DistributedObject:processTestResources NO-SOURCE
> Task :DistributedObject:testClasses UP-TO-DATE
> Task :DistributedObject:compileSystemTestJava NO-SOURCE
> Task :DistributedObject:compileSystemTestScala
> Task :DistributedObject:processSystemTestResources NO-SOURCE
> Task :DistributedObject:systemTestClasses
> Task :DistributedObject:systemTest
> Task :LookupService:compileJava NO-SOURCE
> Task :LookupService:compileScala
> Task :LookupService:processResources NO-SOURCE
> Task :LookupService:classes
> Task :LookupService:compileTestJava NO-SOURCE
> Task :LookupService:compileTestScala
> Task :LookupService:processTestResources NO-SOURCE
> Task :LookupService:testClasses
> Task :LookupService:compileSystemTestJava NO-SOURCE
> Task :LookupService:compileSystemTestScala NO-SOURCE
> Task :LookupService:processSystemTestResources NO-SOURCE
> Task :LookupService:systemTestClasses UP-TO-DATE
> Task :LookupService:systemTest NO-SOURCE

BUILD SUCCESSFUL in 17s
5 actionable tasks: 5 executed
2020-03-30T18:55+02:00: Finished running test iteration 11 on system with 5 replicas
2020-03-30T18:55+02:00: Running test iteration 12 on system with 5 replicas
> Task :DistributedObject:compileJava NO-SOURCE
> Task :DistributedObject:compileScala
> Task :DistributedObject:processResources NO-SOURCE
> Task :DistributedObject:classes
> Task :DistributedObject:compileTestJava NO-SOURCE
> Task :DistributedObject:compileTestScala NO-SOURCE
> Task :DistributedObject:processTestResources NO-SOURCE
> Task :DistributedObject:testClasses UP-TO-DATE
> Task :DistributedObject:compileSystemTestJava NO-SOURCE
> Task :DistributedObject:compileSystemTestScala
> Task :DistributedObject:processSystemTestResources NO-SOURCE
> Task :DistributedObject:systemTestClasses
> Task :DistributedObject:systemTest
> Task :LookupService:compileJava NO-SOURCE
> Task :LookupService:compileScala
> Task :LookupService:processResources NO-SOURCE
> Task :LookupService:classes
> Task :LookupService:compileTestJava NO-SOURCE
> Task :LookupService:compileTestScala
> Task :LookupService:processTestResources NO-SOURCE
> Task :LookupService:testClasses
> Task :LookupService:compileSystemTestJava NO-SOURCE
> Task :LookupService:compileSystemTestScala NO-SOURCE
> Task :LookupService:processSystemTestResources NO-SOURCE
> Task :LookupService:systemTestClasses UP-TO-DATE
> Task :LookupService:systemTest NO-SOURCE

BUILD SUCCESSFUL in 17s
5 actionable tasks: 5 executed
2020-03-30T18:55+02:00: Finished running test iteration 12 on system with 5 replicas
2020-03-30T18:55+02:00: Running test iteration 13 on system with 5 replicas
> Task :DistributedObject:compileJava NO-SOURCE
> Task :DistributedObject:compileScala
> Task :DistributedObject:processResources NO-SOURCE
> Task :DistributedObject:classes
> Task :DistributedObject:compileTestJava NO-SOURCE
> Task :DistributedObject:compileTestScala NO-SOURCE
> Task :DistributedObject:processTestResources NO-SOURCE
> Task :DistributedObject:testClasses UP-TO-DATE
> Task :DistributedObject:compileSystemTestJava NO-SOURCE
> Task :DistributedObject:compileSystemTestScala
> Task :DistributedObject:processSystemTestResources NO-SOURCE
> Task :DistributedObject:systemTestClasses
> Task :DistributedObject:systemTest
> Task :LookupService:compileJava NO-SOURCE
> Task :LookupService:compileScala
> Task :LookupService:processResources NO-SOURCE
> Task :LookupService:classes
> Task :LookupService:compileTestJava NO-SOURCE
> Task :LookupService:compileTestScala
> Task :LookupService:processTestResources NO-SOURCE
> Task :LookupService:testClasses
> Task :LookupService:compileSystemTestJava NO-SOURCE
> Task :LookupService:compileSystemTestScala NO-SOURCE
> Task :LookupService:processSystemTestResources NO-SOURCE
> Task :LookupService:systemTestClasses UP-TO-DATE
> Task :LookupService:systemTest NO-SOURCE

BUILD SUCCESSFUL in 17s
5 actionable tasks: 5 executed
2020-03-30T18:56+02:00: Finished running test iteration 13 on system with 5 replicas
2020-03-30T18:56+02:00: Running test iteration 14 on system with 5 replicas
> Task :DistributedObject:compileJava NO-SOURCE
> Task :DistributedObject:compileScala
> Task :DistributedObject:processResources NO-SOURCE
> Task :DistributedObject:classes
> Task :DistributedObject:compileTestJava NO-SOURCE
> Task :DistributedObject:compileTestScala NO-SOURCE
> Task :DistributedObject:processTestResources NO-SOURCE
> Task :DistributedObject:testClasses UP-TO-DATE
> Task :DistributedObject:compileSystemTestJava NO-SOURCE
> Task :DistributedObject:compileSystemTestScala
> Task :DistributedObject:processSystemTestResources NO-SOURCE
> Task :DistributedObject:systemTestClasses
> Task :DistributedObject:systemTest
> Task :LookupService:compileJava NO-SOURCE
> Task :LookupService:compileScala
> Task :LookupService:processResources NO-SOURCE
> Task :LookupService:classes
> Task :LookupService:compileTestJava NO-SOURCE
> Task :LookupService:compileTestScala
> Task :LookupService:processTestResources NO-SOURCE
> Task :LookupService:testClasses
> Task :LookupService:compileSystemTestJava NO-SOURCE
> Task :LookupService:compileSystemTestScala NO-SOURCE
> Task :LookupService:processSystemTestResources NO-SOURCE
> Task :LookupService:systemTestClasses UP-TO-DATE
> Task :LookupService:systemTest NO-SOURCE

BUILD SUCCESSFUL in 17s
5 actionable tasks: 5 executed
2020-03-30T18:56+02:00: Finished running test iteration 14 on system with 5 replicas
2020-03-30T18:56+02:00: Running test iteration 15 on system with 5 replicas
> Task :DistributedObject:compileJava NO-SOURCE
> Task :DistributedObject:compileScala
> Task :DistributedObject:processResources NO-SOURCE
> Task :DistributedObject:classes
> Task :DistributedObject:compileTestJava NO-SOURCE
> Task :DistributedObject:compileTestScala NO-SOURCE
> Task :DistributedObject:processTestResources NO-SOURCE
> Task :DistributedObject:testClasses UP-TO-DATE
> Task :DistributedObject:compileSystemTestJava NO-SOURCE
> Task :DistributedObject:compileSystemTestScala
> Task :DistributedObject:processSystemTestResources NO-SOURCE
> Task :DistributedObject:systemTestClasses
> Task :DistributedObject:systemTest
> Task :LookupService:compileJava NO-SOURCE
> Task :LookupService:compileScala
> Task :LookupService:processResources NO-SOURCE
> Task :LookupService:classes
> Task :LookupService:compileTestJava NO-SOURCE
> Task :LookupService:compileTestScala
> Task :LookupService:processTestResources NO-SOURCE
> Task :LookupService:testClasses
> Task :LookupService:compileSystemTestJava NO-SOURCE
> Task :LookupService:compileSystemTestScala NO-SOURCE
> Task :LookupService:processSystemTestResources NO-SOURCE
> Task :LookupService:systemTestClasses UP-TO-DATE
> Task :LookupService:systemTest NO-SOURCE

BUILD SUCCESSFUL in 17s
5 actionable tasks: 5 executed
2020-03-30T18:56+02:00: Finished running test iteration 15 on system with 5 replicas
2020-03-30T18:56+02:00: Running test iteration 16 on system with 5 replicas
> Task :DistributedObject:compileJava NO-SOURCE
> Task :DistributedObject:compileScala
> Task :DistributedObject:processResources NO-SOURCE
> Task :DistributedObject:classes
> Task :DistributedObject:compileTestJava NO-SOURCE
> Task :DistributedObject:compileTestScala NO-SOURCE
> Task :DistributedObject:processTestResources NO-SOURCE
> Task :DistributedObject:testClasses UP-TO-DATE
> Task :DistributedObject:compileSystemTestJava NO-SOURCE
> Task :DistributedObject:compileSystemTestScala
> Task :DistributedObject:processSystemTestResources NO-SOURCE
> Task :DistributedObject:systemTestClasses
> Task :DistributedObject:systemTest
> Task :LookupService:compileJava NO-SOURCE
> Task :LookupService:compileScala
> Task :LookupService:processResources NO-SOURCE
> Task :LookupService:classes
> Task :LookupService:compileTestJava NO-SOURCE
> Task :LookupService:compileTestScala
> Task :LookupService:processTestResources NO-SOURCE
> Task :LookupService:testClasses
> Task :LookupService:compileSystemTestJava NO-SOURCE
> Task :LookupService:compileSystemTestScala NO-SOURCE
> Task :LookupService:processSystemTestResources NO-SOURCE
> Task :LookupService:systemTestClasses UP-TO-DATE
> Task :LookupService:systemTest NO-SOURCE

BUILD SUCCESSFUL in 17s
5 actionable tasks: 5 executed
2020-03-30T18:57+02:00: Finished running test iteration 16 on system with 5 replicas
2020-03-30T18:57+02:00: Running test iteration 17 on system with 5 replicas
> Task :DistributedObject:compileJava NO-SOURCE
> Task :DistributedObject:compileScala
> Task :DistributedObject:processResources NO-SOURCE
> Task :DistributedObject:classes
> Task :DistributedObject:compileTestJava NO-SOURCE
> Task :DistributedObject:compileTestScala NO-SOURCE
> Task :DistributedObject:processTestResources NO-SOURCE
> Task :DistributedObject:testClasses UP-TO-DATE
> Task :DistributedObject:compileSystemTestJava NO-SOURCE
> Task :DistributedObject:compileSystemTestScala
> Task :DistributedObject:processSystemTestResources NO-SOURCE
> Task :DistributedObject:systemTestClasses
> Task :DistributedObject:systemTest
> Task :LookupService:compileJava NO-SOURCE
> Task :LookupService:compileScala
> Task :LookupService:processResources NO-SOURCE
> Task :LookupService:classes
> Task :LookupService:compileTestJava NO-SOURCE
> Task :LookupService:compileTestScala
> Task :LookupService:processTestResources NO-SOURCE
> Task :LookupService:testClasses
> Task :LookupService:compileSystemTestJava NO-SOURCE
> Task :LookupService:compileSystemTestScala NO-SOURCE
> Task :LookupService:processSystemTestResources NO-SOURCE
> Task :LookupService:systemTestClasses UP-TO-DATE
> Task :LookupService:systemTest NO-SOURCE

BUILD SUCCESSFUL in 17s
5 actionable tasks: 5 executed
2020-03-30T18:57+02:00: Finished running test iteration 17 on system with 5 replicas
2020-03-30T18:57+02:00: Running test iteration 18 on system with 5 replicas
> Task :DistributedObject:compileJava NO-SOURCE
> Task :DistributedObject:compileScala
> Task :DistributedObject:processResources NO-SOURCE
> Task :DistributedObject:classes
> Task :DistributedObject:compileTestJava NO-SOURCE
> Task :DistributedObject:compileTestScala NO-SOURCE
> Task :DistributedObject:processTestResources NO-SOURCE
> Task :DistributedObject:testClasses UP-TO-DATE
> Task :DistributedObject:compileSystemTestJava NO-SOURCE
> Task :DistributedObject:compileSystemTestScala
> Task :DistributedObject:processSystemTestResources NO-SOURCE
> Task :DistributedObject:systemTestClasses
> Task :DistributedObject:systemTest
> Task :LookupService:compileJava NO-SOURCE
> Task :LookupService:compileScala
> Task :LookupService:processResources NO-SOURCE
> Task :LookupService:classes
> Task :LookupService:compileTestJava NO-SOURCE
> Task :LookupService:compileTestScala
> Task :LookupService:processTestResources NO-SOURCE
> Task :LookupService:testClasses
> Task :LookupService:compileSystemTestJava NO-SOURCE
> Task :LookupService:compileSystemTestScala NO-SOURCE
> Task :LookupService:processSystemTestResources NO-SOURCE
> Task :LookupService:systemTestClasses UP-TO-DATE
> Task :LookupService:systemTest NO-SOURCE

BUILD SUCCESSFUL in 17s
5 actionable tasks: 5 executed
2020-03-30T18:57+02:00: Finished running test iteration 18 on system with 5 replicas
2020-03-30T18:58+02:00: Running test iteration 19 on system with 5 replicas
> Task :DistributedObject:compileJava NO-SOURCE
> Task :DistributedObject:compileScala
> Task :DistributedObject:processResources NO-SOURCE
> Task :DistributedObject:classes
> Task :DistributedObject:compileTestJava NO-SOURCE
> Task :DistributedObject:compileTestScala NO-SOURCE
> Task :DistributedObject:processTestResources NO-SOURCE
> Task :DistributedObject:testClasses UP-TO-DATE
> Task :DistributedObject:compileSystemTestJava NO-SOURCE
> Task :DistributedObject:compileSystemTestScala
> Task :DistributedObject:processSystemTestResources NO-SOURCE
> Task :DistributedObject:systemTestClasses
> Task :DistributedObject:systemTest
> Task :LookupService:compileJava NO-SOURCE
> Task :LookupService:compileScala
> Task :LookupService:processResources NO-SOURCE
> Task :LookupService:classes
> Task :LookupService:compileTestJava NO-SOURCE
> Task :LookupService:compileTestScala
> Task :LookupService:processTestResources NO-SOURCE
> Task :LookupService:testClasses
> Task :LookupService:compileSystemTestJava NO-SOURCE
> Task :LookupService:compileSystemTestScala NO-SOURCE
> Task :LookupService:processSystemTestResources NO-SOURCE
> Task :LookupService:systemTestClasses UP-TO-DATE
> Task :LookupService:systemTest NO-SOURCE

BUILD SUCCESSFUL in 17s
5 actionable tasks: 5 executed
2020-03-30T18:58+02:00: Finished running test iteration 19 on system with 5 replicas
2020-03-30T18:58+02:00: Running test iteration 20 on system with 5 replicas
> Task :DistributedObject:compileJava NO-SOURCE
> Task :DistributedObject:compileScala
> Task :DistributedObject:processResources NO-SOURCE
> Task :DistributedObject:classes
> Task :DistributedObject:compileTestJava NO-SOURCE
> Task :DistributedObject:compileTestScala NO-SOURCE
> Task :DistributedObject:processTestResources NO-SOURCE
> Task :DistributedObject:testClasses UP-TO-DATE
> Task :DistributedObject:compileSystemTestJava NO-SOURCE
> Task :DistributedObject:compileSystemTestScala
> Task :DistributedObject:processSystemTestResources NO-SOURCE
> Task :DistributedObject:systemTestClasses
> Task :DistributedObject:systemTest
> Task :LookupService:compileJava NO-SOURCE
> Task :LookupService:compileScala
> Task :LookupService:processResources NO-SOURCE
> Task :LookupService:classes
> Task :LookupService:compileTestJava NO-SOURCE
> Task :LookupService:compileTestScala
> Task :LookupService:processTestResources NO-SOURCE
> Task :LookupService:testClasses
> Task :LookupService:compileSystemTestJava NO-SOURCE
> Task :LookupService:compileSystemTestScala NO-SOURCE
> Task :LookupService:processSystemTestResources NO-SOURCE
> Task :LookupService:systemTestClasses UP-TO-DATE
> Task :LookupService:systemTest NO-SOURCE

BUILD SUCCESSFUL in 17s
5 actionable tasks: 5 executed
2020-03-30T18:58+02:00: Finished running test iteration 20 on system with 5 replicas
2020-03-30T18:58+02:00: Terminating EC2 instances
> Task :terminateEC2Instances

Deprecated Gradle features were used in this build, making it incompatible with Gradle 7.0.
Use '--warning-mode all' to show the individual deprecation warnings.
See https://docs.gradle.org/6.2.2/userguide/command_line_interface.html#sec:command_line_warnings

BUILD SUCCESSFUL in 1s
1 actionable task: 1 executed
2020-03-30T18:58+02:00: Deploy system with 10 replicas
2020-03-30T18:58+02:00: Deploying Lookup Service 
> Task :deployEC2Instance
> Task :waitInstanceStatusStable
Access instance with: ssh ubuntu@ec2-3-91-226-161.compute-1.amazonaws.com

> Task :DistributedObject:compileJava NO-SOURCE
> Task :DistributedObject:compileScala UP-TO-DATE
> Task :DistributedObject:processResources NO-SOURCE
> Task :DistributedObject:classes UP-TO-DATE
> Task :DistributedObject:jar UP-TO-DATE
> Task :DistributedObject:startScripts UP-TO-DATE
> Task :DistributedObject:distTar UP-TO-DATE
> Task :DistributedObject:distZip UP-TO-DATE
> Task :DistributedObject:shadowJar UP-TO-DATE
> Task :DistributedObject:startShadowScripts UP-TO-DATE
> Task :DistributedObject:shadowDistTar UP-TO-DATE
> Task :DistributedObject:shadowDistZip UP-TO-DATE
> Task :DistributedObject:assemble UP-TO-DATE
> Task :DistributedObject:compileTestJava NO-SOURCE
> Task :DistributedObject:compileTestScala NO-SOURCE
> Task :DistributedObject:processTestResources NO-SOURCE
> Task :DistributedObject:testClasses UP-TO-DATE
> Task :DistributedObject:test NO-SOURCE
> Task :DistributedObject:check UP-TO-DATE
> Task :DistributedObject:build UP-TO-DATE
> Task :LookupService:compileJava NO-SOURCE
> Task :LookupService:compileScala UP-TO-DATE
> Task :LookupService:processResources NO-SOURCE
> Task :LookupService:classes UP-TO-DATE
> Task :LookupService:jar UP-TO-DATE
> Task :LookupService:startScripts UP-TO-DATE
> Task :LookupService:distTar UP-TO-DATE
> Task :LookupService:distZip UP-TO-DATE
> Task :LookupService:shadowJar UP-TO-DATE
> Task :LookupService:startShadowScripts UP-TO-DATE
> Task :LookupService:shadowDistTar UP-TO-DATE
> Task :LookupService:shadowDistZip UP-TO-DATE
> Task :LookupService:assemble UP-TO-DATE
> Task :LookupService:compileTestJava NO-SOURCE
> Task :LookupService:compileTestScala UP-TO-DATE
> Task :LookupService:processTestResources NO-SOURCE
> Task :LookupService:testClasses UP-TO-DATE
> Task :LookupService:test UP-TO-DATE
> Task :LookupService:check UP-TO-DATE
> Task :LookupService:build UP-TO-DATE
> Task :deployLookupService
Copying LookupService to the EC2 instance
Warning: Permanently added 'ec2-3-91-226-161.compute-1.amazonaws.com,3.91.226.161' (ECDSA) to the list of known hosts.
Starting Lookup Service on the EC2 instance

Deprecated Gradle features were used in this build, making it incompatible with Gradle 7.0.
Use '--warning-mode all' to show the individual deprecation warnings.
See https://docs.gradle.org/6.2.2/userguide/command_line_interface.html#sec:command_line_warnings

BUILD SUCCESSFUL in 1m 43s
23 actionable tasks: 3 executed, 20 up-to-date
2020-03-30T19:01+02:00: Deploying Distributed Object 1
> Task :deployEC2Instance
> Task :waitInstanceStatusStable
Access instance with: ssh ubuntu@ec2-34-239-116-198.compute-1.amazonaws.com

> Task :DistributedObject:compileJava NO-SOURCE
> Task :DistributedObject:compileScala UP-TO-DATE
> Task :DistributedObject:processResources NO-SOURCE
> Task :DistributedObject:classes UP-TO-DATE
> Task :DistributedObject:jar UP-TO-DATE
> Task :DistributedObject:startScripts UP-TO-DATE
> Task :DistributedObject:distTar UP-TO-DATE
> Task :DistributedObject:distZip UP-TO-DATE
> Task :DistributedObject:shadowJar UP-TO-DATE
> Task :DistributedObject:startShadowScripts UP-TO-DATE
> Task :DistributedObject:shadowDistTar UP-TO-DATE
> Task :DistributedObject:shadowDistZip UP-TO-DATE
> Task :DistributedObject:assemble UP-TO-DATE
> Task :DistributedObject:compileTestJava NO-SOURCE
> Task :DistributedObject:compileTestScala NO-SOURCE
> Task :DistributedObject:processTestResources NO-SOURCE
> Task :DistributedObject:testClasses UP-TO-DATE
> Task :DistributedObject:test NO-SOURCE
> Task :DistributedObject:check UP-TO-DATE
> Task :DistributedObject:build UP-TO-DATE
> Task :LookupService:compileJava NO-SOURCE
> Task :LookupService:compileScala UP-TO-DATE
> Task :LookupService:processResources NO-SOURCE
> Task :LookupService:classes UP-TO-DATE
> Task :LookupService:jar UP-TO-DATE
> Task :LookupService:startScripts UP-TO-DATE
> Task :LookupService:distTar UP-TO-DATE
> Task :LookupService:distZip UP-TO-DATE
> Task :LookupService:shadowJar UP-TO-DATE
> Task :LookupService:startShadowScripts UP-TO-DATE
> Task :LookupService:shadowDistTar UP-TO-DATE
> Task :LookupService:shadowDistZip UP-TO-DATE
> Task :LookupService:assemble UP-TO-DATE
> Task :LookupService:compileTestJava NO-SOURCE
> Task :LookupService:compileTestScala UP-TO-DATE
> Task :LookupService:processTestResources NO-SOURCE
> Task :LookupService:testClasses UP-TO-DATE
> Task :LookupService:test UP-TO-DATE
> Task :LookupService:check UP-TO-DATE
> Task :LookupService:build UP-TO-DATE
> Task :deployDistributedObject
Copying Distributed Object to the EC2 instance
Warning: Permanently added 'ec2-34-239-116-198.compute-1.amazonaws.com,34.239.116.198' (ECDSA) to the list of known hosts.
Starting Distributed Object on the EC2 instance

Deprecated Gradle features were used in this build, making it incompatible with Gradle 7.0.
Use '--warning-mode all' to show the individual deprecation warnings.
See https://docs.gradle.org/6.2.2/userguide/command_line_interface.html#sec:command_line_warnings

BUILD SUCCESSFUL in 1m 43s
23 actionable tasks: 3 executed, 20 up-to-date
2020-03-30T19:03+02:00: Deploying Distributed Object 2
> Task :deployEC2Instance

> Task :waitInstanceStatusStable
Access instance with: ssh ubuntu@ec2-3-89-75-74.compute-1.amazonaws.com

> Task :DistributedObject:compileJava NO-SOURCE
> Task :DistributedObject:compileScala UP-TO-DATE
> Task :DistributedObject:processResources NO-SOURCE
> Task :DistributedObject:classes UP-TO-DATE
> Task :DistributedObject:jar UP-TO-DATE
> Task :DistributedObject:startScripts UP-TO-DATE
> Task :DistributedObject:distTar UP-TO-DATE
> Task :DistributedObject:distZip UP-TO-DATE
> Task :DistributedObject:shadowJar UP-TO-DATE
> Task :DistributedObject:startShadowScripts UP-TO-DATE
> Task :DistributedObject:shadowDistTar UP-TO-DATE
> Task :DistributedObject:shadowDistZip UP-TO-DATE
> Task :DistributedObject:assemble UP-TO-DATE
> Task :DistributedObject:compileTestJava NO-SOURCE
> Task :DistributedObject:compileTestScala NO-SOURCE
> Task :DistributedObject:processTestResources NO-SOURCE
> Task :DistributedObject:testClasses UP-TO-DATE
> Task :DistributedObject:test NO-SOURCE
> Task :DistributedObject:check UP-TO-DATE
> Task :DistributedObject:build UP-TO-DATE
> Task :LookupService:compileJava NO-SOURCE
> Task :LookupService:compileScala UP-TO-DATE
> Task :LookupService:processResources NO-SOURCE
> Task :LookupService:classes UP-TO-DATE
> Task :LookupService:jar UP-TO-DATE
> Task :LookupService:startScripts UP-TO-DATE
> Task :LookupService:distTar UP-TO-DATE
> Task :LookupService:distZip UP-TO-DATE
> Task :LookupService:shadowJar UP-TO-DATE
> Task :LookupService:startShadowScripts UP-TO-DATE
> Task :LookupService:shadowDistTar UP-TO-DATE
> Task :LookupService:shadowDistZip UP-TO-DATE
> Task :LookupService:assemble UP-TO-DATE
> Task :LookupService:compileTestJava NO-SOURCE
> Task :LookupService:compileTestScala UP-TO-DATE
> Task :LookupService:processTestResources NO-SOURCE
> Task :LookupService:testClasses UP-TO-DATE
> Task :LookupService:test UP-TO-DATE
> Task :LookupService:check UP-TO-DATE
> Task :LookupService:build UP-TO-DATE
> Task :deployDistributedObject
Copying Distributed Object to the EC2 instance
Warning: Permanently added 'ec2-3-89-75-74.compute-1.amazonaws.com,3.89.75.74' (ECDSA) to the list of known hosts.
Starting Distributed Object on the EC2 instance

Deprecated Gradle features were used in this build, making it incompatible with Gradle 7.0.
Use '--warning-mode all' to show the individual deprecation warnings.
See https://docs.gradle.org/6.2.2/userguide/command_line_interface.html#sec:command_line_warnings

BUILD SUCCESSFUL in 1m 31s
23 actionable tasks: 3 executed, 20 up-to-date
2020-03-30T19:04+02:00: Deploying Distributed Object 3
> Task :deployEC2Instance
> Task :waitInstanceStatusStable
Access instance with: ssh ubuntu@ec2-3-88-20-29.compute-1.amazonaws.com

> Task :DistributedObject:compileJava NO-SOURCE
> Task :DistributedObject:compileScala UP-TO-DATE
> Task :DistributedObject:processResources NO-SOURCE
> Task :DistributedObject:classes UP-TO-DATE
> Task :DistributedObject:jar UP-TO-DATE
> Task :DistributedObject:startScripts UP-TO-DATE
> Task :DistributedObject:distTar UP-TO-DATE
> Task :DistributedObject:distZip UP-TO-DATE
> Task :DistributedObject:shadowJar UP-TO-DATE
> Task :DistributedObject:startShadowScripts UP-TO-DATE
> Task :DistributedObject:shadowDistTar UP-TO-DATE
> Task :DistributedObject:shadowDistZip UP-TO-DATE
> Task :DistributedObject:assemble UP-TO-DATE
> Task :DistributedObject:compileTestJava NO-SOURCE
> Task :DistributedObject:compileTestScala NO-SOURCE
> Task :DistributedObject:processTestResources NO-SOURCE
> Task :DistributedObject:testClasses UP-TO-DATE
> Task :DistributedObject:test NO-SOURCE
> Task :DistributedObject:check UP-TO-DATE
> Task :DistributedObject:build UP-TO-DATE
> Task :LookupService:compileJava NO-SOURCE
> Task :LookupService:compileScala UP-TO-DATE
> Task :LookupService:processResources NO-SOURCE
> Task :LookupService:classes UP-TO-DATE
> Task :LookupService:jar UP-TO-DATE
> Task :LookupService:startScripts UP-TO-DATE
> Task :LookupService:distTar UP-TO-DATE
> Task :LookupService:distZip UP-TO-DATE
> Task :LookupService:shadowJar UP-TO-DATE
> Task :LookupService:startShadowScripts UP-TO-DATE
> Task :LookupService:shadowDistTar UP-TO-DATE
> Task :LookupService:shadowDistZip UP-TO-DATE
> Task :LookupService:assemble UP-TO-DATE
> Task :LookupService:compileTestJava NO-SOURCE
> Task :LookupService:compileTestScala UP-TO-DATE
> Task :LookupService:processTestResources NO-SOURCE
> Task :LookupService:testClasses UP-TO-DATE
> Task :LookupService:test UP-TO-DATE
> Task :LookupService:check UP-TO-DATE
> Task :LookupService:build UP-TO-DATE
> Task :deployDistributedObject
Copying Distributed Object to the EC2 instance
Warning: Permanently added 'ec2-3-88-20-29.compute-1.amazonaws.com,3.88.20.29' (ECDSA) to the list of known hosts.
Starting Distributed Object on the EC2 instance

Deprecated Gradle features were used in this build, making it incompatible with Gradle 7.0.
Use '--warning-mode all' to show the individual deprecation warnings.
See https://docs.gradle.org/6.2.2/userguide/command_line_interface.html#sec:command_line_warnings

BUILD SUCCESSFUL in 1m 48s
23 actionable tasks: 3 executed, 20 up-to-date
2020-03-30T19:06+02:00: Deploying Distributed Object 4
> Task :deployEC2Instance
> Task :waitInstanceStatusStable
Access instance with: ssh ubuntu@ec2-54-160-59-156.compute-1.amazonaws.com

> Task :DistributedObject:compileJava NO-SOURCE
> Task :DistributedObject:compileScala UP-TO-DATE
> Task :DistributedObject:processResources NO-SOURCE
> Task :DistributedObject:classes UP-TO-DATE
> Task :DistributedObject:jar UP-TO-DATE
> Task :DistributedObject:startScripts UP-TO-DATE
> Task :DistributedObject:distTar UP-TO-DATE
> Task :DistributedObject:distZip UP-TO-DATE
> Task :DistributedObject:shadowJar UP-TO-DATE
> Task :DistributedObject:startShadowScripts UP-TO-DATE
> Task :DistributedObject:shadowDistTar UP-TO-DATE
> Task :DistributedObject:shadowDistZip UP-TO-DATE
> Task :DistributedObject:assemble UP-TO-DATE
> Task :DistributedObject:compileTestJava NO-SOURCE
> Task :DistributedObject:compileTestScala NO-SOURCE
> Task :DistributedObject:processTestResources NO-SOURCE
> Task :DistributedObject:testClasses UP-TO-DATE
> Task :DistributedObject:test NO-SOURCE
> Task :DistributedObject:check UP-TO-DATE
> Task :DistributedObject:build UP-TO-DATE
> Task :LookupService:compileJava NO-SOURCE
> Task :LookupService:compileScala UP-TO-DATE
> Task :LookupService:processResources NO-SOURCE
> Task :LookupService:classes UP-TO-DATE
> Task :LookupService:jar UP-TO-DATE
> Task :LookupService:startScripts UP-TO-DATE
> Task :LookupService:distTar UP-TO-DATE
> Task :LookupService:distZip UP-TO-DATE
> Task :LookupService:shadowJar UP-TO-DATE
> Task :LookupService:startShadowScripts UP-TO-DATE
> Task :LookupService:shadowDistTar UP-TO-DATE
> Task :LookupService:shadowDistZip UP-TO-DATE
> Task :LookupService:assemble UP-TO-DATE
> Task :LookupService:compileTestJava NO-SOURCE
> Task :LookupService:compileTestScala UP-TO-DATE
> Task :LookupService:processTestResources NO-SOURCE
> Task :LookupService:testClasses UP-TO-DATE
> Task :LookupService:test UP-TO-DATE
> Task :LookupService:check UP-TO-DATE
> Task :LookupService:build UP-TO-DATE
> Task :deployDistributedObject
Copying Distributed Object to the EC2 instance
Warning: Permanently added 'ec2-54-160-59-156.compute-1.amazonaws.com,54.160.59.156' (ECDSA) to the list of known hosts.
Starting Distributed Object on the EC2 instance

Deprecated Gradle features were used in this build, making it incompatible with Gradle 7.0.
Use '--warning-mode all' to show the individual deprecation warnings.
See https://docs.gradle.org/6.2.2/userguide/command_line_interface.html#sec:command_line_warnings

BUILD SUCCESSFUL in 1m 43s
23 actionable tasks: 3 executed, 20 up-to-date
2020-03-30T19:08+02:00: Deploying Distributed Object 5
> Task :deployEC2Instance
> Task :waitInstanceStatusStable
Access instance with: ssh ubuntu@ec2-54-164-164-38.compute-1.amazonaws.com

> Task :DistributedObject:compileJava NO-SOURCE
> Task :DistributedObject:compileScala UP-TO-DATE
> Task :DistributedObject:processResources NO-SOURCE
> Task :DistributedObject:classes UP-TO-DATE
> Task :DistributedObject:jar UP-TO-DATE
> Task :DistributedObject:startScripts UP-TO-DATE
> Task :DistributedObject:distTar UP-TO-DATE
> Task :DistributedObject:distZip UP-TO-DATE
> Task :DistributedObject:shadowJar UP-TO-DATE
> Task :DistributedObject:startShadowScripts UP-TO-DATE
> Task :DistributedObject:shadowDistTar UP-TO-DATE
> Task :DistributedObject:shadowDistZip UP-TO-DATE
> Task :DistributedObject:assemble UP-TO-DATE
> Task :DistributedObject:compileTestJava NO-SOURCE
> Task :DistributedObject:compileTestScala NO-SOURCE
> Task :DistributedObject:processTestResources NO-SOURCE
> Task :DistributedObject:testClasses UP-TO-DATE
> Task :DistributedObject:test NO-SOURCE
> Task :DistributedObject:check UP-TO-DATE
> Task :DistributedObject:build UP-TO-DATE
> Task :LookupService:compileJava NO-SOURCE
> Task :LookupService:compileScala UP-TO-DATE
> Task :LookupService:processResources NO-SOURCE
> Task :LookupService:classes UP-TO-DATE
> Task :LookupService:jar UP-TO-DATE
> Task :LookupService:startScripts UP-TO-DATE
> Task :LookupService:distTar UP-TO-DATE
> Task :LookupService:distZip UP-TO-DATE
> Task :LookupService:shadowJar UP-TO-DATE
> Task :LookupService:startShadowScripts UP-TO-DATE
> Task :LookupService:shadowDistTar UP-TO-DATE
> Task :LookupService:shadowDistZip UP-TO-DATE
> Task :LookupService:assemble UP-TO-DATE
> Task :LookupService:compileTestJava NO-SOURCE
> Task :LookupService:compileTestScala UP-TO-DATE
> Task :LookupService:processTestResources NO-SOURCE
> Task :LookupService:testClasses UP-TO-DATE
> Task :LookupService:test UP-TO-DATE
> Task :LookupService:check UP-TO-DATE
> Task :LookupService:build UP-TO-DATE
> Task :deployDistributedObject
Copying Distributed Object to the EC2 instance
Warning: Permanently added 'ec2-54-164-164-38.compute-1.amazonaws.com,54.164.164.38' (ECDSA) to the list of known hosts.
Starting Distributed Object on the EC2 instance

Deprecated Gradle features were used in this build, making it incompatible with Gradle 7.0.
Use '--warning-mode all' to show the individual deprecation warnings.
See https://docs.gradle.org/6.2.2/userguide/command_line_interface.html#sec:command_line_warnings

BUILD SUCCESSFUL in 1m 43s
23 actionable tasks: 3 executed, 20 up-to-date
2020-03-30T19:10+02:00: Deploying Distributed Object 6
> Task :deployEC2Instance
> Task :waitInstanceStatusStable
Access instance with: ssh ubuntu@ec2-54-164-108-47.compute-1.amazonaws.com

> Task :DistributedObject:compileJava NO-SOURCE
> Task :DistributedObject:compileScala UP-TO-DATE
> Task :DistributedObject:processResources NO-SOURCE
> Task :DistributedObject:classes UP-TO-DATE
> Task :DistributedObject:jar UP-TO-DATE
> Task :DistributedObject:startScripts UP-TO-DATE
> Task :DistributedObject:distTar UP-TO-DATE
> Task :DistributedObject:distZip UP-TO-DATE
> Task :DistributedObject:shadowJar UP-TO-DATE
> Task :DistributedObject:startShadowScripts UP-TO-DATE
> Task :DistributedObject:shadowDistTar UP-TO-DATE
> Task :DistributedObject:shadowDistZip UP-TO-DATE
> Task :DistributedObject:assemble UP-TO-DATE
> Task :DistributedObject:compileTestJava NO-SOURCE
> Task :DistributedObject:compileTestScala NO-SOURCE
> Task :DistributedObject:processTestResources NO-SOURCE
> Task :DistributedObject:testClasses UP-TO-DATE
> Task :DistributedObject:test NO-SOURCE
> Task :DistributedObject:check UP-TO-DATE
> Task :DistributedObject:build UP-TO-DATE
> Task :LookupService:compileJava NO-SOURCE
> Task :LookupService:compileScala UP-TO-DATE
> Task :LookupService:processResources NO-SOURCE
> Task :LookupService:classes UP-TO-DATE
> Task :LookupService:jar UP-TO-DATE
> Task :LookupService:startScripts UP-TO-DATE
> Task :LookupService:distTar UP-TO-DATE
> Task :LookupService:distZip UP-TO-DATE
> Task :LookupService:shadowJar UP-TO-DATE
> Task :LookupService:startShadowScripts UP-TO-DATE
> Task :LookupService:shadowDistTar UP-TO-DATE
> Task :LookupService:shadowDistZip UP-TO-DATE
> Task :LookupService:assemble UP-TO-DATE
> Task :LookupService:compileTestJava NO-SOURCE
> Task :LookupService:compileTestScala UP-TO-DATE
> Task :LookupService:processTestResources NO-SOURCE
> Task :LookupService:testClasses UP-TO-DATE
> Task :LookupService:test UP-TO-DATE
> Task :LookupService:check UP-TO-DATE
> Task :LookupService:build UP-TO-DATE
> Task :deployDistributedObject
Copying Distributed Object to the EC2 instance
Warning: Permanently added 'ec2-54-164-108-47.compute-1.amazonaws.com,54.164.108.47' (ECDSA) to the list of known hosts.
Starting Distributed Object on the EC2 instance

Deprecated Gradle features were used in this build, making it incompatible with Gradle 7.0.
Use '--warning-mode all' to show the individual deprecation warnings.
See https://docs.gradle.org/6.2.2/userguide/command_line_interface.html#sec:command_line_warnings

BUILD SUCCESSFUL in 1m 43s
23 actionable tasks: 3 executed, 20 up-to-date
2020-03-30T19:11+02:00: Deploying Distributed Object 7
> Task :deployEC2Instance
> Task :waitInstanceStatusStable
Access instance with: ssh ubuntu@ec2-54-208-49-223.compute-1.amazonaws.com

> Task :DistributedObject:compileJava NO-SOURCE
> Task :DistributedObject:compileScala UP-TO-DATE
> Task :DistributedObject:processResources NO-SOURCE
> Task :DistributedObject:classes UP-TO-DATE
> Task :DistributedObject:jar UP-TO-DATE
> Task :DistributedObject:startScripts UP-TO-DATE
> Task :DistributedObject:distTar UP-TO-DATE
> Task :DistributedObject:distZip UP-TO-DATE
> Task :DistributedObject:shadowJar UP-TO-DATE
> Task :DistributedObject:startShadowScripts UP-TO-DATE
> Task :DistributedObject:shadowDistTar UP-TO-DATE
> Task :DistributedObject:shadowDistZip UP-TO-DATE
> Task :DistributedObject:assemble UP-TO-DATE
> Task :DistributedObject:compileTestJava NO-SOURCE
> Task :DistributedObject:compileTestScala NO-SOURCE
> Task :DistributedObject:processTestResources NO-SOURCE
> Task :DistributedObject:testClasses UP-TO-DATE
> Task :DistributedObject:test NO-SOURCE
> Task :DistributedObject:check UP-TO-DATE
> Task :DistributedObject:build UP-TO-DATE
> Task :LookupService:compileJava NO-SOURCE
> Task :LookupService:compileScala UP-TO-DATE
> Task :LookupService:processResources NO-SOURCE
> Task :LookupService:classes UP-TO-DATE
> Task :LookupService:jar UP-TO-DATE
> Task :LookupService:startScripts UP-TO-DATE
> Task :LookupService:distTar UP-TO-DATE
> Task :LookupService:distZip UP-TO-DATE
> Task :LookupService:shadowJar UP-TO-DATE
> Task :LookupService:startShadowScripts UP-TO-DATE
> Task :LookupService:shadowDistTar UP-TO-DATE
> Task :LookupService:shadowDistZip UP-TO-DATE
> Task :LookupService:assemble UP-TO-DATE
> Task :LookupService:compileTestJava NO-SOURCE
> Task :LookupService:compileTestScala UP-TO-DATE
> Task :LookupService:processTestResources NO-SOURCE
> Task :LookupService:testClasses UP-TO-DATE
> Task :LookupService:test UP-TO-DATE
> Task :LookupService:check UP-TO-DATE
> Task :LookupService:build UP-TO-DATE
> Task :deployDistributedObject
Copying Distributed Object to the EC2 instance
Warning: Permanently added 'ec2-54-208-49-223.compute-1.amazonaws.com,54.208.49.223' (ECDSA) to the list of known hosts.
Starting Distributed Object on the EC2 instance

Deprecated Gradle features were used in this build, making it incompatible with Gradle 7.0.
Use '--warning-mode all' to show the individual deprecation warnings.
See https://docs.gradle.org/6.2.2/userguide/command_line_interface.html#sec:command_line_warnings

BUILD SUCCESSFUL in 1m 48s
23 actionable tasks: 3 executed, 20 up-to-date
2020-03-30T19:13+02:00: Deploying Distributed Object 8
> Task :deployEC2Instance

> Task :waitInstanceStatusStable
Access instance with: ssh ubuntu@ec2-3-83-182-12.compute-1.amazonaws.com

> Task :DistributedObject:compileJava NO-SOURCE
> Task :DistributedObject:compileScala UP-TO-DATE
> Task :DistributedObject:processResources NO-SOURCE
> Task :DistributedObject:classes UP-TO-DATE
> Task :DistributedObject:jar UP-TO-DATE
> Task :DistributedObject:startScripts UP-TO-DATE
> Task :DistributedObject:distTar UP-TO-DATE
> Task :DistributedObject:distZip UP-TO-DATE
> Task :DistributedObject:shadowJar UP-TO-DATE
> Task :DistributedObject:startShadowScripts UP-TO-DATE
> Task :DistributedObject:shadowDistTar UP-TO-DATE
> Task :DistributedObject:shadowDistZip UP-TO-DATE
> Task :DistributedObject:assemble UP-TO-DATE
> Task :DistributedObject:compileTestJava NO-SOURCE
> Task :DistributedObject:compileTestScala NO-SOURCE
> Task :DistributedObject:processTestResources NO-SOURCE
> Task :DistributedObject:testClasses UP-TO-DATE
> Task :DistributedObject:test NO-SOURCE
> Task :DistributedObject:check UP-TO-DATE
> Task :DistributedObject:build UP-TO-DATE
> Task :LookupService:compileJava NO-SOURCE
> Task :LookupService:compileScala UP-TO-DATE
> Task :LookupService:processResources NO-SOURCE
> Task :LookupService:classes UP-TO-DATE
> Task :LookupService:jar UP-TO-DATE
> Task :LookupService:startScripts UP-TO-DATE
> Task :LookupService:distTar UP-TO-DATE
> Task :LookupService:distZip UP-TO-DATE
> Task :LookupService:shadowJar UP-TO-DATE
> Task :LookupService:startShadowScripts UP-TO-DATE
> Task :LookupService:shadowDistTar UP-TO-DATE
> Task :LookupService:shadowDistZip UP-TO-DATE
> Task :LookupService:assemble UP-TO-DATE
> Task :LookupService:compileTestJava NO-SOURCE
> Task :LookupService:compileTestScala UP-TO-DATE
> Task :LookupService:processTestResources NO-SOURCE
> Task :LookupService:testClasses UP-TO-DATE
> Task :LookupService:test UP-TO-DATE
> Task :LookupService:check UP-TO-DATE
> Task :LookupService:build UP-TO-DATE
> Task :deployDistributedObject
Copying Distributed Object to the EC2 instance
Warning: Permanently added 'ec2-3-83-182-12.compute-1.amazonaws.com,3.83.182.12' (ECDSA) to the list of known hosts.
Starting Distributed Object on the EC2 instance

Deprecated Gradle features were used in this build, making it incompatible with Gradle 7.0.
Use '--warning-mode all' to show the individual deprecation warnings.
See https://docs.gradle.org/6.2.2/userguide/command_line_interface.html#sec:command_line_warnings

BUILD SUCCESSFUL in 1m 35s
23 actionable tasks: 3 executed, 20 up-to-date
2020-03-30T19:15+02:00: Deploying Distributed Object 9
> Task :deployEC2Instance
> Task :waitInstanceStatusStable
Access instance with: ssh ubuntu@ec2-3-87-231-178.compute-1.amazonaws.com

> Task :DistributedObject:compileJava NO-SOURCE
> Task :DistributedObject:compileScala UP-TO-DATE
> Task :DistributedObject:processResources NO-SOURCE
> Task :DistributedObject:classes UP-TO-DATE
> Task :DistributedObject:jar UP-TO-DATE
> Task :DistributedObject:startScripts UP-TO-DATE
> Task :DistributedObject:distTar UP-TO-DATE
> Task :DistributedObject:distZip UP-TO-DATE
> Task :DistributedObject:shadowJar UP-TO-DATE
> Task :DistributedObject:startShadowScripts UP-TO-DATE
> Task :DistributedObject:shadowDistTar UP-TO-DATE
> Task :DistributedObject:shadowDistZip UP-TO-DATE
> Task :DistributedObject:assemble UP-TO-DATE
> Task :DistributedObject:compileTestJava NO-SOURCE
> Task :DistributedObject:compileTestScala NO-SOURCE
> Task :DistributedObject:processTestResources NO-SOURCE
> Task :DistributedObject:testClasses UP-TO-DATE
> Task :DistributedObject:test NO-SOURCE
> Task :DistributedObject:check UP-TO-DATE
> Task :DistributedObject:build UP-TO-DATE
> Task :LookupService:compileJava NO-SOURCE
> Task :LookupService:compileScala UP-TO-DATE
> Task :LookupService:processResources NO-SOURCE
> Task :LookupService:classes UP-TO-DATE
> Task :LookupService:jar UP-TO-DATE
> Task :LookupService:startScripts UP-TO-DATE
> Task :LookupService:distTar UP-TO-DATE
> Task :LookupService:distZip UP-TO-DATE
> Task :LookupService:shadowJar UP-TO-DATE
> Task :LookupService:startShadowScripts UP-TO-DATE
> Task :LookupService:shadowDistTar UP-TO-DATE
> Task :LookupService:shadowDistZip UP-TO-DATE
> Task :LookupService:assemble UP-TO-DATE
> Task :LookupService:compileTestJava NO-SOURCE
> Task :LookupService:compileTestScala UP-TO-DATE
> Task :LookupService:processTestResources NO-SOURCE
> Task :LookupService:testClasses UP-TO-DATE
> Task :LookupService:test UP-TO-DATE
> Task :LookupService:check UP-TO-DATE
> Task :LookupService:build UP-TO-DATE
> Task :deployDistributedObject
Copying Distributed Object to the EC2 instance
ssh: connect to host ec2-3-87-231-178.compute-1.amazonaws.com port 22: Connection timed out
lost connection

> Task :deployDistributedObject FAILED

FAILURE: Build failed with an exception.

* Where:
Build file '/home/riaas/.Projects/TU Delft/GlobeReplicator/build.gradle' line: 173

* What went wrong:
Execution failed for task ':deployDistributedObject'.
> Process 'command 'scp'' finished with non-zero exit value 1

* Try:
Run with --stacktrace option to get the stack trace. Run with --info or --debug option to get more log output. Run with --scan to get full insights.

* Get more help at https://help.gradle.org

Deprecated Gradle features were used in this build, making it incompatible with Gradle 7.0.
Use '--warning-mode all' to show the individual deprecation warnings.
See https://docs.gradle.org/6.2.2/userguide/command_line_interface.html#sec:command_line_warnings

BUILD FAILED in 3m 42s
23 actionable tasks: 3 executed, 20 up-to-date
2020-03-30T19:18+02:00: Deploying Distributed Object 10
#
# A fatal error has been detected by the Java Runtime Environment:
#
#  SIGSEGV (0xb) at pc=0x000000080000000a, pid=88800, tid=88811
#
# JRE version: OpenJDK Runtime Environment (11.0.7+9) (build 11.0.7-ea+9-post-Debian-1)
# Java VM: OpenJDK 64-Bit Server VM (11.0.7-ea+9-post-Debian-1, mixed mode, sharing, tiered, compressed oops, g1 gc, linux-amd64)
# Problematic frame:
# C  0x000000080000000a
#
# No core dump will be written. Core dumps have been disabled. To enable core dumping, try "ulimit -c unlimited" before starting Java again
#
# An error report file with more information is saved as:
# /home/riaas/.Projects/TU Delft/GlobeReplicator/hs_err_pid88800.log
Compiled method (c1)     392  736       3       java.util.concurrent.ConcurrentHashMap$BaseIterator::hasNext (13 bytes)
 total in heap  [0x00007ffa751b3e10,0x00007ffa751b41e0] = 976
 relocation     [0x00007ffa751b3f88,0x00007ffa751b3fb8] = 48
 main code      [0x00007ffa751b3fc0,0x00007ffa751b4100] = 320
 stub code      [0x00007ffa751b4100,0x00007ffa751b4190] = 144
 metadata       [0x00007ffa751b4190,0x00007ffa751b4198] = 8
 scopes data    [0x00007ffa751b4198,0x00007ffa751b41a8] = 16
 scopes pcs     [0x00007ffa751b41a8,0x00007ffa751b41d8] = 48
 dependencies   [0x00007ffa751b41d8,0x00007ffa751b41e0] = 8
#
# If you would like to submit a bug report, please visit:
#   https://bugs.debian.org/openjdk-11
#
./deploySystem.sh: line 12: 88800 Aborted                 ./gradlew deployDistributedObject
2020-03-30T19:19+02:00: Finished deploying system with 10 replicas
2020-03-30T19:20+02:00: Running test iteration 1 on system with 10 replicas
> Task :DistributedObject:compileJava NO-SOURCE
> Task :DistributedObject:compileScala
> Task :DistributedObject:processResources NO-SOURCE
> Task :DistributedObject:classes
> Task :DistributedObject:compileTestJava NO-SOURCE
> Task :DistributedObject:compileTestScala NO-SOURCE
> Task :DistributedObject:processTestResources NO-SOURCE
> Task :DistributedObject:testClasses UP-TO-DATE
> Task :DistributedObject:compileSystemTestJava NO-SOURCE
> Task :DistributedObject:compileSystemTestScala
> Task :DistributedObject:processSystemTestResources NO-SOURCE
> Task :DistributedObject:systemTestClasses
> Task :DistributedObject:systemTest
> Task :LookupService:compileJava NO-SOURCE
> Task :LookupService:compileScala
> Task :LookupService:processResources NO-SOURCE
> Task :LookupService:classes
> Task :LookupService:compileTestJava NO-SOURCE
> Task :LookupService:compileTestScala
> Task :LookupService:processTestResources NO-SOURCE
> Task :LookupService:testClasses
> Task :LookupService:compileSystemTestJava NO-SOURCE
> Task :LookupService:compileSystemTestScala NO-SOURCE
> Task :LookupService:processSystemTestResources NO-SOURCE
> Task :LookupService:systemTestClasses UP-TO-DATE
> Task :LookupService:systemTest NO-SOURCE

BUILD SUCCESSFUL in 23s
5 actionable tasks: 5 executed
2020-03-30T19:20+02:00: Finished running test iteration 1 on system with 10 replicas
2020-03-30T19:20+02:00: Running test iteration 2 on system with 10 replicas
> Task :DistributedObject:compileJava NO-SOURCE
> Task :DistributedObject:compileScala
> Task :DistributedObject:processResources NO-SOURCE
> Task :DistributedObject:classes
> Task :DistributedObject:compileTestJava NO-SOURCE
> Task :DistributedObject:compileTestScala NO-SOURCE
> Task :DistributedObject:processTestResources NO-SOURCE
> Task :DistributedObject:testClasses UP-TO-DATE
> Task :DistributedObject:compileSystemTestJava NO-SOURCE
> Task :DistributedObject:compileSystemTestScala
> Task :DistributedObject:processSystemTestResources NO-SOURCE
> Task :DistributedObject:systemTestClasses
> Task :DistributedObject:systemTest
> Task :LookupService:compileJava NO-SOURCE
> Task :LookupService:compileScala
> Task :LookupService:processResources NO-SOURCE
> Task :LookupService:classes
> Task :LookupService:compileTestJava NO-SOURCE
> Task :LookupService:compileTestScala
> Task :LookupService:processTestResources NO-SOURCE
> Task :LookupService:testClasses
> Task :LookupService:compileSystemTestJava NO-SOURCE
> Task :LookupService:compileSystemTestScala NO-SOURCE
> Task :LookupService:processSystemTestResources NO-SOURCE
> Task :LookupService:systemTestClasses UP-TO-DATE
> Task :LookupService:systemTest NO-SOURCE

BUILD SUCCESSFUL in 19s
5 actionable tasks: 5 executed
2020-03-30T19:20+02:00: Finished running test iteration 2 on system with 10 replicas
2020-03-30T19:20+02:00: Running test iteration 3 on system with 10 replicas
> Task :DistributedObject:compileJava NO-SOURCE
> Task :DistributedObject:compileScala
> Task :DistributedObject:processResources NO-SOURCE
> Task :DistributedObject:classes
> Task :DistributedObject:compileTestJava NO-SOURCE
> Task :DistributedObject:compileTestScala NO-SOURCE
> Task :DistributedObject:processTestResources NO-SOURCE
> Task :DistributedObject:testClasses UP-TO-DATE
> Task :DistributedObject:compileSystemTestJava NO-SOURCE
> Task :DistributedObject:compileSystemTestScala
> Task :DistributedObject:processSystemTestResources NO-SOURCE
> Task :DistributedObject:systemTestClasses
> Task :DistributedObject:systemTest
> Task :LookupService:compileJava NO-SOURCE
> Task :LookupService:compileScala
> Task :LookupService:processResources NO-SOURCE
> Task :LookupService:classes
> Task :LookupService:compileTestJava NO-SOURCE
> Task :LookupService:compileTestScala
> Task :LookupService:processTestResources NO-SOURCE
> Task :LookupService:testClasses
> Task :LookupService:compileSystemTestJava NO-SOURCE
> Task :LookupService:compileSystemTestScala NO-SOURCE
> Task :LookupService:processSystemTestResources NO-SOURCE
> Task :LookupService:systemTestClasses UP-TO-DATE
> Task :LookupService:systemTest NO-SOURCE

BUILD SUCCESSFUL in 19s
5 actionable tasks: 5 executed
2020-03-30T19:21+02:00: Finished running test iteration 3 on system with 10 replicas
2020-03-30T19:21+02:00: Running test iteration 4 on system with 10 replicas
> Task :DistributedObject:compileJava NO-SOURCE
> Task :DistributedObject:compileScala
> Task :DistributedObject:processResources NO-SOURCE
> Task :DistributedObject:classes
> Task :DistributedObject:compileTestJava NO-SOURCE
> Task :DistributedObject:compileTestScala NO-SOURCE
> Task :DistributedObject:processTestResources NO-SOURCE
> Task :DistributedObject:testClasses UP-TO-DATE
> Task :DistributedObject:compileSystemTestJava NO-SOURCE
> Task :DistributedObject:compileSystemTestScala
> Task :DistributedObject:processSystemTestResources NO-SOURCE
> Task :DistributedObject:systemTestClasses
> Task :DistributedObject:systemTest
> Task :LookupService:compileJava NO-SOURCE
> Task :LookupService:compileScala
> Task :LookupService:processResources NO-SOURCE
> Task :LookupService:classes
> Task :LookupService:compileTestJava NO-SOURCE
> Task :LookupService:compileTestScala
> Task :LookupService:processTestResources NO-SOURCE
> Task :LookupService:testClasses
> Task :LookupService:compileSystemTestJava NO-SOURCE
> Task :LookupService:compileSystemTestScala NO-SOURCE
> Task :LookupService:processSystemTestResources NO-SOURCE
> Task :LookupService:systemTestClasses UP-TO-DATE
> Task :LookupService:systemTest NO-SOURCE

BUILD SUCCESSFUL in 19s
5 actionable tasks: 5 executed
2020-03-30T19:21+02:00: Finished running test iteration 4 on system with 10 replicas
2020-03-30T19:21+02:00: Running test iteration 5 on system with 10 replicas
> Task :DistributedObject:compileJava NO-SOURCE
> Task :DistributedObject:compileScala
> Task :DistributedObject:processResources NO-SOURCE
> Task :DistributedObject:classes
> Task :DistributedObject:compileTestJava NO-SOURCE
> Task :DistributedObject:compileTestScala NO-SOURCE
> Task :DistributedObject:processTestResources NO-SOURCE
> Task :DistributedObject:testClasses UP-TO-DATE
> Task :DistributedObject:compileSystemTestJava NO-SOURCE
> Task :DistributedObject:compileSystemTestScala
> Task :DistributedObject:processSystemTestResources NO-SOURCE
> Task :DistributedObject:systemTestClasses
> Task :DistributedObject:systemTest
> Task :LookupService:compileJava NO-SOURCE
> Task :LookupService:compileScala
> Task :LookupService:processResources NO-SOURCE
> Task :LookupService:classes
> Task :LookupService:compileTestJava NO-SOURCE
> Task :LookupService:compileTestScala
> Task :LookupService:processTestResources NO-SOURCE
> Task :LookupService:testClasses
> Task :LookupService:compileSystemTestJava NO-SOURCE
> Task :LookupService:compileSystemTestScala NO-SOURCE
> Task :LookupService:processSystemTestResources NO-SOURCE
> Task :LookupService:systemTestClasses UP-TO-DATE
> Task :LookupService:systemTest NO-SOURCE

BUILD SUCCESSFUL in 19s
5 actionable tasks: 5 executed
2020-03-30T19:22+02:00: Finished running test iteration 5 on system with 10 replicas
2020-03-30T19:22+02:00: Running test iteration 6 on system with 10 replicas
> Task :DistributedObject:compileJava NO-SOURCE
> Task :DistributedObject:compileScala
> Task :DistributedObject:processResources NO-SOURCE
> Task :DistributedObject:classes
> Task :DistributedObject:compileTestJava NO-SOURCE
> Task :DistributedObject:compileTestScala NO-SOURCE
> Task :DistributedObject:processTestResources NO-SOURCE
> Task :DistributedObject:testClasses UP-TO-DATE
> Task :DistributedObject:compileSystemTestJava NO-SOURCE
> Task :DistributedObject:compileSystemTestScala
> Task :DistributedObject:processSystemTestResources NO-SOURCE
> Task :DistributedObject:systemTestClasses
> Task :DistributedObject:systemTest
> Task :LookupService:compileJava NO-SOURCE
> Task :LookupService:compileScala
> Task :LookupService:processResources NO-SOURCE
> Task :LookupService:classes
> Task :LookupService:compileTestJava NO-SOURCE
> Task :LookupService:compileTestScala
> Task :LookupService:processTestResources NO-SOURCE
> Task :LookupService:testClasses
> Task :LookupService:compileSystemTestJava NO-SOURCE
> Task :LookupService:compileSystemTestScala NO-SOURCE
> Task :LookupService:processSystemTestResources NO-SOURCE
> Task :LookupService:systemTestClasses UP-TO-DATE
> Task :LookupService:systemTest NO-SOURCE

BUILD SUCCESSFUL in 19s
5 actionable tasks: 5 executed
2020-03-30T19:22+02:00: Finished running test iteration 6 on system with 10 replicas
2020-03-30T19:22+02:00: Running test iteration 7 on system with 10 replicas
> Task :DistributedObject:compileJava NO-SOURCE
> Task :DistributedObject:compileScala
> Task :DistributedObject:processResources NO-SOURCE
> Task :DistributedObject:classes
> Task :DistributedObject:compileTestJava NO-SOURCE
> Task :DistributedObject:compileTestScala NO-SOURCE
> Task :DistributedObject:processTestResources NO-SOURCE
> Task :DistributedObject:testClasses UP-TO-DATE
> Task :DistributedObject:compileSystemTestJava NO-SOURCE
> Task :DistributedObject:compileSystemTestScala
> Task :DistributedObject:processSystemTestResources NO-SOURCE
> Task :DistributedObject:systemTestClasses
> Task :DistributedObject:systemTest
> Task :LookupService:compileJava NO-SOURCE
> Task :LookupService:compileScala
> Task :LookupService:processResources NO-SOURCE
> Task :LookupService:classes
> Task :LookupService:compileTestJava NO-SOURCE
> Task :LookupService:compileTestScala
> Task :LookupService:processTestResources NO-SOURCE
> Task :LookupService:testClasses
> Task :LookupService:compileSystemTestJava NO-SOURCE
> Task :LookupService:compileSystemTestScala NO-SOURCE
> Task :LookupService:processSystemTestResources NO-SOURCE
> Task :LookupService:systemTestClasses UP-TO-DATE
> Task :LookupService:systemTest NO-SOURCE

BUILD SUCCESSFUL in 19s
5 actionable tasks: 5 executed
2020-03-30T19:22+02:00: Finished running test iteration 7 on system with 10 replicas
2020-03-30T19:23+02:00: Running test iteration 8 on system with 10 replicas
> Task :DistributedObject:compileJava NO-SOURCE
> Task :DistributedObject:compileScala
> Task :DistributedObject:processResources NO-SOURCE
> Task :DistributedObject:classes
> Task :DistributedObject:compileTestJava NO-SOURCE
> Task :DistributedObject:compileTestScala NO-SOURCE
> Task :DistributedObject:processTestResources NO-SOURCE
> Task :DistributedObject:testClasses UP-TO-DATE
> Task :DistributedObject:compileSystemTestJava NO-SOURCE
> Task :DistributedObject:compileSystemTestScala
> Task :DistributedObject:processSystemTestResources NO-SOURCE
> Task :DistributedObject:systemTestClasses
> Task :DistributedObject:systemTest
> Task :LookupService:compileJava NO-SOURCE
> Task :LookupService:compileScala
> Task :LookupService:processResources NO-SOURCE
> Task :LookupService:classes
> Task :LookupService:compileTestJava NO-SOURCE
> Task :LookupService:compileTestScala
> Task :LookupService:processTestResources NO-SOURCE
> Task :LookupService:testClasses
> Task :LookupService:compileSystemTestJava NO-SOURCE
> Task :LookupService:compileSystemTestScala NO-SOURCE
> Task :LookupService:processSystemTestResources NO-SOURCE
> Task :LookupService:systemTestClasses UP-TO-DATE
> Task :LookupService:systemTest NO-SOURCE

BUILD SUCCESSFUL in 19s
5 actionable tasks: 5 executed
2020-03-30T19:23+02:00: Finished running test iteration 8 on system with 10 replicas
2020-03-30T19:23+02:00: Running test iteration 9 on system with 10 replicas
> Task :DistributedObject:compileJava NO-SOURCE
> Task :DistributedObject:compileScala
> Task :DistributedObject:processResources NO-SOURCE
> Task :DistributedObject:classes
> Task :DistributedObject:compileTestJava NO-SOURCE
> Task :DistributedObject:compileTestScala NO-SOURCE
> Task :DistributedObject:processTestResources NO-SOURCE
> Task :DistributedObject:testClasses UP-TO-DATE
> Task :DistributedObject:compileSystemTestJava NO-SOURCE
> Task :DistributedObject:compileSystemTestScala
> Task :DistributedObject:processSystemTestResources NO-SOURCE
> Task :DistributedObject:systemTestClasses
> Task :DistributedObject:systemTest
> Task :LookupService:compileJava NO-SOURCE
> Task :LookupService:compileScala
> Task :LookupService:processResources NO-SOURCE
> Task :LookupService:classes
> Task :LookupService:compileTestJava NO-SOURCE
> Task :LookupService:compileTestScala
> Task :LookupService:processTestResources NO-SOURCE
> Task :LookupService:testClasses
> Task :LookupService:compileSystemTestJava NO-SOURCE
> Task :LookupService:compileSystemTestScala NO-SOURCE
> Task :LookupService:processSystemTestResources NO-SOURCE
> Task :LookupService:systemTestClasses UP-TO-DATE
> Task :LookupService:systemTest NO-SOURCE

BUILD SUCCESSFUL in 19s
5 actionable tasks: 5 executed
2020-03-30T19:23+02:00: Finished running test iteration 9 on system with 10 replicas
2020-03-30T19:23+02:00: Running test iteration 10 on system with 10 replicas
> Task :DistributedObject:compileJava NO-SOURCE
> Task :DistributedObject:compileScala
> Task :DistributedObject:processResources NO-SOURCE
> Task :DistributedObject:classes
> Task :DistributedObject:compileTestJava NO-SOURCE
> Task :DistributedObject:compileTestScala NO-SOURCE
> Task :DistributedObject:processTestResources NO-SOURCE
> Task :DistributedObject:testClasses UP-TO-DATE
> Task :DistributedObject:compileSystemTestJava NO-SOURCE
> Task :DistributedObject:compileSystemTestScala
> Task :DistributedObject:processSystemTestResources NO-SOURCE
> Task :DistributedObject:systemTestClasses
> Task :DistributedObject:systemTest
> Task :LookupService:compileJava NO-SOURCE
> Task :LookupService:compileScala
> Task :LookupService:processResources NO-SOURCE
> Task :LookupService:classes
> Task :LookupService:compileTestJava NO-SOURCE
> Task :LookupService:compileTestScala
> Task :LookupService:processTestResources NO-SOURCE
> Task :LookupService:testClasses
> Task :LookupService:compileSystemTestJava NO-SOURCE
> Task :LookupService:compileSystemTestScala NO-SOURCE
> Task :LookupService:processSystemTestResources NO-SOURCE
> Task :LookupService:systemTestClasses UP-TO-DATE
> Task :LookupService:systemTest NO-SOURCE

BUILD SUCCESSFUL in 19s
5 actionable tasks: 5 executed
2020-03-30T19:24+02:00: Finished running test iteration 10 on system with 10 replicas
2020-03-30T19:24+02:00: Running test iteration 11 on system with 10 replicas
> Task :DistributedObject:compileJava NO-SOURCE
> Task :DistributedObject:compileScala
> Task :DistributedObject:processResources NO-SOURCE
> Task :DistributedObject:classes
> Task :DistributedObject:compileTestJava NO-SOURCE
> Task :DistributedObject:compileTestScala NO-SOURCE
> Task :DistributedObject:processTestResources NO-SOURCE
> Task :DistributedObject:testClasses UP-TO-DATE
> Task :DistributedObject:compileSystemTestJava NO-SOURCE
> Task :DistributedObject:compileSystemTestScala
> Task :DistributedObject:processSystemTestResources NO-SOURCE
> Task :DistributedObject:systemTestClasses
> Task :DistributedObject:systemTest
> Task :LookupService:compileJava NO-SOURCE
> Task :LookupService:compileScala
> Task :LookupService:processResources NO-SOURCE
> Task :LookupService:classes
> Task :LookupService:compileTestJava NO-SOURCE
> Task :LookupService:compileTestScala
> Task :LookupService:processTestResources NO-SOURCE
> Task :LookupService:testClasses
> Task :LookupService:compileSystemTestJava NO-SOURCE
> Task :LookupService:compileSystemTestScala NO-SOURCE
> Task :LookupService:processSystemTestResources NO-SOURCE
> Task :LookupService:systemTestClasses UP-TO-DATE
> Task :LookupService:systemTest NO-SOURCE

BUILD SUCCESSFUL in 19s
5 actionable tasks: 5 executed
2020-03-30T19:24+02:00: Finished running test iteration 11 on system with 10 replicas
2020-03-30T19:24+02:00: Running test iteration 12 on system with 10 replicas
> Task :DistributedObject:compileJava NO-SOURCE
> Task :DistributedObject:compileScala
> Task :DistributedObject:processResources NO-SOURCE
> Task :DistributedObject:classes
> Task :DistributedObject:compileTestJava NO-SOURCE
> Task :DistributedObject:compileTestScala NO-SOURCE
> Task :DistributedObject:processTestResources NO-SOURCE
> Task :DistributedObject:testClasses UP-TO-DATE
> Task :DistributedObject:compileSystemTestJava NO-SOURCE
> Task :DistributedObject:compileSystemTestScala
> Task :DistributedObject:processSystemTestResources NO-SOURCE
> Task :DistributedObject:systemTestClasses
> Task :DistributedObject:systemTest
> Task :LookupService:compileJava NO-SOURCE
> Task :LookupService:compileScala
> Task :LookupService:processResources NO-SOURCE
> Task :LookupService:classes
> Task :LookupService:compileTestJava NO-SOURCE
> Task :LookupService:compileTestScala
> Task :LookupService:processTestResources NO-SOURCE
> Task :LookupService:testClasses
> Task :LookupService:compileSystemTestJava NO-SOURCE
> Task :LookupService:compileSystemTestScala NO-SOURCE
> Task :LookupService:processSystemTestResources NO-SOURCE
> Task :LookupService:systemTestClasses UP-TO-DATE
> Task :LookupService:systemTest NO-SOURCE

BUILD SUCCESSFUL in 19s
5 actionable tasks: 5 executed
2020-03-30T19:25+02:00: Finished running test iteration 12 on system with 10 replicas
2020-03-30T19:25+02:00: Running test iteration 13 on system with 10 replicas
> Task :DistributedObject:compileJava NO-SOURCE
> Task :DistributedObject:compileScala
> Task :DistributedObject:processResources NO-SOURCE
> Task :DistributedObject:classes
> Task :DistributedObject:compileTestJava NO-SOURCE
> Task :DistributedObject:compileTestScala NO-SOURCE
> Task :DistributedObject:processTestResources NO-SOURCE
> Task :DistributedObject:testClasses UP-TO-DATE
> Task :DistributedObject:compileSystemTestJava NO-SOURCE
> Task :DistributedObject:compileSystemTestScala
> Task :DistributedObject:processSystemTestResources NO-SOURCE
> Task :DistributedObject:systemTestClasses
> Task :DistributedObject:systemTest
> Task :LookupService:compileJava NO-SOURCE
> Task :LookupService:compileScala
> Task :LookupService:processResources NO-SOURCE
> Task :LookupService:classes
> Task :LookupService:compileTestJava NO-SOURCE
> Task :LookupService:compileTestScala
> Task :LookupService:processTestResources NO-SOURCE
> Task :LookupService:testClasses
> Task :LookupService:compileSystemTestJava NO-SOURCE
> Task :LookupService:compileSystemTestScala NO-SOURCE
> Task :LookupService:processSystemTestResources NO-SOURCE
> Task :LookupService:systemTestClasses UP-TO-DATE
> Task :LookupService:systemTest NO-SOURCE

BUILD SUCCESSFUL in 19s
5 actionable tasks: 5 executed
2020-03-30T19:25+02:00: Finished running test iteration 13 on system with 10 replicas
2020-03-30T19:25+02:00: Running test iteration 14 on system with 10 replicas
> Task :DistributedObject:compileJava NO-SOURCE
> Task :DistributedObject:compileScala
> Task :DistributedObject:processResources NO-SOURCE
> Task :DistributedObject:classes
> Task :DistributedObject:compileTestJava NO-SOURCE
> Task :DistributedObject:compileTestScala NO-SOURCE
> Task :DistributedObject:processTestResources NO-SOURCE
> Task :DistributedObject:testClasses UP-TO-DATE
> Task :DistributedObject:compileSystemTestJava NO-SOURCE
> Task :DistributedObject:compileSystemTestScala
> Task :DistributedObject:processSystemTestResources NO-SOURCE
> Task :DistributedObject:systemTestClasses
> Task :DistributedObject:systemTest
> Task :LookupService:compileJava NO-SOURCE
> Task :LookupService:compileScala
> Task :LookupService:processResources NO-SOURCE
> Task :LookupService:classes
> Task :LookupService:compileTestJava NO-SOURCE
> Task :LookupService:compileTestScala
> Task :LookupService:processTestResources NO-SOURCE
> Task :LookupService:testClasses
> Task :LookupService:compileSystemTestJava NO-SOURCE
> Task :LookupService:compileSystemTestScala NO-SOURCE
> Task :LookupService:processSystemTestResources NO-SOURCE
> Task :LookupService:systemTestClasses UP-TO-DATE
> Task :LookupService:systemTest NO-SOURCE

BUILD SUCCESSFUL in 19s
5 actionable tasks: 5 executed
2020-03-30T19:25+02:00: Finished running test iteration 14 on system with 10 replicas
2020-03-30T19:26+02:00: Running test iteration 15 on system with 10 replicas
> Task :DistributedObject:compileJava NO-SOURCE
> Task :DistributedObject:compileScala
> Task :DistributedObject:processResources NO-SOURCE
> Task :DistributedObject:classes
> Task :DistributedObject:compileTestJava NO-SOURCE
> Task :DistributedObject:compileTestScala NO-SOURCE
> Task :DistributedObject:processTestResources NO-SOURCE
> Task :DistributedObject:testClasses UP-TO-DATE
> Task :DistributedObject:compileSystemTestJava NO-SOURCE
> Task :DistributedObject:compileSystemTestScala
> Task :DistributedObject:processSystemTestResources NO-SOURCE
> Task :DistributedObject:systemTestClasses
> Task :DistributedObject:systemTest
> Task :LookupService:compileJava NO-SOURCE
> Task :LookupService:compileScala
> Task :LookupService:processResources NO-SOURCE
> Task :LookupService:classes
> Task :LookupService:compileTestJava NO-SOURCE
> Task :LookupService:compileTestScala
> Task :LookupService:processTestResources NO-SOURCE
> Task :LookupService:testClasses
> Task :LookupService:compileSystemTestJava NO-SOURCE
> Task :LookupService:compileSystemTestScala NO-SOURCE
> Task :LookupService:processSystemTestResources NO-SOURCE
> Task :LookupService:systemTestClasses UP-TO-DATE
> Task :LookupService:systemTest NO-SOURCE

BUILD SUCCESSFUL in 19s
5 actionable tasks: 5 executed
2020-03-30T19:26+02:00: Finished running test iteration 15 on system with 10 replicas
2020-03-30T19:26+02:00: Running test iteration 16 on system with 10 replicas
> Task :DistributedObject:compileJava NO-SOURCE
> Task :DistributedObject:compileScala
> Task :DistributedObject:processResources NO-SOURCE
> Task :DistributedObject:classes
> Task :DistributedObject:compileTestJava NO-SOURCE
> Task :DistributedObject:compileTestScala NO-SOURCE
> Task :DistributedObject:processTestResources NO-SOURCE
> Task :DistributedObject:testClasses UP-TO-DATE
> Task :DistributedObject:compileSystemTestJava NO-SOURCE
> Task :DistributedObject:compileSystemTestScala
> Task :DistributedObject:processSystemTestResources NO-SOURCE
> Task :DistributedObject:systemTestClasses
> Task :DistributedObject:systemTest
> Task :LookupService:compileJava NO-SOURCE
> Task :LookupService:compileScala
> Task :LookupService:processResources NO-SOURCE
> Task :LookupService:classes
> Task :LookupService:compileTestJava NO-SOURCE
> Task :LookupService:compileTestScala
> Task :LookupService:processTestResources NO-SOURCE
> Task :LookupService:testClasses
> Task :LookupService:compileSystemTestJava NO-SOURCE
> Task :LookupService:compileSystemTestScala NO-SOURCE
> Task :LookupService:processSystemTestResources NO-SOURCE
> Task :LookupService:systemTestClasses UP-TO-DATE
> Task :LookupService:systemTest NO-SOURCE

BUILD SUCCESSFUL in 19s
5 actionable tasks: 5 executed
2020-03-30T19:26+02:00: Finished running test iteration 16 on system with 10 replicas
2020-03-30T19:26+02:00: Running test iteration 17 on system with 10 replicas
> Task :DistributedObject:compileJava NO-SOURCE
> Task :DistributedObject:compileScala
> Task :DistributedObject:processResources NO-SOURCE
> Task :DistributedObject:classes
> Task :DistributedObject:compileTestJava NO-SOURCE
> Task :DistributedObject:compileTestScala NO-SOURCE
> Task :DistributedObject:processTestResources NO-SOURCE
> Task :DistributedObject:testClasses UP-TO-DATE
> Task :DistributedObject:compileSystemTestJava NO-SOURCE
> Task :DistributedObject:compileSystemTestScala
> Task :DistributedObject:processSystemTestResources NO-SOURCE
> Task :DistributedObject:systemTestClasses
> Task :DistributedObject:systemTest
> Task :LookupService:compileJava NO-SOURCE
> Task :LookupService:compileScala
> Task :LookupService:processResources NO-SOURCE
> Task :LookupService:classes
> Task :LookupService:compileTestJava NO-SOURCE
> Task :LookupService:compileTestScala
> Task :LookupService:processTestResources NO-SOURCE
> Task :LookupService:testClasses
> Task :LookupService:compileSystemTestJava NO-SOURCE
> Task :LookupService:compileSystemTestScala NO-SOURCE
> Task :LookupService:processSystemTestResources NO-SOURCE
> Task :LookupService:systemTestClasses UP-TO-DATE
> Task :LookupService:systemTest NO-SOURCE

BUILD SUCCESSFUL in 19s
5 actionable tasks: 5 executed
2020-03-30T19:27+02:00: Finished running test iteration 17 on system with 10 replicas
2020-03-30T19:27+02:00: Running test iteration 18 on system with 10 replicas
> Task :DistributedObject:compileJava NO-SOURCE
> Task :DistributedObject:compileScala
> Task :DistributedObject:processResources NO-SOURCE
> Task :DistributedObject:classes
> Task :DistributedObject:compileTestJava NO-SOURCE
> Task :DistributedObject:compileTestScala NO-SOURCE
> Task :DistributedObject:processTestResources NO-SOURCE
> Task :DistributedObject:testClasses UP-TO-DATE
> Task :DistributedObject:compileSystemTestJava NO-SOURCE
> Task :DistributedObject:compileSystemTestScala
> Task :DistributedObject:processSystemTestResources NO-SOURCE
> Task :DistributedObject:systemTestClasses
> Task :DistributedObject:systemTest
> Task :LookupService:compileJava NO-SOURCE
> Task :LookupService:compileScala
> Task :LookupService:processResources NO-SOURCE
> Task :LookupService:classes
> Task :LookupService:compileTestJava NO-SOURCE
> Task :LookupService:compileTestScala
> Task :LookupService:processTestResources NO-SOURCE
> Task :LookupService:testClasses
> Task :LookupService:compileSystemTestJava NO-SOURCE
> Task :LookupService:compileSystemTestScala NO-SOURCE
> Task :LookupService:processSystemTestResources NO-SOURCE
> Task :LookupService:systemTestClasses UP-TO-DATE
> Task :LookupService:systemTest NO-SOURCE

BUILD SUCCESSFUL in 19s
5 actionable tasks: 5 executed
2020-03-30T19:27+02:00: Finished running test iteration 18 on system with 10 replicas
2020-03-30T19:27+02:00: Running test iteration 19 on system with 10 replicas
> Task :DistributedObject:compileJava NO-SOURCE
> Task :DistributedObject:compileScala
> Task :DistributedObject:processResources NO-SOURCE
> Task :DistributedObject:classes
> Task :DistributedObject:compileTestJava NO-SOURCE
> Task :DistributedObject:compileTestScala NO-SOURCE
> Task :DistributedObject:processTestResources NO-SOURCE
> Task :DistributedObject:testClasses UP-TO-DATE
> Task :DistributedObject:compileSystemTestJava NO-SOURCE
> Task :DistributedObject:compileSystemTestScala
> Task :DistributedObject:processSystemTestResources NO-SOURCE
> Task :DistributedObject:systemTestClasses
> Task :DistributedObject:systemTest
> Task :LookupService:compileJava NO-SOURCE
> Task :LookupService:compileScala
> Task :LookupService:processResources NO-SOURCE
> Task :LookupService:classes
> Task :LookupService:compileTestJava NO-SOURCE
> Task :LookupService:compileTestScala
> Task :LookupService:processTestResources NO-SOURCE
> Task :LookupService:testClasses
> Task :LookupService:compileSystemTestJava NO-SOURCE
> Task :LookupService:compileSystemTestScala NO-SOURCE
> Task :LookupService:processSystemTestResources NO-SOURCE
> Task :LookupService:systemTestClasses UP-TO-DATE
> Task :LookupService:systemTest NO-SOURCE

BUILD SUCCESSFUL in 19s
5 actionable tasks: 5 executed
2020-03-30T19:28+02:00: Finished running test iteration 19 on system with 10 replicas
2020-03-30T19:28+02:00: Running test iteration 20 on system with 10 replicas
> Task :DistributedObject:compileJava NO-SOURCE
> Task :DistributedObject:compileScala
> Task :DistributedObject:processResources NO-SOURCE
> Task :DistributedObject:classes
> Task :DistributedObject:compileTestJava NO-SOURCE
> Task :DistributedObject:compileTestScala NO-SOURCE
> Task :DistributedObject:processTestResources NO-SOURCE
> Task :DistributedObject:testClasses UP-TO-DATE
> Task :DistributedObject:compileSystemTestJava NO-SOURCE
> Task :DistributedObject:compileSystemTestScala
> Task :DistributedObject:processSystemTestResources NO-SOURCE
> Task :DistributedObject:systemTestClasses
> Task :DistributedObject:systemTest
> Task :LookupService:compileJava NO-SOURCE
> Task :LookupService:compileScala
> Task :LookupService:processResources NO-SOURCE
> Task :LookupService:classes
> Task :LookupService:compileTestJava NO-SOURCE
> Task :LookupService:compileTestScala
> Task :LookupService:processTestResources NO-SOURCE
> Task :LookupService:testClasses
> Task :LookupService:compileSystemTestJava NO-SOURCE
> Task :LookupService:compileSystemTestScala NO-SOURCE
> Task :LookupService:processSystemTestResources NO-SOURCE
> Task :LookupService:systemTestClasses UP-TO-DATE
> Task :LookupService:systemTest NO-SOURCE

BUILD SUCCESSFUL in 19s
5 actionable tasks: 5 executed
2020-03-30T19:28+02:00: Finished running test iteration 20 on system with 10 replicas
2020-03-30T19:28+02:00: Terminating EC2 instances
> Task :terminateEC2Instances

Deprecated Gradle features were used in this build, making it incompatible with Gradle 7.0.
Use '--warning-mode all' to show the individual deprecation warnings.
See https://docs.gradle.org/6.2.2/userguide/command_line_interface.html#sec:command_line_warnings

BUILD SUCCESSFUL in 1s
1 actionable task: 1 executed
2020-03-30T19:28+02:00: Finished evaluation
